[2024-10-01T08:44:04.117+0000] {local_task_job_runner.py:123} INFO - ::group::Pre task execution logs
[2024-10-01T08:44:04.130+0000] {taskinstance.py:2612} INFO - Dependencies all met for dep_context=non-requeueable deps ti=<TaskInstance: trigger_dag.process_results.wait_for_dag manual__2024-10-01T08:44:00.031801+00:00 [queued]>
[2024-10-01T08:44:04.135+0000] {taskinstance.py:2612} INFO - Dependencies all met for dep_context=requeueable deps ti=<TaskInstance: trigger_dag.process_results.wait_for_dag manual__2024-10-01T08:44:00.031801+00:00 [queued]>
[2024-10-01T08:44:04.135+0000] {taskinstance.py:2865} INFO - Starting attempt 1 of 1
[2024-10-01T08:44:04.143+0000] {taskinstance.py:2888} INFO - Executing <Task(ExternalTaskSensor): process_results.wait_for_dag> on 2024-10-01 08:44:00.031801+00:00
[2024-10-01T08:44:04.148+0000] {warnings.py:112} WARNING - /home/airflow/.local/lib/python3.12/site-packages/airflow/task/task_runner/standard_task_runner.py:70: DeprecationWarning: This process (pid=451) is multi-threaded, use of fork() may lead to deadlocks in the child.
  pid = os.fork()

[2024-10-01T08:44:04.150+0000] {standard_task_runner.py:72} INFO - Started process 455 to run task
[2024-10-01T08:44:04.149+0000] {standard_task_runner.py:104} INFO - Running: ['airflow', 'tasks', 'run', 'trigger_dag', 'process_results.wait_for_dag', 'manual__2024-10-01T08:44:00.031801+00:00', '--job-id', '56', '--raw', '--subdir', 'DAGS_FOLDER/trigger_dag.py', '--cfg-path', '/tmp/tmpzrmkf732']
[2024-10-01T08:44:04.150+0000] {standard_task_runner.py:105} INFO - Job 56: Subtask process_results.wait_for_dag
[2024-10-01T08:44:04.197+0000] {task_command.py:467} INFO - Running <TaskInstance: trigger_dag.process_results.wait_for_dag manual__2024-10-01T08:44:00.031801+00:00 [running]> on host ff60ea0b688d
[2024-10-01T08:44:04.276+0000] {taskinstance.py:3131} INFO - Exporting env vars: AIRFLOW_CTX_DAG_OWNER='airflow' AIRFLOW_CTX_DAG_ID='trigger_dag' AIRFLOW_CTX_TASK_ID='process_results.wait_for_dag' AIRFLOW_CTX_EXECUTION_DATE='2024-10-01T08:44:00.031801+00:00' AIRFLOW_CTX_TRY_NUMBER='1' AIRFLOW_CTX_DAG_RUN_ID='manual__2024-10-01T08:44:00.031801+00:00'
[2024-10-01T08:44:04.278+0000] {logging_mixin.py:190} INFO - Task instance is in running state
[2024-10-01T08:44:04.278+0000] {logging_mixin.py:190} INFO -  Previous state of the Task instance: queued
[2024-10-01T08:44:04.278+0000] {logging_mixin.py:190} INFO - Current task name:process_results.wait_for_dag state:running start_date:2024-10-01 08:44:04.131169+00:00
[2024-10-01T08:44:04.278+0000] {logging_mixin.py:190} INFO - Dag name:trigger_dag and current dag run status:running
[2024-10-01T08:44:04.278+0000] {taskinstance.py:731} INFO - ::endgroup::
[2024-10-01T08:44:04.279+0000] {baseoperator.py:405} WARNING - ExternalTaskSensor.execute cannot be called outside TaskInstance!
[2024-10-01T08:44:04.291+0000] {external_task.py:258} INFO - Poking for tasks ['query_table'] in dag dag_id_3 on 2024-10-01T08:44:02.808685+00:00 ... 
[2024-10-01T08:44:04.292+0000] {warnings.py:112} WARNING - /home/airflow/.local/lib/python3.12/site-packages/airflow/utils/session.py:97: DeprecationWarning: This method is deprecated and will be removed in future.
  return func(*args, session=session, **kwargs)

[2024-10-01T08:44:04.318+0000] {taskinstance.py:309} INFO - Rescheduling task, marking task as UP_FOR_RESCHEDULE
[2024-10-01T08:44:04.319+0000] {taskinstance.py:340} INFO - ::group::Post task execution logs
[2024-10-01T08:44:04.331+0000] {local_task_job_runner.py:266} INFO - Task exited with return code 0
[2024-10-01T08:44:04.350+0000] {taskinstance.py:3900} INFO - 0 downstream tasks scheduled from follow-on schedule check
[2024-10-01T08:44:04.351+0000] {local_task_job_runner.py:245} INFO - ::endgroup::
[2024-10-01T08:45:05.748+0000] {local_task_job_runner.py:123} INFO - ::group::Pre task execution logs
[2024-10-01T08:45:05.761+0000] {taskinstance.py:2612} INFO - Dependencies all met for dep_context=non-requeueable deps ti=<TaskInstance: trigger_dag.process_results.wait_for_dag manual__2024-10-01T08:44:00.031801+00:00 [queued]>
[2024-10-01T08:45:05.766+0000] {taskinstance.py:2612} INFO - Dependencies all met for dep_context=requeueable deps ti=<TaskInstance: trigger_dag.process_results.wait_for_dag manual__2024-10-01T08:44:00.031801+00:00 [queued]>
[2024-10-01T08:45:05.766+0000] {taskinstance.py:2865} INFO - Starting attempt 1 of 1
[2024-10-01T08:45:05.772+0000] {taskinstance.py:2888} INFO - Executing <Task(ExternalTaskSensor): process_results.wait_for_dag> on 2024-10-01 08:44:00.031801+00:00
[2024-10-01T08:45:05.776+0000] {warnings.py:112} WARNING - /home/airflow/.local/lib/python3.12/site-packages/airflow/task/task_runner/standard_task_runner.py:70: DeprecationWarning: This process (pid=481) is multi-threaded, use of fork() may lead to deadlocks in the child.
  pid = os.fork()

[2024-10-01T08:45:05.778+0000] {standard_task_runner.py:72} INFO - Started process 485 to run task
[2024-10-01T08:45:05.778+0000] {standard_task_runner.py:104} INFO - Running: ['airflow', 'tasks', 'run', 'trigger_dag', 'process_results.wait_for_dag', 'manual__2024-10-01T08:44:00.031801+00:00', '--job-id', '60', '--raw', '--subdir', 'DAGS_FOLDER/trigger_dag.py', '--cfg-path', '/tmp/tmpz27q8f4g']
[2024-10-01T08:45:05.779+0000] {standard_task_runner.py:105} INFO - Job 60: Subtask process_results.wait_for_dag
[2024-10-01T08:45:05.817+0000] {task_command.py:467} INFO - Running <TaskInstance: trigger_dag.process_results.wait_for_dag manual__2024-10-01T08:44:00.031801+00:00 [running]> on host ff60ea0b688d
[2024-10-01T08:45:05.875+0000] {taskinstance.py:3131} INFO - Exporting env vars: AIRFLOW_CTX_DAG_OWNER='airflow' AIRFLOW_CTX_DAG_ID='trigger_dag' AIRFLOW_CTX_TASK_ID='process_results.wait_for_dag' AIRFLOW_CTX_EXECUTION_DATE='2024-10-01T08:44:00.031801+00:00' AIRFLOW_CTX_TRY_NUMBER='1' AIRFLOW_CTX_DAG_RUN_ID='manual__2024-10-01T08:44:00.031801+00:00'
[2024-10-01T08:45:05.876+0000] {logging_mixin.py:190} INFO - Task instance is in running state
[2024-10-01T08:45:05.876+0000] {logging_mixin.py:190} INFO -  Previous state of the Task instance: queued
[2024-10-01T08:45:05.877+0000] {logging_mixin.py:190} INFO - Current task name:process_results.wait_for_dag state:running start_date:2024-10-01 08:45:05.761792+00:00
[2024-10-01T08:45:05.877+0000] {logging_mixin.py:190} INFO - Dag name:trigger_dag and current dag run status:running
[2024-10-01T08:45:05.877+0000] {taskinstance.py:731} INFO - ::endgroup::
[2024-10-01T08:45:05.878+0000] {baseoperator.py:405} WARNING - ExternalTaskSensor.execute cannot be called outside TaskInstance!
[2024-10-01T08:45:05.895+0000] {external_task.py:258} INFO - Poking for tasks ['query_table'] in dag dag_id_3 on 2024-10-01T08:44:02.808685+00:00 ... 
[2024-10-01T08:45:05.895+0000] {warnings.py:112} WARNING - /home/airflow/.local/lib/python3.12/site-packages/airflow/utils/session.py:97: DeprecationWarning: This method is deprecated and will be removed in future.
  return func(*args, session=session, **kwargs)

[2024-10-01T08:45:05.907+0000] {base.py:336} INFO - Success criteria met. Exiting.
[2024-10-01T08:45:05.915+0000] {taskinstance.py:340} INFO - ::group::Post task execution logs
[2024-10-01T08:45:05.915+0000] {taskinstance.py:352} INFO - Marking task as SUCCESS. dag_id=trigger_dag, task_id=process_results.wait_for_dag, run_id=manual__2024-10-01T08:44:00.031801+00:00, execution_date=20241001T084400, start_date=20241001T084505, end_date=20241001T084505
[2024-10-01T08:45:05.921+0000] {logging_mixin.py:190} INFO - Task instance in success state
[2024-10-01T08:45:05.921+0000] {logging_mixin.py:190} INFO -  Previous state of the Task instance: running
[2024-10-01T08:45:05.922+0000] {logging_mixin.py:190} INFO - Dag name:trigger_dag queued_at:2024-10-01 08:44:00.038645+00:00
[2024-10-01T08:45:05.922+0000] {logging_mixin.py:190} INFO - Task hostname:ff60ea0b688d operator:ExternalTaskSensor
[2024-10-01T08:45:05.959+0000] {local_task_job_runner.py:266} INFO - Task exited with return code 0
[2024-10-01T08:45:05.979+0000] {taskinstance.py:3900} INFO - 1 downstream tasks scheduled from follow-on schedule check
[2024-10-01T08:45:05.980+0000] {local_task_job_runner.py:245} INFO - ::endgroup::
