[2024-10-01T09:01:01.420+0000] {local_task_job_runner.py:123} INFO - ::group::Pre task execution logs
[2024-10-01T09:01:01.430+0000] {taskinstance.py:2612} INFO - Dependencies all met for dep_context=non-requeueable deps ti=<TaskInstance: trigger_dag.process_results.add_timestamp_file manual__2024-10-01T08:59:53.499677+00:00 [queued]>
[2024-10-01T09:01:01.434+0000] {taskinstance.py:2612} INFO - Dependencies all met for dep_context=requeueable deps ti=<TaskInstance: trigger_dag.process_results.add_timestamp_file manual__2024-10-01T08:59:53.499677+00:00 [queued]>
[2024-10-01T09:01:01.434+0000] {taskinstance.py:2865} INFO - Starting attempt 1 of 1
[2024-10-01T09:01:01.440+0000] {taskinstance.py:2888} INFO - Executing <Task(BashOperator): process_results.add_timestamp_file> on 2024-10-01 08:59:53.499677+00:00
[2024-10-01T09:01:01.443+0000] {warnings.py:112} WARNING - /home/airflow/.local/lib/python3.12/site-packages/airflow/task/task_runner/standard_task_runner.py:70: DeprecationWarning: This process (pid=862) is multi-threaded, use of fork() may lead to deadlocks in the child.
  pid = os.fork()

[2024-10-01T09:01:01.444+0000] {standard_task_runner.py:72} INFO - Started process 864 to run task
[2024-10-01T09:01:01.445+0000] {standard_task_runner.py:104} INFO - Running: ['airflow', 'tasks', 'run', 'trigger_dag', 'process_results.add_timestamp_file', 'manual__2024-10-01T08:59:53.499677+00:00', '--job-id', '102', '--raw', '--subdir', 'DAGS_FOLDER/trigger_dag.py', '--cfg-path', '/tmp/tmp12dlh6mn']
[2024-10-01T09:01:01.445+0000] {standard_task_runner.py:105} INFO - Job 102: Subtask process_results.add_timestamp_file
[2024-10-01T09:01:01.473+0000] {task_command.py:467} INFO - Running <TaskInstance: trigger_dag.process_results.add_timestamp_file manual__2024-10-01T08:59:53.499677+00:00 [running]> on host ff60ea0b688d
[2024-10-01T09:01:01.517+0000] {taskinstance.py:3131} INFO - Exporting env vars: AIRFLOW_CTX_DAG_OWNER='airflow' AIRFLOW_CTX_DAG_ID='trigger_dag' AIRFLOW_CTX_TASK_ID='process_results.add_timestamp_file' AIRFLOW_CTX_EXECUTION_DATE='2024-10-01T08:59:53.499677+00:00' AIRFLOW_CTX_TRY_NUMBER='1' AIRFLOW_CTX_DAG_RUN_ID='manual__2024-10-01T08:59:53.499677+00:00'
[2024-10-01T09:01:01.519+0000] {logging_mixin.py:190} INFO - Task instance is in running state
[2024-10-01T09:01:01.519+0000] {logging_mixin.py:190} INFO -  Previous state of the Task instance: queued
[2024-10-01T09:01:01.519+0000] {logging_mixin.py:190} INFO - Current task name:process_results.add_timestamp_file state:running start_date:2024-10-01 09:01:01.431006+00:00
[2024-10-01T09:01:01.519+0000] {logging_mixin.py:190} INFO - Dag name:trigger_dag and current dag run status:running
[2024-10-01T09:01:01.519+0000] {taskinstance.py:731} INFO - ::endgroup::
[2024-10-01T09:01:01.520+0000] {subprocess.py:63} INFO - Tmp dir root location: /tmp
[2024-10-01T09:01:01.520+0000] {subprocess.py:75} INFO - Running command: ['/usr/bin/bash', '-c', 'touch /opt/airflow/data/finished_#20241001T085953.txt']
[2024-10-01T09:01:01.525+0000] {subprocess.py:86} INFO - Output:
[2024-10-01T09:01:01.527+0000] {subprocess.py:97} INFO - Command exited with return code 0
[2024-10-01T09:01:01.544+0000] {taskinstance.py:340} INFO - ::group::Post task execution logs
[2024-10-01T09:01:01.545+0000] {taskinstance.py:352} INFO - Marking task as SUCCESS. dag_id=trigger_dag, task_id=process_results.add_timestamp_file, run_id=manual__2024-10-01T08:59:53.499677+00:00, execution_date=20241001T085953, start_date=20241001T090101, end_date=20241001T090101
[2024-10-01T09:01:01.550+0000] {logging_mixin.py:190} INFO - Task instance in success state
[2024-10-01T09:01:01.550+0000] {logging_mixin.py:190} INFO -  Previous state of the Task instance: running
[2024-10-01T09:01:01.550+0000] {logging_mixin.py:190} INFO - Dag name:trigger_dag queued_at:2024-10-01 08:59:53.519666+00:00
[2024-10-01T09:01:01.550+0000] {logging_mixin.py:190} INFO - Task hostname:ff60ea0b688d operator:BashOperator
[2024-10-01T09:01:01.587+0000] {local_task_job_runner.py:266} INFO - Task exited with return code 0
[2024-10-01T09:01:01.599+0000] {taskinstance.py:3900} INFO - 0 downstream tasks scheduled from follow-on schedule check
[2024-10-01T09:01:01.599+0000] {local_task_job_runner.py:245} INFO - ::endgroup::
