[2024-10-01T10:25:59.510+0000] {local_task_job_runner.py:123} INFO - ::group::Pre task execution logs
[2024-10-01T10:25:59.521+0000] {taskinstance.py:2612} INFO - Dependencies all met for dep_context=non-requeueable deps ti=<TaskInstance: trigger_dag.process_results.wait_for_dag manual__2024-10-01T10:24:55.689913+00:00 [queued]>
[2024-10-01T10:25:59.526+0000] {taskinstance.py:2612} INFO - Dependencies all met for dep_context=requeueable deps ti=<TaskInstance: trigger_dag.process_results.wait_for_dag manual__2024-10-01T10:24:55.689913+00:00 [queued]>
[2024-10-01T10:25:59.526+0000] {taskinstance.py:2865} INFO - Starting attempt 1 of 1
[2024-10-01T10:25:59.533+0000] {taskinstance.py:2888} INFO - Executing <Task(ExternalTaskSensor): process_results.wait_for_dag> on 2024-10-01 10:24:55.689913+00:00
[2024-10-01T10:25:59.537+0000] {warnings.py:112} WARNING - /home/airflow/.local/lib/python3.12/site-packages/airflow/task/task_runner/standard_task_runner.py:70: DeprecationWarning: This process (pid=1446) is multi-threaded, use of fork() may lead to deadlocks in the child.
  pid = os.fork()

[2024-10-01T10:25:59.539+0000] {standard_task_runner.py:72} INFO - Started process 1451 to run task
[2024-10-01T10:25:59.540+0000] {standard_task_runner.py:104} INFO - Running: ['airflow', 'tasks', 'run', 'trigger_dag', 'process_results.wait_for_dag', 'manual__2024-10-01T10:24:55.689913+00:00', '--job-id', '106', '--raw', '--subdir', 'DAGS_FOLDER/trigger_dag.py', '--cfg-path', '/tmp/tmpw94xo5c1']
[2024-10-01T10:25:59.541+0000] {standard_task_runner.py:105} INFO - Job 106: Subtask process_results.wait_for_dag
[2024-10-01T10:25:59.577+0000] {task_command.py:467} INFO - Running <TaskInstance: trigger_dag.process_results.wait_for_dag manual__2024-10-01T10:24:55.689913+00:00 [running]> on host ff60ea0b688d
[2024-10-01T10:25:59.633+0000] {taskinstance.py:3131} INFO - Exporting env vars: AIRFLOW_CTX_DAG_OWNER='airflow' AIRFLOW_CTX_DAG_ID='trigger_dag' AIRFLOW_CTX_TASK_ID='process_results.wait_for_dag' AIRFLOW_CTX_EXECUTION_DATE='2024-10-01T10:24:55.689913+00:00' AIRFLOW_CTX_TRY_NUMBER='1' AIRFLOW_CTX_DAG_RUN_ID='manual__2024-10-01T10:24:55.689913+00:00'
[2024-10-01T10:25:59.634+0000] {logging_mixin.py:190} INFO - Task instance is in running state
[2024-10-01T10:25:59.634+0000] {logging_mixin.py:190} INFO -  Previous state of the Task instance: queued
[2024-10-01T10:25:59.635+0000] {logging_mixin.py:190} INFO - Current task name:process_results.wait_for_dag state:running start_date:2024-10-01 10:25:59.521973+00:00
[2024-10-01T10:25:59.635+0000] {logging_mixin.py:190} INFO - Dag name:trigger_dag and current dag run status:running
[2024-10-01T10:25:59.635+0000] {taskinstance.py:731} INFO - ::endgroup::
[2024-10-01T10:25:59.636+0000] {baseoperator.py:405} WARNING - ExternalTaskSensor.execute cannot be called outside TaskInstance!
[2024-10-01T10:25:59.647+0000] {external_task.py:258} INFO - Poking for tasks ['query_table'] in dag dag_id_3 on 2024-10-01T10:25:58.337581+00:00 ... 
[2024-10-01T10:25:59.648+0000] {warnings.py:112} WARNING - /home/airflow/.local/lib/python3.12/site-packages/airflow/utils/session.py:97: DeprecationWarning: This method is deprecated and will be removed in future.
  return func(*args, session=session, **kwargs)

[2024-10-01T10:25:59.666+0000] {taskinstance.py:309} INFO - Rescheduling task, marking task as UP_FOR_RESCHEDULE
[2024-10-01T10:25:59.667+0000] {taskinstance.py:340} INFO - ::group::Post task execution logs
[2024-10-01T10:25:59.681+0000] {local_task_job_runner.py:266} INFO - Task exited with return code 0
[2024-10-01T10:25:59.698+0000] {taskinstance.py:3900} INFO - 0 downstream tasks scheduled from follow-on schedule check
[2024-10-01T10:25:59.699+0000] {local_task_job_runner.py:245} INFO - ::endgroup::
[2024-10-01T10:27:00.759+0000] {local_task_job_runner.py:123} INFO - ::group::Pre task execution logs
[2024-10-01T10:27:00.769+0000] {taskinstance.py:2612} INFO - Dependencies all met for dep_context=non-requeueable deps ti=<TaskInstance: trigger_dag.process_results.wait_for_dag manual__2024-10-01T10:24:55.689913+00:00 [queued]>
[2024-10-01T10:27:00.773+0000] {taskinstance.py:2612} INFO - Dependencies all met for dep_context=requeueable deps ti=<TaskInstance: trigger_dag.process_results.wait_for_dag manual__2024-10-01T10:24:55.689913+00:00 [queued]>
[2024-10-01T10:27:00.773+0000] {taskinstance.py:2865} INFO - Starting attempt 1 of 1
[2024-10-01T10:27:00.779+0000] {taskinstance.py:2888} INFO - Executing <Task(ExternalTaskSensor): process_results.wait_for_dag> on 2024-10-01 10:24:55.689913+00:00
[2024-10-01T10:27:00.782+0000] {warnings.py:112} WARNING - /home/airflow/.local/lib/python3.12/site-packages/airflow/task/task_runner/standard_task_runner.py:70: DeprecationWarning: This process (pid=1475) is multi-threaded, use of fork() may lead to deadlocks in the child.
  pid = os.fork()

[2024-10-01T10:27:00.783+0000] {standard_task_runner.py:72} INFO - Started process 1477 to run task
[2024-10-01T10:27:00.784+0000] {standard_task_runner.py:104} INFO - Running: ['airflow', 'tasks', 'run', 'trigger_dag', 'process_results.wait_for_dag', 'manual__2024-10-01T10:24:55.689913+00:00', '--job-id', '109', '--raw', '--subdir', 'DAGS_FOLDER/trigger_dag.py', '--cfg-path', '/tmp/tmpcuc7ze71']
[2024-10-01T10:27:00.784+0000] {standard_task_runner.py:105} INFO - Job 109: Subtask process_results.wait_for_dag
[2024-10-01T10:27:00.813+0000] {task_command.py:467} INFO - Running <TaskInstance: trigger_dag.process_results.wait_for_dag manual__2024-10-01T10:24:55.689913+00:00 [running]> on host ff60ea0b688d
[2024-10-01T10:27:00.860+0000] {taskinstance.py:3131} INFO - Exporting env vars: AIRFLOW_CTX_DAG_OWNER='airflow' AIRFLOW_CTX_DAG_ID='trigger_dag' AIRFLOW_CTX_TASK_ID='process_results.wait_for_dag' AIRFLOW_CTX_EXECUTION_DATE='2024-10-01T10:24:55.689913+00:00' AIRFLOW_CTX_TRY_NUMBER='1' AIRFLOW_CTX_DAG_RUN_ID='manual__2024-10-01T10:24:55.689913+00:00'
[2024-10-01T10:27:00.861+0000] {logging_mixin.py:190} INFO - Task instance is in running state
[2024-10-01T10:27:00.862+0000] {logging_mixin.py:190} INFO -  Previous state of the Task instance: queued
[2024-10-01T10:27:00.862+0000] {logging_mixin.py:190} INFO - Current task name:process_results.wait_for_dag state:running start_date:2024-10-01 10:27:00.770161+00:00
[2024-10-01T10:27:00.862+0000] {logging_mixin.py:190} INFO - Dag name:trigger_dag and current dag run status:running
[2024-10-01T10:27:00.862+0000] {taskinstance.py:731} INFO - ::endgroup::
[2024-10-01T10:27:00.863+0000] {baseoperator.py:405} WARNING - ExternalTaskSensor.execute cannot be called outside TaskInstance!
[2024-10-01T10:27:00.873+0000] {external_task.py:258} INFO - Poking for tasks ['query_table'] in dag dag_id_3 on 2024-10-01T10:25:58.337581+00:00 ... 
[2024-10-01T10:27:00.875+0000] {warnings.py:112} WARNING - /home/airflow/.local/lib/python3.12/site-packages/airflow/utils/session.py:97: DeprecationWarning: This method is deprecated and will be removed in future.
  return func(*args, session=session, **kwargs)

[2024-10-01T10:27:00.882+0000] {base.py:336} INFO - Success criteria met. Exiting.
[2024-10-01T10:27:00.889+0000] {taskinstance.py:340} INFO - ::group::Post task execution logs
[2024-10-01T10:27:00.890+0000] {taskinstance.py:352} INFO - Marking task as SUCCESS. dag_id=trigger_dag, task_id=process_results.wait_for_dag, run_id=manual__2024-10-01T10:24:55.689913+00:00, execution_date=20241001T102455, start_date=20241001T102700, end_date=20241001T102700
[2024-10-01T10:27:00.895+0000] {logging_mixin.py:190} INFO - Task instance in success state
[2024-10-01T10:27:00.895+0000] {logging_mixin.py:190} INFO -  Previous state of the Task instance: running
[2024-10-01T10:27:00.895+0000] {logging_mixin.py:190} INFO - Dag name:trigger_dag queued_at:2024-10-01 10:24:55.706942+00:00
[2024-10-01T10:27:00.896+0000] {logging_mixin.py:190} INFO - Task hostname:ff60ea0b688d operator:ExternalTaskSensor
[2024-10-01T10:27:00.926+0000] {local_task_job_runner.py:266} INFO - Task exited with return code 0
[2024-10-01T10:27:00.945+0000] {taskinstance.py:3900} INFO - 1 downstream tasks scheduled from follow-on schedule check
[2024-10-01T10:27:00.945+0000] {local_task_job_runner.py:245} INFO - ::endgroup::
