[2024-10-08T11:34:32.138+0000] {local_task_job_runner.py:123} INFO - ::group::Pre task execution logs
[2024-10-08T11:34:32.151+0000] {taskinstance.py:2612} INFO - Dependencies all met for dep_context=non-requeueable deps ti=<TaskInstance: trigger_dag.process_results.print_log manual__2024-10-08T11:31:25.205749+00:00 [queued]>
[2024-10-08T11:34:32.155+0000] {taskinstance.py:2612} INFO - Dependencies all met for dep_context=requeueable deps ti=<TaskInstance: trigger_dag.process_results.print_log manual__2024-10-08T11:31:25.205749+00:00 [queued]>
[2024-10-08T11:34:32.156+0000] {taskinstance.py:2865} INFO - Starting attempt 1 of 1
[2024-10-08T11:34:32.161+0000] {taskinstance.py:2888} INFO - Executing <Task(PythonOperator): process_results.print_log> on 2024-10-08 11:31:25.205749+00:00
[2024-10-08T11:34:32.165+0000] {warnings.py:112} WARNING - /home/airflow/.local/lib/python3.12/site-packages/airflow/task/task_runner/standard_task_runner.py:70: DeprecationWarning: This process (pid=591) is multi-threaded, use of fork() may lead to deadlocks in the child.
  pid = os.fork()

[2024-10-08T11:34:32.165+0000] {standard_task_runner.py:72} INFO - Started process 593 to run task
[2024-10-08T11:34:32.166+0000] {standard_task_runner.py:104} INFO - Running: ['airflow', 'tasks', 'run', 'trigger_dag', 'process_results.print_log', 'manual__2024-10-08T11:31:25.205749+00:00', '--job-id', '254', '--raw', '--subdir', 'DAGS_FOLDER/trigger_dag.py', '--cfg-path', '/tmp/tmp9dh_u2vx']
[2024-10-08T11:34:32.167+0000] {standard_task_runner.py:105} INFO - Job 254: Subtask process_results.print_log
[2024-10-08T11:34:32.200+0000] {task_command.py:467} INFO - Running <TaskInstance: trigger_dag.process_results.print_log manual__2024-10-08T11:31:25.205749+00:00 [running]> on host 99c9ec34a420
[2024-10-08T11:34:32.247+0000] {taskinstance.py:3131} INFO - Exporting env vars: AIRFLOW_CTX_DAG_OWNER='airflow' AIRFLOW_CTX_DAG_ID='trigger_dag' AIRFLOW_CTX_TASK_ID='process_results.print_log' AIRFLOW_CTX_EXECUTION_DATE='2024-10-08T11:31:25.205749+00:00' AIRFLOW_CTX_TRY_NUMBER='1' AIRFLOW_CTX_DAG_RUN_ID='manual__2024-10-08T11:31:25.205749+00:00'
[2024-10-08T11:34:32.248+0000] {logging_mixin.py:190} INFO - Task instance is in running state
[2024-10-08T11:34:32.248+0000] {logging_mixin.py:190} INFO -  Previous state of the Task instance: queued
[2024-10-08T11:34:32.248+0000] {logging_mixin.py:190} INFO - Current task name:process_results.print_log state:running start_date:2024-10-08 11:34:32.151355+00:00
[2024-10-08T11:34:32.248+0000] {logging_mixin.py:190} INFO - Dag name:trigger_dag and current dag run status:running
[2024-10-08T11:34:32.249+0000] {taskinstance.py:731} INFO - ::endgroup::
[2024-10-08T11:34:32.256+0000] {trigger_dag.py:29} INFO - manual__2024-10-08T11:00:21.015324+00:00 ended
[2024-10-08T11:34:32.257+0000] {python.py:240} INFO - Done. Returned value was: None
[2024-10-08T11:34:32.265+0000] {taskinstance.py:340} INFO - ::group::Post task execution logs
[2024-10-08T11:34:32.265+0000] {taskinstance.py:352} INFO - Marking task as SUCCESS. dag_id=trigger_dag, task_id=process_results.print_log, run_id=manual__2024-10-08T11:31:25.205749+00:00, execution_date=20241008T113125, start_date=20241008T113432, end_date=20241008T113432
[2024-10-08T11:34:32.271+0000] {logging_mixin.py:190} INFO - Task instance in success state
[2024-10-08T11:34:32.272+0000] {logging_mixin.py:190} INFO -  Previous state of the Task instance: running
[2024-10-08T11:34:32.272+0000] {logging_mixin.py:190} INFO - Dag name:trigger_dag queued_at:2024-10-08 11:31:25.216577+00:00
[2024-10-08T11:34:32.272+0000] {logging_mixin.py:190} INFO - Task hostname:99c9ec34a420 operator:PythonOperator
[2024-10-08T11:34:32.305+0000] {local_task_job_runner.py:266} INFO - Task exited with return code 0
[2024-10-08T11:34:32.321+0000] {taskinstance.py:3900} INFO - 1 downstream tasks scheduled from follow-on schedule check
[2024-10-08T11:34:32.321+0000] {local_task_job_runner.py:245} INFO - ::endgroup::
