[2024-10-10T12:31:22.206+0000] {local_task_job_runner.py:123} INFO - ::group::Pre task execution logs
[2024-10-10T12:31:22.217+0000] {taskinstance.py:2612} INFO - Dependencies all met for dep_context=non-requeueable deps ti=<TaskInstance: slack_dag.slack manual__2024-10-10T12:31:21.215620+00:00 [queued]>
[2024-10-10T12:31:22.220+0000] {taskinstance.py:2612} INFO - Dependencies all met for dep_context=requeueable deps ti=<TaskInstance: slack_dag.slack manual__2024-10-10T12:31:21.215620+00:00 [queued]>
[2024-10-10T12:31:22.221+0000] {taskinstance.py:2865} INFO - Starting attempt 1 of 1
[2024-10-10T12:31:22.226+0000] {taskinstance.py:2888} INFO - Executing <Task(SlackWebhookOperator): slack> on 2024-10-10 12:31:21.215620+00:00
[2024-10-10T12:31:22.230+0000] {warnings.py:112} WARNING - /home/airflow/.local/lib/python3.12/site-packages/airflow/task/task_runner/standard_task_runner.py:70: DeprecationWarning: This process (pid=999) is multi-threaded, use of fork() may lead to deadlocks in the child.
  pid = os.fork()

[2024-10-10T12:31:22.231+0000] {standard_task_runner.py:72} INFO - Started process 1001 to run task
[2024-10-10T12:31:22.231+0000] {standard_task_runner.py:104} INFO - Running: ['airflow', 'tasks', 'run', 'slack_dag', 'slack', 'manual__2024-10-10T12:31:21.215620+00:00', '--job-id', '276', '--raw', '--subdir', 'DAGS_FOLDER/slack.py', '--cfg-path', '/tmp/tmp1u6_9e08']
[2024-10-10T12:31:22.232+0000] {standard_task_runner.py:105} INFO - Job 276: Subtask slack
[2024-10-10T12:31:22.261+0000] {task_command.py:467} INFO - Running <TaskInstance: slack_dag.slack manual__2024-10-10T12:31:21.215620+00:00 [running]> on host 14eb9bd36bc1
[2024-10-10T12:31:22.309+0000] {taskinstance.py:3131} INFO - Exporting env vars: AIRFLOW_CTX_DAG_OWNER='airflow' AIRFLOW_CTX_DAG_ID='slack_dag' AIRFLOW_CTX_TASK_ID='slack' AIRFLOW_CTX_EXECUTION_DATE='2024-10-10T12:31:21.215620+00:00' AIRFLOW_CTX_TRY_NUMBER='1' AIRFLOW_CTX_DAG_RUN_ID='manual__2024-10-10T12:31:21.215620+00:00'
[2024-10-10T12:31:22.310+0000] {logging_mixin.py:190} INFO - Task instance is in running state
[2024-10-10T12:31:22.310+0000] {logging_mixin.py:190} INFO -  Previous state of the Task instance: queued
[2024-10-10T12:31:22.311+0000] {logging_mixin.py:190} INFO - Current task name:slack state:running start_date:2024-10-10 12:31:22.217491+00:00
[2024-10-10T12:31:22.311+0000] {logging_mixin.py:190} INFO - Dag name:slack_dag and current dag run status:running
[2024-10-10T12:31:22.311+0000] {taskinstance.py:731} INFO - ::endgroup::
[2024-10-10T12:31:22.317+0000] {base.py:84} INFO - Retrieving connection 'slack_webhook'
[2024-10-10T12:31:22.668+0000] {taskinstance.py:340} INFO - ::group::Post task execution logs
[2024-10-10T12:31:22.668+0000] {taskinstance.py:352} INFO - Marking task as SUCCESS. dag_id=slack_dag, task_id=slack, run_id=manual__2024-10-10T12:31:21.215620+00:00, execution_date=20241010T123121, start_date=20241010T123122, end_date=20241010T123122
[2024-10-10T12:31:22.676+0000] {logging_mixin.py:190} INFO - Task instance in success state
[2024-10-10T12:31:22.676+0000] {logging_mixin.py:190} INFO -  Previous state of the Task instance: running
[2024-10-10T12:31:22.676+0000] {logging_mixin.py:190} INFO - Dag name:slack_dag queued_at:2024-10-10 12:31:21.224887+00:00
[2024-10-10T12:31:22.676+0000] {logging_mixin.py:190} INFO - Task hostname:14eb9bd36bc1 operator:SlackWebhookOperator
[2024-10-10T12:31:22.722+0000] {local_task_job_runner.py:266} INFO - Task exited with return code 0
[2024-10-10T12:31:22.737+0000] {taskinstance.py:3900} INFO - 0 downstream tasks scheduled from follow-on schedule check
[2024-10-10T12:31:22.738+0000] {local_task_job_runner.py:245} INFO - ::endgroup::
