[2024-10-01T08:53:23.372+0000] {local_task_job_runner.py:123} INFO - ::group::Pre task execution logs
[2024-10-01T08:53:23.385+0000] {taskinstance.py:2612} INFO - Dependencies all met for dep_context=non-requeueable deps ti=<TaskInstance: trigger_dag.process_results.print_log manual__2024-10-01T08:49:15.573224+00:00 [queued]>
[2024-10-01T08:53:23.389+0000] {taskinstance.py:2612} INFO - Dependencies all met for dep_context=requeueable deps ti=<TaskInstance: trigger_dag.process_results.print_log manual__2024-10-01T08:49:15.573224+00:00 [queued]>
[2024-10-01T08:53:23.389+0000] {taskinstance.py:2865} INFO - Starting attempt 1 of 1
[2024-10-01T08:53:23.395+0000] {taskinstance.py:2888} INFO - Executing <Task(PythonOperator): process_results.print_log> on 2024-10-01 08:49:15.573224+00:00
[2024-10-01T08:53:23.398+0000] {warnings.py:112} WARNING - /home/airflow/.local/lib/python3.12/site-packages/airflow/task/task_runner/standard_task_runner.py:70: DeprecationWarning: This process (pid=673) is multi-threaded, use of fork() may lead to deadlocks in the child.
  pid = os.fork()

[2024-10-01T08:53:23.399+0000] {standard_task_runner.py:72} INFO - Started process 675 to run task
[2024-10-01T08:53:23.400+0000] {standard_task_runner.py:104} INFO - Running: ['airflow', 'tasks', 'run', 'trigger_dag', 'process_results.print_log', 'manual__2024-10-01T08:49:15.573224+00:00', '--job-id', '80', '--raw', '--subdir', 'DAGS_FOLDER/trigger_dag.py', '--cfg-path', '/tmp/tmpywbwx0yo']
[2024-10-01T08:53:23.400+0000] {standard_task_runner.py:105} INFO - Job 80: Subtask process_results.print_log
[2024-10-01T08:53:23.429+0000] {task_command.py:467} INFO - Running <TaskInstance: trigger_dag.process_results.print_log manual__2024-10-01T08:49:15.573224+00:00 [running]> on host ff60ea0b688d
[2024-10-01T08:53:23.473+0000] {taskinstance.py:3131} INFO - Exporting env vars: AIRFLOW_CTX_DAG_OWNER='airflow' AIRFLOW_CTX_DAG_ID='trigger_dag' AIRFLOW_CTX_TASK_ID='process_results.print_log' AIRFLOW_CTX_EXECUTION_DATE='2024-10-01T08:49:15.573224+00:00' AIRFLOW_CTX_TRY_NUMBER='1' AIRFLOW_CTX_DAG_RUN_ID='manual__2024-10-01T08:49:15.573224+00:00'
[2024-10-01T08:53:23.474+0000] {logging_mixin.py:190} INFO - Task instance is in running state
[2024-10-01T08:53:23.475+0000] {logging_mixin.py:190} INFO -  Previous state of the Task instance: queued
[2024-10-01T08:53:23.475+0000] {logging_mixin.py:190} INFO - Current task name:process_results.print_log state:running start_date:2024-10-01 08:53:23.385609+00:00
[2024-10-01T08:53:23.475+0000] {logging_mixin.py:190} INFO - Dag name:trigger_dag and current dag run status:running
[2024-10-01T08:53:23.475+0000] {taskinstance.py:731} INFO - ::endgroup::
[2024-10-01T08:53:23.482+0000] {trigger_dag.py:29} INFO - manual__2024-10-01T08:45:06.907636+00:00 ended
[2024-10-01T08:53:23.483+0000] {python.py:240} INFO - Done. Returned value was: None
[2024-10-01T08:53:23.489+0000] {taskinstance.py:340} INFO - ::group::Post task execution logs
[2024-10-01T08:53:23.489+0000] {taskinstance.py:352} INFO - Marking task as SUCCESS. dag_id=trigger_dag, task_id=process_results.print_log, run_id=manual__2024-10-01T08:49:15.573224+00:00, execution_date=20241001T084915, start_date=20241001T085323, end_date=20241001T085323
[2024-10-01T08:53:23.494+0000] {logging_mixin.py:190} INFO - Task instance in success state
[2024-10-01T08:53:23.494+0000] {logging_mixin.py:190} INFO -  Previous state of the Task instance: running
[2024-10-01T08:53:23.495+0000] {logging_mixin.py:190} INFO - Dag name:trigger_dag queued_at:2024-10-01 08:49:15.585135+00:00
[2024-10-01T08:53:23.495+0000] {logging_mixin.py:190} INFO - Task hostname:ff60ea0b688d operator:PythonOperator
[2024-10-01T08:53:23.499+0000] {local_task_job_runner.py:266} INFO - Task exited with return code 0
[2024-10-01T08:53:23.514+0000] {taskinstance.py:3900} INFO - 1 downstream tasks scheduled from follow-on schedule check
[2024-10-01T08:53:23.515+0000] {local_task_job_runner.py:245} INFO - ::endgroup::
