[2024-10-01T08:53:25.614+0000] {local_task_job_runner.py:123} INFO - ::group::Pre task execution logs
[2024-10-01T08:53:25.624+0000] {taskinstance.py:2612} INFO - Dependencies all met for dep_context=non-requeueable deps ti=<TaskInstance: trigger_dag.process_results.add_timestamp_file manual__2024-10-01T08:49:15.573224+00:00 [queued]>
[2024-10-01T08:53:25.628+0000] {taskinstance.py:2612} INFO - Dependencies all met for dep_context=requeueable deps ti=<TaskInstance: trigger_dag.process_results.add_timestamp_file manual__2024-10-01T08:49:15.573224+00:00 [queued]>
[2024-10-01T08:53:25.628+0000] {taskinstance.py:2865} INFO - Starting attempt 1 of 1
[2024-10-01T08:53:25.634+0000] {taskinstance.py:2888} INFO - Executing <Task(BashOperator): process_results.add_timestamp_file> on 2024-10-01 08:49:15.573224+00:00
[2024-10-01T08:53:25.637+0000] {warnings.py:112} WARNING - /home/airflow/.local/lib/python3.12/site-packages/airflow/task/task_runner/standard_task_runner.py:70: DeprecationWarning: This process (pid=682) is multi-threaded, use of fork() may lead to deadlocks in the child.
  pid = os.fork()

[2024-10-01T08:53:25.638+0000] {standard_task_runner.py:72} INFO - Started process 684 to run task
[2024-10-01T08:53:25.638+0000] {standard_task_runner.py:104} INFO - Running: ['airflow', 'tasks', 'run', 'trigger_dag', 'process_results.add_timestamp_file', 'manual__2024-10-01T08:49:15.573224+00:00', '--job-id', '82', '--raw', '--subdir', 'DAGS_FOLDER/trigger_dag.py', '--cfg-path', '/tmp/tmp5uugml04']
[2024-10-01T08:53:25.639+0000] {standard_task_runner.py:105} INFO - Job 82: Subtask process_results.add_timestamp_file
[2024-10-01T08:53:25.667+0000] {task_command.py:467} INFO - Running <TaskInstance: trigger_dag.process_results.add_timestamp_file manual__2024-10-01T08:49:15.573224+00:00 [running]> on host ff60ea0b688d
[2024-10-01T08:53:25.713+0000] {taskinstance.py:3131} INFO - Exporting env vars: AIRFLOW_CTX_DAG_OWNER='airflow' AIRFLOW_CTX_DAG_ID='trigger_dag' AIRFLOW_CTX_TASK_ID='process_results.add_timestamp_file' AIRFLOW_CTX_EXECUTION_DATE='2024-10-01T08:49:15.573224+00:00' AIRFLOW_CTX_TRY_NUMBER='1' AIRFLOW_CTX_DAG_RUN_ID='manual__2024-10-01T08:49:15.573224+00:00'
[2024-10-01T08:53:25.715+0000] {logging_mixin.py:190} INFO - Task instance is in running state
[2024-10-01T08:53:25.715+0000] {logging_mixin.py:190} INFO -  Previous state of the Task instance: queued
[2024-10-01T08:53:25.715+0000] {logging_mixin.py:190} INFO - Current task name:process_results.add_timestamp_file state:running start_date:2024-10-01 08:53:25.624576+00:00
[2024-10-01T08:53:25.715+0000] {logging_mixin.py:190} INFO - Dag name:trigger_dag and current dag run status:running
[2024-10-01T08:53:25.715+0000] {taskinstance.py:731} INFO - ::endgroup::
[2024-10-01T08:53:25.716+0000] {subprocess.py:63} INFO - Tmp dir root location: /tmp
[2024-10-01T08:53:25.716+0000] {subprocess.py:75} INFO - Running command: ['/usr/bin/bash', '-c', 'touch /opt/airflow/data/finished_#20241001T084915.txt']
[2024-10-01T08:53:25.721+0000] {subprocess.py:86} INFO - Output:
[2024-10-01T08:53:25.723+0000] {subprocess.py:97} INFO - Command exited with return code 0
[2024-10-01T08:53:25.740+0000] {taskinstance.py:340} INFO - ::group::Post task execution logs
[2024-10-01T08:53:25.740+0000] {taskinstance.py:352} INFO - Marking task as SUCCESS. dag_id=trigger_dag, task_id=process_results.add_timestamp_file, run_id=manual__2024-10-01T08:49:15.573224+00:00, execution_date=20241001T084915, start_date=20241001T085325, end_date=20241001T085325
[2024-10-01T08:53:25.746+0000] {logging_mixin.py:190} INFO - Task instance in success state
[2024-10-01T08:53:25.746+0000] {logging_mixin.py:190} INFO -  Previous state of the Task instance: running
[2024-10-01T08:53:25.746+0000] {logging_mixin.py:190} INFO - Dag name:trigger_dag queued_at:2024-10-01 08:49:15.585135+00:00
[2024-10-01T08:53:25.746+0000] {logging_mixin.py:190} INFO - Task hostname:ff60ea0b688d operator:BashOperator
[2024-10-01T08:53:25.777+0000] {local_task_job_runner.py:266} INFO - Task exited with return code 0
[2024-10-01T08:53:25.788+0000] {taskinstance.py:3900} INFO - 0 downstream tasks scheduled from follow-on schedule check
[2024-10-01T08:53:25.788+0000] {local_task_job_runner.py:245} INFO - ::endgroup::
