[2024-10-08T09:37:21.956+0000] {local_task_job_runner.py:123} INFO - ::group::Pre task execution logs
[2024-10-08T09:37:21.968+0000] {taskinstance.py:2612} INFO - Dependencies all met for dep_context=non-requeueable deps ti=<TaskInstance: sql_dag.query_table manual__2024-10-08T09:37:13.854976+00:00 [queued]>
[2024-10-08T09:37:21.973+0000] {taskinstance.py:2612} INFO - Dependencies all met for dep_context=requeueable deps ti=<TaskInstance: sql_dag.query_table manual__2024-10-08T09:37:13.854976+00:00 [queued]>
[2024-10-08T09:37:21.974+0000] {taskinstance.py:2865} INFO - Starting attempt 1 of 1
[2024-10-08T09:37:21.981+0000] {taskinstance.py:2888} INFO - Executing <Task(PostgreSQLCountRows): query_table> on 2024-10-08 09:37:13.854976+00:00
[2024-10-08T09:37:21.984+0000] {warnings.py:112} WARNING - /home/airflow/.local/lib/python3.12/site-packages/airflow/task/task_runner/standard_task_runner.py:70: DeprecationWarning: This process (pid=175) is multi-threaded, use of fork() may lead to deadlocks in the child.
  pid = os.fork()

[2024-10-08T09:37:21.984+0000] {standard_task_runner.py:72} INFO - Started process 177 to run task
[2024-10-08T09:37:21.985+0000] {standard_task_runner.py:104} INFO - Running: ['airflow', 'tasks', 'run', 'sql_dag', 'query_table', 'manual__2024-10-08T09:37:13.854976+00:00', '--job-id', '226', '--raw', '--subdir', 'DAGS_FOLDER/sql.py', '--cfg-path', '/tmp/tmpy7294759']
[2024-10-08T09:37:21.986+0000] {standard_task_runner.py:105} INFO - Job 226: Subtask query_table
[2024-10-08T09:37:22.016+0000] {task_command.py:467} INFO - Running <TaskInstance: sql_dag.query_table manual__2024-10-08T09:37:13.854976+00:00 [running]> on host ea4b7cb1f1d7
[2024-10-08T09:37:22.066+0000] {taskinstance.py:3131} INFO - Exporting env vars: AIRFLOW_CTX_DAG_OWNER='airflow' AIRFLOW_CTX_DAG_ID='sql_dag' AIRFLOW_CTX_TASK_ID='query_table' AIRFLOW_CTX_EXECUTION_DATE='2024-10-08T09:37:13.854976+00:00' AIRFLOW_CTX_TRY_NUMBER='1' AIRFLOW_CTX_DAG_RUN_ID='manual__2024-10-08T09:37:13.854976+00:00'
[2024-10-08T09:37:22.067+0000] {logging_mixin.py:190} INFO - Task instance is in running state
[2024-10-08T09:37:22.068+0000] {logging_mixin.py:190} INFO -  Previous state of the Task instance: queued
[2024-10-08T09:37:22.068+0000] {logging_mixin.py:190} INFO - Current task name:query_table state:running start_date:2024-10-08 09:37:21.969019+00:00
[2024-10-08T09:37:22.068+0000] {logging_mixin.py:190} INFO - Dag name:sql_dag and current dag run status:running
[2024-10-08T09:37:22.068+0000] {taskinstance.py:731} INFO - ::endgroup::
[2024-10-08T09:37:22.074+0000] {base.py:84} INFO - Retrieving connection 'postgres_default'
[2024-10-08T09:37:22.077+0000] {sql.py:509} INFO - Running statement: SELECT COUNT(*) FROM table_name;, parameters: None
[2024-10-08T09:37:22.078+0000] {sql.py:518} INFO - Rows affected: 1
[2024-10-08T09:37:22.095+0000] {taskinstance.py:340} INFO - ::group::Post task execution logs
[2024-10-08T09:37:22.096+0000] {taskinstance.py:352} INFO - Marking task as SUCCESS. dag_id=sql_dag, task_id=query_table, run_id=manual__2024-10-08T09:37:13.854976+00:00, execution_date=20241008T093713, start_date=20241008T093721, end_date=20241008T093722
[2024-10-08T09:37:22.101+0000] {logging_mixin.py:190} INFO - Task instance in success state
[2024-10-08T09:37:22.102+0000] {logging_mixin.py:190} INFO -  Previous state of the Task instance: running
[2024-10-08T09:37:22.102+0000] {logging_mixin.py:190} INFO - Dag name:sql_dag queued_at:2024-10-08 09:37:13.871791+00:00
[2024-10-08T09:37:22.102+0000] {logging_mixin.py:190} INFO - Task hostname:ea4b7cb1f1d7 operator:PostgreSQLCountRows
[2024-10-08T09:37:22.127+0000] {local_task_job_runner.py:266} INFO - Task exited with return code 0
[2024-10-08T09:37:22.139+0000] {taskinstance.py:3900} INFO - 0 downstream tasks scheduled from follow-on schedule check
[2024-10-08T09:37:22.141+0000] {local_task_job_runner.py:245} INFO - ::endgroup::
