[2024-10-01T08:45:08.184+0000] {local_task_job_runner.py:123} INFO - ::group::Pre task execution logs
[2024-10-01T08:45:08.198+0000] {taskinstance.py:2612} INFO - Dependencies all met for dep_context=non-requeueable deps ti=<TaskInstance: trigger_dag.process_results.wait_for_dag manual__2024-10-01T08:45:04.147022+00:00 [queued]>
[2024-10-01T08:45:08.202+0000] {taskinstance.py:2612} INFO - Dependencies all met for dep_context=requeueable deps ti=<TaskInstance: trigger_dag.process_results.wait_for_dag manual__2024-10-01T08:45:04.147022+00:00 [queued]>
[2024-10-01T08:45:08.203+0000] {taskinstance.py:2865} INFO - Starting attempt 1 of 1
[2024-10-01T08:45:08.210+0000] {taskinstance.py:2888} INFO - Executing <Task(ExternalTaskSensor): process_results.wait_for_dag> on 2024-10-01 08:45:04.147022+00:00
[2024-10-01T08:45:08.213+0000] {warnings.py:112} WARNING - /home/airflow/.local/lib/python3.12/site-packages/airflow/task/task_runner/standard_task_runner.py:70: DeprecationWarning: This process (pid=500) is multi-threaded, use of fork() may lead to deadlocks in the child.
  pid = os.fork()

[2024-10-01T08:45:08.215+0000] {standard_task_runner.py:72} INFO - Started process 506 to run task
[2024-10-01T08:45:08.215+0000] {standard_task_runner.py:104} INFO - Running: ['airflow', 'tasks', 'run', 'trigger_dag', 'process_results.wait_for_dag', 'manual__2024-10-01T08:45:04.147022+00:00', '--job-id', '66', '--raw', '--subdir', 'DAGS_FOLDER/trigger_dag.py', '--cfg-path', '/tmp/tmpu0d2zftp']
[2024-10-01T08:45:08.216+0000] {standard_task_runner.py:105} INFO - Job 66: Subtask process_results.wait_for_dag
[2024-10-01T08:45:08.258+0000] {task_command.py:467} INFO - Running <TaskInstance: trigger_dag.process_results.wait_for_dag manual__2024-10-01T08:45:04.147022+00:00 [running]> on host ff60ea0b688d
[2024-10-01T08:45:08.321+0000] {taskinstance.py:3131} INFO - Exporting env vars: AIRFLOW_CTX_DAG_OWNER='airflow' AIRFLOW_CTX_DAG_ID='trigger_dag' AIRFLOW_CTX_TASK_ID='process_results.wait_for_dag' AIRFLOW_CTX_EXECUTION_DATE='2024-10-01T08:45:04.147022+00:00' AIRFLOW_CTX_TRY_NUMBER='1' AIRFLOW_CTX_DAG_RUN_ID='manual__2024-10-01T08:45:04.147022+00:00'
[2024-10-01T08:45:08.321+0000] {logging_mixin.py:190} INFO - Task instance is in running state
[2024-10-01T08:45:08.322+0000] {logging_mixin.py:190} INFO -  Previous state of the Task instance: queued
[2024-10-01T08:45:08.322+0000] {logging_mixin.py:190} INFO - Current task name:process_results.wait_for_dag state:running start_date:2024-10-01 08:45:08.198420+00:00
[2024-10-01T08:45:08.322+0000] {logging_mixin.py:190} INFO - Dag name:trigger_dag and current dag run status:running
[2024-10-01T08:45:08.322+0000] {taskinstance.py:731} INFO - ::endgroup::
[2024-10-01T08:45:08.323+0000] {baseoperator.py:405} WARNING - ExternalTaskSensor.execute cannot be called outside TaskInstance!
[2024-10-01T08:45:08.335+0000] {external_task.py:258} INFO - Poking for tasks ['query_table'] in dag dag_id_3 on 2024-10-01T08:45:06.907636+00:00 ... 
[2024-10-01T08:45:08.336+0000] {warnings.py:112} WARNING - /home/airflow/.local/lib/python3.12/site-packages/airflow/utils/session.py:97: DeprecationWarning: This method is deprecated and will be removed in future.
  return func(*args, session=session, **kwargs)

[2024-10-01T08:45:08.356+0000] {taskinstance.py:309} INFO - Rescheduling task, marking task as UP_FOR_RESCHEDULE
[2024-10-01T08:45:08.358+0000] {taskinstance.py:340} INFO - ::group::Post task execution logs
[2024-10-01T08:45:08.397+0000] {local_task_job_runner.py:266} INFO - Task exited with return code 0
[2024-10-01T08:45:08.415+0000] {taskinstance.py:3900} INFO - 0 downstream tasks scheduled from follow-on schedule check
[2024-10-01T08:45:08.416+0000] {local_task_job_runner.py:245} INFO - ::endgroup::
[2024-10-01T08:46:09.606+0000] {local_task_job_runner.py:123} INFO - ::group::Pre task execution logs
[2024-10-01T08:46:09.619+0000] {taskinstance.py:2612} INFO - Dependencies all met for dep_context=non-requeueable deps ti=<TaskInstance: trigger_dag.process_results.wait_for_dag manual__2024-10-01T08:45:04.147022+00:00 [queued]>
[2024-10-01T08:46:09.624+0000] {taskinstance.py:2612} INFO - Dependencies all met for dep_context=requeueable deps ti=<TaskInstance: trigger_dag.process_results.wait_for_dag manual__2024-10-01T08:45:04.147022+00:00 [queued]>
[2024-10-01T08:46:09.624+0000] {taskinstance.py:2865} INFO - Starting attempt 1 of 1
[2024-10-01T08:46:09.631+0000] {taskinstance.py:2888} INFO - Executing <Task(ExternalTaskSensor): process_results.wait_for_dag> on 2024-10-01 08:45:04.147022+00:00
[2024-10-01T08:46:09.636+0000] {warnings.py:112} WARNING - /home/airflow/.local/lib/python3.12/site-packages/airflow/task/task_runner/standard_task_runner.py:70: DeprecationWarning: This process (pid=536) is multi-threaded, use of fork() may lead to deadlocks in the child.
  pid = os.fork()

[2024-10-01T08:46:09.637+0000] {standard_task_runner.py:72} INFO - Started process 538 to run task
[2024-10-01T08:46:09.637+0000] {standard_task_runner.py:104} INFO - Running: ['airflow', 'tasks', 'run', 'trigger_dag', 'process_results.wait_for_dag', 'manual__2024-10-01T08:45:04.147022+00:00', '--job-id', '70', '--raw', '--subdir', 'DAGS_FOLDER/trigger_dag.py', '--cfg-path', '/tmp/tmpidhe_hnd']
[2024-10-01T08:46:09.638+0000] {standard_task_runner.py:105} INFO - Job 70: Subtask process_results.wait_for_dag
[2024-10-01T08:46:09.675+0000] {task_command.py:467} INFO - Running <TaskInstance: trigger_dag.process_results.wait_for_dag manual__2024-10-01T08:45:04.147022+00:00 [running]> on host ff60ea0b688d
[2024-10-01T08:46:09.728+0000] {taskinstance.py:3131} INFO - Exporting env vars: AIRFLOW_CTX_DAG_OWNER='airflow' AIRFLOW_CTX_DAG_ID='trigger_dag' AIRFLOW_CTX_TASK_ID='process_results.wait_for_dag' AIRFLOW_CTX_EXECUTION_DATE='2024-10-01T08:45:04.147022+00:00' AIRFLOW_CTX_TRY_NUMBER='1' AIRFLOW_CTX_DAG_RUN_ID='manual__2024-10-01T08:45:04.147022+00:00'
[2024-10-01T08:46:09.729+0000] {logging_mixin.py:190} INFO - Task instance is in running state
[2024-10-01T08:46:09.729+0000] {logging_mixin.py:190} INFO -  Previous state of the Task instance: queued
[2024-10-01T08:46:09.730+0000] {logging_mixin.py:190} INFO - Current task name:process_results.wait_for_dag state:running start_date:2024-10-01 08:46:09.619576+00:00
[2024-10-01T08:46:09.730+0000] {logging_mixin.py:190} INFO - Dag name:trigger_dag and current dag run status:running
[2024-10-01T08:46:09.730+0000] {taskinstance.py:731} INFO - ::endgroup::
[2024-10-01T08:46:09.730+0000] {baseoperator.py:405} WARNING - ExternalTaskSensor.execute cannot be called outside TaskInstance!
[2024-10-01T08:46:09.742+0000] {external_task.py:258} INFO - Poking for tasks ['query_table'] in dag dag_id_3 on 2024-10-01T08:45:06.907636+00:00 ... 
[2024-10-01T08:46:09.743+0000] {warnings.py:112} WARNING - /home/airflow/.local/lib/python3.12/site-packages/airflow/utils/session.py:97: DeprecationWarning: This method is deprecated and will be removed in future.
  return func(*args, session=session, **kwargs)

[2024-10-01T08:46:09.752+0000] {base.py:336} INFO - Success criteria met. Exiting.
[2024-10-01T08:46:09.759+0000] {taskinstance.py:340} INFO - ::group::Post task execution logs
[2024-10-01T08:46:09.760+0000] {taskinstance.py:352} INFO - Marking task as SUCCESS. dag_id=trigger_dag, task_id=process_results.wait_for_dag, run_id=manual__2024-10-01T08:45:04.147022+00:00, execution_date=20241001T084504, start_date=20241001T084609, end_date=20241001T084609
[2024-10-01T08:46:09.766+0000] {logging_mixin.py:190} INFO - Task instance in success state
[2024-10-01T08:46:09.766+0000] {logging_mixin.py:190} INFO -  Previous state of the Task instance: running
[2024-10-01T08:46:09.766+0000] {logging_mixin.py:190} INFO - Dag name:trigger_dag queued_at:2024-10-01 08:45:04.164484+00:00
[2024-10-01T08:46:09.767+0000] {logging_mixin.py:190} INFO - Task hostname:ff60ea0b688d operator:ExternalTaskSensor
[2024-10-01T08:46:09.778+0000] {local_task_job_runner.py:266} INFO - Task exited with return code 0
[2024-10-01T08:46:09.798+0000] {taskinstance.py:3900} INFO - 1 downstream tasks scheduled from follow-on schedule check
[2024-10-01T08:46:09.799+0000] {local_task_job_runner.py:245} INFO - ::endgroup::
