[2024-10-07T13:04:15.096+0000] {local_task_job_runner.py:123} INFO - ::group::Pre task execution logs
[2024-10-07T13:04:15.107+0000] {taskinstance.py:2612} INFO - Dependencies all met for dep_context=non-requeueable deps ti=<TaskInstance: sql_dag.insert_new_row manual__2024-10-07T13:04:08.984659+00:00 [queued]>
[2024-10-07T13:04:15.111+0000] {taskinstance.py:2612} INFO - Dependencies all met for dep_context=requeueable deps ti=<TaskInstance: sql_dag.insert_new_row manual__2024-10-07T13:04:08.984659+00:00 [queued]>
[2024-10-07T13:04:15.111+0000] {taskinstance.py:2865} INFO - Starting attempt 1 of 1
[2024-10-07T13:04:15.117+0000] {taskinstance.py:2888} INFO - Executing <Task(SQLExecuteQueryOperator): insert_new_row> on 2024-10-07 13:04:08.984659+00:00
[2024-10-07T13:04:15.120+0000] {warnings.py:112} WARNING - /home/airflow/.local/lib/python3.12/site-packages/airflow/task/task_runner/standard_task_runner.py:70: DeprecationWarning: This process (pid=3760) is multi-threaded, use of fork() may lead to deadlocks in the child.
  pid = os.fork()

[2024-10-07T13:04:15.121+0000] {standard_task_runner.py:72} INFO - Started process 3762 to run task
[2024-10-07T13:04:15.121+0000] {standard_task_runner.py:104} INFO - Running: ['airflow', 'tasks', 'run', 'sql_dag', 'insert_new_row', 'manual__2024-10-07T13:04:08.984659+00:00', '--job-id', '186', '--raw', '--subdir', 'DAGS_FOLDER/sql.py', '--cfg-path', '/tmp/tmpdowl_ij3']
[2024-10-07T13:04:15.122+0000] {standard_task_runner.py:105} INFO - Job 186: Subtask insert_new_row
[2024-10-07T13:04:15.150+0000] {task_command.py:467} INFO - Running <TaskInstance: sql_dag.insert_new_row manual__2024-10-07T13:04:08.984659+00:00 [running]> on host ea4b7cb1f1d7
[2024-10-07T13:04:15.198+0000] {taskinstance.py:3131} INFO - Exporting env vars: AIRFLOW_CTX_DAG_OWNER='airflow' AIRFLOW_CTX_DAG_ID='sql_dag' AIRFLOW_CTX_TASK_ID='insert_new_row' AIRFLOW_CTX_EXECUTION_DATE='2024-10-07T13:04:08.984659+00:00' AIRFLOW_CTX_TRY_NUMBER='1' AIRFLOW_CTX_DAG_RUN_ID='manual__2024-10-07T13:04:08.984659+00:00'
[2024-10-07T13:04:15.199+0000] {logging_mixin.py:190} INFO - Task instance is in running state
[2024-10-07T13:04:15.200+0000] {logging_mixin.py:190} INFO -  Previous state of the Task instance: queued
[2024-10-07T13:04:15.200+0000] {logging_mixin.py:190} INFO - Current task name:insert_new_row state:running start_date:2024-10-07 13:04:15.107280+00:00
[2024-10-07T13:04:15.200+0000] {logging_mixin.py:190} INFO - Dag name:sql_dag and current dag run status:running
[2024-10-07T13:04:15.200+0000] {taskinstance.py:731} INFO - ::endgroup::
[2024-10-07T13:04:15.200+0000] {sql.py:266} INFO - Executing: INSERT INTO table_name VALUES(%s, %s, %s);
[2024-10-07T13:04:15.205+0000] {base.py:84} INFO - Retrieving connection 'postgres_default'
[2024-10-07T13:04:15.211+0000] {base.py:84} INFO - Retrieving connection 'postgres_default'
[2024-10-07T13:04:15.215+0000] {sql.py:509} INFO - Running statement: INSERT INTO table_name VALUES(%s, %s, %s);, parameters: (89596435, 'd469e6983f', datetime.datetime(2024, 10, 7, 13, 4, 14, 739831))
[2024-10-07T13:04:15.216+0000] {sql.py:518} INFO - Rows affected: 1
[2024-10-07T13:04:15.226+0000] {taskinstance.py:340} INFO - ::group::Post task execution logs
[2024-10-07T13:04:15.226+0000] {taskinstance.py:352} INFO - Marking task as SUCCESS. dag_id=sql_dag, task_id=insert_new_row, run_id=manual__2024-10-07T13:04:08.984659+00:00, execution_date=20241007T130408, start_date=20241007T130415, end_date=20241007T130415
[2024-10-07T13:04:15.235+0000] {logging_mixin.py:190} INFO - Task instance in success state
[2024-10-07T13:04:15.236+0000] {logging_mixin.py:190} INFO -  Previous state of the Task instance: running
[2024-10-07T13:04:15.236+0000] {logging_mixin.py:190} INFO - Dag name:sql_dag queued_at:2024-10-07 13:04:09.010155+00:00
[2024-10-07T13:04:15.236+0000] {logging_mixin.py:190} INFO - Task hostname:ea4b7cb1f1d7 operator:SQLExecuteQueryOperator
[2024-10-07T13:04:15.260+0000] {local_task_job_runner.py:266} INFO - Task exited with return code 0
[2024-10-07T13:04:15.280+0000] {taskinstance.py:3900} INFO - 0 downstream tasks scheduled from follow-on schedule check
[2024-10-07T13:04:15.282+0000] {local_task_job_runner.py:245} INFO - ::endgroup::
