[2024-10-08T11:34:33.381+0000] {local_task_job_runner.py:123} INFO - ::group::Pre task execution logs
[2024-10-08T11:34:33.392+0000] {taskinstance.py:2612} INFO - Dependencies all met for dep_context=non-requeueable deps ti=<TaskInstance: trigger_dag.process_results.small_text.txt.txt manual__2024-10-08T11:31:25.205749+00:00 [queued]>
[2024-10-08T11:34:33.396+0000] {taskinstance.py:2612} INFO - Dependencies all met for dep_context=requeueable deps ti=<TaskInstance: trigger_dag.process_results.small_text.txt.txt manual__2024-10-08T11:31:25.205749+00:00 [queued]>
[2024-10-08T11:34:33.396+0000] {taskinstance.py:2865} INFO - Starting attempt 1 of 1
[2024-10-08T11:34:33.402+0000] {taskinstance.py:2888} INFO - Executing <Task(BashOperator): process_results.small_text.txt.txt> on 2024-10-08 11:31:25.205749+00:00
[2024-10-08T11:34:33.405+0000] {warnings.py:112} WARNING - /home/airflow/.local/lib/python3.12/site-packages/airflow/task/task_runner/standard_task_runner.py:70: DeprecationWarning: This process (pid=595) is multi-threaded, use of fork() may lead to deadlocks in the child.
  pid = os.fork()

[2024-10-08T11:34:33.405+0000] {standard_task_runner.py:72} INFO - Started process 597 to run task
[2024-10-08T11:34:33.406+0000] {standard_task_runner.py:104} INFO - Running: ['airflow', 'tasks', 'run', 'trigger_dag', 'process_results.small_text.txt.txt', 'manual__2024-10-08T11:31:25.205749+00:00', '--job-id', '255', '--raw', '--subdir', 'DAGS_FOLDER/trigger_dag.py', '--cfg-path', '/tmp/tmpc8q9lj5_']
[2024-10-08T11:34:33.407+0000] {standard_task_runner.py:105} INFO - Job 255: Subtask process_results.small_text.txt.txt
[2024-10-08T11:34:33.434+0000] {task_command.py:467} INFO - Running <TaskInstance: trigger_dag.process_results.small_text.txt.txt manual__2024-10-08T11:31:25.205749+00:00 [running]> on host 99c9ec34a420
[2024-10-08T11:34:33.479+0000] {taskinstance.py:3131} INFO - Exporting env vars: AIRFLOW_CTX_DAG_OWNER='airflow' AIRFLOW_CTX_DAG_ID='trigger_dag' AIRFLOW_CTX_TASK_ID='process_results.small_text.txt.txt' AIRFLOW_CTX_EXECUTION_DATE='2024-10-08T11:31:25.205749+00:00' AIRFLOW_CTX_TRY_NUMBER='1' AIRFLOW_CTX_DAG_RUN_ID='manual__2024-10-08T11:31:25.205749+00:00'
[2024-10-08T11:34:33.481+0000] {logging_mixin.py:190} INFO - Task instance is in running state
[2024-10-08T11:34:33.481+0000] {logging_mixin.py:190} INFO -  Previous state of the Task instance: queued
[2024-10-08T11:34:33.481+0000] {logging_mixin.py:190} INFO - Current task name:process_results.small_text.txt.txt state:running start_date:2024-10-08 11:34:33.392394+00:00
[2024-10-08T11:34:33.481+0000] {logging_mixin.py:190} INFO - Dag name:trigger_dag and current dag run status:running
[2024-10-08T11:34:33.481+0000] {taskinstance.py:731} INFO - ::endgroup::
[2024-10-08T11:34:33.482+0000] {subprocess.py:63} INFO - Tmp dir root location: /tmp
[2024-10-08T11:34:33.482+0000] {subprocess.py:75} INFO - Running command: ['/usr/bin/bash', '-c', 'rm /opt/airflow/data/small_text.txt']
[2024-10-08T11:34:33.487+0000] {subprocess.py:86} INFO - Output:
[2024-10-08T11:34:33.491+0000] {subprocess.py:97} INFO - Command exited with return code 0
[2024-10-08T11:34:33.511+0000] {taskinstance.py:340} INFO - ::group::Post task execution logs
[2024-10-08T11:34:33.512+0000] {taskinstance.py:352} INFO - Marking task as SUCCESS. dag_id=trigger_dag, task_id=process_results.small_text.txt.txt, run_id=manual__2024-10-08T11:31:25.205749+00:00, execution_date=20241008T113125, start_date=20241008T113433, end_date=20241008T113433
[2024-10-08T11:34:33.526+0000] {logging_mixin.py:190} INFO - Task instance in success state
[2024-10-08T11:34:33.527+0000] {logging_mixin.py:190} INFO -  Previous state of the Task instance: running
[2024-10-08T11:34:33.527+0000] {logging_mixin.py:190} INFO - Dag name:trigger_dag queued_at:2024-10-08 11:31:25.216577+00:00
[2024-10-08T11:34:33.528+0000] {logging_mixin.py:190} INFO - Task hostname:99c9ec34a420 operator:BashOperator
[2024-10-08T11:34:33.545+0000] {local_task_job_runner.py:266} INFO - Task exited with return code 0
[2024-10-08T11:34:33.561+0000] {taskinstance.py:3900} INFO - 1 downstream tasks scheduled from follow-on schedule check
[2024-10-08T11:34:33.563+0000] {local_task_job_runner.py:245} INFO - ::endgroup::
