[2024-10-01T08:58:13.728+0000] {local_task_job_runner.py:123} INFO - ::group::Pre task execution logs
[2024-10-01T08:58:13.738+0000] {taskinstance.py:2612} INFO - Dependencies all met for dep_context=non-requeueable deps ti=<TaskInstance: trigger_dag.process_results.small_text.txt manual__2024-10-01T08:56:04.896431+00:00 [queued]>
[2024-10-01T08:58:13.742+0000] {taskinstance.py:2612} INFO - Dependencies all met for dep_context=requeueable deps ti=<TaskInstance: trigger_dag.process_results.small_text.txt manual__2024-10-01T08:56:04.896431+00:00 [queued]>
[2024-10-01T08:58:13.742+0000] {taskinstance.py:2865} INFO - Starting attempt 1 of 1
[2024-10-01T08:58:13.748+0000] {taskinstance.py:2888} INFO - Executing <Task(BashOperator): process_results.small_text.txt> on 2024-10-01 08:56:04.896431+00:00
[2024-10-01T08:58:13.751+0000] {warnings.py:112} WARNING - /home/airflow/.local/lib/python3.12/site-packages/airflow/task/task_runner/standard_task_runner.py:70: DeprecationWarning: This process (pid=781) is multi-threaded, use of fork() may lead to deadlocks in the child.
  pid = os.fork()

[2024-10-01T08:58:13.752+0000] {standard_task_runner.py:72} INFO - Started process 783 to run task
[2024-10-01T08:58:13.753+0000] {standard_task_runner.py:104} INFO - Running: ['airflow', 'tasks', 'run', 'trigger_dag', 'process_results.small_text.txt', 'manual__2024-10-01T08:56:04.896431+00:00', '--job-id', '91', '--raw', '--subdir', 'DAGS_FOLDER/trigger_dag.py', '--cfg-path', '/tmp/tmp7dfvz5fs']
[2024-10-01T08:58:13.753+0000] {standard_task_runner.py:105} INFO - Job 91: Subtask process_results.small_text.txt
[2024-10-01T08:58:13.781+0000] {task_command.py:467} INFO - Running <TaskInstance: trigger_dag.process_results.small_text.txt manual__2024-10-01T08:56:04.896431+00:00 [running]> on host ff60ea0b688d
[2024-10-01T08:58:13.826+0000] {taskinstance.py:3131} INFO - Exporting env vars: AIRFLOW_CTX_DAG_OWNER='airflow' AIRFLOW_CTX_DAG_ID='trigger_dag' AIRFLOW_CTX_TASK_ID='process_results.small_text.txt' AIRFLOW_CTX_EXECUTION_DATE='2024-10-01T08:56:04.896431+00:00' AIRFLOW_CTX_TRY_NUMBER='1' AIRFLOW_CTX_DAG_RUN_ID='manual__2024-10-01T08:56:04.896431+00:00'
[2024-10-01T08:58:13.828+0000] {logging_mixin.py:190} INFO - Task instance is in running state
[2024-10-01T08:58:13.828+0000] {logging_mixin.py:190} INFO -  Previous state of the Task instance: queued
[2024-10-01T08:58:13.828+0000] {logging_mixin.py:190} INFO - Current task name:process_results.small_text.txt state:running start_date:2024-10-01 08:58:13.739006+00:00
[2024-10-01T08:58:13.828+0000] {logging_mixin.py:190} INFO - Dag name:trigger_dag and current dag run status:running
[2024-10-01T08:58:13.828+0000] {taskinstance.py:731} INFO - ::endgroup::
[2024-10-01T08:58:13.829+0000] {subprocess.py:63} INFO - Tmp dir root location: /tmp
[2024-10-01T08:58:13.829+0000] {subprocess.py:75} INFO - Running command: ['/usr/bin/bash', '-c', 'rm /opt/airflow/data/small_text.txt']
[2024-10-01T08:58:13.836+0000] {subprocess.py:86} INFO - Output:
[2024-10-01T08:58:13.838+0000] {subprocess.py:97} INFO - Command exited with return code 0
[2024-10-01T08:58:13.854+0000] {taskinstance.py:340} INFO - ::group::Post task execution logs
[2024-10-01T08:58:13.855+0000] {taskinstance.py:352} INFO - Marking task as SUCCESS. dag_id=trigger_dag, task_id=process_results.small_text.txt, run_id=manual__2024-10-01T08:56:04.896431+00:00, execution_date=20241001T085604, start_date=20241001T085813, end_date=20241001T085813
[2024-10-01T08:58:13.860+0000] {logging_mixin.py:190} INFO - Task instance in success state
[2024-10-01T08:58:13.860+0000] {logging_mixin.py:190} INFO -  Previous state of the Task instance: running
[2024-10-01T08:58:13.860+0000] {logging_mixin.py:190} INFO - Dag name:trigger_dag queued_at:2024-10-01 08:56:04.913615+00:00
[2024-10-01T08:58:13.860+0000] {logging_mixin.py:190} INFO - Task hostname:ff60ea0b688d operator:BashOperator
[2024-10-01T08:58:13.892+0000] {local_task_job_runner.py:266} INFO - Task exited with return code 0
[2024-10-01T08:58:13.905+0000] {taskinstance.py:3900} INFO - 1 downstream tasks scheduled from follow-on schedule check
[2024-10-01T08:58:13.906+0000] {local_task_job_runner.py:245} INFO - ::endgroup::
