[2024-10-07T13:03:27.678+0000] {local_task_job_runner.py:123} INFO - ::group::Pre task execution logs
[2024-10-07T13:03:27.694+0000] {taskinstance.py:2612} INFO - Dependencies all met for dep_context=non-requeueable deps ti=<TaskInstance: sql_dag.create_table manual__2024-10-07T13:03:22.250662+00:00 [queued]>
[2024-10-07T13:03:27.700+0000] {taskinstance.py:2612} INFO - Dependencies all met for dep_context=requeueable deps ti=<TaskInstance: sql_dag.create_table manual__2024-10-07T13:03:22.250662+00:00 [queued]>
[2024-10-07T13:03:27.700+0000] {taskinstance.py:2865} INFO - Starting attempt 1 of 1
[2024-10-07T13:03:27.707+0000] {taskinstance.py:2888} INFO - Executing <Task(SQLExecuteQueryOperator): create_table> on 2024-10-07 13:03:22.250662+00:00
[2024-10-07T13:03:27.710+0000] {warnings.py:112} WARNING - /home/airflow/.local/lib/python3.12/site-packages/airflow/task/task_runner/standard_task_runner.py:70: DeprecationWarning: This process (pid=3720) is multi-threaded, use of fork() may lead to deadlocks in the child.
  pid = os.fork()

[2024-10-07T13:03:27.711+0000] {standard_task_runner.py:72} INFO - Started process 3722 to run task
[2024-10-07T13:03:27.712+0000] {standard_task_runner.py:104} INFO - Running: ['airflow', 'tasks', 'run', 'sql_dag', 'create_table', 'manual__2024-10-07T13:03:22.250662+00:00', '--job-id', '180', '--raw', '--subdir', 'DAGS_FOLDER/sql.py', '--cfg-path', '/tmp/tmpwq9gfvpb']
[2024-10-07T13:03:27.712+0000] {standard_task_runner.py:105} INFO - Job 180: Subtask create_table
[2024-10-07T13:03:27.748+0000] {task_command.py:467} INFO - Running <TaskInstance: sql_dag.create_table manual__2024-10-07T13:03:22.250662+00:00 [running]> on host ea4b7cb1f1d7
[2024-10-07T13:03:27.793+0000] {taskinstance.py:3131} INFO - Exporting env vars: AIRFLOW_CTX_DAG_OWNER='airflow' AIRFLOW_CTX_DAG_ID='sql_dag' AIRFLOW_CTX_TASK_ID='create_table' AIRFLOW_CTX_EXECUTION_DATE='2024-10-07T13:03:22.250662+00:00' AIRFLOW_CTX_TRY_NUMBER='1' AIRFLOW_CTX_DAG_RUN_ID='manual__2024-10-07T13:03:22.250662+00:00'
[2024-10-07T13:03:27.794+0000] {logging_mixin.py:190} INFO - Task instance is in running state
[2024-10-07T13:03:27.795+0000] {logging_mixin.py:190} INFO -  Previous state of the Task instance: queued
[2024-10-07T13:03:27.795+0000] {logging_mixin.py:190} INFO - Current task name:create_table state:running start_date:2024-10-07 13:03:27.695061+00:00
[2024-10-07T13:03:27.795+0000] {logging_mixin.py:190} INFO - Dag name:sql_dag and current dag run status:running
[2024-10-07T13:03:27.795+0000] {taskinstance.py:731} INFO - ::endgroup::
[2024-10-07T13:03:27.795+0000] {sql.py:266} INFO - Executing: CREATE TABLE table_name(custom_id integer NOT NULL,
                user_name VARCHAR (50) NOT NULL, timestamp TIMESTAMP NOT NULL);
[2024-10-07T13:03:27.801+0000] {base.py:84} INFO - Retrieving connection 'postgres_default'
[2024-10-07T13:03:27.807+0000] {base.py:84} INFO - Retrieving connection 'postgres_default'
[2024-10-07T13:03:27.811+0000] {sql.py:509} INFO - Running statement: CREATE TABLE table_name(custom_id integer NOT NULL,
                user_name VARCHAR (50) NOT NULL, timestamp TIMESTAMP NOT NULL);, parameters: None
[2024-10-07T13:03:27.831+0000] {taskinstance.py:340} INFO - ::group::Post task execution logs
[2024-10-07T13:03:27.831+0000] {taskinstance.py:352} INFO - Marking task as SUCCESS. dag_id=sql_dag, task_id=create_table, run_id=manual__2024-10-07T13:03:22.250662+00:00, execution_date=20241007T130322, start_date=20241007T130327, end_date=20241007T130327
[2024-10-07T13:03:27.836+0000] {logging_mixin.py:190} INFO - Task instance in success state
[2024-10-07T13:03:27.836+0000] {logging_mixin.py:190} INFO -  Previous state of the Task instance: running
[2024-10-07T13:03:27.837+0000] {logging_mixin.py:190} INFO - Dag name:sql_dag queued_at:2024-10-07 13:03:22.283683+00:00
[2024-10-07T13:03:27.837+0000] {logging_mixin.py:190} INFO - Task hostname:ea4b7cb1f1d7 operator:SQLExecuteQueryOperator
[2024-10-07T13:03:27.850+0000] {local_task_job_runner.py:266} INFO - Task exited with return code 0
[2024-10-07T13:03:27.867+0000] {taskinstance.py:3900} INFO - 1 downstream tasks scheduled from follow-on schedule check
[2024-10-07T13:03:27.868+0000] {local_task_job_runner.py:245} INFO - ::endgroup::
