[2024-10-09T08:42:25.623+0000] {local_task_job_runner.py:123} INFO - ::group::Pre task execution logs
[2024-10-09T08:42:25.635+0000] {taskinstance.py:2612} INFO - Dependencies all met for dep_context=non-requeueable deps ti=<TaskInstance: slack_dag.slack manual__2024-10-09T08:42:24.074756+00:00 [queued]>
[2024-10-09T08:42:25.639+0000] {taskinstance.py:2612} INFO - Dependencies all met for dep_context=requeueable deps ti=<TaskInstance: slack_dag.slack manual__2024-10-09T08:42:24.074756+00:00 [queued]>
[2024-10-09T08:42:25.639+0000] {taskinstance.py:2865} INFO - Starting attempt 1 of 1
[2024-10-09T08:42:25.645+0000] {taskinstance.py:2888} INFO - Executing <Task(SlackWebhookOperator): slack> on 2024-10-09 08:42:24.074756+00:00
[2024-10-09T08:42:25.649+0000] {warnings.py:112} WARNING - /home/airflow/.local/lib/python3.12/site-packages/airflow/task/task_runner/standard_task_runner.py:70: DeprecationWarning: This process (pid=357) is multi-threaded, use of fork() may lead to deadlocks in the child.
  pid = os.fork()

[2024-10-09T08:42:25.649+0000] {standard_task_runner.py:72} INFO - Started process 359 to run task
[2024-10-09T08:42:25.650+0000] {standard_task_runner.py:104} INFO - Running: ['airflow', 'tasks', 'run', 'slack_dag', 'slack', 'manual__2024-10-09T08:42:24.074756+00:00', '--job-id', '262', '--raw', '--subdir', 'DAGS_FOLDER/slack.py', '--cfg-path', '/tmp/tmp89xqvkwe']
[2024-10-09T08:42:25.651+0000] {standard_task_runner.py:105} INFO - Job 262: Subtask slack
[2024-10-09T08:42:25.683+0000] {task_command.py:467} INFO - Running <TaskInstance: slack_dag.slack manual__2024-10-09T08:42:24.074756+00:00 [running]> on host 14eb9bd36bc1
[2024-10-09T08:42:25.729+0000] {taskinstance.py:3131} INFO - Exporting env vars: AIRFLOW_CTX_DAG_OWNER='airflow' AIRFLOW_CTX_DAG_ID='slack_dag' AIRFLOW_CTX_TASK_ID='slack' AIRFLOW_CTX_EXECUTION_DATE='2024-10-09T08:42:24.074756+00:00' AIRFLOW_CTX_TRY_NUMBER='1' AIRFLOW_CTX_DAG_RUN_ID='manual__2024-10-09T08:42:24.074756+00:00'
[2024-10-09T08:42:25.730+0000] {logging_mixin.py:190} INFO - Task instance is in running state
[2024-10-09T08:42:25.730+0000] {logging_mixin.py:190} INFO -  Previous state of the Task instance: queued
[2024-10-09T08:42:25.730+0000] {logging_mixin.py:190} INFO - Current task name:slack state:running start_date:2024-10-09 08:42:25.635496+00:00
[2024-10-09T08:42:25.731+0000] {logging_mixin.py:190} INFO - Dag name:slack_dag and current dag run status:running
[2024-10-09T08:42:25.731+0000] {taskinstance.py:731} INFO - ::endgroup::
[2024-10-09T08:42:25.732+0000] {warnings.py:112} WARNING - /home/airflow/.local/lib/python3.12/site-packages/airflow/providers/slack/hooks/slack_webhook.py:42: UserWarning: You cannot override the default channel (chosen by the user who installed your app), username, or icon when you're using Incoming Webhooks to post messages. Instead, these values will always inherit from the associated Slack app configuration. See: https://api.slack.com/messaging/webhooks#advanced_message_formatting. It is possible to change this values only in Legacy Slack Integration Incoming Webhook: https://api.slack.com/legacy/custom-integrations/messaging/webhooks#legacy-customizations
  resp = func(*args, **kwargs)

[2024-10-09T08:42:25.737+0000] {base.py:84} INFO - Retrieving connection 'slack_conn'
[2024-10-09T08:42:25.744+0000] {taskinstance.py:3310} ERROR - Task failed with exception
Traceback (most recent call last):
  File "/home/airflow/.local/lib/python3.12/site-packages/airflow/models/taskinstance.py", line 767, in _execute_task
    result = _execute_callable(context=context, **execute_callable_kwargs)
             ^^^^^^^^^^^^^^^^^^^^^^^^^^^^^^^^^^^^^^^^^^^^^^^^^^^^^^^^^^^^^
  File "/home/airflow/.local/lib/python3.12/site-packages/airflow/models/taskinstance.py", line 733, in _execute_callable
    return ExecutionCallableRunner(
           ^^^^^^^^^^^^^^^^^^^^^^^^
  File "/home/airflow/.local/lib/python3.12/site-packages/airflow/utils/operator_helpers.py", line 252, in run
    return self.func(*args, **kwargs)
           ^^^^^^^^^^^^^^^^^^^^^^^^^^
  File "/home/airflow/.local/lib/python3.12/site-packages/airflow/models/baseoperator.py", line 406, in wrapper
    return func(self, *args, **kwargs)
           ^^^^^^^^^^^^^^^^^^^^^^^^^^^
  File "/home/airflow/.local/lib/python3.12/site-packages/airflow/providers/slack/operators/slack_webhook.py", line 112, in execute
    self.hook.send(
  File "/home/airflow/.local/lib/python3.12/site-packages/airflow/providers/slack/hooks/slack_webhook.py", line 249, in send
    return self.send_dict(body=body, headers=headers)
           ^^^^^^^^^^^^^^^^^^^^^^^^^^^^^^^^^^^^^^^^^^
  File "/home/airflow/.local/lib/python3.12/site-packages/airflow/providers/slack/hooks/slack_webhook.py", line 42, in wrapper
    resp = func(*args, **kwargs)
           ^^^^^^^^^^^^^^^^^^^^^
  File "/home/airflow/.local/lib/python3.12/site-packages/airflow/providers/slack/hooks/slack_webhook.py", line 206, in send_dict
    return self.client.send_dict(body, headers=headers)
           ^^^^^^^^^^^
  File "/usr/local/lib/python3.12/functools.py", line 993, in __get__
    val = self.func(instance)
          ^^^^^^^^^^^^^^^^^^^
  File "/home/airflow/.local/lib/python3.12/site-packages/airflow/providers/slack/hooks/slack_webhook.py", line 134, in client
    return WebhookClient(**self._get_conn_params())
                           ^^^^^^^^^^^^^^^^^^^^^^^
  File "/home/airflow/.local/lib/python3.12/site-packages/airflow/providers/slack/hooks/slack_webhook.py", line 144, in _get_conn_params
    raise AirflowNotFoundException(
airflow.exceptions.AirflowNotFoundException: Connection ID 'slack_conn' does not contain password (Slack Webhook Token).
[2024-10-09T08:42:25.746+0000] {logging_mixin.py:190} INFO - Task instance in failure state
[2024-10-09T08:42:25.747+0000] {logging_mixin.py:190} INFO - Task start:2024-10-09 08:42:25.635496+00:00 end:2024-10-09 08:42:25.746637+00:00 duration:0.111141
[2024-10-09T08:42:25.747+0000] {logging_mixin.py:190} INFO - Task:<Task(SlackWebhookOperator): slack> dag:<DAG: slack_dag> dagrun:<DagRun slack_dag @ 2024-10-09 08:42:24.074756+00:00: manual__2024-10-09T08:42:24.074756+00:00, state:running, queued_at: 2024-10-09 08:42:24.098027+00:00. externally triggered: True>
[2024-10-09T08:42:25.747+0000] {logging_mixin.py:190} INFO - Failure caused by Connection ID 'slack_conn' does not contain password (Slack Webhook Token).
[2024-10-09T08:42:25.747+0000] {taskinstance.py:1225} INFO - Marking task as FAILED. dag_id=slack_dag, task_id=slack, run_id=manual__2024-10-09T08:42:24.074756+00:00, execution_date=20241009T084224, start_date=20241009T084225, end_date=20241009T084225
[2024-10-09T08:42:25.754+0000] {taskinstance.py:340} INFO - ::group::Post task execution logs
[2024-10-09T08:42:25.755+0000] {standard_task_runner.py:124} ERROR - Failed to execute job 262 for task slack (Connection ID 'slack_conn' does not contain password (Slack Webhook Token).; 359)
Traceback (most recent call last):
  File "/home/airflow/.local/lib/python3.12/site-packages/airflow/task/task_runner/standard_task_runner.py", line 117, in _start_by_fork
    ret = args.func(args, dag=self.dag)
          ^^^^^^^^^^^^^^^^^^^^^^^^^^^^^
  File "/home/airflow/.local/lib/python3.12/site-packages/airflow/cli/cli_config.py", line 49, in command
    return func(*args, **kwargs)
           ^^^^^^^^^^^^^^^^^^^^^
  File "/home/airflow/.local/lib/python3.12/site-packages/airflow/utils/cli.py", line 115, in wrapper
    return f(*args, **kwargs)
           ^^^^^^^^^^^^^^^^^^
  File "/home/airflow/.local/lib/python3.12/site-packages/airflow/cli/commands/task_command.py", line 483, in task_run
    task_return_code = _run_task_by_selected_method(args, _dag, ti)
                       ^^^^^^^^^^^^^^^^^^^^^^^^^^^^^^^^^^^^^^^^^^^^
  File "/home/airflow/.local/lib/python3.12/site-packages/airflow/cli/commands/task_command.py", line 256, in _run_task_by_selected_method
    return _run_raw_task(args, ti)
           ^^^^^^^^^^^^^^^^^^^^^^^
  File "/home/airflow/.local/lib/python3.12/site-packages/airflow/cli/commands/task_command.py", line 341, in _run_raw_task
    return ti._run_raw_task(
           ^^^^^^^^^^^^^^^^^
  File "/home/airflow/.local/lib/python3.12/site-packages/airflow/utils/session.py", line 97, in wrapper
    return func(*args, session=session, **kwargs)
           ^^^^^^^^^^^^^^^^^^^^^^^^^^^^^^^^^^^^^^
  File "/home/airflow/.local/lib/python3.12/site-packages/airflow/models/taskinstance.py", line 3004, in _run_raw_task
    return _run_raw_task(
           ^^^^^^^^^^^^^^
  File "/home/airflow/.local/lib/python3.12/site-packages/airflow/models/taskinstance.py", line 273, in _run_raw_task
    TaskInstance._execute_task_with_callbacks(
  File "/home/airflow/.local/lib/python3.12/site-packages/airflow/models/taskinstance.py", line 3158, in _execute_task_with_callbacks
    result = self._execute_task(context, task_orig)
             ^^^^^^^^^^^^^^^^^^^^^^^^^^^^^^^^^^^^^^
  File "/home/airflow/.local/lib/python3.12/site-packages/airflow/models/taskinstance.py", line 3182, in _execute_task
    return _execute_task(self, context, task_orig)
           ^^^^^^^^^^^^^^^^^^^^^^^^^^^^^^^^^^^^^^^
  File "/home/airflow/.local/lib/python3.12/site-packages/airflow/models/taskinstance.py", line 767, in _execute_task
    result = _execute_callable(context=context, **execute_callable_kwargs)
             ^^^^^^^^^^^^^^^^^^^^^^^^^^^^^^^^^^^^^^^^^^^^^^^^^^^^^^^^^^^^^
  File "/home/airflow/.local/lib/python3.12/site-packages/airflow/models/taskinstance.py", line 733, in _execute_callable
    return ExecutionCallableRunner(
           ^^^^^^^^^^^^^^^^^^^^^^^^
  File "/home/airflow/.local/lib/python3.12/site-packages/airflow/utils/operator_helpers.py", line 252, in run
    return self.func(*args, **kwargs)
           ^^^^^^^^^^^^^^^^^^^^^^^^^^
  File "/home/airflow/.local/lib/python3.12/site-packages/airflow/models/baseoperator.py", line 406, in wrapper
    return func(self, *args, **kwargs)
           ^^^^^^^^^^^^^^^^^^^^^^^^^^^
  File "/home/airflow/.local/lib/python3.12/site-packages/airflow/providers/slack/operators/slack_webhook.py", line 112, in execute
    self.hook.send(
  File "/home/airflow/.local/lib/python3.12/site-packages/airflow/providers/slack/hooks/slack_webhook.py", line 249, in send
    return self.send_dict(body=body, headers=headers)
           ^^^^^^^^^^^^^^^^^^^^^^^^^^^^^^^^^^^^^^^^^^
  File "/home/airflow/.local/lib/python3.12/site-packages/airflow/providers/slack/hooks/slack_webhook.py", line 42, in wrapper
    resp = func(*args, **kwargs)
           ^^^^^^^^^^^^^^^^^^^^^
  File "/home/airflow/.local/lib/python3.12/site-packages/airflow/providers/slack/hooks/slack_webhook.py", line 206, in send_dict
    return self.client.send_dict(body, headers=headers)
           ^^^^^^^^^^^
  File "/usr/local/lib/python3.12/functools.py", line 993, in __get__
    val = self.func(instance)
          ^^^^^^^^^^^^^^^^^^^
  File "/home/airflow/.local/lib/python3.12/site-packages/airflow/providers/slack/hooks/slack_webhook.py", line 134, in client
    return WebhookClient(**self._get_conn_params())
                           ^^^^^^^^^^^^^^^^^^^^^^^
  File "/home/airflow/.local/lib/python3.12/site-packages/airflow/providers/slack/hooks/slack_webhook.py", line 144, in _get_conn_params
    raise AirflowNotFoundException(
airflow.exceptions.AirflowNotFoundException: Connection ID 'slack_conn' does not contain password (Slack Webhook Token).
[2024-10-09T08:42:25.789+0000] {local_task_job_runner.py:266} INFO - Task exited with return code 1
[2024-10-09T08:42:25.806+0000] {taskinstance.py:3900} INFO - 0 downstream tasks scheduled from follow-on schedule check
[2024-10-09T08:42:25.808+0000] {local_task_job_runner.py:245} INFO - ::endgroup::
