[2024-10-01T10:25:58.228+0000] {local_task_job_runner.py:123} INFO - ::group::Pre task execution logs
[2024-10-01T10:25:58.241+0000] {taskinstance.py:2612} INFO - Dependencies all met for dep_context=non-requeueable deps ti=<TaskInstance: trigger_dag.trigger_dag_id_3 manual__2024-10-01T10:24:55.689913+00:00 [queued]>
[2024-10-01T10:25:58.245+0000] {taskinstance.py:2612} INFO - Dependencies all met for dep_context=requeueable deps ti=<TaskInstance: trigger_dag.trigger_dag_id_3 manual__2024-10-01T10:24:55.689913+00:00 [queued]>
[2024-10-01T10:25:58.245+0000] {taskinstance.py:2865} INFO - Starting attempt 1 of 1
[2024-10-01T10:25:58.251+0000] {taskinstance.py:2888} INFO - Executing <Task(TriggerDagRunOperator): trigger_dag_id_3> on 2024-10-01 10:24:55.689913+00:00
[2024-10-01T10:25:58.255+0000] {warnings.py:112} WARNING - /home/airflow/.local/lib/python3.12/site-packages/airflow/task/task_runner/standard_task_runner.py:70: DeprecationWarning: This process (pid=1441) is multi-threaded, use of fork() may lead to deadlocks in the child.
  pid = os.fork()

[2024-10-01T10:25:58.256+0000] {standard_task_runner.py:72} INFO - Started process 1443 to run task
[2024-10-01T10:25:58.257+0000] {standard_task_runner.py:104} INFO - Running: ['airflow', 'tasks', 'run', 'trigger_dag', 'trigger_dag_id_3', 'manual__2024-10-01T10:24:55.689913+00:00', '--job-id', '104', '--raw', '--subdir', 'DAGS_FOLDER/trigger_dag.py', '--cfg-path', '/tmp/tmpd028g8o_']
[2024-10-01T10:25:58.258+0000] {standard_task_runner.py:105} INFO - Job 104: Subtask trigger_dag_id_3
[2024-10-01T10:25:58.289+0000] {task_command.py:467} INFO - Running <TaskInstance: trigger_dag.trigger_dag_id_3 manual__2024-10-01T10:24:55.689913+00:00 [running]> on host ff60ea0b688d
[2024-10-01T10:25:58.335+0000] {taskinstance.py:3131} INFO - Exporting env vars: AIRFLOW_CTX_DAG_OWNER='airflow' AIRFLOW_CTX_DAG_ID='trigger_dag' AIRFLOW_CTX_TASK_ID='trigger_dag_id_3' AIRFLOW_CTX_EXECUTION_DATE='2024-10-01T10:24:55.689913+00:00' AIRFLOW_CTX_TRY_NUMBER='1' AIRFLOW_CTX_DAG_RUN_ID='manual__2024-10-01T10:24:55.689913+00:00'
[2024-10-01T10:25:58.336+0000] {logging_mixin.py:190} INFO - Task instance is in running state
[2024-10-01T10:25:58.336+0000] {logging_mixin.py:190} INFO -  Previous state of the Task instance: queued
[2024-10-01T10:25:58.337+0000] {logging_mixin.py:190} INFO - Current task name:trigger_dag_id_3 state:running start_date:2024-10-01 10:25:58.241501+00:00
[2024-10-01T10:25:58.337+0000] {logging_mixin.py:190} INFO - Dag name:trigger_dag and current dag run status:running
[2024-10-01T10:25:58.337+0000] {taskinstance.py:731} INFO - ::endgroup::
[2024-10-01T10:25:58.389+0000] {taskinstance.py:340} INFO - ::group::Post task execution logs
[2024-10-01T10:25:58.389+0000] {taskinstance.py:352} INFO - Marking task as SUCCESS. dag_id=trigger_dag, task_id=trigger_dag_id_3, run_id=manual__2024-10-01T10:24:55.689913+00:00, execution_date=20241001T102455, start_date=20241001T102558, end_date=20241001T102558
[2024-10-01T10:25:58.394+0000] {logging_mixin.py:190} INFO - Task instance in success state
[2024-10-01T10:25:58.394+0000] {logging_mixin.py:190} INFO -  Previous state of the Task instance: running
[2024-10-01T10:25:58.395+0000] {logging_mixin.py:190} INFO - Dag name:trigger_dag queued_at:2024-10-01 10:24:55.706942+00:00
[2024-10-01T10:25:58.395+0000] {logging_mixin.py:190} INFO - Task hostname:ff60ea0b688d operator:TriggerDagRunOperator
[2024-10-01T10:25:58.436+0000] {local_task_job_runner.py:266} INFO - Task exited with return code 0
[2024-10-01T10:25:58.457+0000] {taskinstance.py:3900} INFO - 1 downstream tasks scheduled from follow-on schedule check
[2024-10-01T10:25:58.458+0000] {local_task_job_runner.py:245} INFO - ::endgroup::
