[2024-10-01T08:52:20.769+0000] {local_task_job_runner.py:123} INFO - ::group::Pre task execution logs
[2024-10-01T08:52:20.794+0000] {taskinstance.py:2612} INFO - Dependencies all met for dep_context=non-requeueable deps ti=<TaskInstance: trigger_dag.process_results.wait_for_dag manual__2024-10-01T08:49:15.573224+00:00 [queued]>
[2024-10-01T08:52:20.802+0000] {taskinstance.py:2612} INFO - Dependencies all met for dep_context=requeueable deps ti=<TaskInstance: trigger_dag.process_results.wait_for_dag manual__2024-10-01T08:49:15.573224+00:00 [queued]>
[2024-10-01T08:52:20.802+0000] {taskinstance.py:2865} INFO - Starting attempt 1 of 1
[2024-10-01T08:52:20.811+0000] {taskinstance.py:2888} INFO - Executing <Task(ExternalTaskSensor): process_results.wait_for_dag> on 2024-10-01 08:49:15.573224+00:00
[2024-10-01T08:52:20.816+0000] {warnings.py:112} WARNING - /home/airflow/.local/lib/python3.12/site-packages/airflow/task/task_runner/standard_task_runner.py:70: DeprecationWarning: This process (pid=639) is multi-threaded, use of fork() may lead to deadlocks in the child.
  pid = os.fork()

[2024-10-01T08:52:20.817+0000] {standard_task_runner.py:104} INFO - Running: ['airflow', 'tasks', 'run', 'trigger_dag', 'process_results.wait_for_dag', 'manual__2024-10-01T08:49:15.573224+00:00', '--job-id', '75', '--raw', '--subdir', 'DAGS_FOLDER/trigger_dag.py', '--cfg-path', '/tmp/tmp02ieafx6']
[2024-10-01T08:52:20.818+0000] {standard_task_runner.py:72} INFO - Started process 643 to run task
[2024-10-01T08:52:20.818+0000] {standard_task_runner.py:105} INFO - Job 75: Subtask process_results.wait_for_dag
[2024-10-01T08:52:20.859+0000] {task_command.py:467} INFO - Running <TaskInstance: trigger_dag.process_results.wait_for_dag manual__2024-10-01T08:49:15.573224+00:00 [running]> on host ff60ea0b688d
[2024-10-01T08:52:20.920+0000] {taskinstance.py:3131} INFO - Exporting env vars: AIRFLOW_CTX_DAG_OWNER='airflow' AIRFLOW_CTX_DAG_ID='trigger_dag' AIRFLOW_CTX_TASK_ID='process_results.wait_for_dag' AIRFLOW_CTX_EXECUTION_DATE='2024-10-01T08:49:15.573224+00:00' AIRFLOW_CTX_TRY_NUMBER='1' AIRFLOW_CTX_DAG_RUN_ID='manual__2024-10-01T08:49:15.573224+00:00'
[2024-10-01T08:52:20.922+0000] {logging_mixin.py:190} INFO - Task instance is in running state
[2024-10-01T08:52:20.922+0000] {logging_mixin.py:190} INFO -  Previous state of the Task instance: queued
[2024-10-01T08:52:20.923+0000] {logging_mixin.py:190} INFO - Current task name:process_results.wait_for_dag state:running start_date:2024-10-01 08:52:20.794945+00:00
[2024-10-01T08:52:20.924+0000] {logging_mixin.py:190} INFO - Dag name:trigger_dag and current dag run status:running
[2024-10-01T08:52:20.924+0000] {taskinstance.py:731} INFO - ::endgroup::
[2024-10-01T08:52:20.924+0000] {baseoperator.py:405} WARNING - ExternalTaskSensor.execute cannot be called outside TaskInstance!
[2024-10-01T08:52:20.938+0000] {external_task.py:258} INFO - Poking for tasks ['query_table'] in dag dag_id_3 on 2024-10-01T08:52:18.920784+00:00 ... 
[2024-10-01T08:52:20.939+0000] {warnings.py:112} WARNING - /home/airflow/.local/lib/python3.12/site-packages/airflow/utils/session.py:97: DeprecationWarning: This method is deprecated and will be removed in future.
  return func(*args, session=session, **kwargs)

[2024-10-01T08:52:20.963+0000] {taskinstance.py:309} INFO - Rescheduling task, marking task as UP_FOR_RESCHEDULE
[2024-10-01T08:52:20.963+0000] {taskinstance.py:340} INFO - ::group::Post task execution logs
[2024-10-01T08:52:20.998+0000] {local_task_job_runner.py:266} INFO - Task exited with return code 0
[2024-10-01T08:52:21.018+0000] {taskinstance.py:3900} INFO - 0 downstream tasks scheduled from follow-on schedule check
[2024-10-01T08:52:21.019+0000] {local_task_job_runner.py:245} INFO - ::endgroup::
[2024-10-01T08:53:22.225+0000] {local_task_job_runner.py:123} INFO - ::group::Pre task execution logs
[2024-10-01T08:53:22.235+0000] {taskinstance.py:2612} INFO - Dependencies all met for dep_context=non-requeueable deps ti=<TaskInstance: trigger_dag.process_results.wait_for_dag manual__2024-10-01T08:49:15.573224+00:00 [queued]>
[2024-10-01T08:53:22.239+0000] {taskinstance.py:2612} INFO - Dependencies all met for dep_context=requeueable deps ti=<TaskInstance: trigger_dag.process_results.wait_for_dag manual__2024-10-01T08:49:15.573224+00:00 [queued]>
[2024-10-01T08:53:22.239+0000] {taskinstance.py:2865} INFO - Starting attempt 1 of 1
[2024-10-01T08:53:22.244+0000] {taskinstance.py:2888} INFO - Executing <Task(ExternalTaskSensor): process_results.wait_for_dag> on 2024-10-01 08:49:15.573224+00:00
[2024-10-01T08:53:22.248+0000] {warnings.py:112} WARNING - /home/airflow/.local/lib/python3.12/site-packages/airflow/task/task_runner/standard_task_runner.py:70: DeprecationWarning: This process (pid=669) is multi-threaded, use of fork() may lead to deadlocks in the child.
  pid = os.fork()

[2024-10-01T08:53:22.248+0000] {standard_task_runner.py:72} INFO - Started process 671 to run task
[2024-10-01T08:53:22.249+0000] {standard_task_runner.py:104} INFO - Running: ['airflow', 'tasks', 'run', 'trigger_dag', 'process_results.wait_for_dag', 'manual__2024-10-01T08:49:15.573224+00:00', '--job-id', '79', '--raw', '--subdir', 'DAGS_FOLDER/trigger_dag.py', '--cfg-path', '/tmp/tmprkx00v2f']
[2024-10-01T08:53:22.250+0000] {standard_task_runner.py:105} INFO - Job 79: Subtask process_results.wait_for_dag
[2024-10-01T08:53:22.278+0000] {task_command.py:467} INFO - Running <TaskInstance: trigger_dag.process_results.wait_for_dag manual__2024-10-01T08:49:15.573224+00:00 [running]> on host ff60ea0b688d
[2024-10-01T08:53:22.323+0000] {taskinstance.py:3131} INFO - Exporting env vars: AIRFLOW_CTX_DAG_OWNER='airflow' AIRFLOW_CTX_DAG_ID='trigger_dag' AIRFLOW_CTX_TASK_ID='process_results.wait_for_dag' AIRFLOW_CTX_EXECUTION_DATE='2024-10-01T08:49:15.573224+00:00' AIRFLOW_CTX_TRY_NUMBER='1' AIRFLOW_CTX_DAG_RUN_ID='manual__2024-10-01T08:49:15.573224+00:00'
[2024-10-01T08:53:22.324+0000] {logging_mixin.py:190} INFO - Task instance is in running state
[2024-10-01T08:53:22.324+0000] {logging_mixin.py:190} INFO -  Previous state of the Task instance: queued
[2024-10-01T08:53:22.324+0000] {logging_mixin.py:190} INFO - Current task name:process_results.wait_for_dag state:running start_date:2024-10-01 08:53:22.235669+00:00
[2024-10-01T08:53:22.325+0000] {logging_mixin.py:190} INFO - Dag name:trigger_dag and current dag run status:running
[2024-10-01T08:53:22.325+0000] {taskinstance.py:731} INFO - ::endgroup::
[2024-10-01T08:53:22.325+0000] {baseoperator.py:405} WARNING - ExternalTaskSensor.execute cannot be called outside TaskInstance!
[2024-10-01T08:53:22.336+0000] {external_task.py:258} INFO - Poking for tasks ['query_table'] in dag dag_id_3 on 2024-10-01T08:52:18.920784+00:00 ... 
[2024-10-01T08:53:22.337+0000] {warnings.py:112} WARNING - /home/airflow/.local/lib/python3.12/site-packages/airflow/utils/session.py:97: DeprecationWarning: This method is deprecated and will be removed in future.
  return func(*args, session=session, **kwargs)

[2024-10-01T08:53:22.345+0000] {base.py:336} INFO - Success criteria met. Exiting.
[2024-10-01T08:53:22.352+0000] {taskinstance.py:340} INFO - ::group::Post task execution logs
[2024-10-01T08:53:22.352+0000] {taskinstance.py:352} INFO - Marking task as SUCCESS. dag_id=trigger_dag, task_id=process_results.wait_for_dag, run_id=manual__2024-10-01T08:49:15.573224+00:00, execution_date=20241001T084915, start_date=20241001T085322, end_date=20241001T085322
[2024-10-01T08:53:22.357+0000] {logging_mixin.py:190} INFO - Task instance in success state
[2024-10-01T08:53:22.357+0000] {logging_mixin.py:190} INFO -  Previous state of the Task instance: running
[2024-10-01T08:53:22.357+0000] {logging_mixin.py:190} INFO - Dag name:trigger_dag queued_at:2024-10-01 08:49:15.585135+00:00
[2024-10-01T08:53:22.357+0000] {logging_mixin.py:190} INFO - Task hostname:ff60ea0b688d operator:ExternalTaskSensor
[2024-10-01T08:53:22.392+0000] {local_task_job_runner.py:266} INFO - Task exited with return code 0
[2024-10-01T08:53:22.411+0000] {taskinstance.py:3900} INFO - 1 downstream tasks scheduled from follow-on schedule check
[2024-10-01T08:53:22.411+0000] {local_task_job_runner.py:245} INFO - ::endgroup::
