[2024-10-07T13:04:10.684+0000] {local_task_job_runner.py:123} INFO - ::group::Pre task execution logs
[2024-10-07T13:04:10.694+0000] {taskinstance.py:2612} INFO - Dependencies all met for dep_context=non-requeueable deps ti=<TaskInstance: sql_dag.print_process_start manual__2024-10-07T13:04:08.984659+00:00 [queued]>
[2024-10-07T13:04:10.698+0000] {taskinstance.py:2612} INFO - Dependencies all met for dep_context=requeueable deps ti=<TaskInstance: sql_dag.print_process_start manual__2024-10-07T13:04:08.984659+00:00 [queued]>
[2024-10-07T13:04:10.699+0000] {taskinstance.py:2865} INFO - Starting attempt 1 of 1
[2024-10-07T13:04:10.705+0000] {taskinstance.py:2888} INFO - Executing <Task(BashOperator): print_process_start> on 2024-10-07 13:04:08.984659+00:00
[2024-10-07T13:04:10.709+0000] {warnings.py:112} WARNING - /home/airflow/.local/lib/python3.12/site-packages/airflow/task/task_runner/standard_task_runner.py:70: DeprecationWarning: This process (pid=3746) is multi-threaded, use of fork() may lead to deadlocks in the child.
  pid = os.fork()

[2024-10-07T13:04:10.710+0000] {standard_task_runner.py:72} INFO - Started process 3748 to run task
[2024-10-07T13:04:10.710+0000] {standard_task_runner.py:104} INFO - Running: ['airflow', 'tasks', 'run', 'sql_dag', 'print_process_start', 'manual__2024-10-07T13:04:08.984659+00:00', '--job-id', '183', '--raw', '--subdir', 'DAGS_FOLDER/sql.py', '--cfg-path', '/tmp/tmporfgd2qa']
[2024-10-07T13:04:10.711+0000] {standard_task_runner.py:105} INFO - Job 183: Subtask print_process_start
[2024-10-07T13:04:10.741+0000] {task_command.py:467} INFO - Running <TaskInstance: sql_dag.print_process_start manual__2024-10-07T13:04:08.984659+00:00 [running]> on host ea4b7cb1f1d7
[2024-10-07T13:04:10.798+0000] {taskinstance.py:3131} INFO - Exporting env vars: AIRFLOW_CTX_DAG_OWNER='airflow' AIRFLOW_CTX_DAG_ID='sql_dag' AIRFLOW_CTX_TASK_ID='print_process_start' AIRFLOW_CTX_EXECUTION_DATE='2024-10-07T13:04:08.984659+00:00' AIRFLOW_CTX_TRY_NUMBER='1' AIRFLOW_CTX_DAG_RUN_ID='manual__2024-10-07T13:04:08.984659+00:00'
[2024-10-07T13:04:10.799+0000] {logging_mixin.py:190} INFO - Task instance is in running state
[2024-10-07T13:04:10.800+0000] {logging_mixin.py:190} INFO -  Previous state of the Task instance: queued
[2024-10-07T13:04:10.800+0000] {logging_mixin.py:190} INFO - Current task name:print_process_start state:running start_date:2024-10-07 13:04:10.694817+00:00
[2024-10-07T13:04:10.800+0000] {logging_mixin.py:190} INFO - Dag name:sql_dag and current dag run status:running
[2024-10-07T13:04:10.800+0000] {taskinstance.py:731} INFO - ::endgroup::
[2024-10-07T13:04:10.801+0000] {subprocess.py:63} INFO - Tmp dir root location: /tmp
[2024-10-07T13:04:10.801+0000] {subprocess.py:75} INFO - Running command: ['/usr/bin/bash', '-c', 'echo "Process start"']
[2024-10-07T13:04:10.808+0000] {subprocess.py:86} INFO - Output:
[2024-10-07T13:04:10.809+0000] {subprocess.py:93} INFO - Process start
[2024-10-07T13:04:10.809+0000] {subprocess.py:97} INFO - Command exited with return code 0
[2024-10-07T13:04:10.829+0000] {taskinstance.py:340} INFO - ::group::Post task execution logs
[2024-10-07T13:04:10.830+0000] {taskinstance.py:352} INFO - Marking task as SUCCESS. dag_id=sql_dag, task_id=print_process_start, run_id=manual__2024-10-07T13:04:08.984659+00:00, execution_date=20241007T130408, start_date=20241007T130410, end_date=20241007T130410
[2024-10-07T13:04:10.835+0000] {logging_mixin.py:190} INFO - Task instance in success state
[2024-10-07T13:04:10.836+0000] {logging_mixin.py:190} INFO -  Previous state of the Task instance: running
[2024-10-07T13:04:10.836+0000] {logging_mixin.py:190} INFO - Dag name:sql_dag queued_at:2024-10-07 13:04:09.010155+00:00
[2024-10-07T13:04:10.836+0000] {logging_mixin.py:190} INFO - Task hostname:ea4b7cb1f1d7 operator:BashOperator
[2024-10-07T13:04:10.850+0000] {local_task_job_runner.py:266} INFO - Task exited with return code 0
[2024-10-07T13:04:10.868+0000] {taskinstance.py:3900} INFO - 1 downstream tasks scheduled from follow-on schedule check
[2024-10-07T13:04:10.868+0000] {local_task_job_runner.py:245} INFO - ::endgroup::
