[2024-10-01T08:14:25.771+0000] {local_task_job_runner.py:123} INFO - ::group::Pre task execution logs
[2024-10-01T08:14:25.783+0000] {taskinstance.py:2612} INFO - Dependencies all met for dep_context=non-requeueable deps ti=<TaskInstance: dag_id_3.query_table manual__2024-10-01T08:14:20.357702+00:00 [queued]>
[2024-10-01T08:14:25.788+0000] {taskinstance.py:2612} INFO - Dependencies all met for dep_context=requeueable deps ti=<TaskInstance: dag_id_3.query_table manual__2024-10-01T08:14:20.357702+00:00 [queued]>
[2024-10-01T08:14:25.788+0000] {taskinstance.py:2865} INFO - Starting attempt 1 of 1
[2024-10-01T08:14:25.796+0000] {taskinstance.py:2888} INFO - Executing <Task(PythonOperator): query_table> on 2024-10-01 08:14:20.357702+00:00
[2024-10-01T08:14:25.799+0000] {warnings.py:112} WARNING - /home/airflow/.local/lib/python3.12/site-packages/airflow/task/task_runner/standard_task_runner.py:70: DeprecationWarning: This process (pid=90) is multi-threaded, use of fork() may lead to deadlocks in the child.
  pid = os.fork()

[2024-10-01T08:14:25.799+0000] {standard_task_runner.py:72} INFO - Started process 92 to run task
[2024-10-01T08:14:25.800+0000] {standard_task_runner.py:104} INFO - Running: ['airflow', 'tasks', 'run', 'dag_id_3', 'query_table', 'manual__2024-10-01T08:14:20.357702+00:00', '--job-id', '45', '--raw', '--subdir', 'DAGS_FOLDER/dag_id_3.py', '--cfg-path', '/tmp/tmpdhvi9tit']
[2024-10-01T08:14:25.800+0000] {standard_task_runner.py:105} INFO - Job 45: Subtask query_table
[2024-10-01T08:14:25.847+0000] {task_command.py:467} INFO - Running <TaskInstance: dag_id_3.query_table manual__2024-10-01T08:14:20.357702+00:00 [running]> on host 8b0ed0f85c63
[2024-10-01T08:14:25.898+0000] {taskinstance.py:3131} INFO - Exporting env vars: AIRFLOW_CTX_DAG_OWNER='airflow' AIRFLOW_CTX_DAG_ID='dag_id_3' AIRFLOW_CTX_TASK_ID='query_table' AIRFLOW_CTX_EXECUTION_DATE='2024-10-01T08:14:20.357702+00:00' AIRFLOW_CTX_TRY_NUMBER='1' AIRFLOW_CTX_DAG_RUN_ID='manual__2024-10-01T08:14:20.357702+00:00'
[2024-10-01T08:14:25.899+0000] {logging_mixin.py:190} INFO - Task instance is in running state
[2024-10-01T08:14:25.899+0000] {logging_mixin.py:190} INFO -  Previous state of the Task instance: queued
[2024-10-01T08:14:25.900+0000] {logging_mixin.py:190} INFO - Current task name:query_table state:running start_date:2024-10-01 08:14:25.783967+00:00
[2024-10-01T08:14:25.900+0000] {logging_mixin.py:190} INFO - Dag name:dag_id_3 and current dag run status:running
[2024-10-01T08:14:25.900+0000] {taskinstance.py:731} INFO - ::endgroup::
[2024-10-01T08:14:25.909+0000] {python.py:240} INFO - Done. Returned value was: None
[2024-10-01T08:14:25.916+0000] {taskinstance.py:340} INFO - ::group::Post task execution logs
[2024-10-01T08:14:25.916+0000] {taskinstance.py:352} INFO - Marking task as SUCCESS. dag_id=dag_id_3, task_id=query_table, run_id=manual__2024-10-01T08:14:20.357702+00:00, execution_date=20241001T081420, start_date=20241001T081425, end_date=20241001T081425
[2024-10-01T08:14:25.921+0000] {logging_mixin.py:190} INFO - Task instance in success state
[2024-10-01T08:14:25.921+0000] {logging_mixin.py:190} INFO -  Previous state of the Task instance: running
[2024-10-01T08:14:25.921+0000] {logging_mixin.py:190} INFO - Dag name:dag_id_3 queued_at:2024-10-01 08:14:20.367160+00:00
[2024-10-01T08:14:25.922+0000] {logging_mixin.py:190} INFO - Task hostname:8b0ed0f85c63 operator:PythonOperator
[2024-10-01T08:14:25.942+0000] {local_task_job_runner.py:266} INFO - Task exited with return code 0
[2024-10-01T08:14:25.953+0000] {taskinstance.py:3900} INFO - 0 downstream tasks scheduled from follow-on schedule check
[2024-10-01T08:14:25.954+0000] {local_task_job_runner.py:245} INFO - ::endgroup::
