[2024-10-07T15:53:26.495+0000] {local_task_job_runner.py:123} INFO - ::group::Pre task execution logs
[2024-10-07T15:53:26.506+0000] {taskinstance.py:2612} INFO - Dependencies all met for dep_context=non-requeueable deps ti=<TaskInstance: sql_dag.insert_new_row manual__2024-10-07T15:53:21.196276+00:00 [queued]>
[2024-10-07T15:53:26.510+0000] {taskinstance.py:2612} INFO - Dependencies all met for dep_context=requeueable deps ti=<TaskInstance: sql_dag.insert_new_row manual__2024-10-07T15:53:21.196276+00:00 [queued]>
[2024-10-07T15:53:26.510+0000] {taskinstance.py:2865} INFO - Starting attempt 1 of 1
[2024-10-07T15:53:26.516+0000] {taskinstance.py:2888} INFO - Executing <Task(SQLExecuteQueryOperator): insert_new_row> on 2024-10-07 15:53:21.196276+00:00
[2024-10-07T15:53:26.519+0000] {warnings.py:112} WARNING - /home/airflow/.local/lib/python3.12/site-packages/airflow/task/task_runner/standard_task_runner.py:70: DeprecationWarning: This process (pid=361) is multi-threaded, use of fork() may lead to deadlocks in the child.
  pid = os.fork()

[2024-10-07T15:53:26.520+0000] {standard_task_runner.py:72} INFO - Started process 363 to run task
[2024-10-07T15:53:26.520+0000] {standard_task_runner.py:104} INFO - Running: ['airflow', 'tasks', 'run', 'sql_dag', 'insert_new_row', 'manual__2024-10-07T15:53:21.196276+00:00', '--job-id', '208', '--raw', '--subdir', 'DAGS_FOLDER/sql.py', '--cfg-path', '/tmp/tmp2wonn8_u']
[2024-10-07T15:53:26.521+0000] {standard_task_runner.py:105} INFO - Job 208: Subtask insert_new_row
[2024-10-07T15:53:26.549+0000] {task_command.py:467} INFO - Running <TaskInstance: sql_dag.insert_new_row manual__2024-10-07T15:53:21.196276+00:00 [running]> on host ea4b7cb1f1d7
[2024-10-07T15:53:26.596+0000] {taskinstance.py:3131} INFO - Exporting env vars: AIRFLOW_CTX_DAG_OWNER='airflow' AIRFLOW_CTX_DAG_ID='sql_dag' AIRFLOW_CTX_TASK_ID='insert_new_row' AIRFLOW_CTX_EXECUTION_DATE='2024-10-07T15:53:21.196276+00:00' AIRFLOW_CTX_TRY_NUMBER='1' AIRFLOW_CTX_DAG_RUN_ID='manual__2024-10-07T15:53:21.196276+00:00'
[2024-10-07T15:53:26.597+0000] {logging_mixin.py:190} INFO - Task instance is in running state
[2024-10-07T15:53:26.597+0000] {logging_mixin.py:190} INFO -  Previous state of the Task instance: queued
[2024-10-07T15:53:26.598+0000] {logging_mixin.py:190} INFO - Current task name:insert_new_row state:running start_date:2024-10-07 15:53:26.506416+00:00
[2024-10-07T15:53:26.598+0000] {logging_mixin.py:190} INFO - Dag name:sql_dag and current dag run status:running
[2024-10-07T15:53:26.598+0000] {taskinstance.py:731} INFO - ::endgroup::
[2024-10-07T15:53:26.598+0000] {sql.py:266} INFO - Executing: INSERT INTO table_name VALUES(%s, %s, %s);
[2024-10-07T15:53:26.603+0000] {base.py:84} INFO - Retrieving connection 'postgres_default'
[2024-10-07T15:53:26.609+0000] {base.py:84} INFO - Retrieving connection 'postgres_default'
[2024-10-07T15:53:26.612+0000] {sql.py:509} INFO - Running statement: INSERT INTO table_name VALUES(%s, %s, %s);, parameters: (14411799, '2155c80948', datetime.datetime(2024, 10, 7, 15, 53, 26, 128981))
[2024-10-07T15:53:26.613+0000] {sql.py:518} INFO - Rows affected: 1
[2024-10-07T15:53:26.620+0000] {taskinstance.py:340} INFO - ::group::Post task execution logs
[2024-10-07T15:53:26.620+0000] {taskinstance.py:352} INFO - Marking task as SUCCESS. dag_id=sql_dag, task_id=insert_new_row, run_id=manual__2024-10-07T15:53:21.196276+00:00, execution_date=20241007T155321, start_date=20241007T155326, end_date=20241007T155326
[2024-10-07T15:53:26.625+0000] {logging_mixin.py:190} INFO - Task instance in success state
[2024-10-07T15:53:26.625+0000] {logging_mixin.py:190} INFO -  Previous state of the Task instance: running
[2024-10-07T15:53:26.625+0000] {logging_mixin.py:190} INFO - Dag name:sql_dag queued_at:2024-10-07 15:53:21.202491+00:00
[2024-10-07T15:53:26.626+0000] {logging_mixin.py:190} INFO - Task hostname:ea4b7cb1f1d7 operator:SQLExecuteQueryOperator
[2024-10-07T15:53:26.659+0000] {local_task_job_runner.py:266} INFO - Task exited with return code 0
[2024-10-07T15:53:26.674+0000] {taskinstance.py:3900} INFO - 1 downstream tasks scheduled from follow-on schedule check
[2024-10-07T15:53:26.675+0000] {local_task_job_runner.py:245} INFO - ::endgroup::
