[2024-10-14T09:23:07.643+0000] {local_task_job_runner.py:123} INFO - ::group::Pre task execution logs
[2024-10-14T09:23:07.654+0000] {taskinstance.py:2612} INFO - Dependencies all met for dep_context=non-requeueable deps ti=<TaskInstance: count_accidents.spark_count_number_of_accidents manual__2024-10-14T09:23:05.703468+00:00 [queued]>
[2024-10-14T09:23:07.659+0000] {taskinstance.py:2612} INFO - Dependencies all met for dep_context=requeueable deps ti=<TaskInstance: count_accidents.spark_count_number_of_accidents manual__2024-10-14T09:23:05.703468+00:00 [queued]>
[2024-10-14T09:23:07.659+0000] {taskinstance.py:2865} INFO - Starting attempt 1 of 1
[2024-10-14T09:23:07.665+0000] {taskinstance.py:2888} INFO - Executing <Task(SparkSubmitOperator): spark_count_number_of_accidents> on 2024-10-14 09:23:05.703468+00:00
[2024-10-14T09:23:07.669+0000] {warnings.py:112} WARNING - /home/airflow/.local/lib/python3.12/site-packages/airflow/task/task_runner/standard_task_runner.py:70: DeprecationWarning: This process (pid=3046) is multi-threaded, use of fork() may lead to deadlocks in the child.
  pid = os.fork()

[2024-10-14T09:23:07.670+0000] {standard_task_runner.py:72} INFO - Started process 3048 to run task
[2024-10-14T09:23:07.670+0000] {standard_task_runner.py:104} INFO - Running: ['airflow', 'tasks', 'run', 'count_accidents', 'spark_count_number_of_accidents', 'manual__2024-10-14T09:23:05.703468+00:00', '--job-id', '336', '--raw', '--subdir', 'DAGS_FOLDER/count_accidents_dag.py', '--cfg-path', '/tmp/tmpi483y913']
[2024-10-14T09:23:07.671+0000] {standard_task_runner.py:105} INFO - Job 336: Subtask spark_count_number_of_accidents
[2024-10-14T09:23:07.702+0000] {task_command.py:467} INFO - Running <TaskInstance: count_accidents.spark_count_number_of_accidents manual__2024-10-14T09:23:05.703468+00:00 [running]> on host 14eb9bd36bc1
[2024-10-14T09:23:07.753+0000] {taskinstance.py:3131} INFO - Exporting env vars: AIRFLOW_CTX_DAG_OWNER='airflow' AIRFLOW_CTX_DAG_ID='count_accidents' AIRFLOW_CTX_TASK_ID='spark_count_number_of_accidents' AIRFLOW_CTX_EXECUTION_DATE='2024-10-14T09:23:05.703468+00:00' AIRFLOW_CTX_TRY_NUMBER='1' AIRFLOW_CTX_DAG_RUN_ID='manual__2024-10-14T09:23:05.703468+00:00'
[2024-10-14T09:23:07.755+0000] {logging_mixin.py:190} INFO - Task instance is in running state
[2024-10-14T09:23:07.755+0000] {logging_mixin.py:190} INFO -  Previous state of the Task instance: queued
[2024-10-14T09:23:07.755+0000] {logging_mixin.py:190} INFO - Current task name:spark_count_number_of_accidents state:running start_date:2024-10-14 09:23:07.655247+00:00
[2024-10-14T09:23:07.756+0000] {logging_mixin.py:190} INFO - Dag name:count_accidents and current dag run status:running
[2024-10-14T09:23:07.756+0000] {taskinstance.py:731} INFO - ::endgroup::
[2024-10-14T09:23:07.761+0000] {base.py:84} INFO - Retrieving connection 'spark'
[2024-10-14T09:23:07.763+0000] {spark_submit.py:401} INFO - Spark-Submit cmd: spark-submit --master spark://spark:7077 --name arrow-spark --queue YARN --deploy-mode client ./spark/count_accidents.py
[2024-10-14T09:23:09.335+0000] {spark_submit.py:571} INFO - 24/10/14 09:23:09 INFO SparkContext: Running Spark version 3.5.3
[2024-10-14T09:23:09.337+0000] {spark_submit.py:571} INFO - 24/10/14 09:23:09 INFO SparkContext: OS info Linux, 6.6.32-linuxkit, aarch64
[2024-10-14T09:23:09.337+0000] {spark_submit.py:571} INFO - 24/10/14 09:23:09 INFO SparkContext: Java version 17.0.12
[2024-10-14T09:23:09.364+0000] {spark_submit.py:571} INFO - 24/10/14 09:23:09 WARN NativeCodeLoader: Unable to load native-hadoop library for your platform... using builtin-java classes where applicable
[2024-10-14T09:23:09.405+0000] {spark_submit.py:571} INFO - 24/10/14 09:23:09 INFO ResourceUtils: ==============================================================
[2024-10-14T09:23:09.406+0000] {spark_submit.py:571} INFO - 24/10/14 09:23:09 INFO ResourceUtils: No custom resources configured for spark.driver.
[2024-10-14T09:23:09.406+0000] {spark_submit.py:571} INFO - 24/10/14 09:23:09 INFO ResourceUtils: ==============================================================
[2024-10-14T09:23:09.407+0000] {spark_submit.py:571} INFO - 24/10/14 09:23:09 INFO SparkContext: Submitted application: CountAccidents
[2024-10-14T09:23:09.416+0000] {spark_submit.py:571} INFO - 24/10/14 09:23:09 INFO ResourceProfile: Default ResourceProfile created, executor resources: Map(memory -> name: memory, amount: 1024, script: , vendor: , offHeap -> name: offHeap, amount: 0, script: , vendor: ), task resources: Map(cpus -> name: cpus, amount: 1.0)
[2024-10-14T09:23:09.420+0000] {spark_submit.py:571} INFO - 24/10/14 09:23:09 INFO ResourceProfile: Limiting resource is cpu
[2024-10-14T09:23:09.421+0000] {spark_submit.py:571} INFO - 24/10/14 09:23:09 INFO ResourceProfileManager: Added ResourceProfile id: 0
[2024-10-14T09:23:09.446+0000] {spark_submit.py:571} INFO - 24/10/14 09:23:09 INFO SecurityManager: Changing view acls to: default
[2024-10-14T09:23:09.446+0000] {spark_submit.py:571} INFO - 24/10/14 09:23:09 INFO SecurityManager: Changing modify acls to: default
[2024-10-14T09:23:09.446+0000] {spark_submit.py:571} INFO - 24/10/14 09:23:09 INFO SecurityManager: Changing view acls groups to:
[2024-10-14T09:23:09.447+0000] {spark_submit.py:571} INFO - 24/10/14 09:23:09 INFO SecurityManager: Changing modify acls groups to:
[2024-10-14T09:23:09.447+0000] {spark_submit.py:571} INFO - 24/10/14 09:23:09 INFO SecurityManager: SecurityManager: authentication disabled; ui acls disabled; users with view permissions: default; groups with view permissions: EMPTY; users with modify permissions: default; groups with modify permissions: EMPTY
[2024-10-14T09:23:09.554+0000] {spark_submit.py:571} INFO - 24/10/14 09:23:09 INFO Utils: Successfully started service 'sparkDriver' on port 44359.
[2024-10-14T09:23:09.569+0000] {spark_submit.py:571} INFO - 24/10/14 09:23:09 INFO SparkEnv: Registering MapOutputTracker
[2024-10-14T09:23:09.587+0000] {spark_submit.py:571} INFO - 24/10/14 09:23:09 INFO SparkEnv: Registering BlockManagerMaster
[2024-10-14T09:23:09.595+0000] {spark_submit.py:571} INFO - 24/10/14 09:23:09 INFO BlockManagerMasterEndpoint: Using org.apache.spark.storage.DefaultTopologyMapper for getting topology information
[2024-10-14T09:23:09.596+0000] {spark_submit.py:571} INFO - 24/10/14 09:23:09 INFO BlockManagerMasterEndpoint: BlockManagerMasterEndpoint up
[2024-10-14T09:23:09.598+0000] {spark_submit.py:571} INFO - 24/10/14 09:23:09 INFO SparkEnv: Registering BlockManagerMasterHeartbeat
[2024-10-14T09:23:09.609+0000] {spark_submit.py:571} INFO - 24/10/14 09:23:09 INFO DiskBlockManager: Created local directory at /tmp/blockmgr-af1f41a2-681c-4417-bb93-d1e5ec03f1d1
[2024-10-14T09:23:09.616+0000] {spark_submit.py:571} INFO - 24/10/14 09:23:09 INFO MemoryStore: MemoryStore started with capacity 434.4 MiB
[2024-10-14T09:23:09.623+0000] {spark_submit.py:571} INFO - 24/10/14 09:23:09 INFO SparkEnv: Registering OutputCommitCoordinator
[2024-10-14T09:23:09.682+0000] {spark_submit.py:571} INFO - 24/10/14 09:23:09 INFO JettyUtils: Start Jetty 0.0.0.0:4040 for SparkUI
[2024-10-14T09:23:09.722+0000] {spark_submit.py:571} INFO - 24/10/14 09:23:09 INFO Utils: Successfully started service 'SparkUI' on port 4040.
[2024-10-14T09:23:09.790+0000] {spark_submit.py:571} INFO - 24/10/14 09:23:09 INFO StandaloneAppClient$ClientEndpoint: Connecting to master spark://spark:7077...
[2024-10-14T09:23:09.814+0000] {spark_submit.py:571} INFO - 24/10/14 09:23:09 INFO TransportClientFactory: Successfully created connection to spark/172.20.0.8:7077 after 11 ms (0 ms spent in bootstraps)
[2024-10-14T09:23:09.870+0000] {spark_submit.py:571} INFO - 24/10/14 09:23:09 INFO StandaloneSchedulerBackend: Connected to Spark cluster with app ID app-20241014092309-0001
[2024-10-14T09:23:09.871+0000] {spark_submit.py:571} INFO - 24/10/14 09:23:09 INFO StandaloneAppClient$ClientEndpoint: Executor added: app-20241014092309-0001/0 on worker-20241014080228-172.20.0.11-37513 (172.20.0.11:37513) with 2 core(s)
[2024-10-14T09:23:09.872+0000] {spark_submit.py:571} INFO - 24/10/14 09:23:09 INFO StandaloneSchedulerBackend: Granted executor ID app-20241014092309-0001/0 on hostPort 172.20.0.11:37513 with 2 core(s), 1024.0 MiB RAM
[2024-10-14T09:23:09.875+0000] {spark_submit.py:571} INFO - 24/10/14 09:23:09 INFO Utils: Successfully started service 'org.apache.spark.network.netty.NettyBlockTransferService' on port 32921.
[2024-10-14T09:23:09.876+0000] {spark_submit.py:571} INFO - 24/10/14 09:23:09 INFO NettyBlockTransferService: Server created on 14eb9bd36bc1:32921
[2024-10-14T09:23:09.877+0000] {spark_submit.py:571} INFO - 24/10/14 09:23:09 INFO BlockManager: Using org.apache.spark.storage.RandomBlockReplicationPolicy for block replication policy
[2024-10-14T09:23:09.881+0000] {spark_submit.py:571} INFO - 24/10/14 09:23:09 INFO BlockManagerMaster: Registering BlockManager BlockManagerId(driver, 14eb9bd36bc1, 32921, None)
[2024-10-14T09:23:09.883+0000] {spark_submit.py:571} INFO - 24/10/14 09:23:09 INFO BlockManagerMasterEndpoint: Registering block manager 14eb9bd36bc1:32921 with 434.4 MiB RAM, BlockManagerId(driver, 14eb9bd36bc1, 32921, None)
[2024-10-14T09:23:09.884+0000] {spark_submit.py:571} INFO - 24/10/14 09:23:09 INFO BlockManagerMaster: Registered BlockManager BlockManagerId(driver, 14eb9bd36bc1, 32921, None)
[2024-10-14T09:23:09.885+0000] {spark_submit.py:571} INFO - 24/10/14 09:23:09 INFO BlockManager: Initialized BlockManager: BlockManagerId(driver, 14eb9bd36bc1, 32921, None)
[2024-10-14T09:23:09.947+0000] {spark_submit.py:571} INFO - 24/10/14 09:23:09 INFO StandaloneAppClient$ClientEndpoint: Executor updated: app-20241014092309-0001/0 is now RUNNING
[2024-10-14T09:23:10.009+0000] {spark_submit.py:571} INFO - 24/10/14 09:23:10 INFO StandaloneSchedulerBackend: SchedulerBackend is ready for scheduling beginning after reached minRegisteredResourcesRatio: 0.0
[2024-10-14T09:23:10.171+0000] {spark_submit.py:571} INFO - 24/10/14 09:23:10 INFO SharedState: Setting hive.metastore.warehouse.dir ('null') to the value of spark.sql.warehouse.dir.
[2024-10-14T09:23:10.175+0000] {spark_submit.py:571} INFO - 24/10/14 09:23:10 INFO SharedState: Warehouse path is 'file:/opt/airflow/spark-warehouse'.
[2024-10-14T09:23:10.661+0000] {spark_submit.py:571} INFO - 24/10/14 09:23:10 INFO InMemoryFileIndex: It took 18 ms to list leaf files for 1 paths.
[2024-10-14T09:23:10.690+0000] {spark_submit.py:571} INFO - 24/10/14 09:23:10 INFO InMemoryFileIndex: It took 1 ms to list leaf files for 1 paths.
[2024-10-14T09:23:11.253+0000] {spark_submit.py:571} INFO - 24/10/14 09:23:11 INFO StandaloneSchedulerBackend$StandaloneDriverEndpoint: Registered executor NettyRpcEndpointRef(spark-client://Executor) (172.20.0.11:49744) with ID 0,  ResourceProfileId 0
[2024-10-14T09:23:11.297+0000] {spark_submit.py:571} INFO - 24/10/14 09:23:11 INFO BlockManagerMasterEndpoint: Registering block manager 172.20.0.11:42097 with 434.4 MiB RAM, BlockManagerId(0, 172.20.0.11, 42097, None)
[2024-10-14T09:23:11.747+0000] {spark_submit.py:571} INFO - 24/10/14 09:23:11 INFO FileSourceStrategy: Pushed Filters:
[2024-10-14T09:23:11.748+0000] {spark_submit.py:571} INFO - 24/10/14 09:23:11 INFO FileSourceStrategy: Post-Scan Filters: (length(trim(value#0, None)) > 0)
[2024-10-14T09:23:11.991+0000] {spark_submit.py:571} INFO - 24/10/14 09:23:11 INFO CodeGenerator: Code generated in 96.488417 ms
[2024-10-14T09:23:12.015+0000] {spark_submit.py:571} INFO - 24/10/14 09:23:12 INFO MemoryStore: Block broadcast_0 stored as values in memory (estimated size 199.8 KiB, free 434.2 MiB)
[2024-10-14T09:23:12.045+0000] {spark_submit.py:571} INFO - 24/10/14 09:23:12 INFO MemoryStore: Block broadcast_0_piece0 stored as bytes in memory (estimated size 34.4 KiB, free 434.2 MiB)
[2024-10-14T09:23:12.047+0000] {spark_submit.py:571} INFO - 24/10/14 09:23:12 INFO BlockManagerInfo: Added broadcast_0_piece0 in memory on 14eb9bd36bc1:32921 (size: 34.4 KiB, free: 434.4 MiB)
[2024-10-14T09:23:12.049+0000] {spark_submit.py:571} INFO - 24/10/14 09:23:12 INFO SparkContext: Created broadcast 0 from csv at NativeMethodAccessorImpl.java:0
[2024-10-14T09:23:12.054+0000] {spark_submit.py:571} INFO - 24/10/14 09:23:12 INFO FileSourceScanExec: Planning scan with bin packing, max size: 5368882 bytes, open cost is considered as scanning 4194304 bytes.
[2024-10-14T09:23:12.098+0000] {spark_submit.py:571} INFO - 24/10/14 09:23:12 INFO SparkContext: Starting job: csv at NativeMethodAccessorImpl.java:0
[2024-10-14T09:23:12.110+0000] {spark_submit.py:571} INFO - 24/10/14 09:23:12 INFO DAGScheduler: Got job 0 (csv at NativeMethodAccessorImpl.java:0) with 1 output partitions
[2024-10-14T09:23:12.110+0000] {spark_submit.py:571} INFO - 24/10/14 09:23:12 INFO DAGScheduler: Final stage: ResultStage 0 (csv at NativeMethodAccessorImpl.java:0)
[2024-10-14T09:23:12.111+0000] {spark_submit.py:571} INFO - 24/10/14 09:23:12 INFO DAGScheduler: Parents of final stage: List()
[2024-10-14T09:23:12.111+0000] {spark_submit.py:571} INFO - 24/10/14 09:23:12 INFO DAGScheduler: Missing parents: List()
[2024-10-14T09:23:12.112+0000] {spark_submit.py:571} INFO - 24/10/14 09:23:12 INFO DAGScheduler: Submitting ResultStage 0 (MapPartitionsRDD[3] at csv at NativeMethodAccessorImpl.java:0), which has no missing parents
[2024-10-14T09:23:12.141+0000] {spark_submit.py:571} INFO - 24/10/14 09:23:12 INFO MemoryStore: Block broadcast_1 stored as values in memory (estimated size 13.5 KiB, free 434.2 MiB)
[2024-10-14T09:23:12.142+0000] {spark_submit.py:571} INFO - 24/10/14 09:23:12 INFO MemoryStore: Block broadcast_1_piece0 stored as bytes in memory (estimated size 6.4 KiB, free 434.2 MiB)
[2024-10-14T09:23:12.142+0000] {spark_submit.py:571} INFO - 24/10/14 09:23:12 INFO BlockManagerInfo: Added broadcast_1_piece0 in memory on 14eb9bd36bc1:32921 (size: 6.4 KiB, free: 434.4 MiB)
[2024-10-14T09:23:12.142+0000] {spark_submit.py:571} INFO - 24/10/14 09:23:12 INFO SparkContext: Created broadcast 1 from broadcast at DAGScheduler.scala:1585
[2024-10-14T09:23:12.150+0000] {spark_submit.py:571} INFO - 24/10/14 09:23:12 INFO DAGScheduler: Submitting 1 missing tasks from ResultStage 0 (MapPartitionsRDD[3] at csv at NativeMethodAccessorImpl.java:0) (first 15 tasks are for partitions Vector(0))
[2024-10-14T09:23:12.151+0000] {spark_submit.py:571} INFO - 24/10/14 09:23:12 INFO TaskSchedulerImpl: Adding task set 0.0 with 1 tasks resource profile 0
[2024-10-14T09:23:12.161+0000] {spark_submit.py:571} INFO - 24/10/14 09:23:12 INFO TaskSetManager: Starting task 0.0 in stage 0.0 (TID 0) (172.20.0.11, executor 0, partition 0, PROCESS_LOCAL, 9614 bytes)
[2024-10-14T09:23:12.268+0000] {spark_submit.py:571} INFO - 24/10/14 09:23:12 INFO BlockManagerInfo: Added broadcast_1_piece0 in memory on 172.20.0.11:42097 (size: 6.4 KiB, free: 434.4 MiB)
[2024-10-14T09:23:12.606+0000] {spark_submit.py:571} INFO - 24/10/14 09:23:12 INFO BlockManagerInfo: Added broadcast_0_piece0 in memory on 172.20.0.11:42097 (size: 34.4 KiB, free: 434.4 MiB)
[2024-10-14T09:23:12.696+0000] {spark_submit.py:571} INFO - 24/10/14 09:23:12 INFO TaskSetManager: Finished task 0.0 in stage 0.0 (TID 0) in 538 ms on 172.20.0.11 (executor 0) (1/1)
[2024-10-14T09:23:12.697+0000] {spark_submit.py:571} INFO - 24/10/14 09:23:12 INFO TaskSchedulerImpl: Removed TaskSet 0.0, whose tasks have all completed, from pool
[2024-10-14T09:23:12.699+0000] {spark_submit.py:571} INFO - 24/10/14 09:23:12 INFO DAGScheduler: ResultStage 0 (csv at NativeMethodAccessorImpl.java:0) finished in 0.581 s
[2024-10-14T09:23:12.700+0000] {spark_submit.py:571} INFO - 24/10/14 09:23:12 INFO DAGScheduler: Job 0 is finished. Cancelling potential speculative or zombie tasks for this job
[2024-10-14T09:23:12.701+0000] {spark_submit.py:571} INFO - 24/10/14 09:23:12 INFO TaskSchedulerImpl: Killing all running tasks in stage 0: Stage finished
[2024-10-14T09:23:12.701+0000] {spark_submit.py:571} INFO - 24/10/14 09:23:12 INFO DAGScheduler: Job 0 finished: csv at NativeMethodAccessorImpl.java:0, took 0.603128 s
[2024-10-14T09:23:12.716+0000] {spark_submit.py:571} INFO - 24/10/14 09:23:12 INFO CodeGenerator: Code generated in 6.352458 ms
[2024-10-14T09:23:12.738+0000] {spark_submit.py:571} INFO - 24/10/14 09:23:12 INFO BlockManagerInfo: Removed broadcast_1_piece0 on 14eb9bd36bc1:32921 in memory (size: 6.4 KiB, free: 434.4 MiB)
[2024-10-14T09:23:12.742+0000] {spark_submit.py:571} INFO - 24/10/14 09:23:12 INFO BlockManagerInfo: Removed broadcast_1_piece0 on 172.20.0.11:42097 in memory (size: 6.4 KiB, free: 434.4 MiB)
[2024-10-14T09:23:12.745+0000] {spark_submit.py:571} INFO - 24/10/14 09:23:12 INFO FileSourceStrategy: Pushed Filters:
[2024-10-14T09:23:12.745+0000] {spark_submit.py:571} INFO - 24/10/14 09:23:12 INFO FileSourceStrategy: Post-Scan Filters:
[2024-10-14T09:23:12.746+0000] {spark_submit.py:571} INFO - 24/10/14 09:23:12 INFO MemoryStore: Block broadcast_2 stored as values in memory (estimated size 199.8 KiB, free 434.0 MiB)
[2024-10-14T09:23:12.750+0000] {spark_submit.py:571} INFO - 24/10/14 09:23:12 INFO MemoryStore: Block broadcast_2_piece0 stored as bytes in memory (estimated size 34.4 KiB, free 433.9 MiB)
[2024-10-14T09:23:12.751+0000] {spark_submit.py:571} INFO - 24/10/14 09:23:12 INFO BlockManagerInfo: Added broadcast_2_piece0 in memory on 14eb9bd36bc1:32921 (size: 34.4 KiB, free: 434.3 MiB)
[2024-10-14T09:23:12.751+0000] {spark_submit.py:571} INFO - 24/10/14 09:23:12 INFO SparkContext: Created broadcast 2 from csv at NativeMethodAccessorImpl.java:0
[2024-10-14T09:23:12.752+0000] {spark_submit.py:571} INFO - 24/10/14 09:23:12 INFO FileSourceScanExec: Planning scan with bin packing, max size: 5368882 bytes, open cost is considered as scanning 4194304 bytes.
[2024-10-14T09:23:12.793+0000] {spark_submit.py:571} INFO - 24/10/14 09:23:12 INFO SparkContext: Starting job: csv at NativeMethodAccessorImpl.java:0
[2024-10-14T09:23:12.793+0000] {spark_submit.py:571} INFO - 24/10/14 09:23:12 INFO DAGScheduler: Got job 1 (csv at NativeMethodAccessorImpl.java:0) with 2 output partitions
[2024-10-14T09:23:12.794+0000] {spark_submit.py:571} INFO - 24/10/14 09:23:12 INFO DAGScheduler: Final stage: ResultStage 1 (csv at NativeMethodAccessorImpl.java:0)
[2024-10-14T09:23:12.794+0000] {spark_submit.py:571} INFO - 24/10/14 09:23:12 INFO DAGScheduler: Parents of final stage: List()
[2024-10-14T09:23:12.794+0000] {spark_submit.py:571} INFO - 24/10/14 09:23:12 INFO DAGScheduler: Missing parents: List()
[2024-10-14T09:23:12.794+0000] {spark_submit.py:571} INFO - 24/10/14 09:23:12 INFO DAGScheduler: Submitting ResultStage 1 (MapPartitionsRDD[9] at csv at NativeMethodAccessorImpl.java:0), which has no missing parents
[2024-10-14T09:23:12.804+0000] {spark_submit.py:571} INFO - 24/10/14 09:23:12 INFO MemoryStore: Block broadcast_3 stored as values in memory (estimated size 27.8 KiB, free 433.9 MiB)
[2024-10-14T09:23:12.808+0000] {spark_submit.py:571} INFO - 24/10/14 09:23:12 INFO MemoryStore: Block broadcast_3_piece0 stored as bytes in memory (estimated size 12.8 KiB, free 433.9 MiB)
[2024-10-14T09:23:12.809+0000] {spark_submit.py:571} INFO - 24/10/14 09:23:12 INFO BlockManagerInfo: Added broadcast_3_piece0 in memory on 14eb9bd36bc1:32921 (size: 12.8 KiB, free: 434.3 MiB)
[2024-10-14T09:23:12.809+0000] {spark_submit.py:571} INFO - 24/10/14 09:23:12 INFO SparkContext: Created broadcast 3 from broadcast at DAGScheduler.scala:1585
[2024-10-14T09:23:12.810+0000] {spark_submit.py:571} INFO - 24/10/14 09:23:12 INFO DAGScheduler: Submitting 2 missing tasks from ResultStage 1 (MapPartitionsRDD[9] at csv at NativeMethodAccessorImpl.java:0) (first 15 tasks are for partitions Vector(0, 1))
[2024-10-14T09:23:12.810+0000] {spark_submit.py:571} INFO - 24/10/14 09:23:12 INFO TaskSchedulerImpl: Adding task set 1.0 with 2 tasks resource profile 0
[2024-10-14T09:23:12.811+0000] {spark_submit.py:571} INFO - 24/10/14 09:23:12 INFO TaskSetManager: Starting task 0.0 in stage 1.0 (TID 1) (172.20.0.11, executor 0, partition 0, PROCESS_LOCAL, 9614 bytes)
[2024-10-14T09:23:12.811+0000] {spark_submit.py:571} INFO - 24/10/14 09:23:12 INFO TaskSetManager: Starting task 1.0 in stage 1.0 (TID 2) (172.20.0.11, executor 0, partition 1, PROCESS_LOCAL, 9614 bytes)
[2024-10-14T09:23:12.826+0000] {spark_submit.py:571} INFO - 24/10/14 09:23:12 INFO BlockManagerInfo: Added broadcast_3_piece0 in memory on 172.20.0.11:42097 (size: 12.8 KiB, free: 434.4 MiB)
[2024-10-14T09:23:13.415+0000] {spark_submit.py:571} INFO - 24/10/14 09:23:13 INFO BlockManagerInfo: Added broadcast_2_piece0 in memory on 172.20.0.11:42097 (size: 34.4 KiB, free: 434.3 MiB)
[2024-10-14T09:23:13.599+0000] {spark_submit.py:571} INFO - 24/10/14 09:23:13 INFO TaskSetManager: Finished task 1.0 in stage 1.0 (TID 2) in 788 ms on 172.20.0.11 (executor 0) (1/2)
[2024-10-14T09:23:13.653+0000] {spark_submit.py:571} INFO - 24/10/14 09:23:13 INFO TaskSetManager: Finished task 0.0 in stage 1.0 (TID 1) in 843 ms on 172.20.0.11 (executor 0) (2/2)
[2024-10-14T09:23:13.654+0000] {spark_submit.py:571} INFO - 24/10/14 09:23:13 INFO TaskSchedulerImpl: Removed TaskSet 1.0, whose tasks have all completed, from pool
[2024-10-14T09:23:13.655+0000] {spark_submit.py:571} INFO - 24/10/14 09:23:13 INFO DAGScheduler: ResultStage 1 (csv at NativeMethodAccessorImpl.java:0) finished in 0.860 s
[2024-10-14T09:23:13.656+0000] {spark_submit.py:571} INFO - 24/10/14 09:23:13 INFO DAGScheduler: Job 1 is finished. Cancelling potential speculative or zombie tasks for this job
[2024-10-14T09:23:13.656+0000] {spark_submit.py:571} INFO - 24/10/14 09:23:13 INFO TaskSchedulerImpl: Killing all running tasks in stage 1: Stage finished
[2024-10-14T09:23:13.656+0000] {spark_submit.py:571} INFO - 24/10/14 09:23:13 INFO DAGScheduler: Job 1 finished: csv at NativeMethodAccessorImpl.java:0, took 0.862359 s
[2024-10-14T09:23:13.693+0000] {spark_submit.py:571} INFO - 24/10/14 09:23:13 INFO FileSourceStrategy: Pushed Filters:
[2024-10-14T09:23:13.694+0000] {spark_submit.py:571} INFO - 24/10/14 09:23:13 INFO FileSourceStrategy: Post-Scan Filters:
[2024-10-14T09:23:13.740+0000] {spark_submit.py:571} INFO - 24/10/14 09:23:13 INFO CodeGenerator: Code generated in 6.277542 ms
[2024-10-14T09:23:13.743+0000] {spark_submit.py:571} INFO - 24/10/14 09:23:13 INFO MemoryStore: Block broadcast_4 stored as values in memory (estimated size 199.6 KiB, free 433.7 MiB)
[2024-10-14T09:23:13.749+0000] {spark_submit.py:571} INFO - 24/10/14 09:23:13 INFO BlockManagerInfo: Removed broadcast_3_piece0 on 14eb9bd36bc1:32921 in memory (size: 12.8 KiB, free: 434.3 MiB)
[2024-10-14T09:23:13.750+0000] {spark_submit.py:571} INFO - 24/10/14 09:23:13 INFO MemoryStore: Block broadcast_4_piece0 stored as bytes in memory (estimated size 34.3 KiB, free 433.7 MiB)
[2024-10-14T09:23:13.751+0000] {spark_submit.py:571} INFO - 24/10/14 09:23:13 INFO BlockManagerInfo: Removed broadcast_3_piece0 on 172.20.0.11:42097 in memory (size: 12.8 KiB, free: 434.3 MiB)
[2024-10-14T09:23:13.751+0000] {spark_submit.py:571} INFO - 24/10/14 09:23:13 INFO BlockManagerInfo: Added broadcast_4_piece0 in memory on 14eb9bd36bc1:32921 (size: 34.3 KiB, free: 434.3 MiB)
[2024-10-14T09:23:13.751+0000] {spark_submit.py:571} INFO - 24/10/14 09:23:13 INFO SparkContext: Created broadcast 4 from count at NativeMethodAccessorImpl.java:0
[2024-10-14T09:23:13.754+0000] {spark_submit.py:571} INFO - 24/10/14 09:23:13 INFO FileSourceScanExec: Planning scan with bin packing, max size: 5368882 bytes, open cost is considered as scanning 4194304 bytes.
[2024-10-14T09:23:13.766+0000] {spark_submit.py:571} INFO - 24/10/14 09:23:13 INFO DAGScheduler: Registering RDD 13 (count at NativeMethodAccessorImpl.java:0) as input to shuffle 0
[2024-10-14T09:23:13.772+0000] {spark_submit.py:571} INFO - 24/10/14 09:23:13 INFO DAGScheduler: Got map stage job 2 (count at NativeMethodAccessorImpl.java:0) with 2 output partitions
[2024-10-14T09:23:13.772+0000] {spark_submit.py:571} INFO - 24/10/14 09:23:13 INFO DAGScheduler: Final stage: ShuffleMapStage 2 (count at NativeMethodAccessorImpl.java:0)
[2024-10-14T09:23:13.773+0000] {spark_submit.py:571} INFO - 24/10/14 09:23:13 INFO DAGScheduler: Parents of final stage: List()
[2024-10-14T09:23:13.773+0000] {spark_submit.py:571} INFO - 24/10/14 09:23:13 INFO DAGScheduler: Missing parents: List()
[2024-10-14T09:23:13.773+0000] {spark_submit.py:571} INFO - 24/10/14 09:23:13 INFO DAGScheduler: Submitting ShuffleMapStage 2 (MapPartitionsRDD[13] at count at NativeMethodAccessorImpl.java:0), which has no missing parents
[2024-10-14T09:23:13.779+0000] {spark_submit.py:571} INFO - 24/10/14 09:23:13 INFO MemoryStore: Block broadcast_5 stored as values in memory (estimated size 18.2 KiB, free 433.7 MiB)
[2024-10-14T09:23:13.782+0000] {spark_submit.py:571} INFO - 24/10/14 09:23:13 INFO MemoryStore: Block broadcast_5_piece0 stored as bytes in memory (estimated size 9.0 KiB, free 433.7 MiB)
[2024-10-14T09:23:13.783+0000] {spark_submit.py:571} INFO - 24/10/14 09:23:13 INFO BlockManagerInfo: Added broadcast_5_piece0 in memory on 14eb9bd36bc1:32921 (size: 9.0 KiB, free: 434.3 MiB)
[2024-10-14T09:23:13.783+0000] {spark_submit.py:571} INFO - 24/10/14 09:23:13 INFO SparkContext: Created broadcast 5 from broadcast at DAGScheduler.scala:1585
[2024-10-14T09:23:13.784+0000] {spark_submit.py:571} INFO - 24/10/14 09:23:13 INFO DAGScheduler: Submitting 2 missing tasks from ShuffleMapStage 2 (MapPartitionsRDD[13] at count at NativeMethodAccessorImpl.java:0) (first 15 tasks are for partitions Vector(0, 1))
[2024-10-14T09:23:13.785+0000] {spark_submit.py:571} INFO - 24/10/14 09:23:13 INFO TaskSchedulerImpl: Adding task set 2.0 with 2 tasks resource profile 0
[2024-10-14T09:23:13.786+0000] {spark_submit.py:571} INFO - 24/10/14 09:23:13 INFO TaskSetManager: Starting task 0.0 in stage 2.0 (TID 3) (172.20.0.11, executor 0, partition 0, PROCESS_LOCAL, 9603 bytes)
[2024-10-14T09:23:13.786+0000] {spark_submit.py:571} INFO - 24/10/14 09:23:13 INFO TaskSetManager: Starting task 1.0 in stage 2.0 (TID 4) (172.20.0.11, executor 0, partition 1, PROCESS_LOCAL, 9603 bytes)
[2024-10-14T09:23:13.796+0000] {spark_submit.py:571} INFO - 24/10/14 09:23:13 INFO BlockManagerInfo: Added broadcast_5_piece0 in memory on 172.20.0.11:42097 (size: 9.0 KiB, free: 434.3 MiB)
[2024-10-14T09:23:13.844+0000] {spark_submit.py:571} INFO - 24/10/14 09:23:13 INFO BlockManagerInfo: Added broadcast_4_piece0 in memory on 172.20.0.11:42097 (size: 34.3 KiB, free: 434.3 MiB)
[2024-10-14T09:23:13.934+0000] {spark_submit.py:571} INFO - 24/10/14 09:23:13 INFO TaskSetManager: Finished task 1.0 in stage 2.0 (TID 4) in 148 ms on 172.20.0.11 (executor 0) (1/2)
[2024-10-14T09:23:13.940+0000] {spark_submit.py:571} INFO - 24/10/14 09:23:13 INFO TaskSetManager: Finished task 0.0 in stage 2.0 (TID 3) in 155 ms on 172.20.0.11 (executor 0) (2/2)
[2024-10-14T09:23:13.946+0000] {spark_submit.py:571} INFO - 24/10/14 09:23:13 INFO TaskSchedulerImpl: Removed TaskSet 2.0, whose tasks have all completed, from pool
[2024-10-14T09:23:13.947+0000] {spark_submit.py:571} INFO - 24/10/14 09:23:13 INFO DAGScheduler: ShuffleMapStage 2 (count at NativeMethodAccessorImpl.java:0) finished in 0.171 s
[2024-10-14T09:23:13.948+0000] {spark_submit.py:571} INFO - 24/10/14 09:23:13 INFO DAGScheduler: looking for newly runnable stages
[2024-10-14T09:23:13.948+0000] {spark_submit.py:571} INFO - 24/10/14 09:23:13 INFO DAGScheduler: running: Set()
[2024-10-14T09:23:13.948+0000] {spark_submit.py:571} INFO - 24/10/14 09:23:13 INFO DAGScheduler: waiting: Set()
[2024-10-14T09:23:13.949+0000] {spark_submit.py:571} INFO - 24/10/14 09:23:13 INFO DAGScheduler: failed: Set()
[2024-10-14T09:23:13.965+0000] {spark_submit.py:571} INFO - 24/10/14 09:23:13 INFO CodeGenerator: Code generated in 6.264583 ms
[2024-10-14T09:23:13.983+0000] {spark_submit.py:571} INFO - 24/10/14 09:23:13 INFO SparkContext: Starting job: count at NativeMethodAccessorImpl.java:0
[2024-10-14T09:23:13.984+0000] {spark_submit.py:571} INFO - 24/10/14 09:23:13 INFO DAGScheduler: Got job 3 (count at NativeMethodAccessorImpl.java:0) with 1 output partitions
[2024-10-14T09:23:13.984+0000] {spark_submit.py:571} INFO - 24/10/14 09:23:13 INFO DAGScheduler: Final stage: ResultStage 4 (count at NativeMethodAccessorImpl.java:0)
[2024-10-14T09:23:13.984+0000] {spark_submit.py:571} INFO - 24/10/14 09:23:13 INFO DAGScheduler: Parents of final stage: List(ShuffleMapStage 3)
[2024-10-14T09:23:13.985+0000] {spark_submit.py:571} INFO - 24/10/14 09:23:13 INFO DAGScheduler: Missing parents: List()
[2024-10-14T09:23:13.985+0000] {spark_submit.py:571} INFO - 24/10/14 09:23:13 INFO DAGScheduler: Submitting ResultStage 4 (MapPartitionsRDD[16] at count at NativeMethodAccessorImpl.java:0), which has no missing parents
[2024-10-14T09:23:13.988+0000] {spark_submit.py:571} INFO - 24/10/14 09:23:13 INFO MemoryStore: Block broadcast_6 stored as values in memory (estimated size 12.5 KiB, free 433.7 MiB)
[2024-10-14T09:23:13.991+0000] {spark_submit.py:571} INFO - 24/10/14 09:23:13 INFO MemoryStore: Block broadcast_6_piece0 stored as bytes in memory (estimated size 5.9 KiB, free 433.7 MiB)
[2024-10-14T09:23:13.992+0000] {spark_submit.py:571} INFO - 24/10/14 09:23:13 INFO BlockManagerInfo: Added broadcast_6_piece0 in memory on 14eb9bd36bc1:32921 (size: 5.9 KiB, free: 434.3 MiB)
[2024-10-14T09:23:13.992+0000] {spark_submit.py:571} INFO - 24/10/14 09:23:13 INFO SparkContext: Created broadcast 6 from broadcast at DAGScheduler.scala:1585
[2024-10-14T09:23:13.993+0000] {spark_submit.py:571} INFO - 24/10/14 09:23:13 INFO BlockManagerInfo: Removed broadcast_5_piece0 on 14eb9bd36bc1:32921 in memory (size: 9.0 KiB, free: 434.3 MiB)
[2024-10-14T09:23:13.993+0000] {spark_submit.py:571} INFO - 24/10/14 09:23:13 INFO DAGScheduler: Submitting 1 missing tasks from ResultStage 4 (MapPartitionsRDD[16] at count at NativeMethodAccessorImpl.java:0) (first 15 tasks are for partitions Vector(0))
[2024-10-14T09:23:13.994+0000] {spark_submit.py:571} INFO - 24/10/14 09:23:13 INFO TaskSchedulerImpl: Adding task set 4.0 with 1 tasks resource profile 0
[2024-10-14T09:23:13.994+0000] {spark_submit.py:571} INFO - 24/10/14 09:23:13 INFO BlockManagerInfo: Removed broadcast_5_piece0 on 172.20.0.11:42097 in memory (size: 9.0 KiB, free: 434.3 MiB)
[2024-10-14T09:23:13.995+0000] {spark_submit.py:571} INFO - 24/10/14 09:23:13 INFO TaskSetManager: Starting task 0.0 in stage 4.0 (TID 5) (172.20.0.11, executor 0, partition 0, NODE_LOCAL, 9003 bytes)
[2024-10-14T09:23:14.004+0000] {spark_submit.py:571} INFO - 24/10/14 09:23:14 INFO BlockManagerInfo: Added broadcast_6_piece0 in memory on 172.20.0.11:42097 (size: 5.9 KiB, free: 434.3 MiB)
[2024-10-14T09:23:14.013+0000] {spark_submit.py:571} INFO - 24/10/14 09:23:14 INFO MapOutputTrackerMasterEndpoint: Asked to send map output locations for shuffle 0 to 172.20.0.11:49744
[2024-10-14T09:23:14.063+0000] {spark_submit.py:571} INFO - 24/10/14 09:23:14 INFO TaskSetManager: Finished task 0.0 in stage 4.0 (TID 5) in 69 ms on 172.20.0.11 (executor 0) (1/1)
[2024-10-14T09:23:14.067+0000] {spark_submit.py:571} INFO - 24/10/14 09:23:14 INFO TaskSchedulerImpl: Removed TaskSet 4.0, whose tasks have all completed, from pool
[2024-10-14T09:23:14.068+0000] {spark_submit.py:571} INFO - 24/10/14 09:23:14 INFO DAGScheduler: ResultStage 4 (count at NativeMethodAccessorImpl.java:0) finished in 0.077 s
[2024-10-14T09:23:14.070+0000] {spark_submit.py:571} INFO - 24/10/14 09:23:14 INFO DAGScheduler: Job 3 is finished. Cancelling potential speculative or zombie tasks for this job
[2024-10-14T09:23:14.070+0000] {spark_submit.py:571} INFO - 24/10/14 09:23:14 INFO TaskSchedulerImpl: Killing all running tasks in stage 4: Stage finished
[2024-10-14T09:23:14.070+0000] {spark_submit.py:571} INFO - 24/10/14 09:23:14 INFO DAGScheduler: Job 3 finished: count at NativeMethodAccessorImpl.java:0, took 0.081472 s
[2024-10-14T09:23:14.070+0000] {spark_submit.py:571} INFO - Number of accidents: 53943
[2024-10-14T09:23:14.070+0000] {spark_submit.py:571} INFO - 24/10/14 09:23:14 INFO SparkContext: SparkContext is stopping with exitCode 0.
[2024-10-14T09:23:14.074+0000] {spark_submit.py:571} INFO - 24/10/14 09:23:14 INFO SparkUI: Stopped Spark web UI at http://14eb9bd36bc1:4040
[2024-10-14T09:23:14.075+0000] {spark_submit.py:571} INFO - 24/10/14 09:23:14 INFO StandaloneSchedulerBackend: Shutting down all executors
[2024-10-14T09:23:14.076+0000] {spark_submit.py:571} INFO - 24/10/14 09:23:14 INFO StandaloneSchedulerBackend$StandaloneDriverEndpoint: Asking each executor to shut down
[2024-10-14T09:23:14.085+0000] {spark_submit.py:571} INFO - 24/10/14 09:23:14 INFO MapOutputTrackerMasterEndpoint: MapOutputTrackerMasterEndpoint stopped!
[2024-10-14T09:23:14.095+0000] {spark_submit.py:571} INFO - 24/10/14 09:23:14 INFO MemoryStore: MemoryStore cleared
[2024-10-14T09:23:14.096+0000] {spark_submit.py:571} INFO - 24/10/14 09:23:14 INFO BlockManager: BlockManager stopped
[2024-10-14T09:23:14.097+0000] {spark_submit.py:571} INFO - 24/10/14 09:23:14 INFO BlockManagerMaster: BlockManagerMaster stopped
[2024-10-14T09:23:14.100+0000] {spark_submit.py:571} INFO - 24/10/14 09:23:14 INFO OutputCommitCoordinator$OutputCommitCoordinatorEndpoint: OutputCommitCoordinator stopped!
[2024-10-14T09:23:14.106+0000] {spark_submit.py:571} INFO - 24/10/14 09:23:14 INFO SparkContext: Successfully stopped SparkContext
[2024-10-14T09:23:14.593+0000] {spark_submit.py:571} INFO - 24/10/14 09:23:14 INFO ShutdownHookManager: Shutdown hook called
[2024-10-14T09:23:14.594+0000] {spark_submit.py:571} INFO - 24/10/14 09:23:14 INFO ShutdownHookManager: Deleting directory /tmp/spark-bc5415e3-5ed4-4984-80aa-fa6a1050aa32/pyspark-31789523-b039-4ed5-ad4b-735f3a2cf5ff
[2024-10-14T09:23:14.596+0000] {spark_submit.py:571} INFO - 24/10/14 09:23:14 INFO ShutdownHookManager: Deleting directory /tmp/spark-bc5415e3-5ed4-4984-80aa-fa6a1050aa32
[2024-10-14T09:23:14.598+0000] {spark_submit.py:571} INFO - 24/10/14 09:23:14 INFO ShutdownHookManager: Deleting directory /tmp/spark-c6153927-3691-49b5-86b5-6119f0bf455c
[2024-10-14T09:23:14.626+0000] {taskinstance.py:340} INFO - ::group::Post task execution logs
[2024-10-14T09:23:14.627+0000] {taskinstance.py:352} INFO - Marking task as SUCCESS. dag_id=count_accidents, task_id=spark_count_number_of_accidents, run_id=manual__2024-10-14T09:23:05.703468+00:00, execution_date=20241014T092305, start_date=20241014T092307, end_date=20241014T092314
[2024-10-14T09:23:14.635+0000] {logging_mixin.py:190} INFO - Task instance in success state
[2024-10-14T09:23:14.635+0000] {logging_mixin.py:190} INFO -  Previous state of the Task instance: running
[2024-10-14T09:23:14.635+0000] {logging_mixin.py:190} INFO - Dag name:count_accidents queued_at:2024-10-14 09:23:05.711948+00:00
[2024-10-14T09:23:14.636+0000] {logging_mixin.py:190} INFO - Task hostname:14eb9bd36bc1 operator:SparkSubmitOperator
[2024-10-14T09:23:14.652+0000] {local_task_job_runner.py:266} INFO - Task exited with return code 0
[2024-10-14T09:23:14.665+0000] {taskinstance.py:3900} INFO - 0 downstream tasks scheduled from follow-on schedule check
[2024-10-14T09:23:14.666+0000] {local_task_job_runner.py:245} INFO - ::endgroup::
