[2024-10-01T08:24:27.723+0000] {local_task_job_runner.py:123} INFO - ::group::Pre task execution logs
[2024-10-01T08:24:27.733+0000] {taskinstance.py:2612} INFO - Dependencies all met for dep_context=non-requeueable deps ti=<TaskInstance: trigger_dag.wait_for_run_file manual__2024-10-01T08:24:26.437637+00:00 [queued]>
[2024-10-01T08:24:27.736+0000] {taskinstance.py:2612} INFO - Dependencies all met for dep_context=requeueable deps ti=<TaskInstance: trigger_dag.wait_for_run_file manual__2024-10-01T08:24:26.437637+00:00 [queued]>
[2024-10-01T08:24:27.737+0000] {taskinstance.py:2865} INFO - Starting attempt 1 of 1
[2024-10-01T08:24:27.743+0000] {taskinstance.py:2888} INFO - Executing <Task(FileSensor): wait_for_run_file> on 2024-10-01 08:24:26.437637+00:00
[2024-10-01T08:24:27.746+0000] {warnings.py:112} WARNING - /home/airflow/.local/lib/python3.12/site-packages/airflow/task/task_runner/standard_task_runner.py:70: DeprecationWarning: This process (pid=173) is multi-threaded, use of fork() may lead to deadlocks in the child.
  pid = os.fork()

[2024-10-01T08:24:27.746+0000] {standard_task_runner.py:72} INFO - Started process 175 to run task
[2024-10-01T08:24:27.747+0000] {standard_task_runner.py:104} INFO - Running: ['airflow', 'tasks', 'run', 'trigger_dag', 'wait_for_run_file', 'manual__2024-10-01T08:24:26.437637+00:00', '--job-id', '52', '--raw', '--subdir', 'DAGS_FOLDER/trigger_dag.py', '--cfg-path', '/tmp/tmp28a71ify']
[2024-10-01T08:24:27.748+0000] {standard_task_runner.py:105} INFO - Job 52: Subtask wait_for_run_file
[2024-10-01T08:24:27.789+0000] {task_command.py:467} INFO - Running <TaskInstance: trigger_dag.wait_for_run_file manual__2024-10-01T08:24:26.437637+00:00 [running]> on host ff60ea0b688d
[2024-10-01T08:24:27.840+0000] {taskinstance.py:3131} INFO - Exporting env vars: AIRFLOW_CTX_DAG_OWNER='airflow' AIRFLOW_CTX_DAG_ID='trigger_dag' AIRFLOW_CTX_TASK_ID='wait_for_run_file' AIRFLOW_CTX_EXECUTION_DATE='2024-10-01T08:24:26.437637+00:00' AIRFLOW_CTX_TRY_NUMBER='1' AIRFLOW_CTX_DAG_RUN_ID='manual__2024-10-01T08:24:26.437637+00:00'
[2024-10-01T08:24:27.842+0000] {logging_mixin.py:190} INFO - Task instance is in running state
[2024-10-01T08:24:27.842+0000] {logging_mixin.py:190} INFO -  Previous state of the Task instance: queued
[2024-10-01T08:24:27.842+0000] {logging_mixin.py:190} INFO - Current task name:wait_for_run_file state:running start_date:2024-10-01 08:24:27.733585+00:00
[2024-10-01T08:24:27.842+0000] {logging_mixin.py:190} INFO - Dag name:trigger_dag and current dag run status:running
[2024-10-01T08:24:27.842+0000] {taskinstance.py:731} INFO - ::endgroup::
[2024-10-01T08:24:27.842+0000] {baseoperator.py:405} WARNING - FileSensor.execute cannot be called outside TaskInstance!
[2024-10-01T08:24:27.848+0000] {base.py:84} INFO - Retrieving connection 'fs_default'
[2024-10-01T08:24:27.848+0000] {filesystem.py:109} INFO - Poking for file /opt/airflow/dataremove_small_text.txt
[2024-10-01T08:25:27.852+0000] {filesystem.py:109} INFO - Poking for file /opt/airflow/dataremove_small_text.txt
[2024-10-01T08:26:27.859+0000] {filesystem.py:109} INFO - Poking for file /opt/airflow/dataremove_small_text.txt
[2024-10-01T08:27:27.867+0000] {filesystem.py:109} INFO - Poking for file /opt/airflow/dataremove_small_text.txt
[2024-10-01T08:28:27.874+0000] {filesystem.py:109} INFO - Poking for file /opt/airflow/dataremove_small_text.txt
[2024-10-01T08:29:27.883+0000] {filesystem.py:109} INFO - Poking for file /opt/airflow/dataremove_small_text.txt
[2024-10-01T08:30:27.892+0000] {filesystem.py:109} INFO - Poking for file /opt/airflow/dataremove_small_text.txt
[2024-10-01T08:31:27.899+0000] {filesystem.py:109} INFO - Poking for file /opt/airflow/dataremove_small_text.txt
[2024-10-01T08:32:27.909+0000] {filesystem.py:109} INFO - Poking for file /opt/airflow/dataremove_small_text.txt
[2024-10-01T08:33:27.911+0000] {filesystem.py:109} INFO - Poking for file /opt/airflow/dataremove_small_text.txt
[2024-10-01T08:34:27.915+0000] {filesystem.py:109} INFO - Poking for file /opt/airflow/dataremove_small_text.txt
[2024-10-01T08:35:27.924+0000] {filesystem.py:109} INFO - Poking for file /opt/airflow/dataremove_small_text.txt
[2024-10-01T08:36:27.930+0000] {filesystem.py:109} INFO - Poking for file /opt/airflow/dataremove_small_text.txt
[2024-10-01T08:37:27.938+0000] {filesystem.py:109} INFO - Poking for file /opt/airflow/dataremove_small_text.txt
[2024-10-01T08:38:27.947+0000] {filesystem.py:109} INFO - Poking for file /opt/airflow/dataremove_small_text.txt
[2024-10-01T08:39:27.957+0000] {filesystem.py:109} INFO - Poking for file /opt/airflow/dataremove_small_text.txt
[2024-10-01T08:40:27.967+0000] {filesystem.py:109} INFO - Poking for file /opt/airflow/dataremove_small_text.txt
[2024-10-01T08:41:27.976+0000] {filesystem.py:109} INFO - Poking for file /opt/airflow/dataremove_small_text.txt
[2024-10-01T08:42:27.982+0000] {filesystem.py:109} INFO - Poking for file /opt/airflow/dataremove_small_text.txt
[2024-10-01T08:43:27.979+0000] {filesystem.py:109} INFO - Poking for file /opt/airflow/dataremove_small_text.txt
[2024-10-01T08:44:27.982+0000] {filesystem.py:109} INFO - Poking for file /opt/airflow/dataremove_small_text.txt
[2024-10-01T08:45:27.987+0000] {filesystem.py:109} INFO - Poking for file /opt/airflow/dataremove_small_text.txt
[2024-10-01T08:46:27.992+0000] {filesystem.py:109} INFO - Poking for file /opt/airflow/dataremove_small_text.txt
[2024-10-01T08:47:28.007+0000] {filesystem.py:109} INFO - Poking for file /opt/airflow/dataremove_small_text.txt
[2024-10-01T08:48:28.016+0000] {filesystem.py:109} INFO - Poking for file /opt/airflow/dataremove_small_text.txt
[2024-10-01T08:49:28.023+0000] {filesystem.py:109} INFO - Poking for file /opt/airflow/dataremove_small_text.txt
[2024-10-01T08:50:28.033+0000] {filesystem.py:109} INFO - Poking for file /opt/airflow/dataremove_small_text.txt
[2024-10-01T08:51:28.040+0000] {filesystem.py:109} INFO - Poking for file /opt/airflow/dataremove_small_text.txt
[2024-10-01T08:52:28.046+0000] {filesystem.py:109} INFO - Poking for file /opt/airflow/dataremove_small_text.txt
[2024-10-01T08:53:28.052+0000] {filesystem.py:109} INFO - Poking for file /opt/airflow/dataremove_small_text.txt
[2024-10-01T08:54:28.056+0000] {filesystem.py:109} INFO - Poking for file /opt/airflow/dataremove_small_text.txt
[2024-10-01T08:55:28.059+0000] {filesystem.py:109} INFO - Poking for file /opt/airflow/dataremove_small_text.txt
[2024-10-01T08:56:28.067+0000] {filesystem.py:109} INFO - Poking for file /opt/airflow/dataremove_small_text.txt
[2024-10-01T08:57:28.077+0000] {filesystem.py:109} INFO - Poking for file /opt/airflow/dataremove_small_text.txt
[2024-10-01T08:58:28.083+0000] {filesystem.py:109} INFO - Poking for file /opt/airflow/dataremove_small_text.txt
[2024-10-01T08:59:28.090+0000] {filesystem.py:109} INFO - Poking for file /opt/airflow/dataremove_small_text.txt
[2024-10-01T09:00:28.097+0000] {filesystem.py:109} INFO - Poking for file /opt/airflow/dataremove_small_text.txt
[2024-10-01T09:01:28.106+0000] {filesystem.py:109} INFO - Poking for file /opt/airflow/dataremove_small_text.txt
[2024-10-01T09:02:28.121+0000] {filesystem.py:109} INFO - Poking for file /opt/airflow/dataremove_small_text.txt
[2024-10-01T09:03:28.132+0000] {filesystem.py:109} INFO - Poking for file /opt/airflow/dataremove_small_text.txt
[2024-10-01T09:04:28.144+0000] {filesystem.py:109} INFO - Poking for file /opt/airflow/dataremove_small_text.txt
[2024-10-01T09:05:28.161+0000] {filesystem.py:109} INFO - Poking for file /opt/airflow/dataremove_small_text.txt
[2024-10-01T09:06:28.174+0000] {filesystem.py:109} INFO - Poking for file /opt/airflow/dataremove_small_text.txt
[2024-10-01T09:07:28.185+0000] {filesystem.py:109} INFO - Poking for file /opt/airflow/dataremove_small_text.txt
[2024-10-01T09:08:28.198+0000] {filesystem.py:109} INFO - Poking for file /opt/airflow/dataremove_small_text.txt
[2024-10-01T09:09:28.206+0000] {filesystem.py:109} INFO - Poking for file /opt/airflow/dataremove_small_text.txt
[2024-10-01T09:10:28.214+0000] {filesystem.py:109} INFO - Poking for file /opt/airflow/dataremove_small_text.txt
[2024-10-01T09:11:28.228+0000] {filesystem.py:109} INFO - Poking for file /opt/airflow/dataremove_small_text.txt
[2024-10-01T09:12:28.239+0000] {filesystem.py:109} INFO - Poking for file /opt/airflow/dataremove_small_text.txt
[2024-10-01T09:13:28.250+0000] {filesystem.py:109} INFO - Poking for file /opt/airflow/dataremove_small_text.txt
[2024-10-01T09:14:28.261+0000] {filesystem.py:109} INFO - Poking for file /opt/airflow/dataremove_small_text.txt
[2024-10-01T09:15:28.269+0000] {filesystem.py:109} INFO - Poking for file /opt/airflow/dataremove_small_text.txt
[2024-10-01T09:16:28.273+0000] {filesystem.py:109} INFO - Poking for file /opt/airflow/dataremove_small_text.txt
[2024-10-01T09:17:28.274+0000] {filesystem.py:109} INFO - Poking for file /opt/airflow/dataremove_small_text.txt
[2024-10-01T09:18:28.277+0000] {filesystem.py:109} INFO - Poking for file /opt/airflow/dataremove_small_text.txt
[2024-10-01T09:19:28.282+0000] {filesystem.py:109} INFO - Poking for file /opt/airflow/dataremove_small_text.txt
[2024-10-01T09:20:28.286+0000] {filesystem.py:109} INFO - Poking for file /opt/airflow/dataremove_small_text.txt
[2024-10-01T09:21:28.291+0000] {filesystem.py:109} INFO - Poking for file /opt/airflow/dataremove_small_text.txt
[2024-10-01T09:22:28.305+0000] {filesystem.py:109} INFO - Poking for file /opt/airflow/dataremove_small_text.txt
[2024-10-01T09:23:28.315+0000] {filesystem.py:109} INFO - Poking for file /opt/airflow/dataremove_small_text.txt
[2024-10-01T09:24:28.321+0000] {filesystem.py:109} INFO - Poking for file /opt/airflow/dataremove_small_text.txt
[2024-10-01T09:25:30.455+0000] {filesystem.py:109} INFO - Poking for file /opt/airflow/dataremove_small_text.txt
[2024-10-01T09:26:01.886+0000] {job.py:229} INFO - Heartbeat recovered after 23.03 seconds
[2024-10-01T09:26:48.933+0000] {job.py:229} INFO - Heartbeat recovered after 26.89 seconds
[2024-10-01T09:27:10.288+0000] {filesystem.py:109} INFO - Poking for file /opt/airflow/dataremove_small_text.txt
[2024-10-01T09:28:13.148+0000] {job.py:229} INFO - Heartbeat recovered after 28.77 seconds
[2024-10-01T09:28:34.008+0000] {filesystem.py:109} INFO - Poking for file /opt/airflow/dataremove_small_text.txt
[2024-10-01T09:33:00.114+0000] {job.py:229} INFO - Heartbeat recovered after 261.68 seconds
[2024-10-01T09:33:50.658+0000] {filesystem.py:109} INFO - Poking for file /opt/airflow/dataremove_small_text.txt
[2024-10-01T09:39:57.777+0000] {job.py:229} INFO - Heartbeat recovered after 362.16 seconds
[2024-10-01T09:40:47.751+0000] {filesystem.py:109} INFO - Poking for file /opt/airflow/dataremove_small_text.txt
[2024-10-01T09:41:47.754+0000] {filesystem.py:109} INFO - Poking for file /opt/airflow/dataremove_small_text.txt
[2024-10-01T09:42:53.106+0000] {filesystem.py:109} INFO - Poking for file /opt/airflow/dataremove_small_text.txt
[2024-10-01T09:43:53.117+0000] {filesystem.py:109} INFO - Poking for file /opt/airflow/dataremove_small_text.txt
[2024-10-01T10:01:06.371+0000] {job.py:229} INFO - Heartbeat recovered after 995.62 seconds
[2024-10-01T10:01:23.699+0000] {filesystem.py:109} INFO - Poking for file /opt/airflow/dataremove_small_text.txt
[2024-10-01T10:16:31.107+0000] {job.py:229} INFO - Heartbeat recovered after 869.16 seconds
[2024-10-01T10:16:47.831+0000] {filesystem.py:109} INFO - Poking for file /opt/airflow/dataremove_small_text.txt
[2024-10-01T10:17:47.845+0000] {filesystem.py:109} INFO - Poking for file /opt/airflow/dataremove_small_text.txt
[2024-10-01T10:18:47.853+0000] {filesystem.py:109} INFO - Poking for file /opt/airflow/dataremove_small_text.txt
[2024-10-01T10:19:47.858+0000] {filesystem.py:109} INFO - Poking for file /opt/airflow/dataremove_small_text.txt
[2024-10-01T10:20:47.867+0000] {filesystem.py:109} INFO - Poking for file /opt/airflow/dataremove_small_text.txt
[2024-10-01T10:21:47.878+0000] {filesystem.py:109} INFO - Poking for file /opt/airflow/dataremove_small_text.txt
[2024-10-01T10:22:47.884+0000] {filesystem.py:109} INFO - Poking for file /opt/airflow/dataremove_small_text.txt
[2024-10-01T10:23:47.891+0000] {filesystem.py:109} INFO - Poking for file /opt/airflow/dataremove_small_text.txt
[2024-10-01T10:24:47.901+0000] {filesystem.py:109} INFO - Poking for file /opt/airflow/dataremove_small_text.txt
[2024-10-01T10:25:47.909+0000] {filesystem.py:109} INFO - Poking for file /opt/airflow/dataremove_small_text.txt
[2024-10-01T10:26:47.927+0000] {filesystem.py:109} INFO - Poking for file /opt/airflow/dataremove_small_text.txt
[2024-10-01T10:27:47.937+0000] {filesystem.py:109} INFO - Poking for file /opt/airflow/dataremove_small_text.txt
[2024-10-01T10:28:47.947+0000] {filesystem.py:109} INFO - Poking for file /opt/airflow/dataremove_small_text.txt
[2024-10-01T10:29:47.952+0000] {filesystem.py:109} INFO - Poking for file /opt/airflow/dataremove_small_text.txt
[2024-10-01T10:30:47.955+0000] {filesystem.py:109} INFO - Poking for file /opt/airflow/dataremove_small_text.txt
[2024-10-01T10:31:47.966+0000] {filesystem.py:109} INFO - Poking for file /opt/airflow/dataremove_small_text.txt
[2024-10-01T10:32:47.980+0000] {filesystem.py:109} INFO - Poking for file /opt/airflow/dataremove_small_text.txt
[2024-10-01T10:33:47.989+0000] {filesystem.py:109} INFO - Poking for file /opt/airflow/dataremove_small_text.txt
[2024-10-01T10:34:47.994+0000] {filesystem.py:109} INFO - Poking for file /opt/airflow/dataremove_small_text.txt
[2024-10-01T10:35:48.001+0000] {filesystem.py:109} INFO - Poking for file /opt/airflow/dataremove_small_text.txt
[2024-10-01T10:36:48.012+0000] {filesystem.py:109} INFO - Poking for file /opt/airflow/dataremove_small_text.txt
[2024-10-01T10:37:48.026+0000] {filesystem.py:109} INFO - Poking for file /opt/airflow/dataremove_small_text.txt
[2024-10-01T10:38:48.037+0000] {filesystem.py:109} INFO - Poking for file /opt/airflow/dataremove_small_text.txt
[2024-10-01T10:39:48.042+0000] {filesystem.py:109} INFO - Poking for file /opt/airflow/dataremove_small_text.txt
[2024-10-01T10:40:48.074+0000] {filesystem.py:109} INFO - Poking for file /opt/airflow/dataremove_small_text.txt
[2024-10-01T10:41:48.106+0000] {filesystem.py:109} INFO - Poking for file /opt/airflow/dataremove_small_text.txt
[2024-10-01T10:42:48.111+0000] {filesystem.py:109} INFO - Poking for file /opt/airflow/dataremove_small_text.txt
[2024-10-01T10:43:48.119+0000] {filesystem.py:109} INFO - Poking for file /opt/airflow/dataremove_small_text.txt
[2024-10-01T10:44:48.121+0000] {filesystem.py:109} INFO - Poking for file /opt/airflow/dataremove_small_text.txt
[2024-10-01T10:45:48.125+0000] {filesystem.py:109} INFO - Poking for file /opt/airflow/dataremove_small_text.txt
[2024-10-01T10:46:48.134+0000] {filesystem.py:109} INFO - Poking for file /opt/airflow/dataremove_small_text.txt
[2024-10-01T10:47:48.141+0000] {filesystem.py:109} INFO - Poking for file /opt/airflow/dataremove_small_text.txt
[2024-10-01T10:48:48.144+0000] {filesystem.py:109} INFO - Poking for file /opt/airflow/dataremove_small_text.txt
[2024-10-01T10:49:48.148+0000] {filesystem.py:109} INFO - Poking for file /opt/airflow/dataremove_small_text.txt
[2024-10-01T10:50:48.151+0000] {filesystem.py:109} INFO - Poking for file /opt/airflow/dataremove_small_text.txt
[2024-10-01T10:51:48.155+0000] {filesystem.py:109} INFO - Poking for file /opt/airflow/dataremove_small_text.txt
[2024-10-01T10:52:48.159+0000] {filesystem.py:109} INFO - Poking for file /opt/airflow/dataremove_small_text.txt
[2024-10-01T10:53:48.161+0000] {filesystem.py:109} INFO - Poking for file /opt/airflow/dataremove_small_text.txt
[2024-10-01T10:54:48.170+0000] {filesystem.py:109} INFO - Poking for file /opt/airflow/dataremove_small_text.txt
[2024-10-01T10:55:48.178+0000] {filesystem.py:109} INFO - Poking for file /opt/airflow/dataremove_small_text.txt
[2024-10-01T11:12:46.286+0000] {job.py:229} INFO - Heartbeat recovered after 982.80 seconds
[2024-10-01T11:12:51.352+0000] {local_task_job_runner.py:346} WARNING - State of this instance has been externally set to failed. Terminating instance.
[2024-10-01T11:12:51.354+0000] {local_task_job_runner.py:245} INFO - ::endgroup::
[2024-10-01T11:12:51.358+0000] {process_utils.py:132} INFO - Sending 15 to group 175. PIDs of all processes in the group: [175]
[2024-10-01T11:12:51.358+0000] {process_utils.py:87} INFO - Sending the signal 15 to group 175
[2024-10-01T11:12:51.361+0000] {taskinstance.py:3092} ERROR - Received SIGTERM. Terminating subprocesses.
[2024-10-01T11:12:51.397+0000] {taskinstance.py:340} INFO - ::group::Post task execution logs
[2024-10-01T11:12:51.419+0000] {process_utils.py:80} INFO - Process psutil.Process(pid=175, status='terminated', exitcode=0, started='08:24:27') (175) terminated with exit code 0
