[2024-10-01T08:44:02.707+0000] {local_task_job_runner.py:123} INFO - ::group::Pre task execution logs
[2024-10-01T08:44:02.719+0000] {taskinstance.py:2612} INFO - Dependencies all met for dep_context=non-requeueable deps ti=<TaskInstance: trigger_dag.trigger_dag_id_3 manual__2024-10-01T08:44:00.031801+00:00 [queued]>
[2024-10-01T08:44:02.724+0000] {taskinstance.py:2612} INFO - Dependencies all met for dep_context=requeueable deps ti=<TaskInstance: trigger_dag.trigger_dag_id_3 manual__2024-10-01T08:44:00.031801+00:00 [queued]>
[2024-10-01T08:44:02.724+0000] {taskinstance.py:2865} INFO - Starting attempt 1 of 1
[2024-10-01T08:44:02.730+0000] {taskinstance.py:2888} INFO - Executing <Task(TriggerDagRunOperator): trigger_dag_id_3> on 2024-10-01 08:44:00.031801+00:00
[2024-10-01T08:44:02.733+0000] {warnings.py:112} WARNING - /home/airflow/.local/lib/python3.12/site-packages/airflow/task/task_runner/standard_task_runner.py:70: DeprecationWarning: This process (pid=447) is multi-threaded, use of fork() may lead to deadlocks in the child.
  pid = os.fork()

[2024-10-01T08:44:02.734+0000] {standard_task_runner.py:72} INFO - Started process 449 to run task
[2024-10-01T08:44:02.734+0000] {standard_task_runner.py:104} INFO - Running: ['airflow', 'tasks', 'run', 'trigger_dag', 'trigger_dag_id_3', 'manual__2024-10-01T08:44:00.031801+00:00', '--job-id', '55', '--raw', '--subdir', 'DAGS_FOLDER/trigger_dag.py', '--cfg-path', '/tmp/tmptvunae_z']
[2024-10-01T08:44:02.735+0000] {standard_task_runner.py:105} INFO - Job 55: Subtask trigger_dag_id_3
[2024-10-01T08:44:02.762+0000] {task_command.py:467} INFO - Running <TaskInstance: trigger_dag.trigger_dag_id_3 manual__2024-10-01T08:44:00.031801+00:00 [running]> on host ff60ea0b688d
[2024-10-01T08:44:02.806+0000] {taskinstance.py:3131} INFO - Exporting env vars: AIRFLOW_CTX_DAG_OWNER='airflow' AIRFLOW_CTX_DAG_ID='trigger_dag' AIRFLOW_CTX_TASK_ID='trigger_dag_id_3' AIRFLOW_CTX_EXECUTION_DATE='2024-10-01T08:44:00.031801+00:00' AIRFLOW_CTX_TRY_NUMBER='1' AIRFLOW_CTX_DAG_RUN_ID='manual__2024-10-01T08:44:00.031801+00:00'
[2024-10-01T08:44:02.807+0000] {logging_mixin.py:190} INFO - Task instance is in running state
[2024-10-01T08:44:02.808+0000] {logging_mixin.py:190} INFO -  Previous state of the Task instance: queued
[2024-10-01T08:44:02.808+0000] {logging_mixin.py:190} INFO - Current task name:trigger_dag_id_3 state:running start_date:2024-10-01 08:44:02.720031+00:00
[2024-10-01T08:44:02.808+0000] {logging_mixin.py:190} INFO - Dag name:trigger_dag and current dag run status:running
[2024-10-01T08:44:02.808+0000] {taskinstance.py:731} INFO - ::endgroup::
[2024-10-01T08:44:02.860+0000] {taskinstance.py:340} INFO - ::group::Post task execution logs
[2024-10-01T08:44:02.860+0000] {taskinstance.py:352} INFO - Marking task as SUCCESS. dag_id=trigger_dag, task_id=trigger_dag_id_3, run_id=manual__2024-10-01T08:44:00.031801+00:00, execution_date=20241001T084400, start_date=20241001T084402, end_date=20241001T084402
[2024-10-01T08:44:02.865+0000] {logging_mixin.py:190} INFO - Task instance in success state
[2024-10-01T08:44:02.866+0000] {logging_mixin.py:190} INFO -  Previous state of the Task instance: running
[2024-10-01T08:44:02.866+0000] {logging_mixin.py:190} INFO - Dag name:trigger_dag queued_at:2024-10-01 08:44:00.038645+00:00
[2024-10-01T08:44:02.866+0000] {logging_mixin.py:190} INFO - Task hostname:ff60ea0b688d operator:TriggerDagRunOperator
[2024-10-01T08:44:02.874+0000] {local_task_job_runner.py:266} INFO - Task exited with return code 0
[2024-10-01T08:44:02.892+0000] {taskinstance.py:3900} INFO - 1 downstream tasks scheduled from follow-on schedule check
[2024-10-01T08:44:02.893+0000] {local_task_job_runner.py:245} INFO - ::endgroup::
