[2024-10-10T12:29:38.054+0000] {local_task_job_runner.py:123} INFO - ::group::Pre task execution logs
[2024-10-10T12:29:38.065+0000] {taskinstance.py:2612} INFO - Dependencies all met for dep_context=non-requeueable deps ti=<TaskInstance: slack_dag.slack manual__2024-10-10T12:29:37.095617+00:00 [queued]>
[2024-10-10T12:29:38.070+0000] {taskinstance.py:2612} INFO - Dependencies all met for dep_context=requeueable deps ti=<TaskInstance: slack_dag.slack manual__2024-10-10T12:29:37.095617+00:00 [queued]>
[2024-10-10T12:29:38.070+0000] {taskinstance.py:2865} INFO - Starting attempt 1 of 1
[2024-10-10T12:29:38.077+0000] {taskinstance.py:2888} INFO - Executing <Task(SlackWebhookOperator): slack> on 2024-10-10 12:29:37.095617+00:00
[2024-10-10T12:29:38.080+0000] {warnings.py:112} WARNING - /home/airflow/.local/lib/python3.12/site-packages/airflow/task/task_runner/standard_task_runner.py:70: DeprecationWarning: This process (pid=974) is multi-threaded, use of fork() may lead to deadlocks in the child.
  pid = os.fork()

[2024-10-10T12:29:38.081+0000] {standard_task_runner.py:72} INFO - Started process 976 to run task
[2024-10-10T12:29:38.082+0000] {standard_task_runner.py:104} INFO - Running: ['airflow', 'tasks', 'run', 'slack_dag', 'slack', 'manual__2024-10-10T12:29:37.095617+00:00', '--job-id', '275', '--raw', '--subdir', 'DAGS_FOLDER/slack.py', '--cfg-path', '/tmp/tmp_4txnbe0']
[2024-10-10T12:29:38.083+0000] {standard_task_runner.py:105} INFO - Job 275: Subtask slack
[2024-10-10T12:29:38.117+0000] {task_command.py:467} INFO - Running <TaskInstance: slack_dag.slack manual__2024-10-10T12:29:37.095617+00:00 [running]> on host 14eb9bd36bc1
[2024-10-10T12:29:38.169+0000] {taskinstance.py:3131} INFO - Exporting env vars: AIRFLOW_CTX_DAG_OWNER='airflow' AIRFLOW_CTX_DAG_ID='slack_dag' AIRFLOW_CTX_TASK_ID='slack' AIRFLOW_CTX_EXECUTION_DATE='2024-10-10T12:29:37.095617+00:00' AIRFLOW_CTX_TRY_NUMBER='1' AIRFLOW_CTX_DAG_RUN_ID='manual__2024-10-10T12:29:37.095617+00:00'
[2024-10-10T12:29:38.170+0000] {logging_mixin.py:190} INFO - Task instance is in running state
[2024-10-10T12:29:38.171+0000] {logging_mixin.py:190} INFO -  Previous state of the Task instance: queued
[2024-10-10T12:29:38.171+0000] {logging_mixin.py:190} INFO - Current task name:slack state:running start_date:2024-10-10 12:29:38.066222+00:00
[2024-10-10T12:29:38.171+0000] {logging_mixin.py:190} INFO - Dag name:slack_dag and current dag run status:running
[2024-10-10T12:29:38.171+0000] {taskinstance.py:731} INFO - ::endgroup::
[2024-10-10T12:29:38.172+0000] {warnings.py:112} WARNING - /home/airflow/.local/lib/python3.12/site-packages/airflow/providers/slack/hooks/slack_webhook.py:42: UserWarning: You cannot override the default channel (chosen by the user who installed your app), username, or icon when you're using Incoming Webhooks to post messages. Instead, these values will always inherit from the associated Slack app configuration. See: https://api.slack.com/messaging/webhooks#advanced_message_formatting. It is possible to change this values only in Legacy Slack Integration Incoming Webhook: https://api.slack.com/legacy/custom-integrations/messaging/webhooks#legacy-customizations
  resp = func(*args, **kwargs)

[2024-10-10T12:29:38.178+0000] {base.py:84} INFO - Retrieving connection 'slack_conn'
[2024-10-10T12:29:39.018+0000] {taskinstance.py:340} INFO - ::group::Post task execution logs
[2024-10-10T12:29:39.019+0000] {taskinstance.py:352} INFO - Marking task as SUCCESS. dag_id=slack_dag, task_id=slack, run_id=manual__2024-10-10T12:29:37.095617+00:00, execution_date=20241010T122937, start_date=20241010T122938, end_date=20241010T122939
[2024-10-10T12:29:39.031+0000] {logging_mixin.py:190} INFO - Task instance in success state
[2024-10-10T12:29:39.031+0000] {logging_mixin.py:190} INFO -  Previous state of the Task instance: running
[2024-10-10T12:29:39.031+0000] {logging_mixin.py:190} INFO - Dag name:slack_dag queued_at:2024-10-10 12:29:37.110499+00:00
[2024-10-10T12:29:39.032+0000] {logging_mixin.py:190} INFO - Task hostname:14eb9bd36bc1 operator:SlackWebhookOperator
[2024-10-10T12:29:39.077+0000] {local_task_job_runner.py:266} INFO - Task exited with return code 0
[2024-10-10T12:29:39.093+0000] {taskinstance.py:3900} INFO - 0 downstream tasks scheduled from follow-on schedule check
[2024-10-10T12:29:39.094+0000] {local_task_job_runner.py:245} INFO - ::endgroup::
