[2024-09-30T12:18:40.384+0000] {processor.py:186} INFO - Started process (PID=45) to work on /opt/airflow/dags/dag_id_3.py
[2024-09-30T12:18:40.385+0000] {processor.py:914} INFO - Processing file /opt/airflow/dags/dag_id_3.py for tasks to queue
[2024-09-30T12:18:40.388+0000] {logging_mixin.py:190} INFO - [2024-09-30T12:18:40.388+0000] {dagbag.py:588} INFO - Filling up the DagBag from /opt/airflow/dags/dag_id_3.py
[2024-09-30T12:18:40.404+0000] {processor.py:925} INFO - DAG(s) 'dag_id_3' retrieved from /opt/airflow/dags/dag_id_3.py
[2024-09-30T12:18:40.557+0000] {logging_mixin.py:190} INFO - [2024-09-30T12:18:40.555+0000] {override.py:1900} INFO - Created Permission View: can read on DAG:dag_id_3
[2024-09-30T12:18:40.564+0000] {logging_mixin.py:190} INFO - [2024-09-30T12:18:40.564+0000] {override.py:1900} INFO - Created Permission View: can edit on DAG:dag_id_3
[2024-09-30T12:18:40.569+0000] {logging_mixin.py:190} INFO - [2024-09-30T12:18:40.569+0000] {override.py:1900} INFO - Created Permission View: can delete on DAG:dag_id_3
[2024-09-30T12:18:40.574+0000] {logging_mixin.py:190} INFO - [2024-09-30T12:18:40.574+0000] {override.py:1900} INFO - Created Permission View: can read on DAG Run:dag_id_3
[2024-09-30T12:18:40.579+0000] {logging_mixin.py:190} INFO - [2024-09-30T12:18:40.579+0000] {override.py:1900} INFO - Created Permission View: menu access on DAG Run:dag_id_3
[2024-09-30T12:18:40.584+0000] {logging_mixin.py:190} INFO - [2024-09-30T12:18:40.583+0000] {override.py:1900} INFO - Created Permission View: can create on DAG Run:dag_id_3
[2024-09-30T12:18:40.588+0000] {logging_mixin.py:190} INFO - [2024-09-30T12:18:40.588+0000] {override.py:1900} INFO - Created Permission View: can delete on DAG Run:dag_id_3
[2024-09-30T12:18:40.589+0000] {logging_mixin.py:190} INFO - [2024-09-30T12:18:40.589+0000] {dag.py:3239} INFO - Sync 1 DAGs
[2024-09-30T12:18:40.604+0000] {logging_mixin.py:190} INFO - [2024-09-30T12:18:40.604+0000] {dag.py:3262} INFO - Creating ORM DAG for dag_id_3
[2024-09-30T12:18:40.605+0000] {logging_mixin.py:190} INFO - [2024-09-30T12:18:40.605+0000] {dag.py:4180} INFO - Setting next_dagrun for dag_id_3 to None, run_after=None
[2024-09-30T12:18:40.616+0000] {processor.py:208} INFO - Processing /opt/airflow/dags/dag_id_3.py took 0.237 seconds
[2024-09-30T12:19:11.064+0000] {processor.py:186} INFO - Started process (PID=111) to work on /opt/airflow/dags/dag_id_3.py
[2024-09-30T12:19:11.065+0000] {processor.py:914} INFO - Processing file /opt/airflow/dags/dag_id_3.py for tasks to queue
[2024-09-30T12:19:11.068+0000] {logging_mixin.py:190} INFO - [2024-09-30T12:19:11.067+0000] {dagbag.py:588} INFO - Filling up the DagBag from /opt/airflow/dags/dag_id_3.py
[2024-09-30T12:19:11.077+0000] {processor.py:925} INFO - DAG(s) 'dag_id_3' retrieved from /opt/airflow/dags/dag_id_3.py
[2024-09-30T12:19:11.096+0000] {logging_mixin.py:190} INFO - [2024-09-30T12:19:11.096+0000] {dag.py:3239} INFO - Sync 1 DAGs
[2024-09-30T12:19:11.108+0000] {logging_mixin.py:190} INFO - [2024-09-30T12:19:11.108+0000] {dag.py:4180} INFO - Setting next_dagrun for dag_id_3 to None, run_after=None
[2024-09-30T12:19:11.119+0000] {processor.py:208} INFO - Processing /opt/airflow/dags/dag_id_3.py took 0.060 seconds
[2024-09-30T12:19:41.449+0000] {processor.py:186} INFO - Started process (PID=176) to work on /opt/airflow/dags/dag_id_3.py
[2024-09-30T12:19:41.454+0000] {processor.py:914} INFO - Processing file /opt/airflow/dags/dag_id_3.py for tasks to queue
[2024-09-30T12:19:41.457+0000] {logging_mixin.py:190} INFO - [2024-09-30T12:19:41.457+0000] {dagbag.py:588} INFO - Filling up the DagBag from /opt/airflow/dags/dag_id_3.py
[2024-09-30T12:19:41.467+0000] {processor.py:925} INFO - DAG(s) 'dag_id_3' retrieved from /opt/airflow/dags/dag_id_3.py
[2024-09-30T12:19:41.481+0000] {logging_mixin.py:190} INFO - [2024-09-30T12:19:41.481+0000] {dag.py:3239} INFO - Sync 1 DAGs
[2024-09-30T12:19:41.492+0000] {logging_mixin.py:190} INFO - [2024-09-30T12:19:41.492+0000] {dag.py:4180} INFO - Setting next_dagrun for dag_id_3 to None, run_after=None
[2024-09-30T12:19:41.504+0000] {processor.py:208} INFO - Processing /opt/airflow/dags/dag_id_3.py took 0.059 seconds
[2024-09-30T12:20:11.785+0000] {processor.py:186} INFO - Started process (PID=242) to work on /opt/airflow/dags/dag_id_3.py
[2024-09-30T12:20:11.786+0000] {processor.py:914} INFO - Processing file /opt/airflow/dags/dag_id_3.py for tasks to queue
[2024-09-30T12:20:11.788+0000] {logging_mixin.py:190} INFO - [2024-09-30T12:20:11.788+0000] {dagbag.py:588} INFO - Filling up the DagBag from /opt/airflow/dags/dag_id_3.py
[2024-09-30T12:20:11.796+0000] {processor.py:925} INFO - DAG(s) 'dag_id_3' retrieved from /opt/airflow/dags/dag_id_3.py
[2024-09-30T12:20:11.813+0000] {logging_mixin.py:190} INFO - [2024-09-30T12:20:11.813+0000] {dag.py:3239} INFO - Sync 1 DAGs
[2024-09-30T12:20:11.824+0000] {logging_mixin.py:190} INFO - [2024-09-30T12:20:11.824+0000] {dag.py:4180} INFO - Setting next_dagrun for dag_id_3 to None, run_after=None
[2024-09-30T12:20:11.835+0000] {processor.py:208} INFO - Processing /opt/airflow/dags/dag_id_3.py took 0.054 seconds
[2024-09-30T12:20:42.296+0000] {processor.py:186} INFO - Started process (PID=307) to work on /opt/airflow/dags/dag_id_3.py
[2024-09-30T12:20:42.297+0000] {processor.py:914} INFO - Processing file /opt/airflow/dags/dag_id_3.py for tasks to queue
[2024-09-30T12:20:42.300+0000] {logging_mixin.py:190} INFO - [2024-09-30T12:20:42.300+0000] {dagbag.py:588} INFO - Filling up the DagBag from /opt/airflow/dags/dag_id_3.py
[2024-09-30T12:20:42.311+0000] {processor.py:925} INFO - DAG(s) 'dag_id_3' retrieved from /opt/airflow/dags/dag_id_3.py
[2024-09-30T12:20:42.329+0000] {logging_mixin.py:190} INFO - [2024-09-30T12:20:42.328+0000] {dag.py:3239} INFO - Sync 1 DAGs
[2024-09-30T12:20:42.349+0000] {logging_mixin.py:190} INFO - [2024-09-30T12:20:42.348+0000] {dag.py:4180} INFO - Setting next_dagrun for dag_id_3 to None, run_after=None
[2024-09-30T12:20:42.368+0000] {processor.py:208} INFO - Processing /opt/airflow/dags/dag_id_3.py took 0.077 seconds
[2024-09-30T12:21:12.702+0000] {processor.py:186} INFO - Started process (PID=373) to work on /opt/airflow/dags/dag_id_3.py
[2024-09-30T12:21:12.703+0000] {processor.py:914} INFO - Processing file /opt/airflow/dags/dag_id_3.py for tasks to queue
[2024-09-30T12:21:12.706+0000] {logging_mixin.py:190} INFO - [2024-09-30T12:21:12.706+0000] {dagbag.py:588} INFO - Filling up the DagBag from /opt/airflow/dags/dag_id_3.py
[2024-09-30T12:21:12.716+0000] {processor.py:925} INFO - DAG(s) 'dag_id_3' retrieved from /opt/airflow/dags/dag_id_3.py
[2024-09-30T12:21:12.739+0000] {logging_mixin.py:190} INFO - [2024-09-30T12:21:12.739+0000] {dag.py:3239} INFO - Sync 1 DAGs
[2024-09-30T12:21:12.752+0000] {logging_mixin.py:190} INFO - [2024-09-30T12:21:12.752+0000] {dag.py:4180} INFO - Setting next_dagrun for dag_id_3 to None, run_after=None
[2024-09-30T12:21:12.767+0000] {processor.py:208} INFO - Processing /opt/airflow/dags/dag_id_3.py took 0.071 seconds
[2024-09-30T12:21:43.282+0000] {processor.py:186} INFO - Started process (PID=438) to work on /opt/airflow/dags/dag_id_3.py
[2024-09-30T12:21:43.282+0000] {processor.py:914} INFO - Processing file /opt/airflow/dags/dag_id_3.py for tasks to queue
[2024-09-30T12:21:43.285+0000] {logging_mixin.py:190} INFO - [2024-09-30T12:21:43.285+0000] {dagbag.py:588} INFO - Filling up the DagBag from /opt/airflow/dags/dag_id_3.py
[2024-09-30T12:21:43.294+0000] {processor.py:925} INFO - DAG(s) 'dag_id_3' retrieved from /opt/airflow/dags/dag_id_3.py
[2024-09-30T12:21:43.310+0000] {logging_mixin.py:190} INFO - [2024-09-30T12:21:43.309+0000] {dag.py:3239} INFO - Sync 1 DAGs
[2024-09-30T12:21:43.324+0000] {logging_mixin.py:190} INFO - [2024-09-30T12:21:43.324+0000] {dag.py:4180} INFO - Setting next_dagrun for dag_id_3 to None, run_after=None
[2024-09-30T12:21:43.337+0000] {processor.py:208} INFO - Processing /opt/airflow/dags/dag_id_3.py took 0.059 seconds
[2024-09-30T12:22:13.817+0000] {processor.py:186} INFO - Started process (PID=504) to work on /opt/airflow/dags/dag_id_3.py
[2024-09-30T12:22:13.818+0000] {processor.py:914} INFO - Processing file /opt/airflow/dags/dag_id_3.py for tasks to queue
[2024-09-30T12:22:13.823+0000] {logging_mixin.py:190} INFO - [2024-09-30T12:22:13.823+0000] {dagbag.py:588} INFO - Filling up the DagBag from /opt/airflow/dags/dag_id_3.py
[2024-09-30T12:22:13.840+0000] {processor.py:925} INFO - DAG(s) 'dag_id_3' retrieved from /opt/airflow/dags/dag_id_3.py
[2024-09-30T12:22:13.870+0000] {logging_mixin.py:190} INFO - [2024-09-30T12:22:13.870+0000] {dag.py:3239} INFO - Sync 1 DAGs
[2024-09-30T12:22:13.887+0000] {logging_mixin.py:190} INFO - [2024-09-30T12:22:13.887+0000] {dag.py:4180} INFO - Setting next_dagrun for dag_id_3 to None, run_after=None
[2024-09-30T12:22:13.904+0000] {processor.py:208} INFO - Processing /opt/airflow/dags/dag_id_3.py took 0.091 seconds
[2024-09-30T12:22:44.301+0000] {processor.py:186} INFO - Started process (PID=570) to work on /opt/airflow/dags/dag_id_3.py
[2024-09-30T12:22:44.302+0000] {processor.py:914} INFO - Processing file /opt/airflow/dags/dag_id_3.py for tasks to queue
[2024-09-30T12:22:44.304+0000] {logging_mixin.py:190} INFO - [2024-09-30T12:22:44.304+0000] {dagbag.py:588} INFO - Filling up the DagBag from /opt/airflow/dags/dag_id_3.py
[2024-09-30T12:22:44.314+0000] {processor.py:925} INFO - DAG(s) 'dag_id_3' retrieved from /opt/airflow/dags/dag_id_3.py
[2024-09-30T12:22:44.329+0000] {logging_mixin.py:190} INFO - [2024-09-30T12:22:44.329+0000] {dag.py:3239} INFO - Sync 1 DAGs
[2024-09-30T12:22:44.341+0000] {logging_mixin.py:190} INFO - [2024-09-30T12:22:44.340+0000] {dag.py:4180} INFO - Setting next_dagrun for dag_id_3 to None, run_after=None
[2024-09-30T12:22:44.352+0000] {processor.py:208} INFO - Processing /opt/airflow/dags/dag_id_3.py took 0.056 seconds
[2024-09-30T12:23:14.509+0000] {processor.py:186} INFO - Started process (PID=635) to work on /opt/airflow/dags/dag_id_3.py
[2024-09-30T12:23:14.510+0000] {processor.py:914} INFO - Processing file /opt/airflow/dags/dag_id_3.py for tasks to queue
[2024-09-30T12:23:14.512+0000] {logging_mixin.py:190} INFO - [2024-09-30T12:23:14.512+0000] {dagbag.py:588} INFO - Filling up the DagBag from /opt/airflow/dags/dag_id_3.py
[2024-09-30T12:23:14.519+0000] {processor.py:925} INFO - DAG(s) 'dag_id_3' retrieved from /opt/airflow/dags/dag_id_3.py
[2024-09-30T12:23:14.535+0000] {logging_mixin.py:190} INFO - [2024-09-30T12:23:14.534+0000] {dag.py:3239} INFO - Sync 1 DAGs
[2024-09-30T12:23:14.547+0000] {logging_mixin.py:190} INFO - [2024-09-30T12:23:14.547+0000] {dag.py:4180} INFO - Setting next_dagrun for dag_id_3 to None, run_after=None
[2024-09-30T12:23:14.562+0000] {processor.py:208} INFO - Processing /opt/airflow/dags/dag_id_3.py took 0.057 seconds
[2024-09-30T12:23:44.789+0000] {processor.py:186} INFO - Started process (PID=707) to work on /opt/airflow/dags/dag_id_3.py
[2024-09-30T12:23:44.790+0000] {processor.py:914} INFO - Processing file /opt/airflow/dags/dag_id_3.py for tasks to queue
[2024-09-30T12:23:44.791+0000] {logging_mixin.py:190} INFO - [2024-09-30T12:23:44.791+0000] {dagbag.py:588} INFO - Filling up the DagBag from /opt/airflow/dags/dag_id_3.py
[2024-09-30T12:23:44.800+0000] {processor.py:925} INFO - DAG(s) 'dag_id_3' retrieved from /opt/airflow/dags/dag_id_3.py
[2024-09-30T12:23:44.814+0000] {logging_mixin.py:190} INFO - [2024-09-30T12:23:44.814+0000] {dag.py:3239} INFO - Sync 1 DAGs
[2024-09-30T12:23:44.827+0000] {logging_mixin.py:190} INFO - [2024-09-30T12:23:44.827+0000] {dag.py:4180} INFO - Setting next_dagrun for dag_id_3 to None, run_after=None
[2024-09-30T12:23:44.843+0000] {processor.py:208} INFO - Processing /opt/airflow/dags/dag_id_3.py took 0.059 seconds
[2024-09-30T12:24:15.140+0000] {processor.py:186} INFO - Started process (PID=773) to work on /opt/airflow/dags/dag_id_3.py
[2024-09-30T12:24:15.141+0000] {processor.py:914} INFO - Processing file /opt/airflow/dags/dag_id_3.py for tasks to queue
[2024-09-30T12:24:15.144+0000] {logging_mixin.py:190} INFO - [2024-09-30T12:24:15.144+0000] {dagbag.py:588} INFO - Filling up the DagBag from /opt/airflow/dags/dag_id_3.py
[2024-09-30T12:24:15.157+0000] {processor.py:925} INFO - DAG(s) 'dag_id_3' retrieved from /opt/airflow/dags/dag_id_3.py
[2024-09-30T12:24:15.174+0000] {logging_mixin.py:190} INFO - [2024-09-30T12:24:15.173+0000] {dag.py:3239} INFO - Sync 1 DAGs
[2024-09-30T12:24:15.187+0000] {logging_mixin.py:190} INFO - [2024-09-30T12:24:15.187+0000] {dag.py:4180} INFO - Setting next_dagrun for dag_id_3 to None, run_after=None
[2024-09-30T12:24:15.203+0000] {processor.py:208} INFO - Processing /opt/airflow/dags/dag_id_3.py took 0.069 seconds
[2024-09-30T12:27:58.382+0000] {processor.py:186} INFO - Started process (PID=45) to work on /opt/airflow/dags/dag_id_3.py
[2024-09-30T12:27:58.383+0000] {processor.py:914} INFO - Processing file /opt/airflow/dags/dag_id_3.py for tasks to queue
[2024-09-30T12:27:58.386+0000] {logging_mixin.py:190} INFO - [2024-09-30T12:27:58.385+0000] {dagbag.py:588} INFO - Filling up the DagBag from /opt/airflow/dags/dag_id_3.py
[2024-09-30T12:27:58.396+0000] {processor.py:925} INFO - DAG(s) 'dag_id_3' retrieved from /opt/airflow/dags/dag_id_3.py
[2024-09-30T12:27:58.414+0000] {logging_mixin.py:190} INFO - [2024-09-30T12:27:58.414+0000] {dag.py:3239} INFO - Sync 1 DAGs
[2024-09-30T12:27:58.428+0000] {logging_mixin.py:190} INFO - [2024-09-30T12:27:58.427+0000] {dag.py:4180} INFO - Setting next_dagrun for dag_id_3 to None, run_after=None
[2024-09-30T12:27:58.440+0000] {processor.py:208} INFO - Processing /opt/airflow/dags/dag_id_3.py took 0.063 seconds
[2024-09-30T12:28:29.429+0000] {processor.py:186} INFO - Started process (PID=111) to work on /opt/airflow/dags/dag_id_3.py
[2024-09-30T12:28:29.430+0000] {processor.py:914} INFO - Processing file /opt/airflow/dags/dag_id_3.py for tasks to queue
[2024-09-30T12:28:29.431+0000] {logging_mixin.py:190} INFO - [2024-09-30T12:28:29.431+0000] {dagbag.py:588} INFO - Filling up the DagBag from /opt/airflow/dags/dag_id_3.py
[2024-09-30T12:28:29.440+0000] {processor.py:925} INFO - DAG(s) 'dag_id_3' retrieved from /opt/airflow/dags/dag_id_3.py
[2024-09-30T12:28:29.457+0000] {logging_mixin.py:190} INFO - [2024-09-30T12:28:29.457+0000] {dag.py:3239} INFO - Sync 1 DAGs
[2024-09-30T12:28:29.468+0000] {logging_mixin.py:190} INFO - [2024-09-30T12:28:29.468+0000] {dag.py:4180} INFO - Setting next_dagrun for dag_id_3 to None, run_after=None
[2024-09-30T12:28:29.480+0000] {processor.py:208} INFO - Processing /opt/airflow/dags/dag_id_3.py took 0.055 seconds
[2024-09-30T12:28:59.971+0000] {processor.py:186} INFO - Started process (PID=177) to work on /opt/airflow/dags/dag_id_3.py
[2024-09-30T12:28:59.972+0000] {processor.py:914} INFO - Processing file /opt/airflow/dags/dag_id_3.py for tasks to queue
[2024-09-30T12:28:59.974+0000] {logging_mixin.py:190} INFO - [2024-09-30T12:28:59.974+0000] {dagbag.py:588} INFO - Filling up the DagBag from /opt/airflow/dags/dag_id_3.py
[2024-09-30T12:28:59.985+0000] {processor.py:925} INFO - DAG(s) 'dag_id_3' retrieved from /opt/airflow/dags/dag_id_3.py
[2024-09-30T12:29:00.010+0000] {logging_mixin.py:190} INFO - [2024-09-30T12:29:00.009+0000] {dag.py:3239} INFO - Sync 1 DAGs
[2024-09-30T12:29:00.023+0000] {logging_mixin.py:190} INFO - [2024-09-30T12:29:00.022+0000] {dag.py:4180} INFO - Setting next_dagrun for dag_id_3 to None, run_after=None
[2024-09-30T12:29:00.034+0000] {processor.py:208} INFO - Processing /opt/airflow/dags/dag_id_3.py took 0.067 seconds
[2024-09-30T12:29:30.401+0000] {processor.py:186} INFO - Started process (PID=243) to work on /opt/airflow/dags/dag_id_3.py
[2024-09-30T12:29:30.401+0000] {processor.py:914} INFO - Processing file /opt/airflow/dags/dag_id_3.py for tasks to queue
[2024-09-30T12:29:30.403+0000] {logging_mixin.py:190} INFO - [2024-09-30T12:29:30.403+0000] {dagbag.py:588} INFO - Filling up the DagBag from /opt/airflow/dags/dag_id_3.py
[2024-09-30T12:29:30.410+0000] {processor.py:925} INFO - DAG(s) 'dag_id_3' retrieved from /opt/airflow/dags/dag_id_3.py
[2024-09-30T12:29:30.427+0000] {logging_mixin.py:190} INFO - [2024-09-30T12:29:30.427+0000] {dag.py:3239} INFO - Sync 1 DAGs
[2024-09-30T12:29:30.439+0000] {logging_mixin.py:190} INFO - [2024-09-30T12:29:30.438+0000] {dag.py:4180} INFO - Setting next_dagrun for dag_id_3 to None, run_after=None
[2024-09-30T12:29:30.450+0000] {processor.py:208} INFO - Processing /opt/airflow/dags/dag_id_3.py took 0.054 seconds
[2024-09-30T12:30:00.793+0000] {processor.py:186} INFO - Started process (PID=309) to work on /opt/airflow/dags/dag_id_3.py
[2024-09-30T12:30:00.795+0000] {processor.py:914} INFO - Processing file /opt/airflow/dags/dag_id_3.py for tasks to queue
[2024-09-30T12:30:00.801+0000] {logging_mixin.py:190} INFO - [2024-09-30T12:30:00.800+0000] {dagbag.py:588} INFO - Filling up the DagBag from /opt/airflow/dags/dag_id_3.py
[2024-09-30T12:30:00.821+0000] {processor.py:925} INFO - DAG(s) 'dag_id_3' retrieved from /opt/airflow/dags/dag_id_3.py
[2024-09-30T12:30:00.838+0000] {logging_mixin.py:190} INFO - [2024-09-30T12:30:00.838+0000] {dag.py:3239} INFO - Sync 1 DAGs
[2024-09-30T12:30:00.849+0000] {logging_mixin.py:190} INFO - [2024-09-30T12:30:00.849+0000] {dag.py:4180} INFO - Setting next_dagrun for dag_id_3 to None, run_after=None
[2024-09-30T12:30:00.862+0000] {processor.py:208} INFO - Processing /opt/airflow/dags/dag_id_3.py took 0.074 seconds
[2024-09-30T12:30:31.175+0000] {processor.py:186} INFO - Started process (PID=375) to work on /opt/airflow/dags/dag_id_3.py
[2024-09-30T12:30:31.176+0000] {processor.py:914} INFO - Processing file /opt/airflow/dags/dag_id_3.py for tasks to queue
[2024-09-30T12:30:31.177+0000] {logging_mixin.py:190} INFO - [2024-09-30T12:30:31.177+0000] {dagbag.py:588} INFO - Filling up the DagBag from /opt/airflow/dags/dag_id_3.py
[2024-09-30T12:30:31.184+0000] {processor.py:925} INFO - DAG(s) 'dag_id_3' retrieved from /opt/airflow/dags/dag_id_3.py
[2024-09-30T12:30:31.202+0000] {logging_mixin.py:190} INFO - [2024-09-30T12:30:31.202+0000] {dag.py:3239} INFO - Sync 1 DAGs
[2024-09-30T12:30:31.213+0000] {logging_mixin.py:190} INFO - [2024-09-30T12:30:31.213+0000] {dag.py:4180} INFO - Setting next_dagrun for dag_id_3 to None, run_after=None
[2024-09-30T12:30:31.227+0000] {processor.py:208} INFO - Processing /opt/airflow/dags/dag_id_3.py took 0.056 seconds
[2024-09-30T12:31:01.989+0000] {processor.py:186} INFO - Started process (PID=447) to work on /opt/airflow/dags/dag_id_3.py
[2024-09-30T12:31:01.992+0000] {processor.py:914} INFO - Processing file /opt/airflow/dags/dag_id_3.py for tasks to queue
[2024-09-30T12:31:01.996+0000] {logging_mixin.py:190} INFO - [2024-09-30T12:31:01.995+0000] {dagbag.py:588} INFO - Filling up the DagBag from /opt/airflow/dags/dag_id_3.py
[2024-09-30T12:31:02.007+0000] {processor.py:925} INFO - DAG(s) 'dag_id_3' retrieved from /opt/airflow/dags/dag_id_3.py
[2024-09-30T12:31:02.023+0000] {logging_mixin.py:190} INFO - [2024-09-30T12:31:02.022+0000] {dag.py:3239} INFO - Sync 1 DAGs
[2024-09-30T12:31:02.036+0000] {logging_mixin.py:190} INFO - [2024-09-30T12:31:02.036+0000] {dag.py:4180} INFO - Setting next_dagrun for dag_id_3 to None, run_after=None
[2024-09-30T12:31:02.052+0000] {processor.py:208} INFO - Processing /opt/airflow/dags/dag_id_3.py took 0.075 seconds
[2024-09-30T12:31:32.725+0000] {processor.py:186} INFO - Started process (PID=513) to work on /opt/airflow/dags/dag_id_3.py
[2024-09-30T12:31:32.725+0000] {processor.py:914} INFO - Processing file /opt/airflow/dags/dag_id_3.py for tasks to queue
[2024-09-30T12:31:32.727+0000] {logging_mixin.py:190} INFO - [2024-09-30T12:31:32.727+0000] {dagbag.py:588} INFO - Filling up the DagBag from /opt/airflow/dags/dag_id_3.py
[2024-09-30T12:31:32.737+0000] {processor.py:925} INFO - DAG(s) 'dag_id_3' retrieved from /opt/airflow/dags/dag_id_3.py
[2024-09-30T12:31:32.752+0000] {logging_mixin.py:190} INFO - [2024-09-30T12:31:32.752+0000] {dag.py:3239} INFO - Sync 1 DAGs
[2024-09-30T12:31:32.762+0000] {logging_mixin.py:190} INFO - [2024-09-30T12:31:32.762+0000] {dag.py:4180} INFO - Setting next_dagrun for dag_id_3 to None, run_after=None
[2024-09-30T12:31:32.775+0000] {processor.py:208} INFO - Processing /opt/airflow/dags/dag_id_3.py took 0.054 seconds
[2024-09-30T12:32:40.712+0000] {processor.py:186} INFO - Started process (PID=44) to work on /opt/airflow/dags/dag_id_3.py
[2024-09-30T12:32:40.713+0000] {processor.py:914} INFO - Processing file /opt/airflow/dags/dag_id_3.py for tasks to queue
[2024-09-30T12:32:40.716+0000] {logging_mixin.py:190} INFO - [2024-09-30T12:32:40.716+0000] {dagbag.py:588} INFO - Filling up the DagBag from /opt/airflow/dags/dag_id_3.py
[2024-09-30T12:32:40.730+0000] {processor.py:925} INFO - DAG(s) 'dag_id_3' retrieved from /opt/airflow/dags/dag_id_3.py
[2024-09-30T12:32:40.762+0000] {logging_mixin.py:190} INFO - [2024-09-30T12:32:40.762+0000] {dag.py:3239} INFO - Sync 1 DAGs
[2024-09-30T12:32:40.779+0000] {logging_mixin.py:190} INFO - [2024-09-30T12:32:40.779+0000] {dag.py:4180} INFO - Setting next_dagrun for dag_id_3 to None, run_after=None
[2024-09-30T12:32:40.793+0000] {processor.py:208} INFO - Processing /opt/airflow/dags/dag_id_3.py took 0.086 seconds
[2024-09-30T12:33:11.014+0000] {processor.py:186} INFO - Started process (PID=110) to work on /opt/airflow/dags/dag_id_3.py
[2024-09-30T12:33:11.014+0000] {processor.py:914} INFO - Processing file /opt/airflow/dags/dag_id_3.py for tasks to queue
[2024-09-30T12:33:11.017+0000] {logging_mixin.py:190} INFO - [2024-09-30T12:33:11.017+0000] {dagbag.py:588} INFO - Filling up the DagBag from /opt/airflow/dags/dag_id_3.py
[2024-09-30T12:33:11.029+0000] {processor.py:925} INFO - DAG(s) 'dag_id_3' retrieved from /opt/airflow/dags/dag_id_3.py
[2024-09-30T12:33:11.049+0000] {logging_mixin.py:190} INFO - [2024-09-30T12:33:11.048+0000] {dag.py:3239} INFO - Sync 1 DAGs
[2024-09-30T12:33:11.072+0000] {logging_mixin.py:190} INFO - [2024-09-30T12:33:11.072+0000] {dag.py:4180} INFO - Setting next_dagrun for dag_id_3 to None, run_after=None
[2024-09-30T12:33:11.086+0000] {processor.py:208} INFO - Processing /opt/airflow/dags/dag_id_3.py took 0.079 seconds
[2024-09-30T12:33:41.595+0000] {processor.py:186} INFO - Started process (PID=176) to work on /opt/airflow/dags/dag_id_3.py
[2024-09-30T12:33:41.595+0000] {processor.py:914} INFO - Processing file /opt/airflow/dags/dag_id_3.py for tasks to queue
[2024-09-30T12:33:41.597+0000] {logging_mixin.py:190} INFO - [2024-09-30T12:33:41.596+0000] {dagbag.py:588} INFO - Filling up the DagBag from /opt/airflow/dags/dag_id_3.py
[2024-09-30T12:33:41.604+0000] {processor.py:925} INFO - DAG(s) 'dag_id_3' retrieved from /opt/airflow/dags/dag_id_3.py
[2024-09-30T12:33:41.619+0000] {logging_mixin.py:190} INFO - [2024-09-30T12:33:41.619+0000] {dag.py:3239} INFO - Sync 1 DAGs
[2024-09-30T12:33:41.628+0000] {logging_mixin.py:190} INFO - [2024-09-30T12:33:41.628+0000] {dag.py:4180} INFO - Setting next_dagrun for dag_id_3 to None, run_after=None
[2024-09-30T12:33:41.639+0000] {processor.py:208} INFO - Processing /opt/airflow/dags/dag_id_3.py took 0.048 seconds
[2024-09-30T12:34:11.953+0000] {processor.py:186} INFO - Started process (PID=242) to work on /opt/airflow/dags/dag_id_3.py
[2024-09-30T12:34:11.954+0000] {processor.py:914} INFO - Processing file /opt/airflow/dags/dag_id_3.py for tasks to queue
[2024-09-30T12:34:11.957+0000] {logging_mixin.py:190} INFO - [2024-09-30T12:34:11.957+0000] {dagbag.py:588} INFO - Filling up the DagBag from /opt/airflow/dags/dag_id_3.py
[2024-09-30T12:34:11.968+0000] {processor.py:925} INFO - DAG(s) 'dag_id_3' retrieved from /opt/airflow/dags/dag_id_3.py
[2024-09-30T12:34:11.987+0000] {logging_mixin.py:190} INFO - [2024-09-30T12:34:11.987+0000] {dag.py:3239} INFO - Sync 1 DAGs
[2024-09-30T12:34:12.002+0000] {logging_mixin.py:190} INFO - [2024-09-30T12:34:12.002+0000] {dag.py:4180} INFO - Setting next_dagrun for dag_id_3 to None, run_after=None
[2024-09-30T12:34:12.014+0000] {processor.py:208} INFO - Processing /opt/airflow/dags/dag_id_3.py took 0.068 seconds
[2024-09-30T12:34:42.364+0000] {processor.py:186} INFO - Started process (PID=308) to work on /opt/airflow/dags/dag_id_3.py
[2024-09-30T12:34:42.365+0000] {processor.py:914} INFO - Processing file /opt/airflow/dags/dag_id_3.py for tasks to queue
[2024-09-30T12:34:42.366+0000] {logging_mixin.py:190} INFO - [2024-09-30T12:34:42.366+0000] {dagbag.py:588} INFO - Filling up the DagBag from /opt/airflow/dags/dag_id_3.py
[2024-09-30T12:34:42.373+0000] {processor.py:925} INFO - DAG(s) 'dag_id_3' retrieved from /opt/airflow/dags/dag_id_3.py
[2024-09-30T12:34:42.388+0000] {logging_mixin.py:190} INFO - [2024-09-30T12:34:42.388+0000] {dag.py:3239} INFO - Sync 1 DAGs
[2024-09-30T12:34:42.398+0000] {logging_mixin.py:190} INFO - [2024-09-30T12:34:42.398+0000] {dag.py:4180} INFO - Setting next_dagrun for dag_id_3 to None, run_after=None
[2024-09-30T12:34:42.408+0000] {processor.py:208} INFO - Processing /opt/airflow/dags/dag_id_3.py took 0.049 seconds
[2024-09-30T12:35:12.544+0000] {processor.py:186} INFO - Started process (PID=373) to work on /opt/airflow/dags/dag_id_3.py
[2024-09-30T12:35:12.544+0000] {processor.py:914} INFO - Processing file /opt/airflow/dags/dag_id_3.py for tasks to queue
[2024-09-30T12:35:12.546+0000] {logging_mixin.py:190} INFO - [2024-09-30T12:35:12.546+0000] {dagbag.py:588} INFO - Filling up the DagBag from /opt/airflow/dags/dag_id_3.py
[2024-09-30T12:35:12.553+0000] {processor.py:925} INFO - DAG(s) 'dag_id_3' retrieved from /opt/airflow/dags/dag_id_3.py
[2024-09-30T12:35:12.568+0000] {logging_mixin.py:190} INFO - [2024-09-30T12:35:12.568+0000] {dag.py:3239} INFO - Sync 1 DAGs
[2024-09-30T12:35:12.578+0000] {logging_mixin.py:190} INFO - [2024-09-30T12:35:12.578+0000] {dag.py:4180} INFO - Setting next_dagrun for dag_id_3 to None, run_after=None
[2024-09-30T12:35:12.588+0000] {processor.py:208} INFO - Processing /opt/airflow/dags/dag_id_3.py took 0.048 seconds
[2024-09-30T12:35:42.952+0000] {processor.py:186} INFO - Started process (PID=439) to work on /opt/airflow/dags/dag_id_3.py
[2024-09-30T12:35:42.953+0000] {processor.py:914} INFO - Processing file /opt/airflow/dags/dag_id_3.py for tasks to queue
[2024-09-30T12:35:42.956+0000] {logging_mixin.py:190} INFO - [2024-09-30T12:35:42.955+0000] {dagbag.py:588} INFO - Filling up the DagBag from /opt/airflow/dags/dag_id_3.py
[2024-09-30T12:35:42.968+0000] {processor.py:925} INFO - DAG(s) 'dag_id_3' retrieved from /opt/airflow/dags/dag_id_3.py
[2024-09-30T12:35:42.986+0000] {logging_mixin.py:190} INFO - [2024-09-30T12:35:42.986+0000] {dag.py:3239} INFO - Sync 1 DAGs
[2024-09-30T12:35:43.001+0000] {logging_mixin.py:190} INFO - [2024-09-30T12:35:43.001+0000] {dag.py:4180} INFO - Setting next_dagrun for dag_id_3 to None, run_after=None
[2024-09-30T12:35:43.015+0000] {processor.py:208} INFO - Processing /opt/airflow/dags/dag_id_3.py took 0.069 seconds
[2024-09-30T12:36:13.658+0000] {processor.py:186} INFO - Started process (PID=505) to work on /opt/airflow/dags/dag_id_3.py
[2024-09-30T12:36:13.658+0000] {processor.py:914} INFO - Processing file /opt/airflow/dags/dag_id_3.py for tasks to queue
[2024-09-30T12:36:13.660+0000] {logging_mixin.py:190} INFO - [2024-09-30T12:36:13.659+0000] {dagbag.py:588} INFO - Filling up the DagBag from /opt/airflow/dags/dag_id_3.py
[2024-09-30T12:36:13.671+0000] {processor.py:925} INFO - DAG(s) 'dag_id_3' retrieved from /opt/airflow/dags/dag_id_3.py
[2024-09-30T12:36:13.685+0000] {logging_mixin.py:190} INFO - [2024-09-30T12:36:13.685+0000] {dag.py:3239} INFO - Sync 1 DAGs
[2024-09-30T12:36:13.699+0000] {logging_mixin.py:190} INFO - [2024-09-30T12:36:13.699+0000] {dag.py:4180} INFO - Setting next_dagrun for dag_id_3 to None, run_after=None
[2024-09-30T12:36:13.722+0000] {processor.py:208} INFO - Processing /opt/airflow/dags/dag_id_3.py took 0.068 seconds
[2024-09-30T12:36:44.183+0000] {processor.py:186} INFO - Started process (PID=571) to work on /opt/airflow/dags/dag_id_3.py
[2024-09-30T12:36:44.184+0000] {processor.py:914} INFO - Processing file /opt/airflow/dags/dag_id_3.py for tasks to queue
[2024-09-30T12:36:44.187+0000] {logging_mixin.py:190} INFO - [2024-09-30T12:36:44.187+0000] {dagbag.py:588} INFO - Filling up the DagBag from /opt/airflow/dags/dag_id_3.py
[2024-09-30T12:36:44.200+0000] {processor.py:925} INFO - DAG(s) 'dag_id_3' retrieved from /opt/airflow/dags/dag_id_3.py
[2024-09-30T12:36:44.217+0000] {logging_mixin.py:190} INFO - [2024-09-30T12:36:44.217+0000] {dag.py:3239} INFO - Sync 1 DAGs
[2024-09-30T12:36:44.233+0000] {logging_mixin.py:190} INFO - [2024-09-30T12:36:44.233+0000] {dag.py:4180} INFO - Setting next_dagrun for dag_id_3 to None, run_after=None
[2024-09-30T12:36:44.251+0000] {processor.py:208} INFO - Processing /opt/airflow/dags/dag_id_3.py took 0.074 seconds
[2024-09-30T12:37:14.684+0000] {processor.py:186} INFO - Started process (PID=637) to work on /opt/airflow/dags/dag_id_3.py
[2024-09-30T12:37:14.685+0000] {processor.py:914} INFO - Processing file /opt/airflow/dags/dag_id_3.py for tasks to queue
[2024-09-30T12:37:14.687+0000] {logging_mixin.py:190} INFO - [2024-09-30T12:37:14.687+0000] {dagbag.py:588} INFO - Filling up the DagBag from /opt/airflow/dags/dag_id_3.py
[2024-09-30T12:37:14.694+0000] {processor.py:925} INFO - DAG(s) 'dag_id_3' retrieved from /opt/airflow/dags/dag_id_3.py
[2024-09-30T12:37:14.708+0000] {logging_mixin.py:190} INFO - [2024-09-30T12:37:14.708+0000] {dag.py:3239} INFO - Sync 1 DAGs
[2024-09-30T12:37:14.718+0000] {logging_mixin.py:190} INFO - [2024-09-30T12:37:14.718+0000] {dag.py:4180} INFO - Setting next_dagrun for dag_id_3 to None, run_after=None
[2024-09-30T12:37:14.729+0000] {processor.py:208} INFO - Processing /opt/airflow/dags/dag_id_3.py took 0.048 seconds
[2024-09-30T12:37:44.979+0000] {processor.py:186} INFO - Started process (PID=703) to work on /opt/airflow/dags/dag_id_3.py
[2024-09-30T12:37:44.979+0000] {processor.py:914} INFO - Processing file /opt/airflow/dags/dag_id_3.py for tasks to queue
[2024-09-30T12:37:44.981+0000] {logging_mixin.py:190} INFO - [2024-09-30T12:37:44.980+0000] {dagbag.py:588} INFO - Filling up the DagBag from /opt/airflow/dags/dag_id_3.py
[2024-09-30T12:37:44.988+0000] {processor.py:925} INFO - DAG(s) 'dag_id_3' retrieved from /opt/airflow/dags/dag_id_3.py
[2024-09-30T12:37:45.003+0000] {logging_mixin.py:190} INFO - [2024-09-30T12:37:45.003+0000] {dag.py:3239} INFO - Sync 1 DAGs
[2024-09-30T12:37:45.013+0000] {logging_mixin.py:190} INFO - [2024-09-30T12:37:45.013+0000] {dag.py:4180} INFO - Setting next_dagrun for dag_id_3 to None, run_after=None
[2024-09-30T12:37:45.024+0000] {processor.py:208} INFO - Processing /opt/airflow/dags/dag_id_3.py took 0.050 seconds
[2024-09-30T12:38:15.799+0000] {processor.py:186} INFO - Started process (PID=775) to work on /opt/airflow/dags/dag_id_3.py
[2024-09-30T12:38:15.800+0000] {processor.py:914} INFO - Processing file /opt/airflow/dags/dag_id_3.py for tasks to queue
[2024-09-30T12:38:15.803+0000] {logging_mixin.py:190} INFO - [2024-09-30T12:38:15.803+0000] {dagbag.py:588} INFO - Filling up the DagBag from /opt/airflow/dags/dag_id_3.py
[2024-09-30T12:38:15.814+0000] {processor.py:925} INFO - DAG(s) 'dag_id_3' retrieved from /opt/airflow/dags/dag_id_3.py
[2024-09-30T12:38:15.850+0000] {logging_mixin.py:190} INFO - [2024-09-30T12:38:15.849+0000] {dag.py:3239} INFO - Sync 1 DAGs
[2024-09-30T12:38:15.863+0000] {logging_mixin.py:190} INFO - [2024-09-30T12:38:15.863+0000] {dag.py:4180} INFO - Setting next_dagrun for dag_id_3 to None, run_after=None
[2024-09-30T12:38:15.880+0000] {processor.py:208} INFO - Processing /opt/airflow/dags/dag_id_3.py took 0.087 seconds
[2024-09-30T12:38:46.166+0000] {processor.py:186} INFO - Started process (PID=841) to work on /opt/airflow/dags/dag_id_3.py
[2024-09-30T12:38:46.167+0000] {processor.py:914} INFO - Processing file /opt/airflow/dags/dag_id_3.py for tasks to queue
[2024-09-30T12:38:46.169+0000] {logging_mixin.py:190} INFO - [2024-09-30T12:38:46.169+0000] {dagbag.py:588} INFO - Filling up the DagBag from /opt/airflow/dags/dag_id_3.py
[2024-09-30T12:38:46.175+0000] {processor.py:925} INFO - DAG(s) 'dag_id_3' retrieved from /opt/airflow/dags/dag_id_3.py
[2024-09-30T12:38:46.189+0000] {logging_mixin.py:190} INFO - [2024-09-30T12:38:46.189+0000] {dag.py:3239} INFO - Sync 1 DAGs
[2024-09-30T12:38:46.199+0000] {logging_mixin.py:190} INFO - [2024-09-30T12:38:46.199+0000] {dag.py:4180} INFO - Setting next_dagrun for dag_id_3 to None, run_after=None
[2024-09-30T12:38:46.222+0000] {processor.py:208} INFO - Processing /opt/airflow/dags/dag_id_3.py took 0.060 seconds
[2024-09-30T12:39:16.598+0000] {processor.py:186} INFO - Started process (PID=907) to work on /opt/airflow/dags/dag_id_3.py
[2024-09-30T12:39:16.599+0000] {processor.py:914} INFO - Processing file /opt/airflow/dags/dag_id_3.py for tasks to queue
[2024-09-30T12:39:16.600+0000] {logging_mixin.py:190} INFO - [2024-09-30T12:39:16.600+0000] {dagbag.py:588} INFO - Filling up the DagBag from /opt/airflow/dags/dag_id_3.py
[2024-09-30T12:39:16.610+0000] {processor.py:925} INFO - DAG(s) 'dag_id_3' retrieved from /opt/airflow/dags/dag_id_3.py
[2024-09-30T12:39:16.626+0000] {logging_mixin.py:190} INFO - [2024-09-30T12:39:16.625+0000] {dag.py:3239} INFO - Sync 1 DAGs
[2024-09-30T12:39:16.640+0000] {logging_mixin.py:190} INFO - [2024-09-30T12:39:16.640+0000] {dag.py:4180} INFO - Setting next_dagrun for dag_id_3 to None, run_after=None
[2024-09-30T12:39:16.676+0000] {processor.py:208} INFO - Processing /opt/airflow/dags/dag_id_3.py took 0.083 seconds
[2024-09-30T12:39:47.267+0000] {processor.py:186} INFO - Started process (PID=973) to work on /opt/airflow/dags/dag_id_3.py
[2024-09-30T12:39:47.268+0000] {processor.py:914} INFO - Processing file /opt/airflow/dags/dag_id_3.py for tasks to queue
[2024-09-30T12:39:47.270+0000] {logging_mixin.py:190} INFO - [2024-09-30T12:39:47.270+0000] {dagbag.py:588} INFO - Filling up the DagBag from /opt/airflow/dags/dag_id_3.py
[2024-09-30T12:39:47.278+0000] {processor.py:925} INFO - DAG(s) 'dag_id_3' retrieved from /opt/airflow/dags/dag_id_3.py
[2024-09-30T12:39:47.294+0000] {logging_mixin.py:190} INFO - [2024-09-30T12:39:47.294+0000] {dag.py:3239} INFO - Sync 1 DAGs
[2024-09-30T12:39:47.305+0000] {logging_mixin.py:190} INFO - [2024-09-30T12:39:47.305+0000] {dag.py:4180} INFO - Setting next_dagrun for dag_id_3 to None, run_after=None
[2024-09-30T12:39:47.316+0000] {processor.py:208} INFO - Processing /opt/airflow/dags/dag_id_3.py took 0.054 seconds
[2024-09-30T12:40:17.657+0000] {processor.py:186} INFO - Started process (PID=1039) to work on /opt/airflow/dags/dag_id_3.py
[2024-09-30T12:40:17.657+0000] {processor.py:914} INFO - Processing file /opt/airflow/dags/dag_id_3.py for tasks to queue
[2024-09-30T12:40:17.661+0000] {logging_mixin.py:190} INFO - [2024-09-30T12:40:17.661+0000] {dagbag.py:588} INFO - Filling up the DagBag from /opt/airflow/dags/dag_id_3.py
[2024-09-30T12:40:17.674+0000] {processor.py:925} INFO - DAG(s) 'dag_id_3' retrieved from /opt/airflow/dags/dag_id_3.py
[2024-09-30T12:40:17.691+0000] {logging_mixin.py:190} INFO - [2024-09-30T12:40:17.691+0000] {dag.py:3239} INFO - Sync 1 DAGs
[2024-09-30T12:40:17.707+0000] {logging_mixin.py:190} INFO - [2024-09-30T12:40:17.707+0000] {dag.py:4180} INFO - Setting next_dagrun for dag_id_3 to None, run_after=None
[2024-09-30T12:40:17.725+0000] {processor.py:208} INFO - Processing /opt/airflow/dags/dag_id_3.py took 0.073 seconds
[2024-09-30T12:40:48.152+0000] {processor.py:186} INFO - Started process (PID=1105) to work on /opt/airflow/dags/dag_id_3.py
[2024-09-30T12:40:48.153+0000] {processor.py:914} INFO - Processing file /opt/airflow/dags/dag_id_3.py for tasks to queue
[2024-09-30T12:40:48.154+0000] {logging_mixin.py:190} INFO - [2024-09-30T12:40:48.154+0000] {dagbag.py:588} INFO - Filling up the DagBag from /opt/airflow/dags/dag_id_3.py
[2024-09-30T12:40:48.162+0000] {processor.py:925} INFO - DAG(s) 'dag_id_3' retrieved from /opt/airflow/dags/dag_id_3.py
[2024-09-30T12:40:48.178+0000] {logging_mixin.py:190} INFO - [2024-09-30T12:40:48.178+0000] {dag.py:3239} INFO - Sync 1 DAGs
[2024-09-30T12:40:48.189+0000] {logging_mixin.py:190} INFO - [2024-09-30T12:40:48.189+0000] {dag.py:4180} INFO - Setting next_dagrun for dag_id_3 to None, run_after=None
[2024-09-30T12:40:48.202+0000] {processor.py:208} INFO - Processing /opt/airflow/dags/dag_id_3.py took 0.055 seconds
[2024-09-30T12:42:18.440+0000] {processor.py:186} INFO - Started process (PID=45) to work on /opt/airflow/dags/dag_id_3.py
[2024-09-30T12:42:18.441+0000] {processor.py:914} INFO - Processing file /opt/airflow/dags/dag_id_3.py for tasks to queue
[2024-09-30T12:42:18.444+0000] {logging_mixin.py:190} INFO - [2024-09-30T12:42:18.443+0000] {dagbag.py:588} INFO - Filling up the DagBag from /opt/airflow/dags/dag_id_3.py
[2024-09-30T12:42:18.458+0000] {processor.py:925} INFO - DAG(s) 'dag_id_3' retrieved from /opt/airflow/dags/dag_id_3.py
[2024-09-30T12:42:18.488+0000] {logging_mixin.py:190} INFO - [2024-09-30T12:42:18.487+0000] {dag.py:3239} INFO - Sync 1 DAGs
[2024-09-30T12:42:18.508+0000] {logging_mixin.py:190} INFO - [2024-09-30T12:42:18.507+0000] {dag.py:4180} INFO - Setting next_dagrun for dag_id_3 to None, run_after=None
[2024-09-30T12:42:18.521+0000] {processor.py:208} INFO - Processing /opt/airflow/dags/dag_id_3.py took 0.097 seconds
[2024-09-30T12:42:48.744+0000] {processor.py:186} INFO - Started process (PID=111) to work on /opt/airflow/dags/dag_id_3.py
[2024-09-30T12:42:48.745+0000] {processor.py:914} INFO - Processing file /opt/airflow/dags/dag_id_3.py for tasks to queue
[2024-09-30T12:42:48.749+0000] {logging_mixin.py:190} INFO - [2024-09-30T12:42:48.748+0000] {dagbag.py:588} INFO - Filling up the DagBag from /opt/airflow/dags/dag_id_3.py
[2024-09-30T12:42:48.763+0000] {processor.py:925} INFO - DAG(s) 'dag_id_3' retrieved from /opt/airflow/dags/dag_id_3.py
[2024-09-30T12:42:48.785+0000] {logging_mixin.py:190} INFO - [2024-09-30T12:42:48.785+0000] {dag.py:3239} INFO - Sync 1 DAGs
[2024-09-30T12:42:48.799+0000] {logging_mixin.py:190} INFO - [2024-09-30T12:42:48.799+0000] {dag.py:4180} INFO - Setting next_dagrun for dag_id_3 to None, run_after=None
[2024-09-30T12:42:48.823+0000] {processor.py:208} INFO - Processing /opt/airflow/dags/dag_id_3.py took 0.089 seconds
[2024-09-30T12:43:19.846+0000] {processor.py:186} INFO - Started process (PID=177) to work on /opt/airflow/dags/dag_id_3.py
[2024-09-30T12:43:19.847+0000] {processor.py:914} INFO - Processing file /opt/airflow/dags/dag_id_3.py for tasks to queue
[2024-09-30T12:43:19.849+0000] {logging_mixin.py:190} INFO - [2024-09-30T12:43:19.849+0000] {dagbag.py:588} INFO - Filling up the DagBag from /opt/airflow/dags/dag_id_3.py
[2024-09-30T12:43:19.861+0000] {processor.py:925} INFO - DAG(s) 'dag_id_3' retrieved from /opt/airflow/dags/dag_id_3.py
[2024-09-30T12:43:19.874+0000] {logging_mixin.py:190} INFO - [2024-09-30T12:43:19.874+0000] {dag.py:3239} INFO - Sync 1 DAGs
[2024-09-30T12:43:19.889+0000] {logging_mixin.py:190} INFO - [2024-09-30T12:43:19.888+0000] {dag.py:4180} INFO - Setting next_dagrun for dag_id_3 to None, run_after=None
[2024-09-30T12:43:19.904+0000] {processor.py:208} INFO - Processing /opt/airflow/dags/dag_id_3.py took 0.061 seconds
[2024-09-30T12:43:50.413+0000] {processor.py:186} INFO - Started process (PID=243) to work on /opt/airflow/dags/dag_id_3.py
[2024-09-30T12:43:50.415+0000] {processor.py:914} INFO - Processing file /opt/airflow/dags/dag_id_3.py for tasks to queue
[2024-09-30T12:43:50.416+0000] {logging_mixin.py:190} INFO - [2024-09-30T12:43:50.416+0000] {dagbag.py:588} INFO - Filling up the DagBag from /opt/airflow/dags/dag_id_3.py
[2024-09-30T12:43:50.423+0000] {processor.py:925} INFO - DAG(s) 'dag_id_3' retrieved from /opt/airflow/dags/dag_id_3.py
[2024-09-30T12:43:50.438+0000] {logging_mixin.py:190} INFO - [2024-09-30T12:43:50.438+0000] {dag.py:3239} INFO - Sync 1 DAGs
[2024-09-30T12:43:50.451+0000] {logging_mixin.py:190} INFO - [2024-09-30T12:43:50.451+0000] {dag.py:4180} INFO - Setting next_dagrun for dag_id_3 to None, run_after=None
[2024-09-30T12:43:50.466+0000] {processor.py:208} INFO - Processing /opt/airflow/dags/dag_id_3.py took 0.057 seconds
[2024-09-30T12:44:21.024+0000] {processor.py:186} INFO - Started process (PID=309) to work on /opt/airflow/dags/dag_id_3.py
[2024-09-30T12:44:21.025+0000] {processor.py:914} INFO - Processing file /opt/airflow/dags/dag_id_3.py for tasks to queue
[2024-09-30T12:44:21.026+0000] {logging_mixin.py:190} INFO - [2024-09-30T12:44:21.026+0000] {dagbag.py:588} INFO - Filling up the DagBag from /opt/airflow/dags/dag_id_3.py
[2024-09-30T12:44:21.034+0000] {processor.py:925} INFO - DAG(s) 'dag_id_3' retrieved from /opt/airflow/dags/dag_id_3.py
[2024-09-30T12:44:21.051+0000] {logging_mixin.py:190} INFO - [2024-09-30T12:44:21.051+0000] {dag.py:3239} INFO - Sync 1 DAGs
[2024-09-30T12:44:21.067+0000] {logging_mixin.py:190} INFO - [2024-09-30T12:44:21.067+0000] {dag.py:4180} INFO - Setting next_dagrun for dag_id_3 to None, run_after=None
[2024-09-30T12:44:21.083+0000] {processor.py:208} INFO - Processing /opt/airflow/dags/dag_id_3.py took 0.063 seconds
[2024-09-30T12:44:51.857+0000] {processor.py:186} INFO - Started process (PID=375) to work on /opt/airflow/dags/dag_id_3.py
[2024-09-30T12:44:51.858+0000] {processor.py:914} INFO - Processing file /opt/airflow/dags/dag_id_3.py for tasks to queue
[2024-09-30T12:44:51.865+0000] {logging_mixin.py:190} INFO - [2024-09-30T12:44:51.865+0000] {dagbag.py:588} INFO - Filling up the DagBag from /opt/airflow/dags/dag_id_3.py
[2024-09-30T12:44:51.884+0000] {processor.py:925} INFO - DAG(s) 'dag_id_3' retrieved from /opt/airflow/dags/dag_id_3.py
[2024-09-30T12:44:51.903+0000] {logging_mixin.py:190} INFO - [2024-09-30T12:44:51.903+0000] {dag.py:3239} INFO - Sync 1 DAGs
[2024-09-30T12:44:51.918+0000] {logging_mixin.py:190} INFO - [2024-09-30T12:44:51.918+0000] {dag.py:4180} INFO - Setting next_dagrun for dag_id_3 to None, run_after=None
[2024-09-30T12:44:51.936+0000] {processor.py:208} INFO - Processing /opt/airflow/dags/dag_id_3.py took 0.116 seconds
[2024-09-30T12:45:22.398+0000] {processor.py:186} INFO - Started process (PID=446) to work on /opt/airflow/dags/dag_id_3.py
[2024-09-30T12:45:22.399+0000] {processor.py:914} INFO - Processing file /opt/airflow/dags/dag_id_3.py for tasks to queue
[2024-09-30T12:45:22.401+0000] {logging_mixin.py:190} INFO - [2024-09-30T12:45:22.400+0000] {dagbag.py:588} INFO - Filling up the DagBag from /opt/airflow/dags/dag_id_3.py
[2024-09-30T12:45:22.416+0000] {processor.py:925} INFO - DAG(s) 'dag_id_3' retrieved from /opt/airflow/dags/dag_id_3.py
[2024-09-30T12:45:22.430+0000] {logging_mixin.py:190} INFO - [2024-09-30T12:45:22.430+0000] {dag.py:3239} INFO - Sync 1 DAGs
[2024-09-30T12:45:22.441+0000] {logging_mixin.py:190} INFO - [2024-09-30T12:45:22.441+0000] {dag.py:4180} INFO - Setting next_dagrun for dag_id_3 to None, run_after=None
[2024-09-30T12:45:22.457+0000] {processor.py:208} INFO - Processing /opt/airflow/dags/dag_id_3.py took 0.064 seconds
[2024-09-30T12:45:52.984+0000] {processor.py:186} INFO - Started process (PID=512) to work on /opt/airflow/dags/dag_id_3.py
[2024-09-30T12:45:52.985+0000] {processor.py:914} INFO - Processing file /opt/airflow/dags/dag_id_3.py for tasks to queue
[2024-09-30T12:45:52.988+0000] {logging_mixin.py:190} INFO - [2024-09-30T12:45:52.988+0000] {dagbag.py:588} INFO - Filling up the DagBag from /opt/airflow/dags/dag_id_3.py
[2024-09-30T12:45:53.003+0000] {processor.py:925} INFO - DAG(s) 'dag_id_3' retrieved from /opt/airflow/dags/dag_id_3.py
[2024-09-30T12:45:53.031+0000] {logging_mixin.py:190} INFO - [2024-09-30T12:45:53.027+0000] {dag.py:3239} INFO - Sync 1 DAGs
[2024-09-30T12:45:53.062+0000] {logging_mixin.py:190} INFO - [2024-09-30T12:45:53.062+0000] {dag.py:4180} INFO - Setting next_dagrun for dag_id_3 to None, run_after=None
[2024-09-30T12:45:53.086+0000] {processor.py:208} INFO - Processing /opt/airflow/dags/dag_id_3.py took 0.110 seconds
[2024-09-30T12:46:23.862+0000] {processor.py:186} INFO - Started process (PID=578) to work on /opt/airflow/dags/dag_id_3.py
[2024-09-30T12:46:23.863+0000] {processor.py:914} INFO - Processing file /opt/airflow/dags/dag_id_3.py for tasks to queue
[2024-09-30T12:46:23.865+0000] {logging_mixin.py:190} INFO - [2024-09-30T12:46:23.865+0000] {dagbag.py:588} INFO - Filling up the DagBag from /opt/airflow/dags/dag_id_3.py
[2024-09-30T12:46:23.873+0000] {processor.py:925} INFO - DAG(s) 'dag_id_3' retrieved from /opt/airflow/dags/dag_id_3.py
[2024-09-30T12:46:23.887+0000] {logging_mixin.py:190} INFO - [2024-09-30T12:46:23.887+0000] {dag.py:3239} INFO - Sync 1 DAGs
[2024-09-30T12:46:23.900+0000] {logging_mixin.py:190} INFO - [2024-09-30T12:46:23.900+0000] {dag.py:4180} INFO - Setting next_dagrun for dag_id_3 to None, run_after=None
[2024-09-30T12:46:23.911+0000] {processor.py:208} INFO - Processing /opt/airflow/dags/dag_id_3.py took 0.054 seconds
[2024-09-30T12:46:54.595+0000] {processor.py:186} INFO - Started process (PID=644) to work on /opt/airflow/dags/dag_id_3.py
[2024-09-30T12:46:54.596+0000] {processor.py:914} INFO - Processing file /opt/airflow/dags/dag_id_3.py for tasks to queue
[2024-09-30T12:46:54.598+0000] {logging_mixin.py:190} INFO - [2024-09-30T12:46:54.598+0000] {dagbag.py:588} INFO - Filling up the DagBag from /opt/airflow/dags/dag_id_3.py
[2024-09-30T12:46:54.610+0000] {processor.py:925} INFO - DAG(s) 'dag_id_3' retrieved from /opt/airflow/dags/dag_id_3.py
[2024-09-30T12:46:54.625+0000] {logging_mixin.py:190} INFO - [2024-09-30T12:46:54.625+0000] {dag.py:3239} INFO - Sync 1 DAGs
[2024-09-30T12:46:54.638+0000] {logging_mixin.py:190} INFO - [2024-09-30T12:46:54.638+0000] {dag.py:4180} INFO - Setting next_dagrun for dag_id_3 to None, run_after=None
[2024-09-30T12:46:54.652+0000] {processor.py:208} INFO - Processing /opt/airflow/dags/dag_id_3.py took 0.062 seconds
[2024-09-30T12:47:25.206+0000] {processor.py:186} INFO - Started process (PID=710) to work on /opt/airflow/dags/dag_id_3.py
[2024-09-30T12:47:25.207+0000] {processor.py:914} INFO - Processing file /opt/airflow/dags/dag_id_3.py for tasks to queue
[2024-09-30T12:47:25.210+0000] {logging_mixin.py:190} INFO - [2024-09-30T12:47:25.209+0000] {dagbag.py:588} INFO - Filling up the DagBag from /opt/airflow/dags/dag_id_3.py
[2024-09-30T12:47:25.217+0000] {processor.py:925} INFO - DAG(s) 'dag_id_3' retrieved from /opt/airflow/dags/dag_id_3.py
[2024-09-30T12:47:25.234+0000] {logging_mixin.py:190} INFO - [2024-09-30T12:47:25.234+0000] {dag.py:3239} INFO - Sync 1 DAGs
[2024-09-30T12:47:25.249+0000] {logging_mixin.py:190} INFO - [2024-09-30T12:47:25.249+0000] {dag.py:4180} INFO - Setting next_dagrun for dag_id_3 to None, run_after=None
[2024-09-30T12:47:25.265+0000] {processor.py:208} INFO - Processing /opt/airflow/dags/dag_id_3.py took 0.066 seconds
[2024-09-30T12:47:55.776+0000] {processor.py:186} INFO - Started process (PID=776) to work on /opt/airflow/dags/dag_id_3.py
[2024-09-30T12:47:55.777+0000] {processor.py:914} INFO - Processing file /opt/airflow/dags/dag_id_3.py for tasks to queue
[2024-09-30T12:47:55.780+0000] {logging_mixin.py:190} INFO - [2024-09-30T12:47:55.780+0000] {dagbag.py:588} INFO - Filling up the DagBag from /opt/airflow/dags/dag_id_3.py
[2024-09-30T12:47:55.793+0000] {processor.py:925} INFO - DAG(s) 'dag_id_3' retrieved from /opt/airflow/dags/dag_id_3.py
[2024-09-30T12:47:55.808+0000] {logging_mixin.py:190} INFO - [2024-09-30T12:47:55.808+0000] {dag.py:3239} INFO - Sync 1 DAGs
[2024-09-30T12:47:55.823+0000] {logging_mixin.py:190} INFO - [2024-09-30T12:47:55.823+0000] {dag.py:4180} INFO - Setting next_dagrun for dag_id_3 to None, run_after=None
[2024-09-30T12:47:55.842+0000] {processor.py:208} INFO - Processing /opt/airflow/dags/dag_id_3.py took 0.072 seconds
[2024-09-30T12:48:26.344+0000] {processor.py:186} INFO - Started process (PID=842) to work on /opt/airflow/dags/dag_id_3.py
[2024-09-30T12:48:26.345+0000] {processor.py:914} INFO - Processing file /opt/airflow/dags/dag_id_3.py for tasks to queue
[2024-09-30T12:48:26.348+0000] {logging_mixin.py:190} INFO - [2024-09-30T12:48:26.347+0000] {dagbag.py:588} INFO - Filling up the DagBag from /opt/airflow/dags/dag_id_3.py
[2024-09-30T12:48:26.357+0000] {processor.py:925} INFO - DAG(s) 'dag_id_3' retrieved from /opt/airflow/dags/dag_id_3.py
[2024-09-30T12:48:26.373+0000] {logging_mixin.py:190} INFO - [2024-09-30T12:48:26.372+0000] {dag.py:3239} INFO - Sync 1 DAGs
[2024-09-30T12:48:26.384+0000] {logging_mixin.py:190} INFO - [2024-09-30T12:48:26.384+0000] {dag.py:4180} INFO - Setting next_dagrun for dag_id_3 to None, run_after=None
[2024-09-30T12:48:26.396+0000] {processor.py:208} INFO - Processing /opt/airflow/dags/dag_id_3.py took 0.057 seconds
[2024-09-30T12:48:57.106+0000] {processor.py:186} INFO - Started process (PID=908) to work on /opt/airflow/dags/dag_id_3.py
[2024-09-30T12:48:57.107+0000] {processor.py:914} INFO - Processing file /opt/airflow/dags/dag_id_3.py for tasks to queue
[2024-09-30T12:48:57.110+0000] {logging_mixin.py:190} INFO - [2024-09-30T12:48:57.109+0000] {dagbag.py:588} INFO - Filling up the DagBag from /opt/airflow/dags/dag_id_3.py
[2024-09-30T12:48:57.122+0000] {processor.py:925} INFO - DAG(s) 'dag_id_3' retrieved from /opt/airflow/dags/dag_id_3.py
[2024-09-30T12:48:57.140+0000] {logging_mixin.py:190} INFO - [2024-09-30T12:48:57.140+0000] {dag.py:3239} INFO - Sync 1 DAGs
[2024-09-30T12:48:57.156+0000] {logging_mixin.py:190} INFO - [2024-09-30T12:48:57.156+0000] {dag.py:4180} INFO - Setting next_dagrun for dag_id_3 to None, run_after=None
[2024-09-30T12:48:57.174+0000] {processor.py:208} INFO - Processing /opt/airflow/dags/dag_id_3.py took 0.074 seconds
[2024-09-30T12:49:27.590+0000] {processor.py:186} INFO - Started process (PID=974) to work on /opt/airflow/dags/dag_id_3.py
[2024-09-30T12:49:27.591+0000] {processor.py:914} INFO - Processing file /opt/airflow/dags/dag_id_3.py for tasks to queue
[2024-09-30T12:49:27.594+0000] {logging_mixin.py:190} INFO - [2024-09-30T12:49:27.593+0000] {dagbag.py:588} INFO - Filling up the DagBag from /opt/airflow/dags/dag_id_3.py
[2024-09-30T12:49:27.607+0000] {processor.py:925} INFO - DAG(s) 'dag_id_3' retrieved from /opt/airflow/dags/dag_id_3.py
[2024-09-30T12:49:27.624+0000] {logging_mixin.py:190} INFO - [2024-09-30T12:49:27.624+0000] {dag.py:3239} INFO - Sync 1 DAGs
[2024-09-30T12:49:27.639+0000] {logging_mixin.py:190} INFO - [2024-09-30T12:49:27.639+0000] {dag.py:4180} INFO - Setting next_dagrun for dag_id_3 to None, run_after=None
[2024-09-30T12:49:27.654+0000] {processor.py:208} INFO - Processing /opt/airflow/dags/dag_id_3.py took 0.070 seconds
[2024-09-30T12:49:58.092+0000] {processor.py:186} INFO - Started process (PID=1040) to work on /opt/airflow/dags/dag_id_3.py
[2024-09-30T12:49:58.093+0000] {processor.py:914} INFO - Processing file /opt/airflow/dags/dag_id_3.py for tasks to queue
[2024-09-30T12:49:58.097+0000] {logging_mixin.py:190} INFO - [2024-09-30T12:49:58.096+0000] {dagbag.py:588} INFO - Filling up the DagBag from /opt/airflow/dags/dag_id_3.py
[2024-09-30T12:49:58.107+0000] {processor.py:925} INFO - DAG(s) 'dag_id_3' retrieved from /opt/airflow/dags/dag_id_3.py
[2024-09-30T12:49:58.126+0000] {logging_mixin.py:190} INFO - [2024-09-30T12:49:58.126+0000] {dag.py:3239} INFO - Sync 1 DAGs
[2024-09-30T12:49:58.143+0000] {logging_mixin.py:190} INFO - [2024-09-30T12:49:58.142+0000] {dag.py:4180} INFO - Setting next_dagrun for dag_id_3 to None, run_after=None
[2024-09-30T12:49:58.158+0000] {processor.py:208} INFO - Processing /opt/airflow/dags/dag_id_3.py took 0.078 seconds
[2024-09-30T12:50:28.714+0000] {processor.py:186} INFO - Started process (PID=1106) to work on /opt/airflow/dags/dag_id_3.py
[2024-09-30T12:50:28.715+0000] {processor.py:914} INFO - Processing file /opt/airflow/dags/dag_id_3.py for tasks to queue
[2024-09-30T12:50:28.718+0000] {logging_mixin.py:190} INFO - [2024-09-30T12:50:28.717+0000] {dagbag.py:588} INFO - Filling up the DagBag from /opt/airflow/dags/dag_id_3.py
[2024-09-30T12:50:28.727+0000] {processor.py:925} INFO - DAG(s) 'dag_id_3' retrieved from /opt/airflow/dags/dag_id_3.py
[2024-09-30T12:50:28.742+0000] {logging_mixin.py:190} INFO - [2024-09-30T12:50:28.742+0000] {dag.py:3239} INFO - Sync 1 DAGs
[2024-09-30T12:50:28.756+0000] {logging_mixin.py:190} INFO - [2024-09-30T12:50:28.756+0000] {dag.py:4180} INFO - Setting next_dagrun for dag_id_3 to None, run_after=None
[2024-09-30T12:50:28.771+0000] {processor.py:208} INFO - Processing /opt/airflow/dags/dag_id_3.py took 0.063 seconds
[2024-09-30T12:50:59.298+0000] {processor.py:186} INFO - Started process (PID=1171) to work on /opt/airflow/dags/dag_id_3.py
[2024-09-30T12:50:59.300+0000] {processor.py:914} INFO - Processing file /opt/airflow/dags/dag_id_3.py for tasks to queue
[2024-09-30T12:50:59.302+0000] {logging_mixin.py:190} INFO - [2024-09-30T12:50:59.302+0000] {dagbag.py:588} INFO - Filling up the DagBag from /opt/airflow/dags/dag_id_3.py
[2024-09-30T12:50:59.310+0000] {processor.py:925} INFO - DAG(s) 'dag_id_3' retrieved from /opt/airflow/dags/dag_id_3.py
[2024-09-30T12:50:59.328+0000] {logging_mixin.py:190} INFO - [2024-09-30T12:50:59.328+0000] {dag.py:3239} INFO - Sync 1 DAGs
[2024-09-30T12:50:59.344+0000] {logging_mixin.py:190} INFO - [2024-09-30T12:50:59.343+0000] {dag.py:4180} INFO - Setting next_dagrun for dag_id_3 to None, run_after=None
[2024-09-30T12:50:59.359+0000] {processor.py:208} INFO - Processing /opt/airflow/dags/dag_id_3.py took 0.067 seconds
[2024-09-30T12:51:29.841+0000] {processor.py:186} INFO - Started process (PID=1237) to work on /opt/airflow/dags/dag_id_3.py
[2024-09-30T12:51:29.843+0000] {processor.py:914} INFO - Processing file /opt/airflow/dags/dag_id_3.py for tasks to queue
[2024-09-30T12:51:29.844+0000] {logging_mixin.py:190} INFO - [2024-09-30T12:51:29.844+0000] {dagbag.py:588} INFO - Filling up the DagBag from /opt/airflow/dags/dag_id_3.py
[2024-09-30T12:51:29.856+0000] {processor.py:925} INFO - DAG(s) 'dag_id_3' retrieved from /opt/airflow/dags/dag_id_3.py
[2024-09-30T12:51:29.872+0000] {logging_mixin.py:190} INFO - [2024-09-30T12:51:29.871+0000] {dag.py:3239} INFO - Sync 1 DAGs
[2024-09-30T12:51:29.887+0000] {logging_mixin.py:190} INFO - [2024-09-30T12:51:29.886+0000] {dag.py:4180} INFO - Setting next_dagrun for dag_id_3 to None, run_after=None
[2024-09-30T12:51:29.902+0000] {processor.py:208} INFO - Processing /opt/airflow/dags/dag_id_3.py took 0.066 seconds
[2024-09-30T12:52:00.446+0000] {processor.py:186} INFO - Started process (PID=1303) to work on /opt/airflow/dags/dag_id_3.py
[2024-09-30T12:52:00.447+0000] {processor.py:914} INFO - Processing file /opt/airflow/dags/dag_id_3.py for tasks to queue
[2024-09-30T12:52:00.449+0000] {logging_mixin.py:190} INFO - [2024-09-30T12:52:00.449+0000] {dagbag.py:588} INFO - Filling up the DagBag from /opt/airflow/dags/dag_id_3.py
[2024-09-30T12:52:00.456+0000] {processor.py:925} INFO - DAG(s) 'dag_id_3' retrieved from /opt/airflow/dags/dag_id_3.py
[2024-09-30T12:52:00.470+0000] {logging_mixin.py:190} INFO - [2024-09-30T12:52:00.470+0000] {dag.py:3239} INFO - Sync 1 DAGs
[2024-09-30T12:52:00.484+0000] {logging_mixin.py:190} INFO - [2024-09-30T12:52:00.484+0000] {dag.py:4180} INFO - Setting next_dagrun for dag_id_3 to None, run_after=None
[2024-09-30T12:52:00.499+0000] {processor.py:208} INFO - Processing /opt/airflow/dags/dag_id_3.py took 0.059 seconds
[2024-09-30T12:52:31.218+0000] {processor.py:186} INFO - Started process (PID=1369) to work on /opt/airflow/dags/dag_id_3.py
[2024-09-30T12:52:31.219+0000] {processor.py:914} INFO - Processing file /opt/airflow/dags/dag_id_3.py for tasks to queue
[2024-09-30T12:52:31.221+0000] {logging_mixin.py:190} INFO - [2024-09-30T12:52:31.221+0000] {dagbag.py:588} INFO - Filling up the DagBag from /opt/airflow/dags/dag_id_3.py
[2024-09-30T12:52:31.231+0000] {processor.py:925} INFO - DAG(s) 'dag_id_3' retrieved from /opt/airflow/dags/dag_id_3.py
[2024-09-30T12:52:31.248+0000] {logging_mixin.py:190} INFO - [2024-09-30T12:52:31.248+0000] {dag.py:3239} INFO - Sync 1 DAGs
[2024-09-30T12:52:31.264+0000] {logging_mixin.py:190} INFO - [2024-09-30T12:52:31.264+0000] {dag.py:4180} INFO - Setting next_dagrun for dag_id_3 to None, run_after=None
[2024-09-30T12:52:31.281+0000] {processor.py:208} INFO - Processing /opt/airflow/dags/dag_id_3.py took 0.069 seconds
[2024-09-30T12:53:02.218+0000] {processor.py:186} INFO - Started process (PID=1435) to work on /opt/airflow/dags/dag_id_3.py
[2024-09-30T12:53:02.221+0000] {processor.py:914} INFO - Processing file /opt/airflow/dags/dag_id_3.py for tasks to queue
[2024-09-30T12:53:02.223+0000] {logging_mixin.py:190} INFO - [2024-09-30T12:53:02.222+0000] {dagbag.py:588} INFO - Filling up the DagBag from /opt/airflow/dags/dag_id_3.py
[2024-09-30T12:53:02.236+0000] {processor.py:925} INFO - DAG(s) 'dag_id_3' retrieved from /opt/airflow/dags/dag_id_3.py
[2024-09-30T12:53:02.252+0000] {logging_mixin.py:190} INFO - [2024-09-30T12:53:02.252+0000] {dag.py:3239} INFO - Sync 1 DAGs
[2024-09-30T12:53:02.265+0000] {logging_mixin.py:190} INFO - [2024-09-30T12:53:02.265+0000] {dag.py:4180} INFO - Setting next_dagrun for dag_id_3 to None, run_after=None
[2024-09-30T12:53:02.278+0000] {processor.py:208} INFO - Processing /opt/airflow/dags/dag_id_3.py took 0.064 seconds
[2024-09-30T12:53:33.070+0000] {processor.py:186} INFO - Started process (PID=1501) to work on /opt/airflow/dags/dag_id_3.py
[2024-09-30T12:53:33.071+0000] {processor.py:914} INFO - Processing file /opt/airflow/dags/dag_id_3.py for tasks to queue
[2024-09-30T12:53:33.073+0000] {logging_mixin.py:190} INFO - [2024-09-30T12:53:33.073+0000] {dagbag.py:588} INFO - Filling up the DagBag from /opt/airflow/dags/dag_id_3.py
[2024-09-30T12:53:33.081+0000] {processor.py:925} INFO - DAG(s) 'dag_id_3' retrieved from /opt/airflow/dags/dag_id_3.py
[2024-09-30T12:53:33.097+0000] {logging_mixin.py:190} INFO - [2024-09-30T12:53:33.097+0000] {dag.py:3239} INFO - Sync 1 DAGs
[2024-09-30T12:53:33.112+0000] {logging_mixin.py:190} INFO - [2024-09-30T12:53:33.112+0000] {dag.py:4180} INFO - Setting next_dagrun for dag_id_3 to None, run_after=None
[2024-09-30T12:53:33.124+0000] {processor.py:208} INFO - Processing /opt/airflow/dags/dag_id_3.py took 0.060 seconds
[2024-09-30T12:54:03.561+0000] {processor.py:186} INFO - Started process (PID=1567) to work on /opt/airflow/dags/dag_id_3.py
[2024-09-30T12:54:03.564+0000] {processor.py:914} INFO - Processing file /opt/airflow/dags/dag_id_3.py for tasks to queue
[2024-09-30T12:54:03.566+0000] {logging_mixin.py:190} INFO - [2024-09-30T12:54:03.565+0000] {dagbag.py:588} INFO - Filling up the DagBag from /opt/airflow/dags/dag_id_3.py
[2024-09-30T12:54:03.577+0000] {processor.py:925} INFO - DAG(s) 'dag_id_3' retrieved from /opt/airflow/dags/dag_id_3.py
[2024-09-30T12:54:03.593+0000] {logging_mixin.py:190} INFO - [2024-09-30T12:54:03.593+0000] {dag.py:3239} INFO - Sync 1 DAGs
[2024-09-30T12:54:03.607+0000] {logging_mixin.py:190} INFO - [2024-09-30T12:54:03.607+0000] {dag.py:4180} INFO - Setting next_dagrun for dag_id_3 to None, run_after=None
[2024-09-30T12:54:03.620+0000] {processor.py:208} INFO - Processing /opt/airflow/dags/dag_id_3.py took 0.064 seconds
[2024-09-30T12:54:34.090+0000] {processor.py:186} INFO - Started process (PID=1633) to work on /opt/airflow/dags/dag_id_3.py
[2024-09-30T12:54:34.092+0000] {processor.py:914} INFO - Processing file /opt/airflow/dags/dag_id_3.py for tasks to queue
[2024-09-30T12:54:34.094+0000] {logging_mixin.py:190} INFO - [2024-09-30T12:54:34.094+0000] {dagbag.py:588} INFO - Filling up the DagBag from /opt/airflow/dags/dag_id_3.py
[2024-09-30T12:54:34.105+0000] {processor.py:925} INFO - DAG(s) 'dag_id_3' retrieved from /opt/airflow/dags/dag_id_3.py
[2024-09-30T12:54:34.123+0000] {logging_mixin.py:190} INFO - [2024-09-30T12:54:34.123+0000] {dag.py:3239} INFO - Sync 1 DAGs
[2024-09-30T12:54:34.140+0000] {logging_mixin.py:190} INFO - [2024-09-30T12:54:34.139+0000] {dag.py:4180} INFO - Setting next_dagrun for dag_id_3 to None, run_after=None
[2024-09-30T12:54:34.151+0000] {processor.py:208} INFO - Processing /opt/airflow/dags/dag_id_3.py took 0.069 seconds
[2024-09-30T12:55:04.848+0000] {processor.py:186} INFO - Started process (PID=1699) to work on /opt/airflow/dags/dag_id_3.py
[2024-09-30T12:55:04.849+0000] {processor.py:914} INFO - Processing file /opt/airflow/dags/dag_id_3.py for tasks to queue
[2024-09-30T12:55:04.850+0000] {logging_mixin.py:190} INFO - [2024-09-30T12:55:04.850+0000] {dagbag.py:588} INFO - Filling up the DagBag from /opt/airflow/dags/dag_id_3.py
[2024-09-30T12:55:04.859+0000] {processor.py:925} INFO - DAG(s) 'dag_id_3' retrieved from /opt/airflow/dags/dag_id_3.py
[2024-09-30T12:55:04.875+0000] {logging_mixin.py:190} INFO - [2024-09-30T12:55:04.874+0000] {dag.py:3239} INFO - Sync 1 DAGs
[2024-09-30T12:55:04.890+0000] {logging_mixin.py:190} INFO - [2024-09-30T12:55:04.890+0000] {dag.py:4180} INFO - Setting next_dagrun for dag_id_3 to None, run_after=None
[2024-09-30T12:55:04.906+0000] {processor.py:208} INFO - Processing /opt/airflow/dags/dag_id_3.py took 0.063 seconds
[2024-09-30T12:55:35.903+0000] {processor.py:186} INFO - Started process (PID=1765) to work on /opt/airflow/dags/dag_id_3.py
[2024-09-30T12:55:35.904+0000] {processor.py:914} INFO - Processing file /opt/airflow/dags/dag_id_3.py for tasks to queue
[2024-09-30T12:55:35.908+0000] {logging_mixin.py:190} INFO - [2024-09-30T12:55:35.907+0000] {dagbag.py:588} INFO - Filling up the DagBag from /opt/airflow/dags/dag_id_3.py
[2024-09-30T12:55:35.922+0000] {processor.py:925} INFO - DAG(s) 'dag_id_3' retrieved from /opt/airflow/dags/dag_id_3.py
[2024-09-30T12:55:35.939+0000] {logging_mixin.py:190} INFO - [2024-09-30T12:55:35.939+0000] {dag.py:3239} INFO - Sync 1 DAGs
[2024-09-30T12:55:35.956+0000] {logging_mixin.py:190} INFO - [2024-09-30T12:55:35.956+0000] {dag.py:4180} INFO - Setting next_dagrun for dag_id_3 to None, run_after=None
[2024-09-30T12:55:35.972+0000] {processor.py:208} INFO - Processing /opt/airflow/dags/dag_id_3.py took 0.076 seconds
[2024-09-30T12:56:06.767+0000] {processor.py:186} INFO - Started process (PID=1831) to work on /opt/airflow/dags/dag_id_3.py
[2024-09-30T12:56:06.769+0000] {processor.py:914} INFO - Processing file /opt/airflow/dags/dag_id_3.py for tasks to queue
[2024-09-30T12:56:06.771+0000] {logging_mixin.py:190} INFO - [2024-09-30T12:56:06.771+0000] {dagbag.py:588} INFO - Filling up the DagBag from /opt/airflow/dags/dag_id_3.py
[2024-09-30T12:56:06.781+0000] {processor.py:925} INFO - DAG(s) 'dag_id_3' retrieved from /opt/airflow/dags/dag_id_3.py
[2024-09-30T12:56:06.796+0000] {logging_mixin.py:190} INFO - [2024-09-30T12:56:06.796+0000] {dag.py:3239} INFO - Sync 1 DAGs
[2024-09-30T12:56:06.811+0000] {logging_mixin.py:190} INFO - [2024-09-30T12:56:06.811+0000] {dag.py:4180} INFO - Setting next_dagrun for dag_id_3 to None, run_after=None
[2024-09-30T12:56:06.824+0000] {processor.py:208} INFO - Processing /opt/airflow/dags/dag_id_3.py took 0.062 seconds
[2024-09-30T12:56:37.521+0000] {processor.py:186} INFO - Started process (PID=1897) to work on /opt/airflow/dags/dag_id_3.py
[2024-09-30T12:56:37.522+0000] {processor.py:914} INFO - Processing file /opt/airflow/dags/dag_id_3.py for tasks to queue
[2024-09-30T12:56:37.529+0000] {logging_mixin.py:190} INFO - [2024-09-30T12:56:37.528+0000] {dagbag.py:588} INFO - Filling up the DagBag from /opt/airflow/dags/dag_id_3.py
[2024-09-30T12:56:37.548+0000] {processor.py:925} INFO - DAG(s) 'dag_id_3' retrieved from /opt/airflow/dags/dag_id_3.py
[2024-09-30T12:56:37.565+0000] {logging_mixin.py:190} INFO - [2024-09-30T12:56:37.565+0000] {dag.py:3239} INFO - Sync 1 DAGs
[2024-09-30T12:56:37.583+0000] {logging_mixin.py:190} INFO - [2024-09-30T12:56:37.583+0000] {dag.py:4180} INFO - Setting next_dagrun for dag_id_3 to None, run_after=None
[2024-09-30T12:56:37.601+0000] {processor.py:208} INFO - Processing /opt/airflow/dags/dag_id_3.py took 0.089 seconds
[2024-09-30T12:57:08.541+0000] {processor.py:186} INFO - Started process (PID=1963) to work on /opt/airflow/dags/dag_id_3.py
[2024-09-30T12:57:08.543+0000] {processor.py:914} INFO - Processing file /opt/airflow/dags/dag_id_3.py for tasks to queue
[2024-09-30T12:57:08.545+0000] {logging_mixin.py:190} INFO - [2024-09-30T12:57:08.545+0000] {dagbag.py:588} INFO - Filling up the DagBag from /opt/airflow/dags/dag_id_3.py
[2024-09-30T12:57:08.560+0000] {processor.py:925} INFO - DAG(s) 'dag_id_3' retrieved from /opt/airflow/dags/dag_id_3.py
[2024-09-30T12:57:08.579+0000] {logging_mixin.py:190} INFO - [2024-09-30T12:57:08.578+0000] {dag.py:3239} INFO - Sync 1 DAGs
[2024-09-30T12:57:08.597+0000] {logging_mixin.py:190} INFO - [2024-09-30T12:57:08.597+0000] {dag.py:4180} INFO - Setting next_dagrun for dag_id_3 to None, run_after=None
[2024-09-30T12:57:08.615+0000] {processor.py:208} INFO - Processing /opt/airflow/dags/dag_id_3.py took 0.081 seconds
[2024-09-30T12:57:38.791+0000] {processor.py:186} INFO - Started process (PID=2029) to work on /opt/airflow/dags/dag_id_3.py
[2024-09-30T12:57:38.792+0000] {processor.py:914} INFO - Processing file /opt/airflow/dags/dag_id_3.py for tasks to queue
[2024-09-30T12:57:38.795+0000] {logging_mixin.py:190} INFO - [2024-09-30T12:57:38.795+0000] {dagbag.py:588} INFO - Filling up the DagBag from /opt/airflow/dags/dag_id_3.py
[2024-09-30T12:57:38.808+0000] {processor.py:925} INFO - DAG(s) 'dag_id_3' retrieved from /opt/airflow/dags/dag_id_3.py
[2024-09-30T12:57:38.829+0000] {logging_mixin.py:190} INFO - [2024-09-30T12:57:38.829+0000] {dag.py:3239} INFO - Sync 1 DAGs
[2024-09-30T12:57:38.845+0000] {logging_mixin.py:190} INFO - [2024-09-30T12:57:38.845+0000] {dag.py:4180} INFO - Setting next_dagrun for dag_id_3 to None, run_after=None
[2024-09-30T12:57:38.865+0000] {processor.py:208} INFO - Processing /opt/airflow/dags/dag_id_3.py took 0.079 seconds
[2024-09-30T12:58:09.208+0000] {processor.py:186} INFO - Started process (PID=2095) to work on /opt/airflow/dags/dag_id_3.py
[2024-09-30T12:58:09.210+0000] {processor.py:914} INFO - Processing file /opt/airflow/dags/dag_id_3.py for tasks to queue
[2024-09-30T12:58:09.213+0000] {logging_mixin.py:190} INFO - [2024-09-30T12:58:09.212+0000] {dagbag.py:588} INFO - Filling up the DagBag from /opt/airflow/dags/dag_id_3.py
[2024-09-30T12:58:09.224+0000] {processor.py:925} INFO - DAG(s) 'dag_id_3' retrieved from /opt/airflow/dags/dag_id_3.py
[2024-09-30T12:58:09.241+0000] {logging_mixin.py:190} INFO - [2024-09-30T12:58:09.241+0000] {dag.py:3239} INFO - Sync 1 DAGs
[2024-09-30T12:58:09.257+0000] {logging_mixin.py:190} INFO - [2024-09-30T12:58:09.256+0000] {dag.py:4180} INFO - Setting next_dagrun for dag_id_3 to None, run_after=None
[2024-09-30T12:58:09.273+0000] {processor.py:208} INFO - Processing /opt/airflow/dags/dag_id_3.py took 0.071 seconds
[2024-09-30T12:58:39.411+0000] {processor.py:186} INFO - Started process (PID=2160) to work on /opt/airflow/dags/dag_id_3.py
[2024-09-30T12:58:39.411+0000] {processor.py:914} INFO - Processing file /opt/airflow/dags/dag_id_3.py for tasks to queue
[2024-09-30T12:58:39.415+0000] {logging_mixin.py:190} INFO - [2024-09-30T12:58:39.414+0000] {dagbag.py:588} INFO - Filling up the DagBag from /opt/airflow/dags/dag_id_3.py
[2024-09-30T12:58:39.429+0000] {processor.py:925} INFO - DAG(s) 'dag_id_3' retrieved from /opt/airflow/dags/dag_id_3.py
[2024-09-30T12:58:39.446+0000] {logging_mixin.py:190} INFO - [2024-09-30T12:58:39.446+0000] {dag.py:3239} INFO - Sync 1 DAGs
[2024-09-30T12:58:39.462+0000] {logging_mixin.py:190} INFO - [2024-09-30T12:58:39.462+0000] {dag.py:4180} INFO - Setting next_dagrun for dag_id_3 to None, run_after=None
[2024-09-30T12:58:39.476+0000] {processor.py:208} INFO - Processing /opt/airflow/dags/dag_id_3.py took 0.070 seconds
[2024-09-30T12:59:10.300+0000] {processor.py:186} INFO - Started process (PID=2226) to work on /opt/airflow/dags/dag_id_3.py
[2024-09-30T12:59:10.301+0000] {processor.py:914} INFO - Processing file /opt/airflow/dags/dag_id_3.py for tasks to queue
[2024-09-30T12:59:10.303+0000] {logging_mixin.py:190} INFO - [2024-09-30T12:59:10.303+0000] {dagbag.py:588} INFO - Filling up the DagBag from /opt/airflow/dags/dag_id_3.py
[2024-09-30T12:59:10.316+0000] {processor.py:925} INFO - DAG(s) 'dag_id_3' retrieved from /opt/airflow/dags/dag_id_3.py
[2024-09-30T12:59:10.340+0000] {logging_mixin.py:190} INFO - [2024-09-30T12:59:10.340+0000] {dag.py:3239} INFO - Sync 1 DAGs
[2024-09-30T12:59:10.362+0000] {logging_mixin.py:190} INFO - [2024-09-30T12:59:10.362+0000] {dag.py:4180} INFO - Setting next_dagrun for dag_id_3 to None, run_after=None
[2024-09-30T12:59:10.386+0000] {processor.py:208} INFO - Processing /opt/airflow/dags/dag_id_3.py took 0.091 seconds
[2024-09-30T12:59:40.902+0000] {processor.py:186} INFO - Started process (PID=2292) to work on /opt/airflow/dags/dag_id_3.py
[2024-09-30T12:59:40.905+0000] {processor.py:914} INFO - Processing file /opt/airflow/dags/dag_id_3.py for tasks to queue
[2024-09-30T12:59:40.908+0000] {logging_mixin.py:190} INFO - [2024-09-30T12:59:40.907+0000] {dagbag.py:588} INFO - Filling up the DagBag from /opt/airflow/dags/dag_id_3.py
[2024-09-30T12:59:40.948+0000] {processor.py:925} INFO - DAG(s) 'dag_id_3' retrieved from /opt/airflow/dags/dag_id_3.py
[2024-09-30T12:59:41.004+0000] {logging_mixin.py:190} INFO - [2024-09-30T12:59:41.003+0000] {dag.py:3239} INFO - Sync 1 DAGs
[2024-09-30T12:59:41.027+0000] {logging_mixin.py:190} INFO - [2024-09-30T12:59:41.027+0000] {dag.py:4180} INFO - Setting next_dagrun for dag_id_3 to None, run_after=None
[2024-09-30T12:59:41.043+0000] {processor.py:208} INFO - Processing /opt/airflow/dags/dag_id_3.py took 0.146 seconds
[2024-09-30T13:00:11.648+0000] {processor.py:186} INFO - Started process (PID=2358) to work on /opt/airflow/dags/dag_id_3.py
[2024-09-30T13:00:11.650+0000] {processor.py:914} INFO - Processing file /opt/airflow/dags/dag_id_3.py for tasks to queue
[2024-09-30T13:00:11.654+0000] {logging_mixin.py:190} INFO - [2024-09-30T13:00:11.654+0000] {dagbag.py:588} INFO - Filling up the DagBag from /opt/airflow/dags/dag_id_3.py
[2024-09-30T13:00:11.670+0000] {processor.py:925} INFO - DAG(s) 'dag_id_3' retrieved from /opt/airflow/dags/dag_id_3.py
[2024-09-30T13:00:11.696+0000] {logging_mixin.py:190} INFO - [2024-09-30T13:00:11.695+0000] {dag.py:3239} INFO - Sync 1 DAGs
[2024-09-30T13:00:11.716+0000] {logging_mixin.py:190} INFO - [2024-09-30T13:00:11.716+0000] {dag.py:4180} INFO - Setting next_dagrun for dag_id_3 to None, run_after=None
[2024-09-30T13:00:11.734+0000] {processor.py:208} INFO - Processing /opt/airflow/dags/dag_id_3.py took 0.093 seconds
[2024-09-30T13:00:42.026+0000] {processor.py:186} INFO - Started process (PID=2423) to work on /opt/airflow/dags/dag_id_3.py
[2024-09-30T13:00:42.031+0000] {processor.py:914} INFO - Processing file /opt/airflow/dags/dag_id_3.py for tasks to queue
[2024-09-30T13:00:42.037+0000] {logging_mixin.py:190} INFO - [2024-09-30T13:00:42.037+0000] {dagbag.py:588} INFO - Filling up the DagBag from /opt/airflow/dags/dag_id_3.py
[2024-09-30T13:00:42.059+0000] {processor.py:925} INFO - DAG(s) 'dag_id_3' retrieved from /opt/airflow/dags/dag_id_3.py
[2024-09-30T13:00:42.084+0000] {logging_mixin.py:190} INFO - [2024-09-30T13:00:42.084+0000] {dag.py:3239} INFO - Sync 1 DAGs
[2024-09-30T13:00:42.102+0000] {logging_mixin.py:190} INFO - [2024-09-30T13:00:42.102+0000] {dag.py:4180} INFO - Setting next_dagrun for dag_id_3 to None, run_after=None
[2024-09-30T13:00:42.116+0000] {processor.py:208} INFO - Processing /opt/airflow/dags/dag_id_3.py took 0.114 seconds
[2024-09-30T13:01:12.442+0000] {processor.py:186} INFO - Started process (PID=2489) to work on /opt/airflow/dags/dag_id_3.py
[2024-09-30T13:01:12.444+0000] {processor.py:914} INFO - Processing file /opt/airflow/dags/dag_id_3.py for tasks to queue
[2024-09-30T13:01:12.452+0000] {logging_mixin.py:190} INFO - [2024-09-30T13:01:12.452+0000] {dagbag.py:588} INFO - Filling up the DagBag from /opt/airflow/dags/dag_id_3.py
[2024-09-30T13:01:12.474+0000] {processor.py:925} INFO - DAG(s) 'dag_id_3' retrieved from /opt/airflow/dags/dag_id_3.py
[2024-09-30T13:01:12.504+0000] {logging_mixin.py:190} INFO - [2024-09-30T13:01:12.504+0000] {dag.py:3239} INFO - Sync 1 DAGs
[2024-09-30T13:01:12.525+0000] {logging_mixin.py:190} INFO - [2024-09-30T13:01:12.525+0000] {dag.py:4180} INFO - Setting next_dagrun for dag_id_3 to None, run_after=None
[2024-09-30T13:01:12.547+0000] {processor.py:208} INFO - Processing /opt/airflow/dags/dag_id_3.py took 0.126 seconds
[2024-09-30T13:01:42.791+0000] {processor.py:186} INFO - Started process (PID=2555) to work on /opt/airflow/dags/dag_id_3.py
[2024-09-30T13:01:42.793+0000] {processor.py:914} INFO - Processing file /opt/airflow/dags/dag_id_3.py for tasks to queue
[2024-09-30T13:01:42.797+0000] {logging_mixin.py:190} INFO - [2024-09-30T13:01:42.797+0000] {dagbag.py:588} INFO - Filling up the DagBag from /opt/airflow/dags/dag_id_3.py
[2024-09-30T13:01:42.813+0000] {processor.py:925} INFO - DAG(s) 'dag_id_3' retrieved from /opt/airflow/dags/dag_id_3.py
[2024-09-30T13:01:42.834+0000] {logging_mixin.py:190} INFO - [2024-09-30T13:01:42.834+0000] {dag.py:3239} INFO - Sync 1 DAGs
[2024-09-30T13:01:42.849+0000] {logging_mixin.py:190} INFO - [2024-09-30T13:01:42.848+0000] {dag.py:4180} INFO - Setting next_dagrun for dag_id_3 to None, run_after=None
[2024-09-30T13:01:42.865+0000] {processor.py:208} INFO - Processing /opt/airflow/dags/dag_id_3.py took 0.083 seconds
[2024-09-30T13:02:13.692+0000] {processor.py:186} INFO - Started process (PID=2621) to work on /opt/airflow/dags/dag_id_3.py
[2024-09-30T13:02:13.694+0000] {processor.py:914} INFO - Processing file /opt/airflow/dags/dag_id_3.py for tasks to queue
[2024-09-30T13:02:13.697+0000] {logging_mixin.py:190} INFO - [2024-09-30T13:02:13.697+0000] {dagbag.py:588} INFO - Filling up the DagBag from /opt/airflow/dags/dag_id_3.py
[2024-09-30T13:02:13.707+0000] {processor.py:925} INFO - DAG(s) 'dag_id_3' retrieved from /opt/airflow/dags/dag_id_3.py
[2024-09-30T13:02:13.723+0000] {logging_mixin.py:190} INFO - [2024-09-30T13:02:13.723+0000] {dag.py:3239} INFO - Sync 1 DAGs
[2024-09-30T13:02:13.734+0000] {logging_mixin.py:190} INFO - [2024-09-30T13:02:13.734+0000] {dag.py:4180} INFO - Setting next_dagrun for dag_id_3 to None, run_after=None
[2024-09-30T13:02:13.748+0000] {processor.py:208} INFO - Processing /opt/airflow/dags/dag_id_3.py took 0.062 seconds
[2024-09-30T13:02:44.456+0000] {processor.py:186} INFO - Started process (PID=2687) to work on /opt/airflow/dags/dag_id_3.py
[2024-09-30T13:02:44.457+0000] {processor.py:914} INFO - Processing file /opt/airflow/dags/dag_id_3.py for tasks to queue
[2024-09-30T13:02:44.459+0000] {logging_mixin.py:190} INFO - [2024-09-30T13:02:44.458+0000] {dagbag.py:588} INFO - Filling up the DagBag from /opt/airflow/dags/dag_id_3.py
[2024-09-30T13:02:44.465+0000] {processor.py:925} INFO - DAG(s) 'dag_id_3' retrieved from /opt/airflow/dags/dag_id_3.py
[2024-09-30T13:02:44.480+0000] {logging_mixin.py:190} INFO - [2024-09-30T13:02:44.480+0000] {dag.py:3239} INFO - Sync 1 DAGs
[2024-09-30T13:02:44.495+0000] {logging_mixin.py:190} INFO - [2024-09-30T13:02:44.495+0000] {dag.py:4180} INFO - Setting next_dagrun for dag_id_3 to None, run_after=None
[2024-09-30T13:02:44.510+0000] {processor.py:208} INFO - Processing /opt/airflow/dags/dag_id_3.py took 0.059 seconds
[2024-09-30T13:03:15.136+0000] {processor.py:186} INFO - Started process (PID=2753) to work on /opt/airflow/dags/dag_id_3.py
[2024-09-30T13:03:15.137+0000] {processor.py:914} INFO - Processing file /opt/airflow/dags/dag_id_3.py for tasks to queue
[2024-09-30T13:03:15.140+0000] {logging_mixin.py:190} INFO - [2024-09-30T13:03:15.140+0000] {dagbag.py:588} INFO - Filling up the DagBag from /opt/airflow/dags/dag_id_3.py
[2024-09-30T13:03:15.156+0000] {processor.py:925} INFO - DAG(s) 'dag_id_3' retrieved from /opt/airflow/dags/dag_id_3.py
[2024-09-30T13:03:15.174+0000] {logging_mixin.py:190} INFO - [2024-09-30T13:03:15.174+0000] {dag.py:3239} INFO - Sync 1 DAGs
[2024-09-30T13:03:15.189+0000] {logging_mixin.py:190} INFO - [2024-09-30T13:03:15.189+0000] {dag.py:4180} INFO - Setting next_dagrun for dag_id_3 to None, run_after=None
[2024-09-30T13:03:15.205+0000] {processor.py:208} INFO - Processing /opt/airflow/dags/dag_id_3.py took 0.076 seconds
[2024-09-30T13:03:45.895+0000] {processor.py:186} INFO - Started process (PID=2819) to work on /opt/airflow/dags/dag_id_3.py
[2024-09-30T13:03:45.896+0000] {processor.py:914} INFO - Processing file /opt/airflow/dags/dag_id_3.py for tasks to queue
[2024-09-30T13:03:45.898+0000] {logging_mixin.py:190} INFO - [2024-09-30T13:03:45.898+0000] {dagbag.py:588} INFO - Filling up the DagBag from /opt/airflow/dags/dag_id_3.py
[2024-09-30T13:03:45.907+0000] {processor.py:925} INFO - DAG(s) 'dag_id_3' retrieved from /opt/airflow/dags/dag_id_3.py
[2024-09-30T13:03:45.925+0000] {logging_mixin.py:190} INFO - [2024-09-30T13:03:45.925+0000] {dag.py:3239} INFO - Sync 1 DAGs
[2024-09-30T13:03:45.942+0000] {logging_mixin.py:190} INFO - [2024-09-30T13:03:45.942+0000] {dag.py:4180} INFO - Setting next_dagrun for dag_id_3 to None, run_after=None
[2024-09-30T13:03:45.960+0000] {processor.py:208} INFO - Processing /opt/airflow/dags/dag_id_3.py took 0.071 seconds
[2024-09-30T13:04:16.171+0000] {processor.py:186} INFO - Started process (PID=2885) to work on /opt/airflow/dags/dag_id_3.py
[2024-09-30T13:04:16.172+0000] {processor.py:914} INFO - Processing file /opt/airflow/dags/dag_id_3.py for tasks to queue
[2024-09-30T13:04:16.174+0000] {logging_mixin.py:190} INFO - [2024-09-30T13:04:16.174+0000] {dagbag.py:588} INFO - Filling up the DagBag from /opt/airflow/dags/dag_id_3.py
[2024-09-30T13:04:16.181+0000] {processor.py:925} INFO - DAG(s) 'dag_id_3' retrieved from /opt/airflow/dags/dag_id_3.py
[2024-09-30T13:04:16.196+0000] {logging_mixin.py:190} INFO - [2024-09-30T13:04:16.196+0000] {dag.py:3239} INFO - Sync 1 DAGs
[2024-09-30T13:04:16.211+0000] {logging_mixin.py:190} INFO - [2024-09-30T13:04:16.211+0000] {dag.py:4180} INFO - Setting next_dagrun for dag_id_3 to None, run_after=None
[2024-09-30T13:04:16.225+0000] {processor.py:208} INFO - Processing /opt/airflow/dags/dag_id_3.py took 0.058 seconds
