[2024-09-30T12:18:40.443+0000] {processor.py:186} INFO - Started process (PID=46) to work on /opt/airflow/dags/dag_id_2.py
[2024-09-30T12:18:40.444+0000] {processor.py:914} INFO - Processing file /opt/airflow/dags/dag_id_2.py for tasks to queue
[2024-09-30T12:18:40.446+0000] {logging_mixin.py:190} INFO - [2024-09-30T12:18:40.446+0000] {dagbag.py:588} INFO - Filling up the DagBag from /opt/airflow/dags/dag_id_2.py
[2024-09-30T12:18:40.456+0000] {processor.py:925} INFO - DAG(s) 'dag_id_2' retrieved from /opt/airflow/dags/dag_id_2.py
[2024-09-30T12:18:40.556+0000] {logging_mixin.py:190} INFO - [2024-09-30T12:18:40.554+0000] {override.py:1900} INFO - Created Permission View: can read on DAG:dag_id_2
[2024-09-30T12:18:40.564+0000] {logging_mixin.py:190} INFO - [2024-09-30T12:18:40.564+0000] {override.py:1900} INFO - Created Permission View: can edit on DAG:dag_id_2
[2024-09-30T12:18:40.569+0000] {logging_mixin.py:190} INFO - [2024-09-30T12:18:40.569+0000] {override.py:1900} INFO - Created Permission View: can delete on DAG:dag_id_2
[2024-09-30T12:18:40.573+0000] {logging_mixin.py:190} INFO - [2024-09-30T12:18:40.573+0000] {override.py:1900} INFO - Created Permission View: can read on DAG Run:dag_id_2
[2024-09-30T12:18:40.579+0000] {logging_mixin.py:190} INFO - [2024-09-30T12:18:40.578+0000] {override.py:1900} INFO - Created Permission View: menu access on DAG Run:dag_id_2
[2024-09-30T12:18:40.583+0000] {logging_mixin.py:190} INFO - [2024-09-30T12:18:40.583+0000] {override.py:1900} INFO - Created Permission View: can create on DAG Run:dag_id_2
[2024-09-30T12:18:40.587+0000] {logging_mixin.py:190} INFO - [2024-09-30T12:18:40.587+0000] {override.py:1900} INFO - Created Permission View: can delete on DAG Run:dag_id_2
[2024-09-30T12:18:40.587+0000] {logging_mixin.py:190} INFO - [2024-09-30T12:18:40.587+0000] {dag.py:3239} INFO - Sync 1 DAGs
[2024-09-30T12:18:40.601+0000] {logging_mixin.py:190} INFO - [2024-09-30T12:18:40.600+0000] {dag.py:3262} INFO - Creating ORM DAG for dag_id_2
[2024-09-30T12:18:40.601+0000] {logging_mixin.py:190} INFO - [2024-09-30T12:18:40.601+0000] {dag.py:4180} INFO - Setting next_dagrun for dag_id_2 to None, run_after=None
[2024-09-30T12:18:40.613+0000] {processor.py:208} INFO - Processing /opt/airflow/dags/dag_id_2.py took 0.176 seconds
[2024-09-30T12:19:11.114+0000] {processor.py:186} INFO - Started process (PID=112) to work on /opt/airflow/dags/dag_id_2.py
[2024-09-30T12:19:11.115+0000] {processor.py:914} INFO - Processing file /opt/airflow/dags/dag_id_2.py for tasks to queue
[2024-09-30T12:19:11.116+0000] {logging_mixin.py:190} INFO - [2024-09-30T12:19:11.116+0000] {dagbag.py:588} INFO - Filling up the DagBag from /opt/airflow/dags/dag_id_2.py
[2024-09-30T12:19:11.125+0000] {processor.py:925} INFO - DAG(s) 'dag_id_2' retrieved from /opt/airflow/dags/dag_id_2.py
[2024-09-30T12:19:11.138+0000] {logging_mixin.py:190} INFO - [2024-09-30T12:19:11.138+0000] {dag.py:3239} INFO - Sync 1 DAGs
[2024-09-30T12:19:11.147+0000] {logging_mixin.py:190} INFO - [2024-09-30T12:19:11.147+0000] {dag.py:4180} INFO - Setting next_dagrun for dag_id_2 to None, run_after=None
[2024-09-30T12:19:11.159+0000] {processor.py:208} INFO - Processing /opt/airflow/dags/dag_id_2.py took 0.048 seconds
[2024-09-30T12:19:41.497+0000] {processor.py:186} INFO - Started process (PID=177) to work on /opt/airflow/dags/dag_id_2.py
[2024-09-30T12:19:41.498+0000] {processor.py:914} INFO - Processing file /opt/airflow/dags/dag_id_2.py for tasks to queue
[2024-09-30T12:19:41.499+0000] {logging_mixin.py:190} INFO - [2024-09-30T12:19:41.499+0000] {dagbag.py:588} INFO - Filling up the DagBag from /opt/airflow/dags/dag_id_2.py
[2024-09-30T12:19:41.505+0000] {processor.py:925} INFO - DAG(s) 'dag_id_2' retrieved from /opt/airflow/dags/dag_id_2.py
[2024-09-30T12:19:41.521+0000] {logging_mixin.py:190} INFO - [2024-09-30T12:19:41.520+0000] {dag.py:3239} INFO - Sync 1 DAGs
[2024-09-30T12:19:41.529+0000] {logging_mixin.py:190} INFO - [2024-09-30T12:19:41.529+0000] {dag.py:4180} INFO - Setting next_dagrun for dag_id_2 to None, run_after=None
[2024-09-30T12:19:41.540+0000] {processor.py:208} INFO - Processing /opt/airflow/dags/dag_id_2.py took 0.045 seconds
[2024-09-30T12:20:11.831+0000] {processor.py:186} INFO - Started process (PID=243) to work on /opt/airflow/dags/dag_id_2.py
[2024-09-30T12:20:11.831+0000] {processor.py:914} INFO - Processing file /opt/airflow/dags/dag_id_2.py for tasks to queue
[2024-09-30T12:20:11.833+0000] {logging_mixin.py:190} INFO - [2024-09-30T12:20:11.832+0000] {dagbag.py:588} INFO - Filling up the DagBag from /opt/airflow/dags/dag_id_2.py
[2024-09-30T12:20:11.842+0000] {processor.py:925} INFO - DAG(s) 'dag_id_2' retrieved from /opt/airflow/dags/dag_id_2.py
[2024-09-30T12:20:11.856+0000] {logging_mixin.py:190} INFO - [2024-09-30T12:20:11.856+0000] {dag.py:3239} INFO - Sync 1 DAGs
[2024-09-30T12:20:11.865+0000] {logging_mixin.py:190} INFO - [2024-09-30T12:20:11.865+0000] {dag.py:4180} INFO - Setting next_dagrun for dag_id_2 to None, run_after=None
[2024-09-30T12:20:11.875+0000] {processor.py:208} INFO - Processing /opt/airflow/dags/dag_id_2.py took 0.048 seconds
[2024-09-30T12:20:42.354+0000] {processor.py:186} INFO - Started process (PID=308) to work on /opt/airflow/dags/dag_id_2.py
[2024-09-30T12:20:42.355+0000] {processor.py:914} INFO - Processing file /opt/airflow/dags/dag_id_2.py for tasks to queue
[2024-09-30T12:20:42.357+0000] {logging_mixin.py:190} INFO - [2024-09-30T12:20:42.356+0000] {dagbag.py:588} INFO - Filling up the DagBag from /opt/airflow/dags/dag_id_2.py
[2024-09-30T12:20:42.362+0000] {processor.py:925} INFO - DAG(s) 'dag_id_2' retrieved from /opt/airflow/dags/dag_id_2.py
[2024-09-30T12:20:42.379+0000] {logging_mixin.py:190} INFO - [2024-09-30T12:20:42.379+0000] {dag.py:3239} INFO - Sync 1 DAGs
[2024-09-30T12:20:42.391+0000] {logging_mixin.py:190} INFO - [2024-09-30T12:20:42.391+0000] {dag.py:4180} INFO - Setting next_dagrun for dag_id_2 to None, run_after=None
[2024-09-30T12:20:42.405+0000] {processor.py:208} INFO - Processing /opt/airflow/dags/dag_id_2.py took 0.054 seconds
[2024-09-30T12:21:12.760+0000] {processor.py:186} INFO - Started process (PID=374) to work on /opt/airflow/dags/dag_id_2.py
[2024-09-30T12:21:12.760+0000] {processor.py:914} INFO - Processing file /opt/airflow/dags/dag_id_2.py for tasks to queue
[2024-09-30T12:21:12.762+0000] {logging_mixin.py:190} INFO - [2024-09-30T12:21:12.762+0000] {dagbag.py:588} INFO - Filling up the DagBag from /opt/airflow/dags/dag_id_2.py
[2024-09-30T12:21:12.769+0000] {processor.py:925} INFO - DAG(s) 'dag_id_2' retrieved from /opt/airflow/dags/dag_id_2.py
[2024-09-30T12:21:12.782+0000] {logging_mixin.py:190} INFO - [2024-09-30T12:21:12.782+0000] {dag.py:3239} INFO - Sync 1 DAGs
[2024-09-30T12:21:12.798+0000] {logging_mixin.py:190} INFO - [2024-09-30T12:21:12.798+0000] {dag.py:4180} INFO - Setting next_dagrun for dag_id_2 to None, run_after=None
[2024-09-30T12:21:12.816+0000] {processor.py:208} INFO - Processing /opt/airflow/dags/dag_id_2.py took 0.060 seconds
[2024-09-30T12:21:43.332+0000] {processor.py:186} INFO - Started process (PID=439) to work on /opt/airflow/dags/dag_id_2.py
[2024-09-30T12:21:43.332+0000] {processor.py:914} INFO - Processing file /opt/airflow/dags/dag_id_2.py for tasks to queue
[2024-09-30T12:21:43.334+0000] {logging_mixin.py:190} INFO - [2024-09-30T12:21:43.334+0000] {dagbag.py:588} INFO - Filling up the DagBag from /opt/airflow/dags/dag_id_2.py
[2024-09-30T12:21:43.341+0000] {processor.py:925} INFO - DAG(s) 'dag_id_2' retrieved from /opt/airflow/dags/dag_id_2.py
[2024-09-30T12:21:43.357+0000] {logging_mixin.py:190} INFO - [2024-09-30T12:21:43.357+0000] {dag.py:3239} INFO - Sync 1 DAGs
[2024-09-30T12:21:43.369+0000] {logging_mixin.py:190} INFO - [2024-09-30T12:21:43.369+0000] {dag.py:4180} INFO - Setting next_dagrun for dag_id_2 to None, run_after=None
[2024-09-30T12:21:43.384+0000] {processor.py:208} INFO - Processing /opt/airflow/dags/dag_id_2.py took 0.055 seconds
[2024-09-30T12:22:13.889+0000] {processor.py:186} INFO - Started process (PID=505) to work on /opt/airflow/dags/dag_id_2.py
[2024-09-30T12:22:13.890+0000] {processor.py:914} INFO - Processing file /opt/airflow/dags/dag_id_2.py for tasks to queue
[2024-09-30T12:22:13.893+0000] {logging_mixin.py:190} INFO - [2024-09-30T12:22:13.893+0000] {dagbag.py:588} INFO - Filling up the DagBag from /opt/airflow/dags/dag_id_2.py
[2024-09-30T12:22:13.899+0000] {processor.py:925} INFO - DAG(s) 'dag_id_2' retrieved from /opt/airflow/dags/dag_id_2.py
[2024-09-30T12:22:13.918+0000] {logging_mixin.py:190} INFO - [2024-09-30T12:22:13.917+0000] {dag.py:3239} INFO - Sync 1 DAGs
[2024-09-30T12:22:13.929+0000] {logging_mixin.py:190} INFO - [2024-09-30T12:22:13.929+0000] {dag.py:4180} INFO - Setting next_dagrun for dag_id_2 to None, run_after=None
[2024-09-30T12:22:13.939+0000] {processor.py:208} INFO - Processing /opt/airflow/dags/dag_id_2.py took 0.053 seconds
[2024-09-30T12:22:44.349+0000] {processor.py:186} INFO - Started process (PID=571) to work on /opt/airflow/dags/dag_id_2.py
[2024-09-30T12:22:44.349+0000] {processor.py:914} INFO - Processing file /opt/airflow/dags/dag_id_2.py for tasks to queue
[2024-09-30T12:22:44.351+0000] {logging_mixin.py:190} INFO - [2024-09-30T12:22:44.350+0000] {dagbag.py:588} INFO - Filling up the DagBag from /opt/airflow/dags/dag_id_2.py
[2024-09-30T12:22:44.356+0000] {processor.py:925} INFO - DAG(s) 'dag_id_2' retrieved from /opt/airflow/dags/dag_id_2.py
[2024-09-30T12:22:44.368+0000] {logging_mixin.py:190} INFO - [2024-09-30T12:22:44.368+0000] {dag.py:3239} INFO - Sync 1 DAGs
[2024-09-30T12:22:44.379+0000] {logging_mixin.py:190} INFO - [2024-09-30T12:22:44.379+0000] {dag.py:4180} INFO - Setting next_dagrun for dag_id_2 to None, run_after=None
[2024-09-30T12:22:44.389+0000] {processor.py:208} INFO - Processing /opt/airflow/dags/dag_id_2.py took 0.043 seconds
[2024-09-30T12:23:14.550+0000] {processor.py:186} INFO - Started process (PID=636) to work on /opt/airflow/dags/dag_id_2.py
[2024-09-30T12:23:14.550+0000] {processor.py:914} INFO - Processing file /opt/airflow/dags/dag_id_2.py for tasks to queue
[2024-09-30T12:23:14.553+0000] {logging_mixin.py:190} INFO - [2024-09-30T12:23:14.553+0000] {dagbag.py:588} INFO - Filling up the DagBag from /opt/airflow/dags/dag_id_2.py
[2024-09-30T12:23:14.558+0000] {processor.py:925} INFO - DAG(s) 'dag_id_2' retrieved from /opt/airflow/dags/dag_id_2.py
[2024-09-30T12:23:14.575+0000] {logging_mixin.py:190} INFO - [2024-09-30T12:23:14.575+0000] {dag.py:3239} INFO - Sync 1 DAGs
[2024-09-30T12:23:14.585+0000] {logging_mixin.py:190} INFO - [2024-09-30T12:23:14.585+0000] {dag.py:4180} INFO - Setting next_dagrun for dag_id_2 to None, run_after=None
[2024-09-30T12:23:14.597+0000] {processor.py:208} INFO - Processing /opt/airflow/dags/dag_id_2.py took 0.050 seconds
[2024-09-30T12:23:44.833+0000] {processor.py:186} INFO - Started process (PID=708) to work on /opt/airflow/dags/dag_id_2.py
[2024-09-30T12:23:44.834+0000] {processor.py:914} INFO - Processing file /opt/airflow/dags/dag_id_2.py for tasks to queue
[2024-09-30T12:23:44.835+0000] {logging_mixin.py:190} INFO - [2024-09-30T12:23:44.835+0000] {dagbag.py:588} INFO - Filling up the DagBag from /opt/airflow/dags/dag_id_2.py
[2024-09-30T12:23:44.840+0000] {processor.py:925} INFO - DAG(s) 'dag_id_2' retrieved from /opt/airflow/dags/dag_id_2.py
[2024-09-30T12:23:44.858+0000] {logging_mixin.py:190} INFO - [2024-09-30T12:23:44.858+0000] {dag.py:3239} INFO - Sync 1 DAGs
[2024-09-30T12:23:44.871+0000] {logging_mixin.py:190} INFO - [2024-09-30T12:23:44.871+0000] {dag.py:4180} INFO - Setting next_dagrun for dag_id_2 to None, run_after=None
[2024-09-30T12:23:44.883+0000] {processor.py:208} INFO - Processing /opt/airflow/dags/dag_id_2.py took 0.053 seconds
[2024-09-30T12:24:15.189+0000] {processor.py:186} INFO - Started process (PID=774) to work on /opt/airflow/dags/dag_id_2.py
[2024-09-30T12:24:15.191+0000] {processor.py:914} INFO - Processing file /opt/airflow/dags/dag_id_2.py for tasks to queue
[2024-09-30T12:24:15.193+0000] {logging_mixin.py:190} INFO - [2024-09-30T12:24:15.193+0000] {dagbag.py:588} INFO - Filling up the DagBag from /opt/airflow/dags/dag_id_2.py
[2024-09-30T12:24:15.198+0000] {processor.py:925} INFO - DAG(s) 'dag_id_2' retrieved from /opt/airflow/dags/dag_id_2.py
[2024-09-30T12:24:15.211+0000] {logging_mixin.py:190} INFO - [2024-09-30T12:24:15.211+0000] {dag.py:3239} INFO - Sync 1 DAGs
[2024-09-30T12:24:15.222+0000] {logging_mixin.py:190} INFO - [2024-09-30T12:24:15.221+0000] {dag.py:4180} INFO - Setting next_dagrun for dag_id_2 to None, run_after=None
[2024-09-30T12:24:15.235+0000] {processor.py:208} INFO - Processing /opt/airflow/dags/dag_id_2.py took 0.049 seconds
[2024-09-30T12:27:58.422+0000] {processor.py:186} INFO - Started process (PID=46) to work on /opt/airflow/dags/dag_id_2.py
[2024-09-30T12:27:58.422+0000] {processor.py:914} INFO - Processing file /opt/airflow/dags/dag_id_2.py for tasks to queue
[2024-09-30T12:27:58.424+0000] {logging_mixin.py:190} INFO - [2024-09-30T12:27:58.424+0000] {dagbag.py:588} INFO - Filling up the DagBag from /opt/airflow/dags/dag_id_2.py
[2024-09-30T12:27:58.431+0000] {processor.py:925} INFO - DAG(s) 'dag_id_2' retrieved from /opt/airflow/dags/dag_id_2.py
[2024-09-30T12:27:58.451+0000] {logging_mixin.py:190} INFO - [2024-09-30T12:27:58.451+0000] {dag.py:3239} INFO - Sync 1 DAGs
[2024-09-30T12:27:58.459+0000] {logging_mixin.py:190} INFO - [2024-09-30T12:27:58.459+0000] {dag.py:4180} INFO - Setting next_dagrun for dag_id_2 to None, run_after=None
[2024-09-30T12:27:58.470+0000] {processor.py:208} INFO - Processing /opt/airflow/dags/dag_id_2.py took 0.051 seconds
[2024-09-30T12:28:29.470+0000] {processor.py:186} INFO - Started process (PID=112) to work on /opt/airflow/dags/dag_id_2.py
[2024-09-30T12:28:29.471+0000] {processor.py:914} INFO - Processing file /opt/airflow/dags/dag_id_2.py for tasks to queue
[2024-09-30T12:28:29.472+0000] {logging_mixin.py:190} INFO - [2024-09-30T12:28:29.472+0000] {dagbag.py:588} INFO - Filling up the DagBag from /opt/airflow/dags/dag_id_2.py
[2024-09-30T12:28:29.477+0000] {processor.py:925} INFO - DAG(s) 'dag_id_2' retrieved from /opt/airflow/dags/dag_id_2.py
[2024-09-30T12:28:29.490+0000] {logging_mixin.py:190} INFO - [2024-09-30T12:28:29.490+0000] {dag.py:3239} INFO - Sync 1 DAGs
[2024-09-30T12:28:29.500+0000] {logging_mixin.py:190} INFO - [2024-09-30T12:28:29.500+0000] {dag.py:4180} INFO - Setting next_dagrun for dag_id_2 to None, run_after=None
[2024-09-30T12:28:29.510+0000] {processor.py:208} INFO - Processing /opt/airflow/dags/dag_id_2.py took 0.043 seconds
[2024-09-30T12:29:00.023+0000] {processor.py:186} INFO - Started process (PID=178) to work on /opt/airflow/dags/dag_id_2.py
[2024-09-30T12:29:00.024+0000] {processor.py:914} INFO - Processing file /opt/airflow/dags/dag_id_2.py for tasks to queue
[2024-09-30T12:29:00.025+0000] {logging_mixin.py:190} INFO - [2024-09-30T12:29:00.025+0000] {dagbag.py:588} INFO - Filling up the DagBag from /opt/airflow/dags/dag_id_2.py
[2024-09-30T12:29:00.030+0000] {processor.py:925} INFO - DAG(s) 'dag_id_2' retrieved from /opt/airflow/dags/dag_id_2.py
[2024-09-30T12:29:00.043+0000] {logging_mixin.py:190} INFO - [2024-09-30T12:29:00.043+0000] {dag.py:3239} INFO - Sync 1 DAGs
[2024-09-30T12:29:00.053+0000] {logging_mixin.py:190} INFO - [2024-09-30T12:29:00.053+0000] {dag.py:4180} INFO - Setting next_dagrun for dag_id_2 to None, run_after=None
[2024-09-30T12:29:00.063+0000] {processor.py:208} INFO - Processing /opt/airflow/dags/dag_id_2.py took 0.043 seconds
[2024-09-30T12:29:30.442+0000] {processor.py:186} INFO - Started process (PID=244) to work on /opt/airflow/dags/dag_id_2.py
[2024-09-30T12:29:30.443+0000] {processor.py:914} INFO - Processing file /opt/airflow/dags/dag_id_2.py for tasks to queue
[2024-09-30T12:29:30.444+0000] {logging_mixin.py:190} INFO - [2024-09-30T12:29:30.444+0000] {dagbag.py:588} INFO - Filling up the DagBag from /opt/airflow/dags/dag_id_2.py
[2024-09-30T12:29:30.451+0000] {processor.py:925} INFO - DAG(s) 'dag_id_2' retrieved from /opt/airflow/dags/dag_id_2.py
[2024-09-30T12:29:30.466+0000] {logging_mixin.py:190} INFO - [2024-09-30T12:29:30.466+0000] {dag.py:3239} INFO - Sync 1 DAGs
[2024-09-30T12:29:30.475+0000] {logging_mixin.py:190} INFO - [2024-09-30T12:29:30.475+0000] {dag.py:4180} INFO - Setting next_dagrun for dag_id_2 to None, run_after=None
[2024-09-30T12:29:30.485+0000] {processor.py:208} INFO - Processing /opt/airflow/dags/dag_id_2.py took 0.045 seconds
[2024-09-30T12:30:00.850+0000] {processor.py:186} INFO - Started process (PID=310) to work on /opt/airflow/dags/dag_id_2.py
[2024-09-30T12:30:00.851+0000] {processor.py:914} INFO - Processing file /opt/airflow/dags/dag_id_2.py for tasks to queue
[2024-09-30T12:30:00.852+0000] {logging_mixin.py:190} INFO - [2024-09-30T12:30:00.852+0000] {dagbag.py:588} INFO - Filling up the DagBag from /opt/airflow/dags/dag_id_2.py
[2024-09-30T12:30:00.857+0000] {processor.py:925} INFO - DAG(s) 'dag_id_2' retrieved from /opt/airflow/dags/dag_id_2.py
[2024-09-30T12:30:00.875+0000] {logging_mixin.py:190} INFO - [2024-09-30T12:30:00.874+0000] {dag.py:3239} INFO - Sync 1 DAGs
[2024-09-30T12:30:00.884+0000] {logging_mixin.py:190} INFO - [2024-09-30T12:30:00.883+0000] {dag.py:4180} INFO - Setting next_dagrun for dag_id_2 to None, run_after=None
[2024-09-30T12:30:00.893+0000] {processor.py:208} INFO - Processing /opt/airflow/dags/dag_id_2.py took 0.046 seconds
[2024-09-30T12:30:31.216+0000] {processor.py:186} INFO - Started process (PID=376) to work on /opt/airflow/dags/dag_id_2.py
[2024-09-30T12:30:31.216+0000] {processor.py:914} INFO - Processing file /opt/airflow/dags/dag_id_2.py for tasks to queue
[2024-09-30T12:30:31.218+0000] {logging_mixin.py:190} INFO - [2024-09-30T12:30:31.217+0000] {dagbag.py:588} INFO - Filling up the DagBag from /opt/airflow/dags/dag_id_2.py
[2024-09-30T12:30:31.223+0000] {processor.py:925} INFO - DAG(s) 'dag_id_2' retrieved from /opt/airflow/dags/dag_id_2.py
[2024-09-30T12:30:31.238+0000] {logging_mixin.py:190} INFO - [2024-09-30T12:30:31.238+0000] {dag.py:3239} INFO - Sync 1 DAGs
[2024-09-30T12:30:31.248+0000] {logging_mixin.py:190} INFO - [2024-09-30T12:30:31.248+0000] {dag.py:4180} INFO - Setting next_dagrun for dag_id_2 to None, run_after=None
[2024-09-30T12:30:31.260+0000] {processor.py:208} INFO - Processing /opt/airflow/dags/dag_id_2.py took 0.047 seconds
[2024-09-30T12:31:02.036+0000] {processor.py:186} INFO - Started process (PID=448) to work on /opt/airflow/dags/dag_id_2.py
[2024-09-30T12:31:02.038+0000] {processor.py:914} INFO - Processing file /opt/airflow/dags/dag_id_2.py for tasks to queue
[2024-09-30T12:31:02.040+0000] {logging_mixin.py:190} INFO - [2024-09-30T12:31:02.039+0000] {dagbag.py:588} INFO - Filling up the DagBag from /opt/airflow/dags/dag_id_2.py
[2024-09-30T12:31:02.046+0000] {processor.py:925} INFO - DAG(s) 'dag_id_2' retrieved from /opt/airflow/dags/dag_id_2.py
[2024-09-30T12:31:02.062+0000] {logging_mixin.py:190} INFO - [2024-09-30T12:31:02.062+0000] {dag.py:3239} INFO - Sync 1 DAGs
[2024-09-30T12:31:02.072+0000] {logging_mixin.py:190} INFO - [2024-09-30T12:31:02.072+0000] {dag.py:4180} INFO - Setting next_dagrun for dag_id_2 to None, run_after=None
[2024-09-30T12:31:02.089+0000] {processor.py:208} INFO - Processing /opt/airflow/dags/dag_id_2.py took 0.056 seconds
[2024-09-30T12:31:32.763+0000] {processor.py:186} INFO - Started process (PID=514) to work on /opt/airflow/dags/dag_id_2.py
[2024-09-30T12:31:32.763+0000] {processor.py:914} INFO - Processing file /opt/airflow/dags/dag_id_2.py for tasks to queue
[2024-09-30T12:31:32.765+0000] {logging_mixin.py:190} INFO - [2024-09-30T12:31:32.764+0000] {dagbag.py:588} INFO - Filling up the DagBag from /opt/airflow/dags/dag_id_2.py
[2024-09-30T12:31:32.770+0000] {processor.py:925} INFO - DAG(s) 'dag_id_2' retrieved from /opt/airflow/dags/dag_id_2.py
[2024-09-30T12:31:32.785+0000] {logging_mixin.py:190} INFO - [2024-09-30T12:31:32.784+0000] {dag.py:3239} INFO - Sync 1 DAGs
[2024-09-30T12:31:32.794+0000] {logging_mixin.py:190} INFO - [2024-09-30T12:31:32.794+0000] {dag.py:4180} INFO - Setting next_dagrun for dag_id_2 to None, run_after=None
[2024-09-30T12:31:32.806+0000] {processor.py:208} INFO - Processing /opt/airflow/dags/dag_id_2.py took 0.046 seconds
[2024-09-30T12:32:40.764+0000] {processor.py:186} INFO - Started process (PID=45) to work on /opt/airflow/dags/dag_id_2.py
[2024-09-30T12:32:40.765+0000] {processor.py:914} INFO - Processing file /opt/airflow/dags/dag_id_2.py for tasks to queue
[2024-09-30T12:32:40.768+0000] {logging_mixin.py:190} INFO - [2024-09-30T12:32:40.767+0000] {dagbag.py:588} INFO - Filling up the DagBag from /opt/airflow/dags/dag_id_2.py
[2024-09-30T12:32:40.776+0000] {processor.py:925} INFO - DAG(s) 'dag_id_2' retrieved from /opt/airflow/dags/dag_id_2.py
[2024-09-30T12:32:40.802+0000] {logging_mixin.py:190} INFO - [2024-09-30T12:32:40.801+0000] {dag.py:3239} INFO - Sync 1 DAGs
[2024-09-30T12:32:40.812+0000] {logging_mixin.py:190} INFO - [2024-09-30T12:32:40.812+0000] {dag.py:4180} INFO - Setting next_dagrun for dag_id_2 to None, run_after=None
[2024-09-30T12:32:40.825+0000] {processor.py:208} INFO - Processing /opt/airflow/dags/dag_id_2.py took 0.068 seconds
[2024-09-30T12:33:11.075+0000] {processor.py:186} INFO - Started process (PID=111) to work on /opt/airflow/dags/dag_id_2.py
[2024-09-30T12:33:11.076+0000] {processor.py:914} INFO - Processing file /opt/airflow/dags/dag_id_2.py for tasks to queue
[2024-09-30T12:33:11.078+0000] {logging_mixin.py:190} INFO - [2024-09-30T12:33:11.077+0000] {dagbag.py:588} INFO - Filling up the DagBag from /opt/airflow/dags/dag_id_2.py
[2024-09-30T12:33:11.084+0000] {processor.py:925} INFO - DAG(s) 'dag_id_2' retrieved from /opt/airflow/dags/dag_id_2.py
[2024-09-30T12:33:11.100+0000] {logging_mixin.py:190} INFO - [2024-09-30T12:33:11.100+0000] {dag.py:3239} INFO - Sync 1 DAGs
[2024-09-30T12:33:11.112+0000] {logging_mixin.py:190} INFO - [2024-09-30T12:33:11.112+0000] {dag.py:4180} INFO - Setting next_dagrun for dag_id_2 to None, run_after=None
[2024-09-30T12:33:11.125+0000] {processor.py:208} INFO - Processing /opt/airflow/dags/dag_id_2.py took 0.053 seconds
[2024-09-30T12:33:41.633+0000] {processor.py:186} INFO - Started process (PID=177) to work on /opt/airflow/dags/dag_id_2.py
[2024-09-30T12:33:41.634+0000] {processor.py:914} INFO - Processing file /opt/airflow/dags/dag_id_2.py for tasks to queue
[2024-09-30T12:33:41.635+0000] {logging_mixin.py:190} INFO - [2024-09-30T12:33:41.635+0000] {dagbag.py:588} INFO - Filling up the DagBag from /opt/airflow/dags/dag_id_2.py
[2024-09-30T12:33:41.640+0000] {processor.py:925} INFO - DAG(s) 'dag_id_2' retrieved from /opt/airflow/dags/dag_id_2.py
[2024-09-30T12:33:41.654+0000] {logging_mixin.py:190} INFO - [2024-09-30T12:33:41.654+0000] {dag.py:3239} INFO - Sync 1 DAGs
[2024-09-30T12:33:41.664+0000] {logging_mixin.py:190} INFO - [2024-09-30T12:33:41.664+0000] {dag.py:4180} INFO - Setting next_dagrun for dag_id_2 to None, run_after=None
[2024-09-30T12:33:41.675+0000] {processor.py:208} INFO - Processing /opt/airflow/dags/dag_id_2.py took 0.044 seconds
[2024-09-30T12:34:12.005+0000] {processor.py:186} INFO - Started process (PID=243) to work on /opt/airflow/dags/dag_id_2.py
[2024-09-30T12:34:12.005+0000] {processor.py:914} INFO - Processing file /opt/airflow/dags/dag_id_2.py for tasks to queue
[2024-09-30T12:34:12.006+0000] {logging_mixin.py:190} INFO - [2024-09-30T12:34:12.006+0000] {dagbag.py:588} INFO - Filling up the DagBag from /opt/airflow/dags/dag_id_2.py
[2024-09-30T12:34:12.012+0000] {processor.py:925} INFO - DAG(s) 'dag_id_2' retrieved from /opt/airflow/dags/dag_id_2.py
[2024-09-30T12:34:12.025+0000] {logging_mixin.py:190} INFO - [2024-09-30T12:34:12.025+0000] {dag.py:3239} INFO - Sync 1 DAGs
[2024-09-30T12:34:12.035+0000] {logging_mixin.py:190} INFO - [2024-09-30T12:34:12.035+0000] {dag.py:4180} INFO - Setting next_dagrun for dag_id_2 to None, run_after=None
[2024-09-30T12:34:12.046+0000] {processor.py:208} INFO - Processing /opt/airflow/dags/dag_id_2.py took 0.044 seconds
[2024-09-30T12:34:42.402+0000] {processor.py:186} INFO - Started process (PID=309) to work on /opt/airflow/dags/dag_id_2.py
[2024-09-30T12:34:42.402+0000] {processor.py:914} INFO - Processing file /opt/airflow/dags/dag_id_2.py for tasks to queue
[2024-09-30T12:34:42.404+0000] {logging_mixin.py:190} INFO - [2024-09-30T12:34:42.404+0000] {dagbag.py:588} INFO - Filling up the DagBag from /opt/airflow/dags/dag_id_2.py
[2024-09-30T12:34:42.409+0000] {processor.py:925} INFO - DAG(s) 'dag_id_2' retrieved from /opt/airflow/dags/dag_id_2.py
[2024-09-30T12:34:42.422+0000] {logging_mixin.py:190} INFO - [2024-09-30T12:34:42.422+0000] {dag.py:3239} INFO - Sync 1 DAGs
[2024-09-30T12:34:42.431+0000] {logging_mixin.py:190} INFO - [2024-09-30T12:34:42.431+0000] {dag.py:4180} INFO - Setting next_dagrun for dag_id_2 to None, run_after=None
[2024-09-30T12:34:42.441+0000] {processor.py:208} INFO - Processing /opt/airflow/dags/dag_id_2.py took 0.042 seconds
[2024-09-30T12:35:12.582+0000] {processor.py:186} INFO - Started process (PID=374) to work on /opt/airflow/dags/dag_id_2.py
[2024-09-30T12:35:12.583+0000] {processor.py:914} INFO - Processing file /opt/airflow/dags/dag_id_2.py for tasks to queue
[2024-09-30T12:35:12.584+0000] {logging_mixin.py:190} INFO - [2024-09-30T12:35:12.584+0000] {dagbag.py:588} INFO - Filling up the DagBag from /opt/airflow/dags/dag_id_2.py
[2024-09-30T12:35:12.589+0000] {processor.py:925} INFO - DAG(s) 'dag_id_2' retrieved from /opt/airflow/dags/dag_id_2.py
[2024-09-30T12:35:12.602+0000] {logging_mixin.py:190} INFO - [2024-09-30T12:35:12.602+0000] {dag.py:3239} INFO - Sync 1 DAGs
[2024-09-30T12:35:12.611+0000] {logging_mixin.py:190} INFO - [2024-09-30T12:35:12.611+0000] {dag.py:4180} INFO - Setting next_dagrun for dag_id_2 to None, run_after=None
[2024-09-30T12:35:12.621+0000] {processor.py:208} INFO - Processing /opt/airflow/dags/dag_id_2.py took 0.042 seconds
[2024-09-30T12:35:43.029+0000] {processor.py:186} INFO - Started process (PID=440) to work on /opt/airflow/dags/dag_id_2.py
[2024-09-30T12:35:43.030+0000] {processor.py:914} INFO - Processing file /opt/airflow/dags/dag_id_2.py for tasks to queue
[2024-09-30T12:35:43.031+0000] {logging_mixin.py:190} INFO - [2024-09-30T12:35:43.031+0000] {dagbag.py:588} INFO - Filling up the DagBag from /opt/airflow/dags/dag_id_2.py
[2024-09-30T12:35:43.036+0000] {processor.py:925} INFO - DAG(s) 'dag_id_2' retrieved from /opt/airflow/dags/dag_id_2.py
[2024-09-30T12:35:43.050+0000] {logging_mixin.py:190} INFO - [2024-09-30T12:35:43.050+0000] {dag.py:3239} INFO - Sync 1 DAGs
[2024-09-30T12:35:43.061+0000] {logging_mixin.py:190} INFO - [2024-09-30T12:35:43.060+0000] {dag.py:4180} INFO - Setting next_dagrun for dag_id_2 to None, run_after=None
[2024-09-30T12:35:43.072+0000] {processor.py:208} INFO - Processing /opt/airflow/dags/dag_id_2.py took 0.046 seconds
[2024-09-30T12:36:13.735+0000] {processor.py:186} INFO - Started process (PID=506) to work on /opt/airflow/dags/dag_id_2.py
[2024-09-30T12:36:13.735+0000] {processor.py:914} INFO - Processing file /opt/airflow/dags/dag_id_2.py for tasks to queue
[2024-09-30T12:36:13.737+0000] {logging_mixin.py:190} INFO - [2024-09-30T12:36:13.737+0000] {dagbag.py:588} INFO - Filling up the DagBag from /opt/airflow/dags/dag_id_2.py
[2024-09-30T12:36:13.742+0000] {processor.py:925} INFO - DAG(s) 'dag_id_2' retrieved from /opt/airflow/dags/dag_id_2.py
[2024-09-30T12:36:13.758+0000] {logging_mixin.py:190} INFO - [2024-09-30T12:36:13.758+0000] {dag.py:3239} INFO - Sync 1 DAGs
[2024-09-30T12:36:13.768+0000] {logging_mixin.py:190} INFO - [2024-09-30T12:36:13.767+0000] {dag.py:4180} INFO - Setting next_dagrun for dag_id_2 to None, run_after=None
[2024-09-30T12:36:13.779+0000] {processor.py:208} INFO - Processing /opt/airflow/dags/dag_id_2.py took 0.048 seconds
[2024-09-30T12:36:44.266+0000] {processor.py:186} INFO - Started process (PID=572) to work on /opt/airflow/dags/dag_id_2.py
[2024-09-30T12:36:44.267+0000] {processor.py:914} INFO - Processing file /opt/airflow/dags/dag_id_2.py for tasks to queue
[2024-09-30T12:36:44.268+0000] {logging_mixin.py:190} INFO - [2024-09-30T12:36:44.268+0000] {dagbag.py:588} INFO - Filling up the DagBag from /opt/airflow/dags/dag_id_2.py
[2024-09-30T12:36:44.274+0000] {processor.py:925} INFO - DAG(s) 'dag_id_2' retrieved from /opt/airflow/dags/dag_id_2.py
[2024-09-30T12:36:44.289+0000] {logging_mixin.py:190} INFO - [2024-09-30T12:36:44.289+0000] {dag.py:3239} INFO - Sync 1 DAGs
[2024-09-30T12:36:44.299+0000] {logging_mixin.py:190} INFO - [2024-09-30T12:36:44.299+0000] {dag.py:4180} INFO - Setting next_dagrun for dag_id_2 to None, run_after=None
[2024-09-30T12:36:44.310+0000] {processor.py:208} INFO - Processing /opt/airflow/dags/dag_id_2.py took 0.048 seconds
[2024-09-30T12:37:14.742+0000] {processor.py:186} INFO - Started process (PID=638) to work on /opt/airflow/dags/dag_id_2.py
[2024-09-30T12:37:14.742+0000] {processor.py:914} INFO - Processing file /opt/airflow/dags/dag_id_2.py for tasks to queue
[2024-09-30T12:37:14.744+0000] {logging_mixin.py:190} INFO - [2024-09-30T12:37:14.744+0000] {dagbag.py:588} INFO - Filling up the DagBag from /opt/airflow/dags/dag_id_2.py
[2024-09-30T12:37:14.749+0000] {processor.py:925} INFO - DAG(s) 'dag_id_2' retrieved from /opt/airflow/dags/dag_id_2.py
[2024-09-30T12:37:14.761+0000] {logging_mixin.py:190} INFO - [2024-09-30T12:37:14.761+0000] {dag.py:3239} INFO - Sync 1 DAGs
[2024-09-30T12:37:14.769+0000] {logging_mixin.py:190} INFO - [2024-09-30T12:37:14.769+0000] {dag.py:4180} INFO - Setting next_dagrun for dag_id_2 to None, run_after=None
[2024-09-30T12:37:14.779+0000] {processor.py:208} INFO - Processing /opt/airflow/dags/dag_id_2.py took 0.040 seconds
[2024-09-30T12:37:45.038+0000] {processor.py:186} INFO - Started process (PID=704) to work on /opt/airflow/dags/dag_id_2.py
[2024-09-30T12:37:45.039+0000] {processor.py:914} INFO - Processing file /opt/airflow/dags/dag_id_2.py for tasks to queue
[2024-09-30T12:37:45.040+0000] {logging_mixin.py:190} INFO - [2024-09-30T12:37:45.040+0000] {dagbag.py:588} INFO - Filling up the DagBag from /opt/airflow/dags/dag_id_2.py
[2024-09-30T12:37:45.046+0000] {processor.py:925} INFO - DAG(s) 'dag_id_2' retrieved from /opt/airflow/dags/dag_id_2.py
[2024-09-30T12:37:45.059+0000] {logging_mixin.py:190} INFO - [2024-09-30T12:37:45.059+0000] {dag.py:3239} INFO - Sync 1 DAGs
[2024-09-30T12:37:45.069+0000] {logging_mixin.py:190} INFO - [2024-09-30T12:37:45.069+0000] {dag.py:4180} INFO - Setting next_dagrun for dag_id_2 to None, run_after=None
[2024-09-30T12:37:45.079+0000] {processor.py:208} INFO - Processing /opt/airflow/dags/dag_id_2.py took 0.044 seconds
[2024-09-30T12:38:15.894+0000] {processor.py:186} INFO - Started process (PID=776) to work on /opt/airflow/dags/dag_id_2.py
[2024-09-30T12:38:15.895+0000] {processor.py:914} INFO - Processing file /opt/airflow/dags/dag_id_2.py for tasks to queue
[2024-09-30T12:38:15.896+0000] {logging_mixin.py:190} INFO - [2024-09-30T12:38:15.896+0000] {dagbag.py:588} INFO - Filling up the DagBag from /opt/airflow/dags/dag_id_2.py
[2024-09-30T12:38:15.902+0000] {processor.py:925} INFO - DAG(s) 'dag_id_2' retrieved from /opt/airflow/dags/dag_id_2.py
[2024-09-30T12:38:15.920+0000] {logging_mixin.py:190} INFO - [2024-09-30T12:38:15.920+0000] {dag.py:3239} INFO - Sync 1 DAGs
[2024-09-30T12:38:15.929+0000] {logging_mixin.py:190} INFO - [2024-09-30T12:38:15.929+0000] {dag.py:4180} INFO - Setting next_dagrun for dag_id_2 to None, run_after=None
[2024-09-30T12:38:15.940+0000] {processor.py:208} INFO - Processing /opt/airflow/dags/dag_id_2.py took 0.049 seconds
[2024-09-30T12:38:46.238+0000] {processor.py:186} INFO - Started process (PID=842) to work on /opt/airflow/dags/dag_id_2.py
[2024-09-30T12:38:46.239+0000] {processor.py:914} INFO - Processing file /opt/airflow/dags/dag_id_2.py for tasks to queue
[2024-09-30T12:38:46.240+0000] {logging_mixin.py:190} INFO - [2024-09-30T12:38:46.240+0000] {dagbag.py:588} INFO - Filling up the DagBag from /opt/airflow/dags/dag_id_2.py
[2024-09-30T12:38:46.246+0000] {processor.py:925} INFO - DAG(s) 'dag_id_2' retrieved from /opt/airflow/dags/dag_id_2.py
[2024-09-30T12:38:46.259+0000] {logging_mixin.py:190} INFO - [2024-09-30T12:38:46.259+0000] {dag.py:3239} INFO - Sync 1 DAGs
[2024-09-30T12:38:46.269+0000] {logging_mixin.py:190} INFO - [2024-09-30T12:38:46.269+0000] {dag.py:4180} INFO - Setting next_dagrun for dag_id_2 to None, run_after=None
[2024-09-30T12:38:46.281+0000] {processor.py:208} INFO - Processing /opt/airflow/dags/dag_id_2.py took 0.046 seconds
[2024-09-30T12:39:16.748+0000] {processor.py:186} INFO - Started process (PID=908) to work on /opt/airflow/dags/dag_id_2.py
[2024-09-30T12:39:16.750+0000] {processor.py:914} INFO - Processing file /opt/airflow/dags/dag_id_2.py for tasks to queue
[2024-09-30T12:39:16.753+0000] {logging_mixin.py:190} INFO - [2024-09-30T12:39:16.752+0000] {dagbag.py:588} INFO - Filling up the DagBag from /opt/airflow/dags/dag_id_2.py
[2024-09-30T12:39:16.765+0000] {processor.py:925} INFO - DAG(s) 'dag_id_2' retrieved from /opt/airflow/dags/dag_id_2.py
[2024-09-30T12:39:16.808+0000] {logging_mixin.py:190} INFO - [2024-09-30T12:39:16.808+0000] {dag.py:3239} INFO - Sync 1 DAGs
[2024-09-30T12:39:16.820+0000] {logging_mixin.py:190} INFO - [2024-09-30T12:39:16.820+0000] {dag.py:4180} INFO - Setting next_dagrun for dag_id_2 to None, run_after=None
[2024-09-30T12:39:16.833+0000] {processor.py:208} INFO - Processing /opt/airflow/dags/dag_id_2.py took 0.092 seconds
[2024-09-30T12:39:47.329+0000] {processor.py:186} INFO - Started process (PID=974) to work on /opt/airflow/dags/dag_id_2.py
[2024-09-30T12:39:47.330+0000] {processor.py:914} INFO - Processing file /opt/airflow/dags/dag_id_2.py for tasks to queue
[2024-09-30T12:39:47.331+0000] {logging_mixin.py:190} INFO - [2024-09-30T12:39:47.331+0000] {dagbag.py:588} INFO - Filling up the DagBag from /opt/airflow/dags/dag_id_2.py
[2024-09-30T12:39:47.336+0000] {processor.py:925} INFO - DAG(s) 'dag_id_2' retrieved from /opt/airflow/dags/dag_id_2.py
[2024-09-30T12:39:47.350+0000] {logging_mixin.py:190} INFO - [2024-09-30T12:39:47.350+0000] {dag.py:3239} INFO - Sync 1 DAGs
[2024-09-30T12:39:47.358+0000] {logging_mixin.py:190} INFO - [2024-09-30T12:39:47.358+0000] {dag.py:4180} INFO - Setting next_dagrun for dag_id_2 to None, run_after=None
[2024-09-30T12:39:47.368+0000] {processor.py:208} INFO - Processing /opt/airflow/dags/dag_id_2.py took 0.042 seconds
[2024-09-30T12:40:17.738+0000] {processor.py:186} INFO - Started process (PID=1040) to work on /opt/airflow/dags/dag_id_2.py
[2024-09-30T12:40:17.739+0000] {processor.py:914} INFO - Processing file /opt/airflow/dags/dag_id_2.py for tasks to queue
[2024-09-30T12:40:17.740+0000] {logging_mixin.py:190} INFO - [2024-09-30T12:40:17.740+0000] {dagbag.py:588} INFO - Filling up the DagBag from /opt/airflow/dags/dag_id_2.py
[2024-09-30T12:40:17.745+0000] {processor.py:925} INFO - DAG(s) 'dag_id_2' retrieved from /opt/airflow/dags/dag_id_2.py
[2024-09-30T12:40:17.757+0000] {logging_mixin.py:190} INFO - [2024-09-30T12:40:17.757+0000] {dag.py:3239} INFO - Sync 1 DAGs
[2024-09-30T12:40:17.766+0000] {logging_mixin.py:190} INFO - [2024-09-30T12:40:17.766+0000] {dag.py:4180} INFO - Setting next_dagrun for dag_id_2 to None, run_after=None
[2024-09-30T12:40:17.776+0000] {processor.py:208} INFO - Processing /opt/airflow/dags/dag_id_2.py took 0.041 seconds
[2024-09-30T12:40:48.217+0000] {processor.py:186} INFO - Started process (PID=1106) to work on /opt/airflow/dags/dag_id_2.py
[2024-09-30T12:40:48.217+0000] {processor.py:914} INFO - Processing file /opt/airflow/dags/dag_id_2.py for tasks to queue
[2024-09-30T12:40:48.219+0000] {logging_mixin.py:190} INFO - [2024-09-30T12:40:48.218+0000] {dagbag.py:588} INFO - Filling up the DagBag from /opt/airflow/dags/dag_id_2.py
[2024-09-30T12:40:48.224+0000] {processor.py:925} INFO - DAG(s) 'dag_id_2' retrieved from /opt/airflow/dags/dag_id_2.py
[2024-09-30T12:40:48.239+0000] {logging_mixin.py:190} INFO - [2024-09-30T12:40:48.239+0000] {dag.py:3239} INFO - Sync 1 DAGs
[2024-09-30T12:40:48.249+0000] {logging_mixin.py:190} INFO - [2024-09-30T12:40:48.248+0000] {dag.py:4180} INFO - Setting next_dagrun for dag_id_2 to None, run_after=None
[2024-09-30T12:40:48.259+0000] {processor.py:208} INFO - Processing /opt/airflow/dags/dag_id_2.py took 0.046 seconds
[2024-09-30T12:42:18.535+0000] {processor.py:186} INFO - Started process (PID=46) to work on /opt/airflow/dags/dag_id_2.py
[2024-09-30T12:42:18.535+0000] {processor.py:914} INFO - Processing file /opt/airflow/dags/dag_id_2.py for tasks to queue
[2024-09-30T12:42:18.537+0000] {logging_mixin.py:190} INFO - [2024-09-30T12:42:18.537+0000] {dagbag.py:588} INFO - Filling up the DagBag from /opt/airflow/dags/dag_id_2.py
[2024-09-30T12:42:18.544+0000] {processor.py:925} INFO - DAG(s) 'dag_id_2' retrieved from /opt/airflow/dags/dag_id_2.py
[2024-09-30T12:42:18.562+0000] {logging_mixin.py:190} INFO - [2024-09-30T12:42:18.562+0000] {dag.py:3239} INFO - Sync 1 DAGs
[2024-09-30T12:42:18.573+0000] {logging_mixin.py:190} INFO - [2024-09-30T12:42:18.573+0000] {dag.py:4180} INFO - Setting next_dagrun for dag_id_2 to None, run_after=None
[2024-09-30T12:42:18.587+0000] {processor.py:208} INFO - Processing /opt/airflow/dags/dag_id_2.py took 0.055 seconds
[2024-09-30T12:42:48.843+0000] {processor.py:186} INFO - Started process (PID=112) to work on /opt/airflow/dags/dag_id_2.py
[2024-09-30T12:42:48.844+0000] {processor.py:914} INFO - Processing file /opt/airflow/dags/dag_id_2.py for tasks to queue
[2024-09-30T12:42:48.845+0000] {logging_mixin.py:190} INFO - [2024-09-30T12:42:48.845+0000] {dagbag.py:588} INFO - Filling up the DagBag from /opt/airflow/dags/dag_id_2.py
[2024-09-30T12:42:48.851+0000] {processor.py:925} INFO - DAG(s) 'dag_id_2' retrieved from /opt/airflow/dags/dag_id_2.py
[2024-09-30T12:42:48.867+0000] {logging_mixin.py:190} INFO - [2024-09-30T12:42:48.867+0000] {dag.py:3239} INFO - Sync 1 DAGs
[2024-09-30T12:42:48.877+0000] {logging_mixin.py:190} INFO - [2024-09-30T12:42:48.877+0000] {dag.py:4180} INFO - Setting next_dagrun for dag_id_2 to None, run_after=None
[2024-09-30T12:42:48.892+0000] {processor.py:208} INFO - Processing /opt/airflow/dags/dag_id_2.py took 0.053 seconds
[2024-09-30T12:43:19.914+0000] {processor.py:186} INFO - Started process (PID=178) to work on /opt/airflow/dags/dag_id_2.py
[2024-09-30T12:43:19.915+0000] {processor.py:914} INFO - Processing file /opt/airflow/dags/dag_id_2.py for tasks to queue
[2024-09-30T12:43:19.916+0000] {logging_mixin.py:190} INFO - [2024-09-30T12:43:19.916+0000] {dagbag.py:588} INFO - Filling up the DagBag from /opt/airflow/dags/dag_id_2.py
[2024-09-30T12:43:19.920+0000] {processor.py:925} INFO - DAG(s) 'dag_id_2' retrieved from /opt/airflow/dags/dag_id_2.py
[2024-09-30T12:43:19.933+0000] {logging_mixin.py:190} INFO - [2024-09-30T12:43:19.933+0000] {dag.py:3239} INFO - Sync 1 DAGs
[2024-09-30T12:43:19.941+0000] {logging_mixin.py:190} INFO - [2024-09-30T12:43:19.941+0000] {dag.py:4180} INFO - Setting next_dagrun for dag_id_2 to None, run_after=None
[2024-09-30T12:43:19.950+0000] {processor.py:208} INFO - Processing /opt/airflow/dags/dag_id_2.py took 0.038 seconds
[2024-09-30T12:43:50.479+0000] {processor.py:186} INFO - Started process (PID=244) to work on /opt/airflow/dags/dag_id_2.py
[2024-09-30T12:43:50.480+0000] {processor.py:914} INFO - Processing file /opt/airflow/dags/dag_id_2.py for tasks to queue
[2024-09-30T12:43:50.481+0000] {logging_mixin.py:190} INFO - [2024-09-30T12:43:50.481+0000] {dagbag.py:588} INFO - Filling up the DagBag from /opt/airflow/dags/dag_id_2.py
[2024-09-30T12:43:50.487+0000] {processor.py:925} INFO - DAG(s) 'dag_id_2' retrieved from /opt/airflow/dags/dag_id_2.py
[2024-09-30T12:43:50.499+0000] {logging_mixin.py:190} INFO - [2024-09-30T12:43:50.499+0000] {dag.py:3239} INFO - Sync 1 DAGs
[2024-09-30T12:43:50.508+0000] {logging_mixin.py:190} INFO - [2024-09-30T12:43:50.508+0000] {dag.py:4180} INFO - Setting next_dagrun for dag_id_2 to None, run_after=None
[2024-09-30T12:43:50.517+0000] {processor.py:208} INFO - Processing /opt/airflow/dags/dag_id_2.py took 0.040 seconds
[2024-09-30T12:44:21.099+0000] {processor.py:186} INFO - Started process (PID=310) to work on /opt/airflow/dags/dag_id_2.py
[2024-09-30T12:44:21.100+0000] {processor.py:914} INFO - Processing file /opt/airflow/dags/dag_id_2.py for tasks to queue
[2024-09-30T12:44:21.102+0000] {logging_mixin.py:190} INFO - [2024-09-30T12:44:21.101+0000] {dagbag.py:588} INFO - Filling up the DagBag from /opt/airflow/dags/dag_id_2.py
[2024-09-30T12:44:21.109+0000] {processor.py:925} INFO - DAG(s) 'dag_id_2' retrieved from /opt/airflow/dags/dag_id_2.py
[2024-09-30T12:44:21.126+0000] {logging_mixin.py:190} INFO - [2024-09-30T12:44:21.126+0000] {dag.py:3239} INFO - Sync 1 DAGs
[2024-09-30T12:44:21.135+0000] {logging_mixin.py:190} INFO - [2024-09-30T12:44:21.135+0000] {dag.py:4180} INFO - Setting next_dagrun for dag_id_2 to None, run_after=None
[2024-09-30T12:44:21.146+0000] {processor.py:208} INFO - Processing /opt/airflow/dags/dag_id_2.py took 0.055 seconds
[2024-09-30T12:44:51.948+0000] {processor.py:186} INFO - Started process (PID=376) to work on /opt/airflow/dags/dag_id_2.py
[2024-09-30T12:44:51.949+0000] {processor.py:914} INFO - Processing file /opt/airflow/dags/dag_id_2.py for tasks to queue
[2024-09-30T12:44:51.950+0000] {logging_mixin.py:190} INFO - [2024-09-30T12:44:51.950+0000] {dagbag.py:588} INFO - Filling up the DagBag from /opt/airflow/dags/dag_id_2.py
[2024-09-30T12:44:51.955+0000] {processor.py:925} INFO - DAG(s) 'dag_id_2' retrieved from /opt/airflow/dags/dag_id_2.py
[2024-09-30T12:44:51.967+0000] {logging_mixin.py:190} INFO - [2024-09-30T12:44:51.967+0000] {dag.py:3239} INFO - Sync 1 DAGs
[2024-09-30T12:44:51.976+0000] {logging_mixin.py:190} INFO - [2024-09-30T12:44:51.976+0000] {dag.py:4180} INFO - Setting next_dagrun for dag_id_2 to None, run_after=None
[2024-09-30T12:44:51.985+0000] {processor.py:208} INFO - Processing /opt/airflow/dags/dag_id_2.py took 0.040 seconds
[2024-09-30T12:45:22.469+0000] {processor.py:186} INFO - Started process (PID=447) to work on /opt/airflow/dags/dag_id_2.py
[2024-09-30T12:45:22.469+0000] {processor.py:914} INFO - Processing file /opt/airflow/dags/dag_id_2.py for tasks to queue
[2024-09-30T12:45:22.471+0000] {logging_mixin.py:190} INFO - [2024-09-30T12:45:22.471+0000] {dagbag.py:588} INFO - Filling up the DagBag from /opt/airflow/dags/dag_id_2.py
[2024-09-30T12:45:22.476+0000] {processor.py:925} INFO - DAG(s) 'dag_id_2' retrieved from /opt/airflow/dags/dag_id_2.py
[2024-09-30T12:45:22.491+0000] {logging_mixin.py:190} INFO - [2024-09-30T12:45:22.490+0000] {dag.py:3239} INFO - Sync 1 DAGs
[2024-09-30T12:45:22.500+0000] {logging_mixin.py:190} INFO - [2024-09-30T12:45:22.500+0000] {dag.py:4180} INFO - Setting next_dagrun for dag_id_2 to None, run_after=None
[2024-09-30T12:45:22.514+0000] {processor.py:208} INFO - Processing /opt/airflow/dags/dag_id_2.py took 0.048 seconds
[2024-09-30T12:45:53.104+0000] {processor.py:186} INFO - Started process (PID=513) to work on /opt/airflow/dags/dag_id_2.py
[2024-09-30T12:45:53.105+0000] {processor.py:914} INFO - Processing file /opt/airflow/dags/dag_id_2.py for tasks to queue
[2024-09-30T12:45:53.106+0000] {logging_mixin.py:190} INFO - [2024-09-30T12:45:53.106+0000] {dagbag.py:588} INFO - Filling up the DagBag from /opt/airflow/dags/dag_id_2.py
[2024-09-30T12:45:53.112+0000] {processor.py:925} INFO - DAG(s) 'dag_id_2' retrieved from /opt/airflow/dags/dag_id_2.py
[2024-09-30T12:45:53.124+0000] {logging_mixin.py:190} INFO - [2024-09-30T12:45:53.124+0000] {dag.py:3239} INFO - Sync 1 DAGs
[2024-09-30T12:45:53.132+0000] {logging_mixin.py:190} INFO - [2024-09-30T12:45:53.132+0000] {dag.py:4180} INFO - Setting next_dagrun for dag_id_2 to None, run_after=None
[2024-09-30T12:45:53.142+0000] {processor.py:208} INFO - Processing /opt/airflow/dags/dag_id_2.py took 0.043 seconds
[2024-09-30T12:46:23.925+0000] {processor.py:186} INFO - Started process (PID=579) to work on /opt/airflow/dags/dag_id_2.py
[2024-09-30T12:46:23.925+0000] {processor.py:914} INFO - Processing file /opt/airflow/dags/dag_id_2.py for tasks to queue
[2024-09-30T12:46:23.926+0000] {logging_mixin.py:190} INFO - [2024-09-30T12:46:23.926+0000] {dagbag.py:588} INFO - Filling up the DagBag from /opt/airflow/dags/dag_id_2.py
[2024-09-30T12:46:23.931+0000] {processor.py:925} INFO - DAG(s) 'dag_id_2' retrieved from /opt/airflow/dags/dag_id_2.py
[2024-09-30T12:46:23.943+0000] {logging_mixin.py:190} INFO - [2024-09-30T12:46:23.943+0000] {dag.py:3239} INFO - Sync 1 DAGs
[2024-09-30T12:46:23.952+0000] {logging_mixin.py:190} INFO - [2024-09-30T12:46:23.952+0000] {dag.py:4180} INFO - Setting next_dagrun for dag_id_2 to None, run_after=None
[2024-09-30T12:46:23.961+0000] {processor.py:208} INFO - Processing /opt/airflow/dags/dag_id_2.py took 0.039 seconds
[2024-09-30T12:46:54.667+0000] {processor.py:186} INFO - Started process (PID=645) to work on /opt/airflow/dags/dag_id_2.py
[2024-09-30T12:46:54.667+0000] {processor.py:914} INFO - Processing file /opt/airflow/dags/dag_id_2.py for tasks to queue
[2024-09-30T12:46:54.669+0000] {logging_mixin.py:190} INFO - [2024-09-30T12:46:54.668+0000] {dagbag.py:588} INFO - Filling up the DagBag from /opt/airflow/dags/dag_id_2.py
[2024-09-30T12:46:54.674+0000] {processor.py:925} INFO - DAG(s) 'dag_id_2' retrieved from /opt/airflow/dags/dag_id_2.py
[2024-09-30T12:46:54.689+0000] {logging_mixin.py:190} INFO - [2024-09-30T12:46:54.689+0000] {dag.py:3239} INFO - Sync 1 DAGs
[2024-09-30T12:46:54.698+0000] {logging_mixin.py:190} INFO - [2024-09-30T12:46:54.697+0000] {dag.py:4180} INFO - Setting next_dagrun for dag_id_2 to None, run_after=None
[2024-09-30T12:46:54.708+0000] {processor.py:208} INFO - Processing /opt/airflow/dags/dag_id_2.py took 0.044 seconds
[2024-09-30T12:47:25.276+0000] {processor.py:186} INFO - Started process (PID=711) to work on /opt/airflow/dags/dag_id_2.py
[2024-09-30T12:47:25.276+0000] {processor.py:914} INFO - Processing file /opt/airflow/dags/dag_id_2.py for tasks to queue
[2024-09-30T12:47:25.278+0000] {logging_mixin.py:190} INFO - [2024-09-30T12:47:25.278+0000] {dagbag.py:588} INFO - Filling up the DagBag from /opt/airflow/dags/dag_id_2.py
[2024-09-30T12:47:25.282+0000] {processor.py:925} INFO - DAG(s) 'dag_id_2' retrieved from /opt/airflow/dags/dag_id_2.py
[2024-09-30T12:47:25.295+0000] {logging_mixin.py:190} INFO - [2024-09-30T12:47:25.295+0000] {dag.py:3239} INFO - Sync 1 DAGs
[2024-09-30T12:47:25.303+0000] {logging_mixin.py:190} INFO - [2024-09-30T12:47:25.303+0000] {dag.py:4180} INFO - Setting next_dagrun for dag_id_2 to None, run_after=None
[2024-09-30T12:47:25.312+0000] {processor.py:208} INFO - Processing /opt/airflow/dags/dag_id_2.py took 0.039 seconds
[2024-09-30T12:47:55.855+0000] {processor.py:186} INFO - Started process (PID=777) to work on /opt/airflow/dags/dag_id_2.py
[2024-09-30T12:47:55.856+0000] {processor.py:914} INFO - Processing file /opt/airflow/dags/dag_id_2.py for tasks to queue
[2024-09-30T12:47:55.858+0000] {logging_mixin.py:190} INFO - [2024-09-30T12:47:55.858+0000] {dagbag.py:588} INFO - Filling up the DagBag from /opt/airflow/dags/dag_id_2.py
[2024-09-30T12:47:55.864+0000] {processor.py:925} INFO - DAG(s) 'dag_id_2' retrieved from /opt/airflow/dags/dag_id_2.py
[2024-09-30T12:47:55.876+0000] {logging_mixin.py:190} INFO - [2024-09-30T12:47:55.876+0000] {dag.py:3239} INFO - Sync 1 DAGs
[2024-09-30T12:47:55.885+0000] {logging_mixin.py:190} INFO - [2024-09-30T12:47:55.885+0000] {dag.py:4180} INFO - Setting next_dagrun for dag_id_2 to None, run_after=None
[2024-09-30T12:47:55.899+0000] {processor.py:208} INFO - Processing /opt/airflow/dags/dag_id_2.py took 0.046 seconds
[2024-09-30T12:48:26.409+0000] {processor.py:186} INFO - Started process (PID=843) to work on /opt/airflow/dags/dag_id_2.py
[2024-09-30T12:48:26.409+0000] {processor.py:914} INFO - Processing file /opt/airflow/dags/dag_id_2.py for tasks to queue
[2024-09-30T12:48:26.410+0000] {logging_mixin.py:190} INFO - [2024-09-30T12:48:26.410+0000] {dagbag.py:588} INFO - Filling up the DagBag from /opt/airflow/dags/dag_id_2.py
[2024-09-30T12:48:26.415+0000] {processor.py:925} INFO - DAG(s) 'dag_id_2' retrieved from /opt/airflow/dags/dag_id_2.py
[2024-09-30T12:48:26.428+0000] {logging_mixin.py:190} INFO - [2024-09-30T12:48:26.428+0000] {dag.py:3239} INFO - Sync 1 DAGs
[2024-09-30T12:48:26.436+0000] {logging_mixin.py:190} INFO - [2024-09-30T12:48:26.436+0000] {dag.py:4180} INFO - Setting next_dagrun for dag_id_2 to None, run_after=None
[2024-09-30T12:48:26.445+0000] {processor.py:208} INFO - Processing /opt/airflow/dags/dag_id_2.py took 0.040 seconds
[2024-09-30T12:48:57.184+0000] {processor.py:186} INFO - Started process (PID=909) to work on /opt/airflow/dags/dag_id_2.py
[2024-09-30T12:48:57.185+0000] {processor.py:914} INFO - Processing file /opt/airflow/dags/dag_id_2.py for tasks to queue
[2024-09-30T12:48:57.186+0000] {logging_mixin.py:190} INFO - [2024-09-30T12:48:57.186+0000] {dagbag.py:588} INFO - Filling up the DagBag from /opt/airflow/dags/dag_id_2.py
[2024-09-30T12:48:57.191+0000] {processor.py:925} INFO - DAG(s) 'dag_id_2' retrieved from /opt/airflow/dags/dag_id_2.py
[2024-09-30T12:48:57.204+0000] {logging_mixin.py:190} INFO - [2024-09-30T12:48:57.204+0000] {dag.py:3239} INFO - Sync 1 DAGs
[2024-09-30T12:48:57.213+0000] {logging_mixin.py:190} INFO - [2024-09-30T12:48:57.212+0000] {dag.py:4180} INFO - Setting next_dagrun for dag_id_2 to None, run_after=None
[2024-09-30T12:48:57.222+0000] {processor.py:208} INFO - Processing /opt/airflow/dags/dag_id_2.py took 0.041 seconds
[2024-09-30T12:49:27.666+0000] {processor.py:186} INFO - Started process (PID=975) to work on /opt/airflow/dags/dag_id_2.py
[2024-09-30T12:49:27.667+0000] {processor.py:914} INFO - Processing file /opt/airflow/dags/dag_id_2.py for tasks to queue
[2024-09-30T12:49:27.668+0000] {logging_mixin.py:190} INFO - [2024-09-30T12:49:27.668+0000] {dagbag.py:588} INFO - Filling up the DagBag from /opt/airflow/dags/dag_id_2.py
[2024-09-30T12:49:27.672+0000] {processor.py:925} INFO - DAG(s) 'dag_id_2' retrieved from /opt/airflow/dags/dag_id_2.py
[2024-09-30T12:49:27.684+0000] {logging_mixin.py:190} INFO - [2024-09-30T12:49:27.684+0000] {dag.py:3239} INFO - Sync 1 DAGs
[2024-09-30T12:49:27.693+0000] {logging_mixin.py:190} INFO - [2024-09-30T12:49:27.693+0000] {dag.py:4180} INFO - Setting next_dagrun for dag_id_2 to None, run_after=None
[2024-09-30T12:49:27.702+0000] {processor.py:208} INFO - Processing /opt/airflow/dags/dag_id_2.py took 0.038 seconds
[2024-09-30T12:49:58.170+0000] {processor.py:186} INFO - Started process (PID=1041) to work on /opt/airflow/dags/dag_id_2.py
[2024-09-30T12:49:58.171+0000] {processor.py:914} INFO - Processing file /opt/airflow/dags/dag_id_2.py for tasks to queue
[2024-09-30T12:49:58.172+0000] {logging_mixin.py:190} INFO - [2024-09-30T12:49:58.172+0000] {dagbag.py:588} INFO - Filling up the DagBag from /opt/airflow/dags/dag_id_2.py
[2024-09-30T12:49:58.177+0000] {processor.py:925} INFO - DAG(s) 'dag_id_2' retrieved from /opt/airflow/dags/dag_id_2.py
[2024-09-30T12:49:58.190+0000] {logging_mixin.py:190} INFO - [2024-09-30T12:49:58.190+0000] {dag.py:3239} INFO - Sync 1 DAGs
[2024-09-30T12:49:58.199+0000] {logging_mixin.py:190} INFO - [2024-09-30T12:49:58.199+0000] {dag.py:4180} INFO - Setting next_dagrun for dag_id_2 to None, run_after=None
[2024-09-30T12:49:58.208+0000] {processor.py:208} INFO - Processing /opt/airflow/dags/dag_id_2.py took 0.041 seconds
[2024-09-30T12:50:28.783+0000] {processor.py:186} INFO - Started process (PID=1107) to work on /opt/airflow/dags/dag_id_2.py
[2024-09-30T12:50:28.783+0000] {processor.py:914} INFO - Processing file /opt/airflow/dags/dag_id_2.py for tasks to queue
[2024-09-30T12:50:28.784+0000] {logging_mixin.py:190} INFO - [2024-09-30T12:50:28.784+0000] {dagbag.py:588} INFO - Filling up the DagBag from /opt/airflow/dags/dag_id_2.py
[2024-09-30T12:50:28.789+0000] {processor.py:925} INFO - DAG(s) 'dag_id_2' retrieved from /opt/airflow/dags/dag_id_2.py
[2024-09-30T12:50:28.801+0000] {logging_mixin.py:190} INFO - [2024-09-30T12:50:28.801+0000] {dag.py:3239} INFO - Sync 1 DAGs
[2024-09-30T12:50:28.809+0000] {logging_mixin.py:190} INFO - [2024-09-30T12:50:28.809+0000] {dag.py:4180} INFO - Setting next_dagrun for dag_id_2 to None, run_after=None
[2024-09-30T12:50:28.818+0000] {processor.py:208} INFO - Processing /opt/airflow/dags/dag_id_2.py took 0.039 seconds
[2024-09-30T12:50:59.369+0000] {processor.py:186} INFO - Started process (PID=1172) to work on /opt/airflow/dags/dag_id_2.py
[2024-09-30T12:50:59.370+0000] {processor.py:914} INFO - Processing file /opt/airflow/dags/dag_id_2.py for tasks to queue
[2024-09-30T12:50:59.371+0000] {logging_mixin.py:190} INFO - [2024-09-30T12:50:59.371+0000] {dagbag.py:588} INFO - Filling up the DagBag from /opt/airflow/dags/dag_id_2.py
[2024-09-30T12:50:59.376+0000] {processor.py:925} INFO - DAG(s) 'dag_id_2' retrieved from /opt/airflow/dags/dag_id_2.py
[2024-09-30T12:50:59.389+0000] {logging_mixin.py:190} INFO - [2024-09-30T12:50:59.389+0000] {dag.py:3239} INFO - Sync 1 DAGs
[2024-09-30T12:50:59.397+0000] {logging_mixin.py:190} INFO - [2024-09-30T12:50:59.397+0000] {dag.py:4180} INFO - Setting next_dagrun for dag_id_2 to None, run_after=None
[2024-09-30T12:50:59.406+0000] {processor.py:208} INFO - Processing /opt/airflow/dags/dag_id_2.py took 0.040 seconds
[2024-09-30T12:51:29.913+0000] {processor.py:186} INFO - Started process (PID=1238) to work on /opt/airflow/dags/dag_id_2.py
[2024-09-30T12:51:29.913+0000] {processor.py:914} INFO - Processing file /opt/airflow/dags/dag_id_2.py for tasks to queue
[2024-09-30T12:51:29.915+0000] {logging_mixin.py:190} INFO - [2024-09-30T12:51:29.914+0000] {dagbag.py:588} INFO - Filling up the DagBag from /opt/airflow/dags/dag_id_2.py
[2024-09-30T12:51:29.919+0000] {processor.py:925} INFO - DAG(s) 'dag_id_2' retrieved from /opt/airflow/dags/dag_id_2.py
[2024-09-30T12:51:29.931+0000] {logging_mixin.py:190} INFO - [2024-09-30T12:51:29.931+0000] {dag.py:3239} INFO - Sync 1 DAGs
[2024-09-30T12:51:29.940+0000] {logging_mixin.py:190} INFO - [2024-09-30T12:51:29.940+0000] {dag.py:4180} INFO - Setting next_dagrun for dag_id_2 to None, run_after=None
[2024-09-30T12:51:29.949+0000] {processor.py:208} INFO - Processing /opt/airflow/dags/dag_id_2.py took 0.039 seconds
[2024-09-30T12:52:00.510+0000] {processor.py:186} INFO - Started process (PID=1304) to work on /opt/airflow/dags/dag_id_2.py
[2024-09-30T12:52:00.511+0000] {processor.py:914} INFO - Processing file /opt/airflow/dags/dag_id_2.py for tasks to queue
[2024-09-30T12:52:00.512+0000] {logging_mixin.py:190} INFO - [2024-09-30T12:52:00.512+0000] {dagbag.py:588} INFO - Filling up the DagBag from /opt/airflow/dags/dag_id_2.py
[2024-09-30T12:52:00.517+0000] {processor.py:925} INFO - DAG(s) 'dag_id_2' retrieved from /opt/airflow/dags/dag_id_2.py
[2024-09-30T12:52:00.541+0000] {logging_mixin.py:190} INFO - [2024-09-30T12:52:00.541+0000] {dag.py:3239} INFO - Sync 1 DAGs
[2024-09-30T12:52:00.556+0000] {logging_mixin.py:190} INFO - [2024-09-30T12:52:00.556+0000] {dag.py:4180} INFO - Setting next_dagrun for dag_id_2 to None, run_after=None
[2024-09-30T12:52:00.567+0000] {processor.py:208} INFO - Processing /opt/airflow/dags/dag_id_2.py took 0.060 seconds
[2024-09-30T12:52:31.293+0000] {processor.py:186} INFO - Started process (PID=1370) to work on /opt/airflow/dags/dag_id_2.py
[2024-09-30T12:52:31.293+0000] {processor.py:914} INFO - Processing file /opt/airflow/dags/dag_id_2.py for tasks to queue
[2024-09-30T12:52:31.295+0000] {logging_mixin.py:190} INFO - [2024-09-30T12:52:31.295+0000] {dagbag.py:588} INFO - Filling up the DagBag from /opt/airflow/dags/dag_id_2.py
[2024-09-30T12:52:31.301+0000] {processor.py:925} INFO - DAG(s) 'dag_id_2' retrieved from /opt/airflow/dags/dag_id_2.py
[2024-09-30T12:52:31.316+0000] {logging_mixin.py:190} INFO - [2024-09-30T12:52:31.315+0000] {dag.py:3239} INFO - Sync 1 DAGs
[2024-09-30T12:52:31.325+0000] {logging_mixin.py:190} INFO - [2024-09-30T12:52:31.325+0000] {dag.py:4180} INFO - Setting next_dagrun for dag_id_2 to None, run_after=None
[2024-09-30T12:52:31.335+0000] {processor.py:208} INFO - Processing /opt/airflow/dags/dag_id_2.py took 0.045 seconds
[2024-09-30T12:53:02.291+0000] {processor.py:186} INFO - Started process (PID=1436) to work on /opt/airflow/dags/dag_id_2.py
[2024-09-30T12:53:02.292+0000] {processor.py:914} INFO - Processing file /opt/airflow/dags/dag_id_2.py for tasks to queue
[2024-09-30T12:53:02.293+0000] {logging_mixin.py:190} INFO - [2024-09-30T12:53:02.293+0000] {dagbag.py:588} INFO - Filling up the DagBag from /opt/airflow/dags/dag_id_2.py
[2024-09-30T12:53:02.298+0000] {processor.py:925} INFO - DAG(s) 'dag_id_2' retrieved from /opt/airflow/dags/dag_id_2.py
[2024-09-30T12:53:02.311+0000] {logging_mixin.py:190} INFO - [2024-09-30T12:53:02.311+0000] {dag.py:3239} INFO - Sync 1 DAGs
[2024-09-30T12:53:02.320+0000] {logging_mixin.py:190} INFO - [2024-09-30T12:53:02.320+0000] {dag.py:4180} INFO - Setting next_dagrun for dag_id_2 to None, run_after=None
[2024-09-30T12:53:02.329+0000] {processor.py:208} INFO - Processing /opt/airflow/dags/dag_id_2.py took 0.041 seconds
[2024-09-30T12:53:33.138+0000] {processor.py:186} INFO - Started process (PID=1502) to work on /opt/airflow/dags/dag_id_2.py
[2024-09-30T12:53:33.138+0000] {processor.py:914} INFO - Processing file /opt/airflow/dags/dag_id_2.py for tasks to queue
[2024-09-30T12:53:33.139+0000] {logging_mixin.py:190} INFO - [2024-09-30T12:53:33.139+0000] {dagbag.py:588} INFO - Filling up the DagBag from /opt/airflow/dags/dag_id_2.py
[2024-09-30T12:53:33.145+0000] {processor.py:925} INFO - DAG(s) 'dag_id_2' retrieved from /opt/airflow/dags/dag_id_2.py
[2024-09-30T12:53:33.159+0000] {logging_mixin.py:190} INFO - [2024-09-30T12:53:33.159+0000] {dag.py:3239} INFO - Sync 1 DAGs
[2024-09-30T12:53:33.168+0000] {logging_mixin.py:190} INFO - [2024-09-30T12:53:33.168+0000] {dag.py:4180} INFO - Setting next_dagrun for dag_id_2 to None, run_after=None
[2024-09-30T12:53:33.179+0000] {processor.py:208} INFO - Processing /opt/airflow/dags/dag_id_2.py took 0.045 seconds
[2024-09-30T12:54:03.635+0000] {processor.py:186} INFO - Started process (PID=1568) to work on /opt/airflow/dags/dag_id_2.py
[2024-09-30T12:54:03.636+0000] {processor.py:914} INFO - Processing file /opt/airflow/dags/dag_id_2.py for tasks to queue
[2024-09-30T12:54:03.637+0000] {logging_mixin.py:190} INFO - [2024-09-30T12:54:03.637+0000] {dagbag.py:588} INFO - Filling up the DagBag from /opt/airflow/dags/dag_id_2.py
[2024-09-30T12:54:03.642+0000] {processor.py:925} INFO - DAG(s) 'dag_id_2' retrieved from /opt/airflow/dags/dag_id_2.py
[2024-09-30T12:54:03.660+0000] {logging_mixin.py:190} INFO - [2024-09-30T12:54:03.659+0000] {dag.py:3239} INFO - Sync 1 DAGs
[2024-09-30T12:54:03.675+0000] {logging_mixin.py:190} INFO - [2024-09-30T12:54:03.675+0000] {dag.py:4180} INFO - Setting next_dagrun for dag_id_2 to None, run_after=None
[2024-09-30T12:54:03.689+0000] {processor.py:208} INFO - Processing /opt/airflow/dags/dag_id_2.py took 0.057 seconds
[2024-09-30T12:54:34.164+0000] {processor.py:186} INFO - Started process (PID=1634) to work on /opt/airflow/dags/dag_id_2.py
[2024-09-30T12:54:34.165+0000] {processor.py:914} INFO - Processing file /opt/airflow/dags/dag_id_2.py for tasks to queue
[2024-09-30T12:54:34.166+0000] {logging_mixin.py:190} INFO - [2024-09-30T12:54:34.166+0000] {dagbag.py:588} INFO - Filling up the DagBag from /opt/airflow/dags/dag_id_2.py
[2024-09-30T12:54:34.171+0000] {processor.py:925} INFO - DAG(s) 'dag_id_2' retrieved from /opt/airflow/dags/dag_id_2.py
[2024-09-30T12:54:34.184+0000] {logging_mixin.py:190} INFO - [2024-09-30T12:54:34.184+0000] {dag.py:3239} INFO - Sync 1 DAGs
[2024-09-30T12:54:34.193+0000] {logging_mixin.py:190} INFO - [2024-09-30T12:54:34.193+0000] {dag.py:4180} INFO - Setting next_dagrun for dag_id_2 to None, run_after=None
[2024-09-30T12:54:34.202+0000] {processor.py:208} INFO - Processing /opt/airflow/dags/dag_id_2.py took 0.041 seconds
[2024-09-30T12:55:04.918+0000] {processor.py:186} INFO - Started process (PID=1700) to work on /opt/airflow/dags/dag_id_2.py
[2024-09-30T12:55:04.918+0000] {processor.py:914} INFO - Processing file /opt/airflow/dags/dag_id_2.py for tasks to queue
[2024-09-30T12:55:04.920+0000] {logging_mixin.py:190} INFO - [2024-09-30T12:55:04.920+0000] {dagbag.py:588} INFO - Filling up the DagBag from /opt/airflow/dags/dag_id_2.py
[2024-09-30T12:55:04.925+0000] {processor.py:925} INFO - DAG(s) 'dag_id_2' retrieved from /opt/airflow/dags/dag_id_2.py
[2024-09-30T12:55:04.937+0000] {logging_mixin.py:190} INFO - [2024-09-30T12:55:04.937+0000] {dag.py:3239} INFO - Sync 1 DAGs
[2024-09-30T12:55:04.945+0000] {logging_mixin.py:190} INFO - [2024-09-30T12:55:04.945+0000] {dag.py:4180} INFO - Setting next_dagrun for dag_id_2 to None, run_after=None
[2024-09-30T12:55:04.955+0000] {processor.py:208} INFO - Processing /opt/airflow/dags/dag_id_2.py took 0.040 seconds
[2024-09-30T12:55:35.983+0000] {processor.py:186} INFO - Started process (PID=1766) to work on /opt/airflow/dags/dag_id_2.py
[2024-09-30T12:55:35.983+0000] {processor.py:914} INFO - Processing file /opt/airflow/dags/dag_id_2.py for tasks to queue
[2024-09-30T12:55:35.985+0000] {logging_mixin.py:190} INFO - [2024-09-30T12:55:35.985+0000] {dagbag.py:588} INFO - Filling up the DagBag from /opt/airflow/dags/dag_id_2.py
[2024-09-30T12:55:35.990+0000] {processor.py:925} INFO - DAG(s) 'dag_id_2' retrieved from /opt/airflow/dags/dag_id_2.py
[2024-09-30T12:55:36.002+0000] {logging_mixin.py:190} INFO - [2024-09-30T12:55:36.002+0000] {dag.py:3239} INFO - Sync 1 DAGs
[2024-09-30T12:55:36.010+0000] {logging_mixin.py:190} INFO - [2024-09-30T12:55:36.010+0000] {dag.py:4180} INFO - Setting next_dagrun for dag_id_2 to None, run_after=None
[2024-09-30T12:55:36.019+0000] {processor.py:208} INFO - Processing /opt/airflow/dags/dag_id_2.py took 0.040 seconds
[2024-09-30T12:56:06.838+0000] {processor.py:186} INFO - Started process (PID=1832) to work on /opt/airflow/dags/dag_id_2.py
[2024-09-30T12:56:06.838+0000] {processor.py:914} INFO - Processing file /opt/airflow/dags/dag_id_2.py for tasks to queue
[2024-09-30T12:56:06.840+0000] {logging_mixin.py:190} INFO - [2024-09-30T12:56:06.839+0000] {dagbag.py:588} INFO - Filling up the DagBag from /opt/airflow/dags/dag_id_2.py
[2024-09-30T12:56:06.845+0000] {processor.py:925} INFO - DAG(s) 'dag_id_2' retrieved from /opt/airflow/dags/dag_id_2.py
[2024-09-30T12:56:06.858+0000] {logging_mixin.py:190} INFO - [2024-09-30T12:56:06.858+0000] {dag.py:3239} INFO - Sync 1 DAGs
[2024-09-30T12:56:06.867+0000] {logging_mixin.py:190} INFO - [2024-09-30T12:56:06.867+0000] {dag.py:4180} INFO - Setting next_dagrun for dag_id_2 to None, run_after=None
[2024-09-30T12:56:06.876+0000] {processor.py:208} INFO - Processing /opt/airflow/dags/dag_id_2.py took 0.042 seconds
[2024-09-30T12:56:37.613+0000] {processor.py:186} INFO - Started process (PID=1898) to work on /opt/airflow/dags/dag_id_2.py
[2024-09-30T12:56:37.614+0000] {processor.py:914} INFO - Processing file /opt/airflow/dags/dag_id_2.py for tasks to queue
[2024-09-30T12:56:37.615+0000] {logging_mixin.py:190} INFO - [2024-09-30T12:56:37.615+0000] {dagbag.py:588} INFO - Filling up the DagBag from /opt/airflow/dags/dag_id_2.py
[2024-09-30T12:56:37.620+0000] {processor.py:925} INFO - DAG(s) 'dag_id_2' retrieved from /opt/airflow/dags/dag_id_2.py
[2024-09-30T12:56:37.633+0000] {logging_mixin.py:190} INFO - [2024-09-30T12:56:37.633+0000] {dag.py:3239} INFO - Sync 1 DAGs
[2024-09-30T12:56:37.643+0000] {logging_mixin.py:190} INFO - [2024-09-30T12:56:37.642+0000] {dag.py:4180} INFO - Setting next_dagrun for dag_id_2 to None, run_after=None
[2024-09-30T12:56:37.653+0000] {processor.py:208} INFO - Processing /opt/airflow/dags/dag_id_2.py took 0.043 seconds
[2024-09-30T12:57:08.632+0000] {processor.py:186} INFO - Started process (PID=1964) to work on /opt/airflow/dags/dag_id_2.py
[2024-09-30T12:57:08.633+0000] {processor.py:914} INFO - Processing file /opt/airflow/dags/dag_id_2.py for tasks to queue
[2024-09-30T12:57:08.634+0000] {logging_mixin.py:190} INFO - [2024-09-30T12:57:08.634+0000] {dagbag.py:588} INFO - Filling up the DagBag from /opt/airflow/dags/dag_id_2.py
[2024-09-30T12:57:08.639+0000] {processor.py:925} INFO - DAG(s) 'dag_id_2' retrieved from /opt/airflow/dags/dag_id_2.py
[2024-09-30T12:57:08.652+0000] {logging_mixin.py:190} INFO - [2024-09-30T12:57:08.652+0000] {dag.py:3239} INFO - Sync 1 DAGs
[2024-09-30T12:57:08.661+0000] {logging_mixin.py:190} INFO - [2024-09-30T12:57:08.661+0000] {dag.py:4180} INFO - Setting next_dagrun for dag_id_2 to None, run_after=None
[2024-09-30T12:57:08.670+0000] {processor.py:208} INFO - Processing /opt/airflow/dags/dag_id_2.py took 0.042 seconds
[2024-09-30T12:57:38.878+0000] {processor.py:186} INFO - Started process (PID=2030) to work on /opt/airflow/dags/dag_id_2.py
[2024-09-30T12:57:38.878+0000] {processor.py:914} INFO - Processing file /opt/airflow/dags/dag_id_2.py for tasks to queue
[2024-09-30T12:57:38.880+0000] {logging_mixin.py:190} INFO - [2024-09-30T12:57:38.880+0000] {dagbag.py:588} INFO - Filling up the DagBag from /opt/airflow/dags/dag_id_2.py
[2024-09-30T12:57:38.886+0000] {processor.py:925} INFO - DAG(s) 'dag_id_2' retrieved from /opt/airflow/dags/dag_id_2.py
[2024-09-30T12:57:38.902+0000] {logging_mixin.py:190} INFO - [2024-09-30T12:57:38.902+0000] {dag.py:3239} INFO - Sync 1 DAGs
[2024-09-30T12:57:38.915+0000] {logging_mixin.py:190} INFO - [2024-09-30T12:57:38.915+0000] {dag.py:4180} INFO - Setting next_dagrun for dag_id_2 to None, run_after=None
[2024-09-30T12:57:38.930+0000] {processor.py:208} INFO - Processing /opt/airflow/dags/dag_id_2.py took 0.055 seconds
[2024-09-30T12:58:09.284+0000] {processor.py:186} INFO - Started process (PID=2096) to work on /opt/airflow/dags/dag_id_2.py
[2024-09-30T12:58:09.285+0000] {processor.py:914} INFO - Processing file /opt/airflow/dags/dag_id_2.py for tasks to queue
[2024-09-30T12:58:09.286+0000] {logging_mixin.py:190} INFO - [2024-09-30T12:58:09.286+0000] {dagbag.py:588} INFO - Filling up the DagBag from /opt/airflow/dags/dag_id_2.py
[2024-09-30T12:58:09.291+0000] {processor.py:925} INFO - DAG(s) 'dag_id_2' retrieved from /opt/airflow/dags/dag_id_2.py
[2024-09-30T12:58:09.304+0000] {logging_mixin.py:190} INFO - [2024-09-30T12:58:09.304+0000] {dag.py:3239} INFO - Sync 1 DAGs
[2024-09-30T12:58:09.313+0000] {logging_mixin.py:190} INFO - [2024-09-30T12:58:09.312+0000] {dag.py:4180} INFO - Setting next_dagrun for dag_id_2 to None, run_after=None
[2024-09-30T12:58:09.321+0000] {processor.py:208} INFO - Processing /opt/airflow/dags/dag_id_2.py took 0.040 seconds
[2024-09-30T12:58:39.497+0000] {processor.py:186} INFO - Started process (PID=2161) to work on /opt/airflow/dags/dag_id_2.py
[2024-09-30T12:58:39.499+0000] {processor.py:914} INFO - Processing file /opt/airflow/dags/dag_id_2.py for tasks to queue
[2024-09-30T12:58:39.501+0000] {logging_mixin.py:190} INFO - [2024-09-30T12:58:39.501+0000] {dagbag.py:588} INFO - Filling up the DagBag from /opt/airflow/dags/dag_id_2.py
[2024-09-30T12:58:39.507+0000] {processor.py:925} INFO - DAG(s) 'dag_id_2' retrieved from /opt/airflow/dags/dag_id_2.py
[2024-09-30T12:58:39.522+0000] {logging_mixin.py:190} INFO - [2024-09-30T12:58:39.522+0000] {dag.py:3239} INFO - Sync 1 DAGs
[2024-09-30T12:58:39.532+0000] {logging_mixin.py:190} INFO - [2024-09-30T12:58:39.532+0000] {dag.py:4180} INFO - Setting next_dagrun for dag_id_2 to None, run_after=None
[2024-09-30T12:58:39.543+0000] {processor.py:208} INFO - Processing /opt/airflow/dags/dag_id_2.py took 0.053 seconds
[2024-09-30T12:59:10.398+0000] {processor.py:186} INFO - Started process (PID=2227) to work on /opt/airflow/dags/dag_id_2.py
[2024-09-30T12:59:10.399+0000] {processor.py:914} INFO - Processing file /opt/airflow/dags/dag_id_2.py for tasks to queue
[2024-09-30T12:59:10.400+0000] {logging_mixin.py:190} INFO - [2024-09-30T12:59:10.400+0000] {dagbag.py:588} INFO - Filling up the DagBag from /opt/airflow/dags/dag_id_2.py
[2024-09-30T12:59:10.406+0000] {processor.py:925} INFO - DAG(s) 'dag_id_2' retrieved from /opt/airflow/dags/dag_id_2.py
[2024-09-30T12:59:10.423+0000] {logging_mixin.py:190} INFO - [2024-09-30T12:59:10.422+0000] {dag.py:3239} INFO - Sync 1 DAGs
[2024-09-30T12:59:10.433+0000] {logging_mixin.py:190} INFO - [2024-09-30T12:59:10.432+0000] {dag.py:4180} INFO - Setting next_dagrun for dag_id_2 to None, run_after=None
[2024-09-30T12:59:10.445+0000] {processor.py:208} INFO - Processing /opt/airflow/dags/dag_id_2.py took 0.050 seconds
[2024-09-30T12:59:41.061+0000] {processor.py:186} INFO - Started process (PID=2293) to work on /opt/airflow/dags/dag_id_2.py
[2024-09-30T12:59:41.062+0000] {processor.py:914} INFO - Processing file /opt/airflow/dags/dag_id_2.py for tasks to queue
[2024-09-30T12:59:41.064+0000] {logging_mixin.py:190} INFO - [2024-09-30T12:59:41.063+0000] {dagbag.py:588} INFO - Filling up the DagBag from /opt/airflow/dags/dag_id_2.py
[2024-09-30T12:59:41.069+0000] {processor.py:925} INFO - DAG(s) 'dag_id_2' retrieved from /opt/airflow/dags/dag_id_2.py
[2024-09-30T12:59:41.085+0000] {logging_mixin.py:190} INFO - [2024-09-30T12:59:41.085+0000] {dag.py:3239} INFO - Sync 1 DAGs
[2024-09-30T12:59:41.096+0000] {logging_mixin.py:190} INFO - [2024-09-30T12:59:41.096+0000] {dag.py:4180} INFO - Setting next_dagrun for dag_id_2 to None, run_after=None
[2024-09-30T12:59:41.107+0000] {processor.py:208} INFO - Processing /opt/airflow/dags/dag_id_2.py took 0.049 seconds
[2024-09-30T13:00:11.762+0000] {processor.py:186} INFO - Started process (PID=2359) to work on /opt/airflow/dags/dag_id_2.py
[2024-09-30T13:00:11.766+0000] {processor.py:914} INFO - Processing file /opt/airflow/dags/dag_id_2.py for tasks to queue
[2024-09-30T13:00:11.769+0000] {logging_mixin.py:190} INFO - [2024-09-30T13:00:11.768+0000] {dagbag.py:588} INFO - Filling up the DagBag from /opt/airflow/dags/dag_id_2.py
[2024-09-30T13:00:11.777+0000] {processor.py:925} INFO - DAG(s) 'dag_id_2' retrieved from /opt/airflow/dags/dag_id_2.py
[2024-09-30T13:00:11.822+0000] {logging_mixin.py:190} INFO - [2024-09-30T13:00:11.822+0000] {dag.py:3239} INFO - Sync 1 DAGs
[2024-09-30T13:00:11.852+0000] {logging_mixin.py:190} INFO - [2024-09-30T13:00:11.852+0000] {dag.py:4180} INFO - Setting next_dagrun for dag_id_2 to None, run_after=None
[2024-09-30T13:00:11.870+0000] {processor.py:208} INFO - Processing /opt/airflow/dags/dag_id_2.py took 0.115 seconds
[2024-09-30T13:00:42.132+0000] {processor.py:186} INFO - Started process (PID=2424) to work on /opt/airflow/dags/dag_id_2.py
[2024-09-30T13:00:42.132+0000] {processor.py:914} INFO - Processing file /opt/airflow/dags/dag_id_2.py for tasks to queue
[2024-09-30T13:00:42.134+0000] {logging_mixin.py:190} INFO - [2024-09-30T13:00:42.133+0000] {dagbag.py:588} INFO - Filling up the DagBag from /opt/airflow/dags/dag_id_2.py
[2024-09-30T13:00:42.138+0000] {processor.py:925} INFO - DAG(s) 'dag_id_2' retrieved from /opt/airflow/dags/dag_id_2.py
[2024-09-30T13:00:42.151+0000] {logging_mixin.py:190} INFO - [2024-09-30T13:00:42.151+0000] {dag.py:3239} INFO - Sync 1 DAGs
[2024-09-30T13:00:42.161+0000] {logging_mixin.py:190} INFO - [2024-09-30T13:00:42.161+0000] {dag.py:4180} INFO - Setting next_dagrun for dag_id_2 to None, run_after=None
[2024-09-30T13:00:42.171+0000] {processor.py:208} INFO - Processing /opt/airflow/dags/dag_id_2.py took 0.043 seconds
[2024-09-30T13:01:12.565+0000] {processor.py:186} INFO - Started process (PID=2490) to work on /opt/airflow/dags/dag_id_2.py
[2024-09-30T13:01:12.566+0000] {processor.py:914} INFO - Processing file /opt/airflow/dags/dag_id_2.py for tasks to queue
[2024-09-30T13:01:12.567+0000] {logging_mixin.py:190} INFO - [2024-09-30T13:01:12.567+0000] {dagbag.py:588} INFO - Filling up the DagBag from /opt/airflow/dags/dag_id_2.py
[2024-09-30T13:01:12.575+0000] {processor.py:925} INFO - DAG(s) 'dag_id_2' retrieved from /opt/airflow/dags/dag_id_2.py
[2024-09-30T13:01:12.591+0000] {logging_mixin.py:190} INFO - [2024-09-30T13:01:12.591+0000] {dag.py:3239} INFO - Sync 1 DAGs
[2024-09-30T13:01:12.603+0000] {logging_mixin.py:190} INFO - [2024-09-30T13:01:12.603+0000] {dag.py:4180} INFO - Setting next_dagrun for dag_id_2 to None, run_after=None
[2024-09-30T13:01:12.618+0000] {processor.py:208} INFO - Processing /opt/airflow/dags/dag_id_2.py took 0.060 seconds
[2024-09-30T13:01:42.880+0000] {processor.py:186} INFO - Started process (PID=2556) to work on /opt/airflow/dags/dag_id_2.py
[2024-09-30T13:01:42.880+0000] {processor.py:914} INFO - Processing file /opt/airflow/dags/dag_id_2.py for tasks to queue
[2024-09-30T13:01:42.882+0000] {logging_mixin.py:190} INFO - [2024-09-30T13:01:42.881+0000] {dagbag.py:588} INFO - Filling up the DagBag from /opt/airflow/dags/dag_id_2.py
[2024-09-30T13:01:42.890+0000] {processor.py:925} INFO - DAG(s) 'dag_id_2' retrieved from /opt/airflow/dags/dag_id_2.py
[2024-09-30T13:01:42.903+0000] {logging_mixin.py:190} INFO - [2024-09-30T13:01:42.903+0000] {dag.py:3239} INFO - Sync 1 DAGs
[2024-09-30T13:01:42.915+0000] {logging_mixin.py:190} INFO - [2024-09-30T13:01:42.915+0000] {dag.py:4180} INFO - Setting next_dagrun for dag_id_2 to None, run_after=None
[2024-09-30T13:01:42.928+0000] {processor.py:208} INFO - Processing /opt/airflow/dags/dag_id_2.py took 0.052 seconds
[2024-09-30T13:02:13.762+0000] {processor.py:186} INFO - Started process (PID=2622) to work on /opt/airflow/dags/dag_id_2.py
[2024-09-30T13:02:13.763+0000] {processor.py:914} INFO - Processing file /opt/airflow/dags/dag_id_2.py for tasks to queue
[2024-09-30T13:02:13.765+0000] {logging_mixin.py:190} INFO - [2024-09-30T13:02:13.764+0000] {dagbag.py:588} INFO - Filling up the DagBag from /opt/airflow/dags/dag_id_2.py
[2024-09-30T13:02:13.770+0000] {processor.py:925} INFO - DAG(s) 'dag_id_2' retrieved from /opt/airflow/dags/dag_id_2.py
[2024-09-30T13:02:13.784+0000] {logging_mixin.py:190} INFO - [2024-09-30T13:02:13.784+0000] {dag.py:3239} INFO - Sync 1 DAGs
[2024-09-30T13:02:13.796+0000] {logging_mixin.py:190} INFO - [2024-09-30T13:02:13.796+0000] {dag.py:4180} INFO - Setting next_dagrun for dag_id_2 to None, run_after=None
[2024-09-30T13:02:13.806+0000] {processor.py:208} INFO - Processing /opt/airflow/dags/dag_id_2.py took 0.047 seconds
[2024-09-30T13:02:44.522+0000] {processor.py:186} INFO - Started process (PID=2688) to work on /opt/airflow/dags/dag_id_2.py
[2024-09-30T13:02:44.523+0000] {processor.py:914} INFO - Processing file /opt/airflow/dags/dag_id_2.py for tasks to queue
[2024-09-30T13:02:44.524+0000] {logging_mixin.py:190} INFO - [2024-09-30T13:02:44.523+0000] {dagbag.py:588} INFO - Filling up the DagBag from /opt/airflow/dags/dag_id_2.py
[2024-09-30T13:02:44.529+0000] {processor.py:925} INFO - DAG(s) 'dag_id_2' retrieved from /opt/airflow/dags/dag_id_2.py
[2024-09-30T13:02:44.542+0000] {logging_mixin.py:190} INFO - [2024-09-30T13:02:44.542+0000] {dag.py:3239} INFO - Sync 1 DAGs
[2024-09-30T13:02:44.550+0000] {logging_mixin.py:190} INFO - [2024-09-30T13:02:44.550+0000] {dag.py:4180} INFO - Setting next_dagrun for dag_id_2 to None, run_after=None
[2024-09-30T13:02:44.559+0000] {processor.py:208} INFO - Processing /opt/airflow/dags/dag_id_2.py took 0.041 seconds
[2024-09-30T13:03:15.216+0000] {processor.py:186} INFO - Started process (PID=2754) to work on /opt/airflow/dags/dag_id_2.py
[2024-09-30T13:03:15.217+0000] {processor.py:914} INFO - Processing file /opt/airflow/dags/dag_id_2.py for tasks to queue
[2024-09-30T13:03:15.218+0000] {logging_mixin.py:190} INFO - [2024-09-30T13:03:15.218+0000] {dagbag.py:588} INFO - Filling up the DagBag from /opt/airflow/dags/dag_id_2.py
[2024-09-30T13:03:15.223+0000] {processor.py:925} INFO - DAG(s) 'dag_id_2' retrieved from /opt/airflow/dags/dag_id_2.py
[2024-09-30T13:03:15.235+0000] {logging_mixin.py:190} INFO - [2024-09-30T13:03:15.235+0000] {dag.py:3239} INFO - Sync 1 DAGs
[2024-09-30T13:03:15.244+0000] {logging_mixin.py:190} INFO - [2024-09-30T13:03:15.243+0000] {dag.py:4180} INFO - Setting next_dagrun for dag_id_2 to None, run_after=None
[2024-09-30T13:03:15.252+0000] {processor.py:208} INFO - Processing /opt/airflow/dags/dag_id_2.py took 0.039 seconds
[2024-09-30T13:03:45.970+0000] {processor.py:186} INFO - Started process (PID=2820) to work on /opt/airflow/dags/dag_id_2.py
[2024-09-30T13:03:45.971+0000] {processor.py:914} INFO - Processing file /opt/airflow/dags/dag_id_2.py for tasks to queue
[2024-09-30T13:03:45.972+0000] {logging_mixin.py:190} INFO - [2024-09-30T13:03:45.972+0000] {dagbag.py:588} INFO - Filling up the DagBag from /opt/airflow/dags/dag_id_2.py
[2024-09-30T13:03:45.977+0000] {processor.py:925} INFO - DAG(s) 'dag_id_2' retrieved from /opt/airflow/dags/dag_id_2.py
[2024-09-30T13:03:45.990+0000] {logging_mixin.py:190} INFO - [2024-09-30T13:03:45.990+0000] {dag.py:3239} INFO - Sync 1 DAGs
[2024-09-30T13:03:45.999+0000] {logging_mixin.py:190} INFO - [2024-09-30T13:03:45.998+0000] {dag.py:4180} INFO - Setting next_dagrun for dag_id_2 to None, run_after=None
[2024-09-30T13:03:46.008+0000] {processor.py:208} INFO - Processing /opt/airflow/dags/dag_id_2.py took 0.041 seconds
[2024-09-30T13:04:16.239+0000] {processor.py:186} INFO - Started process (PID=2886) to work on /opt/airflow/dags/dag_id_2.py
[2024-09-30T13:04:16.239+0000] {processor.py:914} INFO - Processing file /opt/airflow/dags/dag_id_2.py for tasks to queue
[2024-09-30T13:04:16.241+0000] {logging_mixin.py:190} INFO - [2024-09-30T13:04:16.240+0000] {dagbag.py:588} INFO - Filling up the DagBag from /opt/airflow/dags/dag_id_2.py
[2024-09-30T13:04:16.245+0000] {processor.py:925} INFO - DAG(s) 'dag_id_2' retrieved from /opt/airflow/dags/dag_id_2.py
[2024-09-30T13:04:16.258+0000] {logging_mixin.py:190} INFO - [2024-09-30T13:04:16.258+0000] {dag.py:3239} INFO - Sync 1 DAGs
[2024-09-30T13:04:16.266+0000] {logging_mixin.py:190} INFO - [2024-09-30T13:04:16.266+0000] {dag.py:4180} INFO - Setting next_dagrun for dag_id_2 to None, run_after=None
[2024-09-30T13:04:16.275+0000] {processor.py:208} INFO - Processing /opt/airflow/dags/dag_id_2.py took 0.040 seconds
