[2024-09-30T12:18:40.368+0000] {processor.py:186} INFO - Started process (PID=44) to work on /opt/airflow/dags/trigger_dag.py
[2024-09-30T12:18:40.373+0000] {processor.py:914} INFO - Processing file /opt/airflow/dags/trigger_dag.py for tasks to queue
[2024-09-30T12:18:40.378+0000] {logging_mixin.py:190} INFO - [2024-09-30T12:18:40.377+0000] {dagbag.py:588} INFO - Filling up the DagBag from /opt/airflow/dags/trigger_dag.py
[2024-09-30T12:18:40.410+0000] {logging_mixin.py:190} INFO - [2024-09-30T12:18:40.408+0000] {dagbag.py:387} ERROR - Failed to import: /opt/airflow/dags/trigger_dag.py
Traceback (most recent call last):
  File "/home/airflow/.local/lib/python3.12/site-packages/airflow/models/dagbag.py", line 383, in parse
    loader.exec_module(new_module)
  File "<frozen importlib._bootstrap_external>", line 995, in exec_module
  File "<frozen importlib._bootstrap>", line 488, in _call_with_frames_removed
  File "/opt/airflow/dags/trigger_dag.py", line 24, in <module>
    path = Variable.get("path")
           ^^^^^^^^^^^^^^^^^^^^
  File "/home/airflow/.local/lib/python3.12/site-packages/airflow/models/variable.py", line 145, in get
    raise KeyError(f"Variable {key} does not exist")
KeyError: 'Variable path does not exist'
[2024-09-30T12:18:40.410+0000] {processor.py:927} WARNING - No viable dags retrieved from /opt/airflow/dags/trigger_dag.py
[2024-09-30T12:18:40.421+0000] {processor.py:208} INFO - Processing /opt/airflow/dags/trigger_dag.py took 0.060 seconds
[2024-09-30T12:19:11.060+0000] {processor.py:186} INFO - Started process (PID=110) to work on /opt/airflow/dags/trigger_dag.py
[2024-09-30T12:19:11.064+0000] {processor.py:914} INFO - Processing file /opt/airflow/dags/trigger_dag.py for tasks to queue
[2024-09-30T12:19:11.066+0000] {logging_mixin.py:190} INFO - [2024-09-30T12:19:11.066+0000] {dagbag.py:588} INFO - Filling up the DagBag from /opt/airflow/dags/trigger_dag.py
[2024-09-30T12:19:11.092+0000] {logging_mixin.py:190} INFO - [2024-09-30T12:19:11.091+0000] {dagbag.py:387} ERROR - Failed to import: /opt/airflow/dags/trigger_dag.py
Traceback (most recent call last):
  File "/home/airflow/.local/lib/python3.12/site-packages/airflow/models/dagbag.py", line 383, in parse
    loader.exec_module(new_module)
  File "<frozen importlib._bootstrap_external>", line 995, in exec_module
  File "<frozen importlib._bootstrap>", line 488, in _call_with_frames_removed
  File "/opt/airflow/dags/trigger_dag.py", line 24, in <module>
    path = Variable.get("path")
           ^^^^^^^^^^^^^^^^^^^^
  File "/home/airflow/.local/lib/python3.12/site-packages/airflow/models/variable.py", line 145, in get
    raise KeyError(f"Variable {key} does not exist")
KeyError: 'Variable path does not exist'
[2024-09-30T12:19:11.093+0000] {processor.py:927} WARNING - No viable dags retrieved from /opt/airflow/dags/trigger_dag.py
[2024-09-30T12:19:11.100+0000] {processor.py:208} INFO - Processing /opt/airflow/dags/trigger_dag.py took 0.051 seconds
[2024-09-30T12:19:41.446+0000] {processor.py:186} INFO - Started process (PID=175) to work on /opt/airflow/dags/trigger_dag.py
[2024-09-30T12:19:41.450+0000] {processor.py:914} INFO - Processing file /opt/airflow/dags/trigger_dag.py for tasks to queue
[2024-09-30T12:19:41.457+0000] {logging_mixin.py:190} INFO - [2024-09-30T12:19:41.457+0000] {dagbag.py:588} INFO - Filling up the DagBag from /opt/airflow/dags/trigger_dag.py
[2024-09-30T12:19:41.477+0000] {logging_mixin.py:190} INFO - [2024-09-30T12:19:41.476+0000] {dagbag.py:387} ERROR - Failed to import: /opt/airflow/dags/trigger_dag.py
Traceback (most recent call last):
  File "/home/airflow/.local/lib/python3.12/site-packages/airflow/models/dagbag.py", line 383, in parse
    loader.exec_module(new_module)
  File "<frozen importlib._bootstrap_external>", line 995, in exec_module
  File "<frozen importlib._bootstrap>", line 488, in _call_with_frames_removed
  File "/opt/airflow/dags/trigger_dag.py", line 24, in <module>
    path = Variable.get("path")
           ^^^^^^^^^^^^^^^^^^^^
  File "/home/airflow/.local/lib/python3.12/site-packages/airflow/models/variable.py", line 145, in get
    raise KeyError(f"Variable {key} does not exist")
KeyError: 'Variable path does not exist'
[2024-09-30T12:19:41.478+0000] {processor.py:927} WARNING - No viable dags retrieved from /opt/airflow/dags/trigger_dag.py
[2024-09-30T12:19:41.484+0000] {processor.py:208} INFO - Processing /opt/airflow/dags/trigger_dag.py took 0.045 seconds
[2024-09-30T12:20:11.782+0000] {processor.py:186} INFO - Started process (PID=241) to work on /opt/airflow/dags/trigger_dag.py
[2024-09-30T12:20:11.783+0000] {processor.py:914} INFO - Processing file /opt/airflow/dags/trigger_dag.py for tasks to queue
[2024-09-30T12:20:11.785+0000] {logging_mixin.py:190} INFO - [2024-09-30T12:20:11.785+0000] {dagbag.py:588} INFO - Filling up the DagBag from /opt/airflow/dags/trigger_dag.py
[2024-09-30T12:20:11.806+0000] {logging_mixin.py:190} INFO - [2024-09-30T12:20:11.804+0000] {dagbag.py:387} ERROR - Failed to import: /opt/airflow/dags/trigger_dag.py
Traceback (most recent call last):
  File "/home/airflow/.local/lib/python3.12/site-packages/airflow/models/dagbag.py", line 383, in parse
    loader.exec_module(new_module)
  File "<frozen importlib._bootstrap_external>", line 995, in exec_module
  File "<frozen importlib._bootstrap>", line 488, in _call_with_frames_removed
  File "/opt/airflow/dags/trigger_dag.py", line 24, in <module>
    path = Variable.get("path")
           ^^^^^^^^^^^^^^^^^^^^
  File "/home/airflow/.local/lib/python3.12/site-packages/airflow/models/variable.py", line 145, in get
    raise KeyError(f"Variable {key} does not exist")
KeyError: 'Variable path does not exist'
[2024-09-30T12:20:11.806+0000] {processor.py:927} WARNING - No viable dags retrieved from /opt/airflow/dags/trigger_dag.py
[2024-09-30T12:20:11.817+0000] {processor.py:208} INFO - Processing /opt/airflow/dags/trigger_dag.py took 0.041 seconds
[2024-09-30T12:20:42.296+0000] {processor.py:186} INFO - Started process (PID=306) to work on /opt/airflow/dags/trigger_dag.py
[2024-09-30T12:20:42.297+0000] {processor.py:914} INFO - Processing file /opt/airflow/dags/trigger_dag.py for tasks to queue
[2024-09-30T12:20:42.300+0000] {logging_mixin.py:190} INFO - [2024-09-30T12:20:42.300+0000] {dagbag.py:588} INFO - Filling up the DagBag from /opt/airflow/dags/trigger_dag.py
[2024-09-30T12:20:42.325+0000] {logging_mixin.py:190} INFO - [2024-09-30T12:20:42.324+0000] {dagbag.py:387} ERROR - Failed to import: /opt/airflow/dags/trigger_dag.py
Traceback (most recent call last):
  File "/home/airflow/.local/lib/python3.12/site-packages/airflow/models/dagbag.py", line 383, in parse
    loader.exec_module(new_module)
  File "<frozen importlib._bootstrap_external>", line 995, in exec_module
  File "<frozen importlib._bootstrap>", line 488, in _call_with_frames_removed
  File "/opt/airflow/dags/trigger_dag.py", line 24, in <module>
    path = Variable.get("path")
           ^^^^^^^^^^^^^^^^^^^^
  File "/home/airflow/.local/lib/python3.12/site-packages/airflow/models/variable.py", line 145, in get
    raise KeyError(f"Variable {key} does not exist")
KeyError: 'Variable path does not exist'
[2024-09-30T12:20:42.326+0000] {processor.py:927} WARNING - No viable dags retrieved from /opt/airflow/dags/trigger_dag.py
[2024-09-30T12:20:42.334+0000] {processor.py:208} INFO - Processing /opt/airflow/dags/trigger_dag.py took 0.044 seconds
[2024-09-30T12:21:12.701+0000] {processor.py:186} INFO - Started process (PID=372) to work on /opt/airflow/dags/trigger_dag.py
[2024-09-30T12:21:12.702+0000] {processor.py:914} INFO - Processing file /opt/airflow/dags/trigger_dag.py for tasks to queue
[2024-09-30T12:21:12.705+0000] {logging_mixin.py:190} INFO - [2024-09-30T12:21:12.705+0000] {dagbag.py:588} INFO - Filling up the DagBag from /opt/airflow/dags/trigger_dag.py
[2024-09-30T12:21:12.732+0000] {logging_mixin.py:190} INFO - [2024-09-30T12:21:12.731+0000] {dagbag.py:387} ERROR - Failed to import: /opt/airflow/dags/trigger_dag.py
Traceback (most recent call last):
  File "/home/airflow/.local/lib/python3.12/site-packages/airflow/models/dagbag.py", line 383, in parse
    loader.exec_module(new_module)
  File "<frozen importlib._bootstrap_external>", line 995, in exec_module
  File "<frozen importlib._bootstrap>", line 488, in _call_with_frames_removed
  File "/opt/airflow/dags/trigger_dag.py", line 24, in <module>
    path = Variable.get("path")
           ^^^^^^^^^^^^^^^^^^^^
  File "/home/airflow/.local/lib/python3.12/site-packages/airflow/models/variable.py", line 145, in get
    raise KeyError(f"Variable {key} does not exist")
KeyError: 'Variable path does not exist'
[2024-09-30T12:21:12.733+0000] {processor.py:927} WARNING - No viable dags retrieved from /opt/airflow/dags/trigger_dag.py
[2024-09-30T12:21:12.746+0000] {processor.py:208} INFO - Processing /opt/airflow/dags/trigger_dag.py took 0.053 seconds
[2024-09-30T12:21:43.281+0000] {processor.py:186} INFO - Started process (PID=437) to work on /opt/airflow/dags/trigger_dag.py
[2024-09-30T12:21:43.282+0000] {processor.py:914} INFO - Processing file /opt/airflow/dags/trigger_dag.py for tasks to queue
[2024-09-30T12:21:43.286+0000] {logging_mixin.py:190} INFO - [2024-09-30T12:21:43.286+0000] {dagbag.py:588} INFO - Filling up the DagBag from /opt/airflow/dags/trigger_dag.py
[2024-09-30T12:21:43.307+0000] {logging_mixin.py:190} INFO - [2024-09-30T12:21:43.306+0000] {dagbag.py:387} ERROR - Failed to import: /opt/airflow/dags/trigger_dag.py
Traceback (most recent call last):
  File "/home/airflow/.local/lib/python3.12/site-packages/airflow/models/dagbag.py", line 383, in parse
    loader.exec_module(new_module)
  File "<frozen importlib._bootstrap_external>", line 995, in exec_module
  File "<frozen importlib._bootstrap>", line 488, in _call_with_frames_removed
  File "/opt/airflow/dags/trigger_dag.py", line 24, in <module>
    path = Variable.get("path")
           ^^^^^^^^^^^^^^^^^^^^
  File "/home/airflow/.local/lib/python3.12/site-packages/airflow/models/variable.py", line 145, in get
    raise KeyError(f"Variable {key} does not exist")
KeyError: 'Variable path does not exist'
[2024-09-30T12:21:43.307+0000] {processor.py:927} WARNING - No viable dags retrieved from /opt/airflow/dags/trigger_dag.py
[2024-09-30T12:21:43.318+0000] {processor.py:208} INFO - Processing /opt/airflow/dags/trigger_dag.py took 0.041 seconds
[2024-09-30T12:22:13.817+0000] {processor.py:186} INFO - Started process (PID=503) to work on /opt/airflow/dags/trigger_dag.py
[2024-09-30T12:22:13.818+0000] {processor.py:914} INFO - Processing file /opt/airflow/dags/trigger_dag.py for tasks to queue
[2024-09-30T12:22:13.822+0000] {logging_mixin.py:190} INFO - [2024-09-30T12:22:13.821+0000] {dagbag.py:588} INFO - Filling up the DagBag from /opt/airflow/dags/trigger_dag.py
[2024-09-30T12:22:13.863+0000] {logging_mixin.py:190} INFO - [2024-09-30T12:22:13.856+0000] {dagbag.py:387} ERROR - Failed to import: /opt/airflow/dags/trigger_dag.py
Traceback (most recent call last):
  File "/home/airflow/.local/lib/python3.12/site-packages/airflow/models/dagbag.py", line 383, in parse
    loader.exec_module(new_module)
  File "<frozen importlib._bootstrap_external>", line 995, in exec_module
  File "<frozen importlib._bootstrap>", line 488, in _call_with_frames_removed
  File "/opt/airflow/dags/trigger_dag.py", line 24, in <module>
    path = Variable.get("path")
           ^^^^^^^^^^^^^^^^^^^^
  File "/home/airflow/.local/lib/python3.12/site-packages/airflow/models/variable.py", line 145, in get
    raise KeyError(f"Variable {key} does not exist")
KeyError: 'Variable path does not exist'
[2024-09-30T12:22:13.864+0000] {processor.py:927} WARNING - No viable dags retrieved from /opt/airflow/dags/trigger_dag.py
[2024-09-30T12:22:13.876+0000] {processor.py:208} INFO - Processing /opt/airflow/dags/trigger_dag.py took 0.064 seconds
[2024-09-30T12:22:44.301+0000] {processor.py:186} INFO - Started process (PID=569) to work on /opt/airflow/dags/trigger_dag.py
[2024-09-30T12:22:44.302+0000] {processor.py:914} INFO - Processing file /opt/airflow/dags/trigger_dag.py for tasks to queue
[2024-09-30T12:22:44.304+0000] {logging_mixin.py:190} INFO - [2024-09-30T12:22:44.304+0000] {dagbag.py:588} INFO - Filling up the DagBag from /opt/airflow/dags/trigger_dag.py
[2024-09-30T12:22:44.323+0000] {logging_mixin.py:190} INFO - [2024-09-30T12:22:44.322+0000] {dagbag.py:387} ERROR - Failed to import: /opt/airflow/dags/trigger_dag.py
Traceback (most recent call last):
  File "/home/airflow/.local/lib/python3.12/site-packages/airflow/models/dagbag.py", line 383, in parse
    loader.exec_module(new_module)
  File "<frozen importlib._bootstrap_external>", line 995, in exec_module
  File "<frozen importlib._bootstrap>", line 488, in _call_with_frames_removed
  File "/opt/airflow/dags/trigger_dag.py", line 24, in <module>
    path = Variable.get("path")
           ^^^^^^^^^^^^^^^^^^^^
  File "/home/airflow/.local/lib/python3.12/site-packages/airflow/models/variable.py", line 145, in get
    raise KeyError(f"Variable {key} does not exist")
KeyError: 'Variable path does not exist'
[2024-09-30T12:22:44.324+0000] {processor.py:927} WARNING - No viable dags retrieved from /opt/airflow/dags/trigger_dag.py
[2024-09-30T12:22:44.335+0000] {processor.py:208} INFO - Processing /opt/airflow/dags/trigger_dag.py took 0.039 seconds
[2024-09-30T12:23:14.506+0000] {processor.py:186} INFO - Started process (PID=634) to work on /opt/airflow/dags/trigger_dag.py
[2024-09-30T12:23:14.507+0000] {processor.py:914} INFO - Processing file /opt/airflow/dags/trigger_dag.py for tasks to queue
[2024-09-30T12:23:14.509+0000] {logging_mixin.py:190} INFO - [2024-09-30T12:23:14.509+0000] {dagbag.py:588} INFO - Filling up the DagBag from /opt/airflow/dags/trigger_dag.py
[2024-09-30T12:23:14.529+0000] {logging_mixin.py:190} INFO - [2024-09-30T12:23:14.527+0000] {dagbag.py:387} ERROR - Failed to import: /opt/airflow/dags/trigger_dag.py
Traceback (most recent call last):
  File "/home/airflow/.local/lib/python3.12/site-packages/airflow/models/dagbag.py", line 383, in parse
    loader.exec_module(new_module)
  File "<frozen importlib._bootstrap_external>", line 995, in exec_module
  File "<frozen importlib._bootstrap>", line 488, in _call_with_frames_removed
  File "/opt/airflow/dags/trigger_dag.py", line 24, in <module>
    path = Variable.get("path")
           ^^^^^^^^^^^^^^^^^^^^
  File "/home/airflow/.local/lib/python3.12/site-packages/airflow/models/variable.py", line 145, in get
    raise KeyError(f"Variable {key} does not exist")
KeyError: 'Variable path does not exist'
[2024-09-30T12:23:14.529+0000] {processor.py:927} WARNING - No viable dags retrieved from /opt/airflow/dags/trigger_dag.py
[2024-09-30T12:23:14.537+0000] {processor.py:208} INFO - Processing /opt/airflow/dags/trigger_dag.py took 0.035 seconds
[2024-09-30T12:23:44.789+0000] {processor.py:186} INFO - Started process (PID=706) to work on /opt/airflow/dags/trigger_dag.py
[2024-09-30T12:23:44.790+0000] {processor.py:914} INFO - Processing file /opt/airflow/dags/trigger_dag.py for tasks to queue
[2024-09-30T12:23:44.791+0000] {logging_mixin.py:190} INFO - [2024-09-30T12:23:44.791+0000] {dagbag.py:588} INFO - Filling up the DagBag from /opt/airflow/dags/trigger_dag.py
[2024-09-30T12:23:44.812+0000] {logging_mixin.py:190} INFO - [2024-09-30T12:23:44.810+0000] {dagbag.py:387} ERROR - Failed to import: /opt/airflow/dags/trigger_dag.py
Traceback (most recent call last):
  File "/home/airflow/.local/lib/python3.12/site-packages/airflow/models/dagbag.py", line 383, in parse
    loader.exec_module(new_module)
  File "<frozen importlib._bootstrap_external>", line 995, in exec_module
  File "<frozen importlib._bootstrap>", line 488, in _call_with_frames_removed
  File "/opt/airflow/dags/trigger_dag.py", line 24, in <module>
    path = Variable.get("path")
           ^^^^^^^^^^^^^^^^^^^^
  File "/home/airflow/.local/lib/python3.12/site-packages/airflow/models/variable.py", line 145, in get
    raise KeyError(f"Variable {key} does not exist")
KeyError: 'Variable path does not exist'
[2024-09-30T12:23:44.812+0000] {processor.py:927} WARNING - No viable dags retrieved from /opt/airflow/dags/trigger_dag.py
[2024-09-30T12:23:44.819+0000] {processor.py:208} INFO - Processing /opt/airflow/dags/trigger_dag.py took 0.035 seconds
[2024-09-30T12:24:15.139+0000] {processor.py:186} INFO - Started process (PID=772) to work on /opt/airflow/dags/trigger_dag.py
[2024-09-30T12:24:15.140+0000] {processor.py:914} INFO - Processing file /opt/airflow/dags/trigger_dag.py for tasks to queue
[2024-09-30T12:24:15.143+0000] {logging_mixin.py:190} INFO - [2024-09-30T12:24:15.143+0000] {dagbag.py:588} INFO - Filling up the DagBag from /opt/airflow/dags/trigger_dag.py
[2024-09-30T12:24:15.168+0000] {logging_mixin.py:190} INFO - [2024-09-30T12:24:15.166+0000] {dagbag.py:387} ERROR - Failed to import: /opt/airflow/dags/trigger_dag.py
Traceback (most recent call last):
  File "/home/airflow/.local/lib/python3.12/site-packages/airflow/models/dagbag.py", line 383, in parse
    loader.exec_module(new_module)
  File "<frozen importlib._bootstrap_external>", line 995, in exec_module
  File "<frozen importlib._bootstrap>", line 488, in _call_with_frames_removed
  File "/opt/airflow/dags/trigger_dag.py", line 24, in <module>
    path = Variable.get("path")
           ^^^^^^^^^^^^^^^^^^^^
  File "/home/airflow/.local/lib/python3.12/site-packages/airflow/models/variable.py", line 145, in get
    raise KeyError(f"Variable {key} does not exist")
KeyError: 'Variable path does not exist'
[2024-09-30T12:24:15.168+0000] {processor.py:927} WARNING - No viable dags retrieved from /opt/airflow/dags/trigger_dag.py
[2024-09-30T12:24:15.175+0000] {processor.py:208} INFO - Processing /opt/airflow/dags/trigger_dag.py took 0.044 seconds
[2024-09-30T12:24:33.560+0000] {processor.py:186} INFO - Started process (PID=832) to work on /opt/airflow/dags/trigger_dag.py
[2024-09-30T12:24:33.561+0000] {processor.py:914} INFO - Processing file /opt/airflow/dags/trigger_dag.py for tasks to queue
[2024-09-30T12:24:33.564+0000] {logging_mixin.py:190} INFO - [2024-09-30T12:24:33.563+0000] {dagbag.py:588} INFO - Filling up the DagBag from /opt/airflow/dags/trigger_dag.py
[2024-09-30T12:24:33.589+0000] {logging_mixin.py:190} INFO - [2024-09-30T12:24:33.588+0000] {dagbag.py:387} ERROR - Failed to import: /opt/airflow/dags/trigger_dag.py
Traceback (most recent call last):
  File "/home/airflow/.local/lib/python3.12/site-packages/airflow/models/dagbag.py", line 383, in parse
    loader.exec_module(new_module)
  File "<frozen importlib._bootstrap_external>", line 995, in exec_module
  File "<frozen importlib._bootstrap>", line 488, in _call_with_frames_removed
  File "/opt/airflow/dags/trigger_dag.py", line 24, in <module>
    path = Variable.get("path")
           ^^^^^^^^^^^^^^^^^^^^
  File "/home/airflow/.local/lib/python3.12/site-packages/airflow/models/variable.py", line 145, in get
    raise KeyError(f"Variable {key} does not exist")
KeyError: 'Variable path does not exist'
[2024-09-30T12:24:33.589+0000] {processor.py:927} WARNING - No viable dags retrieved from /opt/airflow/dags/trigger_dag.py
[2024-09-30T12:24:33.595+0000] {processor.py:208} INFO - Processing /opt/airflow/dags/trigger_dag.py took 0.042 seconds
[2024-09-30T12:27:58.376+0000] {processor.py:186} INFO - Started process (PID=44) to work on /opt/airflow/dags/trigger_dag.py
[2024-09-30T12:27:58.377+0000] {processor.py:914} INFO - Processing file /opt/airflow/dags/trigger_dag.py for tasks to queue
[2024-09-30T12:27:58.379+0000] {logging_mixin.py:190} INFO - [2024-09-30T12:27:58.379+0000] {dagbag.py:588} INFO - Filling up the DagBag from /opt/airflow/dags/trigger_dag.py
[2024-09-30T12:27:58.400+0000] {logging_mixin.py:190} INFO - [2024-09-30T12:27:58.398+0000] {dagbag.py:387} ERROR - Failed to import: /opt/airflow/dags/trigger_dag.py
Traceback (most recent call last):
  File "/home/airflow/.local/lib/python3.12/site-packages/airflow/models/dagbag.py", line 383, in parse
    loader.exec_module(new_module)
  File "<frozen importlib._bootstrap_external>", line 995, in exec_module
  File "<frozen importlib._bootstrap>", line 488, in _call_with_frames_removed
  File "/opt/airflow/dags/trigger_dag.py", line 24, in <module>
    path = Variable.get("path")
           ^^^^^^^^^^^^^^^^^^^^
  File "/home/airflow/.local/lib/python3.12/site-packages/airflow/models/variable.py", line 145, in get
    raise KeyError(f"Variable {key} does not exist")
KeyError: 'Variable path does not exist'
[2024-09-30T12:27:58.401+0000] {processor.py:927} WARNING - No viable dags retrieved from /opt/airflow/dags/trigger_dag.py
[2024-09-30T12:27:58.408+0000] {processor.py:208} INFO - Processing /opt/airflow/dags/trigger_dag.py took 0.036 seconds
[2024-09-30T12:28:29.427+0000] {processor.py:186} INFO - Started process (PID=110) to work on /opt/airflow/dags/trigger_dag.py
[2024-09-30T12:28:29.428+0000] {processor.py:914} INFO - Processing file /opt/airflow/dags/trigger_dag.py for tasks to queue
[2024-09-30T12:28:29.430+0000] {logging_mixin.py:190} INFO - [2024-09-30T12:28:29.430+0000] {dagbag.py:588} INFO - Filling up the DagBag from /opt/airflow/dags/trigger_dag.py
[2024-09-30T12:28:29.450+0000] {logging_mixin.py:190} INFO - [2024-09-30T12:28:29.449+0000] {dagbag.py:387} ERROR - Failed to import: /opt/airflow/dags/trigger_dag.py
Traceback (most recent call last):
  File "/home/airflow/.local/lib/python3.12/site-packages/airflow/models/dagbag.py", line 383, in parse
    loader.exec_module(new_module)
  File "<frozen importlib._bootstrap_external>", line 995, in exec_module
  File "<frozen importlib._bootstrap>", line 488, in _call_with_frames_removed
  File "/opt/airflow/dags/trigger_dag.py", line 24, in <module>
    path = Variable.get("path")
           ^^^^^^^^^^^^^^^^^^^^
  File "/home/airflow/.local/lib/python3.12/site-packages/airflow/models/variable.py", line 145, in get
    raise KeyError(f"Variable {key} does not exist")
KeyError: 'Variable path does not exist'
[2024-09-30T12:28:29.451+0000] {processor.py:927} WARNING - No viable dags retrieved from /opt/airflow/dags/trigger_dag.py
[2024-09-30T12:28:29.458+0000] {processor.py:208} INFO - Processing /opt/airflow/dags/trigger_dag.py took 0.039 seconds
[2024-09-30T12:28:59.970+0000] {processor.py:186} INFO - Started process (PID=176) to work on /opt/airflow/dags/trigger_dag.py
[2024-09-30T12:28:59.971+0000] {processor.py:914} INFO - Processing file /opt/airflow/dags/trigger_dag.py for tasks to queue
[2024-09-30T12:28:59.973+0000] {logging_mixin.py:190} INFO - [2024-09-30T12:28:59.973+0000] {dagbag.py:588} INFO - Filling up the DagBag from /opt/airflow/dags/trigger_dag.py
[2024-09-30T12:29:00.003+0000] {logging_mixin.py:190} INFO - [2024-09-30T12:29:00.002+0000] {dagbag.py:387} ERROR - Failed to import: /opt/airflow/dags/trigger_dag.py
Traceback (most recent call last):
  File "/home/airflow/.local/lib/python3.12/site-packages/airflow/models/dagbag.py", line 383, in parse
    loader.exec_module(new_module)
  File "<frozen importlib._bootstrap_external>", line 995, in exec_module
  File "<frozen importlib._bootstrap>", line 488, in _call_with_frames_removed
  File "/opt/airflow/dags/trigger_dag.py", line 24, in <module>
    path = Variable.get("path")
           ^^^^^^^^^^^^^^^^^^^^
  File "/home/airflow/.local/lib/python3.12/site-packages/airflow/models/variable.py", line 145, in get
    raise KeyError(f"Variable {key} does not exist")
KeyError: 'Variable path does not exist'
[2024-09-30T12:29:00.003+0000] {processor.py:927} WARNING - No viable dags retrieved from /opt/airflow/dags/trigger_dag.py
[2024-09-30T12:29:00.010+0000] {processor.py:208} INFO - Processing /opt/airflow/dags/trigger_dag.py took 0.047 seconds
[2024-09-30T12:29:30.398+0000] {processor.py:186} INFO - Started process (PID=242) to work on /opt/airflow/dags/trigger_dag.py
[2024-09-30T12:29:30.399+0000] {processor.py:914} INFO - Processing file /opt/airflow/dags/trigger_dag.py for tasks to queue
[2024-09-30T12:29:30.401+0000] {logging_mixin.py:190} INFO - [2024-09-30T12:29:30.401+0000] {dagbag.py:588} INFO - Filling up the DagBag from /opt/airflow/dags/trigger_dag.py
[2024-09-30T12:29:30.421+0000] {logging_mixin.py:190} INFO - [2024-09-30T12:29:30.419+0000] {dagbag.py:387} ERROR - Failed to import: /opt/airflow/dags/trigger_dag.py
Traceback (most recent call last):
  File "/home/airflow/.local/lib/python3.12/site-packages/airflow/models/dagbag.py", line 383, in parse
    loader.exec_module(new_module)
  File "<frozen importlib._bootstrap_external>", line 995, in exec_module
  File "<frozen importlib._bootstrap>", line 488, in _call_with_frames_removed
  File "/opt/airflow/dags/trigger_dag.py", line 24, in <module>
    path = Variable.get("path")
           ^^^^^^^^^^^^^^^^^^^^
  File "/home/airflow/.local/lib/python3.12/site-packages/airflow/models/variable.py", line 145, in get
    raise KeyError(f"Variable {key} does not exist")
KeyError: 'Variable path does not exist'
[2024-09-30T12:29:30.421+0000] {processor.py:927} WARNING - No viable dags retrieved from /opt/airflow/dags/trigger_dag.py
[2024-09-30T12:29:30.430+0000] {processor.py:208} INFO - Processing /opt/airflow/dags/trigger_dag.py took 0.037 seconds
[2024-09-30T12:30:00.792+0000] {processor.py:186} INFO - Started process (PID=308) to work on /opt/airflow/dags/trigger_dag.py
[2024-09-30T12:30:00.795+0000] {processor.py:914} INFO - Processing file /opt/airflow/dags/trigger_dag.py for tasks to queue
[2024-09-30T12:30:00.801+0000] {logging_mixin.py:190} INFO - [2024-09-30T12:30:00.800+0000] {dagbag.py:588} INFO - Filling up the DagBag from /opt/airflow/dags/trigger_dag.py
[2024-09-30T12:30:00.829+0000] {logging_mixin.py:190} INFO - [2024-09-30T12:30:00.828+0000] {dagbag.py:387} ERROR - Failed to import: /opt/airflow/dags/trigger_dag.py
Traceback (most recent call last):
  File "/home/airflow/.local/lib/python3.12/site-packages/airflow/models/dagbag.py", line 383, in parse
    loader.exec_module(new_module)
  File "<frozen importlib._bootstrap_external>", line 995, in exec_module
  File "<frozen importlib._bootstrap>", line 488, in _call_with_frames_removed
  File "/opt/airflow/dags/trigger_dag.py", line 24, in <module>
    path = Variable.get("path")
           ^^^^^^^^^^^^^^^^^^^^
  File "/home/airflow/.local/lib/python3.12/site-packages/airflow/models/variable.py", line 145, in get
    raise KeyError(f"Variable {key} does not exist")
KeyError: 'Variable path does not exist'
[2024-09-30T12:30:00.830+0000] {processor.py:927} WARNING - No viable dags retrieved from /opt/airflow/dags/trigger_dag.py
[2024-09-30T12:30:00.836+0000] {processor.py:208} INFO - Processing /opt/airflow/dags/trigger_dag.py took 0.054 seconds
[2024-09-30T12:30:31.172+0000] {processor.py:186} INFO - Started process (PID=374) to work on /opt/airflow/dags/trigger_dag.py
[2024-09-30T12:30:31.173+0000] {processor.py:914} INFO - Processing file /opt/airflow/dags/trigger_dag.py for tasks to queue
[2024-09-30T12:30:31.175+0000] {logging_mixin.py:190} INFO - [2024-09-30T12:30:31.175+0000] {dagbag.py:588} INFO - Filling up the DagBag from /opt/airflow/dags/trigger_dag.py
[2024-09-30T12:30:31.194+0000] {logging_mixin.py:190} INFO - [2024-09-30T12:30:31.193+0000] {dagbag.py:387} ERROR - Failed to import: /opt/airflow/dags/trigger_dag.py
Traceback (most recent call last):
  File "/home/airflow/.local/lib/python3.12/site-packages/airflow/models/dagbag.py", line 383, in parse
    loader.exec_module(new_module)
  File "<frozen importlib._bootstrap_external>", line 995, in exec_module
  File "<frozen importlib._bootstrap>", line 488, in _call_with_frames_removed
  File "/opt/airflow/dags/trigger_dag.py", line 24, in <module>
    path = Variable.get("path")
           ^^^^^^^^^^^^^^^^^^^^
  File "/home/airflow/.local/lib/python3.12/site-packages/airflow/models/variable.py", line 145, in get
    raise KeyError(f"Variable {key} does not exist")
KeyError: 'Variable path does not exist'
[2024-09-30T12:30:31.195+0000] {processor.py:927} WARNING - No viable dags retrieved from /opt/airflow/dags/trigger_dag.py
[2024-09-30T12:30:31.203+0000] {processor.py:208} INFO - Processing /opt/airflow/dags/trigger_dag.py took 0.038 seconds
[2024-09-30T12:31:01.989+0000] {processor.py:186} INFO - Started process (PID=446) to work on /opt/airflow/dags/trigger_dag.py
[2024-09-30T12:31:01.992+0000] {processor.py:914} INFO - Processing file /opt/airflow/dags/trigger_dag.py for tasks to queue
[2024-09-30T12:31:01.996+0000] {logging_mixin.py:190} INFO - [2024-09-30T12:31:01.995+0000] {dagbag.py:588} INFO - Filling up the DagBag from /opt/airflow/dags/trigger_dag.py
[2024-09-30T12:31:02.017+0000] {logging_mixin.py:190} INFO - [2024-09-30T12:31:02.016+0000] {dagbag.py:387} ERROR - Failed to import: /opt/airflow/dags/trigger_dag.py
Traceback (most recent call last):
  File "/home/airflow/.local/lib/python3.12/site-packages/airflow/models/dagbag.py", line 383, in parse
    loader.exec_module(new_module)
  File "<frozen importlib._bootstrap_external>", line 995, in exec_module
  File "<frozen importlib._bootstrap>", line 488, in _call_with_frames_removed
  File "/opt/airflow/dags/trigger_dag.py", line 24, in <module>
    path = Variable.get("path")
           ^^^^^^^^^^^^^^^^^^^^
  File "/home/airflow/.local/lib/python3.12/site-packages/airflow/models/variable.py", line 145, in get
    raise KeyError(f"Variable {key} does not exist")
KeyError: 'Variable path does not exist'
[2024-09-30T12:31:02.017+0000] {processor.py:927} WARNING - No viable dags retrieved from /opt/airflow/dags/trigger_dag.py
[2024-09-30T12:31:02.024+0000] {processor.py:208} INFO - Processing /opt/airflow/dags/trigger_dag.py took 0.049 seconds
[2024-09-30T12:31:32.722+0000] {processor.py:186} INFO - Started process (PID=512) to work on /opt/airflow/dags/trigger_dag.py
[2024-09-30T12:31:32.722+0000] {processor.py:914} INFO - Processing file /opt/airflow/dags/trigger_dag.py for tasks to queue
[2024-09-30T12:31:32.724+0000] {logging_mixin.py:190} INFO - [2024-09-30T12:31:32.724+0000] {dagbag.py:588} INFO - Filling up the DagBag from /opt/airflow/dags/trigger_dag.py
[2024-09-30T12:31:32.743+0000] {logging_mixin.py:190} INFO - [2024-09-30T12:31:32.742+0000] {dagbag.py:387} ERROR - Failed to import: /opt/airflow/dags/trigger_dag.py
Traceback (most recent call last):
  File "/home/airflow/.local/lib/python3.12/site-packages/airflow/models/dagbag.py", line 383, in parse
    loader.exec_module(new_module)
  File "<frozen importlib._bootstrap_external>", line 995, in exec_module
  File "<frozen importlib._bootstrap>", line 488, in _call_with_frames_removed
  File "/opt/airflow/dags/trigger_dag.py", line 24, in <module>
    path = Variable.get("path")
           ^^^^^^^^^^^^^^^^^^^^
  File "/home/airflow/.local/lib/python3.12/site-packages/airflow/models/variable.py", line 145, in get
    raise KeyError(f"Variable {key} does not exist")
KeyError: 'Variable path does not exist'
[2024-09-30T12:31:32.744+0000] {processor.py:927} WARNING - No viable dags retrieved from /opt/airflow/dags/trigger_dag.py
[2024-09-30T12:31:32.750+0000] {processor.py:208} INFO - Processing /opt/airflow/dags/trigger_dag.py took 0.033 seconds
[2024-09-30T12:32:40.701+0000] {processor.py:186} INFO - Started process (PID=43) to work on /opt/airflow/dags/trigger_dag.py
[2024-09-30T12:32:40.702+0000] {processor.py:914} INFO - Processing file /opt/airflow/dags/trigger_dag.py for tasks to queue
[2024-09-30T12:32:40.704+0000] {logging_mixin.py:190} INFO - [2024-09-30T12:32:40.704+0000] {dagbag.py:588} INFO - Filling up the DagBag from /opt/airflow/dags/trigger_dag.py
[2024-09-30T12:32:40.728+0000] {logging_mixin.py:190} INFO - [2024-09-30T12:32:40.727+0000] {dagbag.py:387} ERROR - Failed to import: /opt/airflow/dags/trigger_dag.py
Traceback (most recent call last):
  File "/home/airflow/.local/lib/python3.12/site-packages/airflow/models/dagbag.py", line 383, in parse
    loader.exec_module(new_module)
  File "<frozen importlib._bootstrap_external>", line 995, in exec_module
  File "<frozen importlib._bootstrap>", line 488, in _call_with_frames_removed
  File "/opt/airflow/dags/trigger_dag.py", line 24, in <module>
    path = Variable.get("path")
           ^^^^^^^^^^^^^^^^^^^^
  File "/home/airflow/.local/lib/python3.12/site-packages/airflow/models/variable.py", line 145, in get
    raise KeyError(f"Variable {key} does not exist")
KeyError: 'Variable path does not exist'
[2024-09-30T12:32:40.729+0000] {processor.py:927} WARNING - No viable dags retrieved from /opt/airflow/dags/trigger_dag.py
[2024-09-30T12:32:40.741+0000] {processor.py:208} INFO - Processing /opt/airflow/dags/trigger_dag.py took 0.049 seconds
[2024-09-30T12:33:11.010+0000] {processor.py:186} INFO - Started process (PID=109) to work on /opt/airflow/dags/trigger_dag.py
[2024-09-30T12:33:11.012+0000] {processor.py:914} INFO - Processing file /opt/airflow/dags/trigger_dag.py for tasks to queue
[2024-09-30T12:33:11.016+0000] {logging_mixin.py:190} INFO - [2024-09-30T12:33:11.015+0000] {dagbag.py:588} INFO - Filling up the DagBag from /opt/airflow/dags/trigger_dag.py
[2024-09-30T12:33:11.040+0000] {logging_mixin.py:190} INFO - [2024-09-30T12:33:11.038+0000] {dagbag.py:387} ERROR - Failed to import: /opt/airflow/dags/trigger_dag.py
Traceback (most recent call last):
  File "/home/airflow/.local/lib/python3.12/site-packages/airflow/models/dagbag.py", line 383, in parse
    loader.exec_module(new_module)
  File "<frozen importlib._bootstrap_external>", line 995, in exec_module
  File "<frozen importlib._bootstrap>", line 488, in _call_with_frames_removed
  File "/opt/airflow/dags/trigger_dag.py", line 24, in <module>
    path = Variable.get("path")
           ^^^^^^^^^^^^^^^^^^^^
  File "/home/airflow/.local/lib/python3.12/site-packages/airflow/models/variable.py", line 145, in get
    raise KeyError(f"Variable {key} does not exist")
KeyError: 'Variable path does not exist'
[2024-09-30T12:33:11.040+0000] {processor.py:927} WARNING - No viable dags retrieved from /opt/airflow/dags/trigger_dag.py
[2024-09-30T12:33:11.056+0000] {processor.py:208} INFO - Processing /opt/airflow/dags/trigger_dag.py took 0.058 seconds
[2024-09-30T12:33:41.592+0000] {processor.py:186} INFO - Started process (PID=175) to work on /opt/airflow/dags/trigger_dag.py
[2024-09-30T12:33:41.593+0000] {processor.py:914} INFO - Processing file /opt/airflow/dags/trigger_dag.py for tasks to queue
[2024-09-30T12:33:41.595+0000] {logging_mixin.py:190} INFO - [2024-09-30T12:33:41.594+0000] {dagbag.py:588} INFO - Filling up the DagBag from /opt/airflow/dags/trigger_dag.py
[2024-09-30T12:33:41.613+0000] {logging_mixin.py:190} INFO - [2024-09-30T12:33:41.612+0000] {dagbag.py:387} ERROR - Failed to import: /opt/airflow/dags/trigger_dag.py
Traceback (most recent call last):
  File "/home/airflow/.local/lib/python3.12/site-packages/airflow/models/dagbag.py", line 383, in parse
    loader.exec_module(new_module)
  File "<frozen importlib._bootstrap_external>", line 995, in exec_module
  File "<frozen importlib._bootstrap>", line 488, in _call_with_frames_removed
  File "/opt/airflow/dags/trigger_dag.py", line 24, in <module>
    path = Variable.get("path")
           ^^^^^^^^^^^^^^^^^^^^
  File "/home/airflow/.local/lib/python3.12/site-packages/airflow/models/variable.py", line 145, in get
    raise KeyError(f"Variable {key} does not exist")
KeyError: 'Variable path does not exist'
[2024-09-30T12:33:41.614+0000] {processor.py:927} WARNING - No viable dags retrieved from /opt/airflow/dags/trigger_dag.py
[2024-09-30T12:33:41.621+0000] {processor.py:208} INFO - Processing /opt/airflow/dags/trigger_dag.py took 0.035 seconds
[2024-09-30T12:34:11.951+0000] {processor.py:186} INFO - Started process (PID=241) to work on /opt/airflow/dags/trigger_dag.py
[2024-09-30T12:34:11.952+0000] {processor.py:914} INFO - Processing file /opt/airflow/dags/trigger_dag.py for tasks to queue
[2024-09-30T12:34:11.956+0000] {logging_mixin.py:190} INFO - [2024-09-30T12:34:11.955+0000] {dagbag.py:588} INFO - Filling up the DagBag from /opt/airflow/dags/trigger_dag.py
[2024-09-30T12:34:11.980+0000] {logging_mixin.py:190} INFO - [2024-09-30T12:34:11.978+0000] {dagbag.py:387} ERROR - Failed to import: /opt/airflow/dags/trigger_dag.py
Traceback (most recent call last):
  File "/home/airflow/.local/lib/python3.12/site-packages/airflow/models/dagbag.py", line 383, in parse
    loader.exec_module(new_module)
  File "<frozen importlib._bootstrap_external>", line 995, in exec_module
  File "<frozen importlib._bootstrap>", line 488, in _call_with_frames_removed
  File "/opt/airflow/dags/trigger_dag.py", line 24, in <module>
    path = Variable.get("path")
           ^^^^^^^^^^^^^^^^^^^^
  File "/home/airflow/.local/lib/python3.12/site-packages/airflow/models/variable.py", line 145, in get
    raise KeyError(f"Variable {key} does not exist")
KeyError: 'Variable path does not exist'
[2024-09-30T12:34:11.980+0000] {processor.py:927} WARNING - No viable dags retrieved from /opt/airflow/dags/trigger_dag.py
[2024-09-30T12:34:11.988+0000] {processor.py:208} INFO - Processing /opt/airflow/dags/trigger_dag.py took 0.047 seconds
[2024-09-30T12:34:42.360+0000] {processor.py:186} INFO - Started process (PID=307) to work on /opt/airflow/dags/trigger_dag.py
[2024-09-30T12:34:42.361+0000] {processor.py:914} INFO - Processing file /opt/airflow/dags/trigger_dag.py for tasks to queue
[2024-09-30T12:34:42.363+0000] {logging_mixin.py:190} INFO - [2024-09-30T12:34:42.363+0000] {dagbag.py:588} INFO - Filling up the DagBag from /opt/airflow/dags/trigger_dag.py
[2024-09-30T12:34:42.381+0000] {logging_mixin.py:190} INFO - [2024-09-30T12:34:42.380+0000] {dagbag.py:387} ERROR - Failed to import: /opt/airflow/dags/trigger_dag.py
Traceback (most recent call last):
  File "/home/airflow/.local/lib/python3.12/site-packages/airflow/models/dagbag.py", line 383, in parse
    loader.exec_module(new_module)
  File "<frozen importlib._bootstrap_external>", line 995, in exec_module
  File "<frozen importlib._bootstrap>", line 488, in _call_with_frames_removed
  File "/opt/airflow/dags/trigger_dag.py", line 24, in <module>
    path = Variable.get("path")
           ^^^^^^^^^^^^^^^^^^^^
  File "/home/airflow/.local/lib/python3.12/site-packages/airflow/models/variable.py", line 145, in get
    raise KeyError(f"Variable {key} does not exist")
KeyError: 'Variable path does not exist'
[2024-09-30T12:34:42.382+0000] {processor.py:927} WARNING - No viable dags retrieved from /opt/airflow/dags/trigger_dag.py
[2024-09-30T12:34:42.388+0000] {processor.py:208} INFO - Processing /opt/airflow/dags/trigger_dag.py took 0.035 seconds
[2024-09-30T12:35:12.541+0000] {processor.py:186} INFO - Started process (PID=372) to work on /opt/airflow/dags/trigger_dag.py
[2024-09-30T12:35:12.542+0000] {processor.py:914} INFO - Processing file /opt/airflow/dags/trigger_dag.py for tasks to queue
[2024-09-30T12:35:12.544+0000] {logging_mixin.py:190} INFO - [2024-09-30T12:35:12.543+0000] {dagbag.py:588} INFO - Filling up the DagBag from /opt/airflow/dags/trigger_dag.py
[2024-09-30T12:35:12.563+0000] {logging_mixin.py:190} INFO - [2024-09-30T12:35:12.561+0000] {dagbag.py:387} ERROR - Failed to import: /opt/airflow/dags/trigger_dag.py
Traceback (most recent call last):
  File "/home/airflow/.local/lib/python3.12/site-packages/airflow/models/dagbag.py", line 383, in parse
    loader.exec_module(new_module)
  File "<frozen importlib._bootstrap_external>", line 995, in exec_module
  File "<frozen importlib._bootstrap>", line 488, in _call_with_frames_removed
  File "/opt/airflow/dags/trigger_dag.py", line 24, in <module>
    path = Variable.get("path")
           ^^^^^^^^^^^^^^^^^^^^
  File "/home/airflow/.local/lib/python3.12/site-packages/airflow/models/variable.py", line 145, in get
    raise KeyError(f"Variable {key} does not exist")
KeyError: 'Variable path does not exist'
[2024-09-30T12:35:12.563+0000] {processor.py:927} WARNING - No viable dags retrieved from /opt/airflow/dags/trigger_dag.py
[2024-09-30T12:35:12.570+0000] {processor.py:208} INFO - Processing /opt/airflow/dags/trigger_dag.py took 0.035 seconds
[2024-09-30T12:35:42.950+0000] {processor.py:186} INFO - Started process (PID=438) to work on /opt/airflow/dags/trigger_dag.py
[2024-09-30T12:35:42.952+0000] {processor.py:914} INFO - Processing file /opt/airflow/dags/trigger_dag.py for tasks to queue
[2024-09-30T12:35:42.956+0000] {logging_mixin.py:190} INFO - [2024-09-30T12:35:42.955+0000] {dagbag.py:588} INFO - Filling up the DagBag from /opt/airflow/dags/trigger_dag.py
[2024-09-30T12:35:42.984+0000] {processor.py:925} INFO - DAG(s) 'trigger_dag' retrieved from /opt/airflow/dags/trigger_dag.py
[2024-09-30T12:35:43.046+0000] {logging_mixin.py:190} INFO - [2024-09-30T12:35:43.046+0000] {override.py:1900} INFO - Created Permission View: can delete on DAG:trigger_dag
[2024-09-30T12:35:43.051+0000] {logging_mixin.py:190} INFO - [2024-09-30T12:35:43.051+0000] {override.py:1900} INFO - Created Permission View: can read on DAG:trigger_dag
[2024-09-30T12:35:43.055+0000] {logging_mixin.py:190} INFO - [2024-09-30T12:35:43.055+0000] {override.py:1900} INFO - Created Permission View: can edit on DAG:trigger_dag
[2024-09-30T12:35:43.058+0000] {logging_mixin.py:190} INFO - [2024-09-30T12:35:43.058+0000] {override.py:1900} INFO - Created Permission View: menu access on DAG Run:trigger_dag
[2024-09-30T12:35:43.061+0000] {logging_mixin.py:190} INFO - [2024-09-30T12:35:43.061+0000] {override.py:1900} INFO - Created Permission View: can delete on DAG Run:trigger_dag
[2024-09-30T12:35:43.064+0000] {logging_mixin.py:190} INFO - [2024-09-30T12:35:43.064+0000] {override.py:1900} INFO - Created Permission View: can read on DAG Run:trigger_dag
[2024-09-30T12:35:43.067+0000] {logging_mixin.py:190} INFO - [2024-09-30T12:35:43.067+0000] {override.py:1900} INFO - Created Permission View: can create on DAG Run:trigger_dag
[2024-09-30T12:35:43.067+0000] {logging_mixin.py:190} INFO - [2024-09-30T12:35:43.067+0000] {dag.py:3239} INFO - Sync 1 DAGs
[2024-09-30T12:35:43.077+0000] {logging_mixin.py:190} INFO - [2024-09-30T12:35:43.077+0000] {dag.py:3262} INFO - Creating ORM DAG for trigger_dag
[2024-09-30T12:35:43.077+0000] {logging_mixin.py:190} INFO - [2024-09-30T12:35:43.077+0000] {dag.py:4180} INFO - Setting next_dagrun for trigger_dag to None, run_after=None
[2024-09-30T12:35:43.088+0000] {processor.py:208} INFO - Processing /opt/airflow/dags/trigger_dag.py took 0.148 seconds
[2024-09-30T12:36:13.653+0000] {processor.py:186} INFO - Started process (PID=504) to work on /opt/airflow/dags/trigger_dag.py
[2024-09-30T12:36:13.654+0000] {processor.py:914} INFO - Processing file /opt/airflow/dags/trigger_dag.py for tasks to queue
[2024-09-30T12:36:13.657+0000] {logging_mixin.py:190} INFO - [2024-09-30T12:36:13.656+0000] {dagbag.py:588} INFO - Filling up the DagBag from /opt/airflow/dags/trigger_dag.py
[2024-09-30T12:36:13.678+0000] {processor.py:925} INFO - DAG(s) 'trigger_dag' retrieved from /opt/airflow/dags/trigger_dag.py
[2024-09-30T12:36:13.690+0000] {logging_mixin.py:190} INFO - [2024-09-30T12:36:13.689+0000] {dag.py:3239} INFO - Sync 1 DAGs
[2024-09-30T12:36:13.699+0000] {logging_mixin.py:190} INFO - [2024-09-30T12:36:13.699+0000] {dag.py:4180} INFO - Setting next_dagrun for trigger_dag to None, run_after=None
[2024-09-30T12:36:13.717+0000] {processor.py:208} INFO - Processing /opt/airflow/dags/trigger_dag.py took 0.067 seconds
[2024-09-30T12:36:44.181+0000] {processor.py:186} INFO - Started process (PID=570) to work on /opt/airflow/dags/trigger_dag.py
[2024-09-30T12:36:44.184+0000] {processor.py:914} INFO - Processing file /opt/airflow/dags/trigger_dag.py for tasks to queue
[2024-09-30T12:36:44.187+0000] {logging_mixin.py:190} INFO - [2024-09-30T12:36:44.187+0000] {dagbag.py:588} INFO - Filling up the DagBag from /opt/airflow/dags/trigger_dag.py
[2024-09-30T12:36:44.215+0000] {processor.py:925} INFO - DAG(s) 'trigger_dag' retrieved from /opt/airflow/dags/trigger_dag.py
[2024-09-30T12:36:44.224+0000] {logging_mixin.py:190} INFO - [2024-09-30T12:36:44.224+0000] {dag.py:3239} INFO - Sync 1 DAGs
[2024-09-30T12:36:44.234+0000] {logging_mixin.py:190} INFO - [2024-09-30T12:36:44.234+0000] {dag.py:4180} INFO - Setting next_dagrun for trigger_dag to None, run_after=None
[2024-09-30T12:36:44.251+0000] {processor.py:208} INFO - Processing /opt/airflow/dags/trigger_dag.py took 0.079 seconds
[2024-09-30T12:37:14.683+0000] {processor.py:186} INFO - Started process (PID=636) to work on /opt/airflow/dags/trigger_dag.py
[2024-09-30T12:37:14.683+0000] {processor.py:914} INFO - Processing file /opt/airflow/dags/trigger_dag.py for tasks to queue
[2024-09-30T12:37:14.685+0000] {logging_mixin.py:190} INFO - [2024-09-30T12:37:14.685+0000] {dagbag.py:588} INFO - Filling up the DagBag from /opt/airflow/dags/trigger_dag.py
[2024-09-30T12:37:14.705+0000] {processor.py:925} INFO - DAG(s) 'trigger_dag' retrieved from /opt/airflow/dags/trigger_dag.py
[2024-09-30T12:37:14.713+0000] {logging_mixin.py:190} INFO - [2024-09-30T12:37:14.713+0000] {dag.py:3239} INFO - Sync 1 DAGs
[2024-09-30T12:37:14.721+0000] {logging_mixin.py:190} INFO - [2024-09-30T12:37:14.721+0000] {dag.py:4180} INFO - Setting next_dagrun for trigger_dag to None, run_after=None
[2024-09-30T12:37:14.730+0000] {processor.py:208} INFO - Processing /opt/airflow/dags/trigger_dag.py took 0.051 seconds
[2024-09-30T12:37:44.976+0000] {processor.py:186} INFO - Started process (PID=702) to work on /opt/airflow/dags/trigger_dag.py
[2024-09-30T12:37:44.977+0000] {processor.py:914} INFO - Processing file /opt/airflow/dags/trigger_dag.py for tasks to queue
[2024-09-30T12:37:44.979+0000] {logging_mixin.py:190} INFO - [2024-09-30T12:37:44.979+0000] {dagbag.py:588} INFO - Filling up the DagBag from /opt/airflow/dags/trigger_dag.py
[2024-09-30T12:37:45.000+0000] {processor.py:925} INFO - DAG(s) 'trigger_dag' retrieved from /opt/airflow/dags/trigger_dag.py
[2024-09-30T12:37:45.008+0000] {logging_mixin.py:190} INFO - [2024-09-30T12:37:45.008+0000] {dag.py:3239} INFO - Sync 1 DAGs
[2024-09-30T12:37:45.016+0000] {logging_mixin.py:190} INFO - [2024-09-30T12:37:45.016+0000] {dag.py:4180} INFO - Setting next_dagrun for trigger_dag to None, run_after=None
[2024-09-30T12:37:45.026+0000] {processor.py:208} INFO - Processing /opt/airflow/dags/trigger_dag.py took 0.056 seconds
[2024-09-30T12:38:15.798+0000] {processor.py:186} INFO - Started process (PID=774) to work on /opt/airflow/dags/trigger_dag.py
[2024-09-30T12:38:15.799+0000] {processor.py:914} INFO - Processing file /opt/airflow/dags/trigger_dag.py for tasks to queue
[2024-09-30T12:38:15.803+0000] {logging_mixin.py:190} INFO - [2024-09-30T12:38:15.803+0000] {dagbag.py:588} INFO - Filling up the DagBag from /opt/airflow/dags/trigger_dag.py
[2024-09-30T12:38:15.829+0000] {processor.py:925} INFO - DAG(s) 'trigger_dag' retrieved from /opt/airflow/dags/trigger_dag.py
[2024-09-30T12:38:15.903+0000] {logging_mixin.py:190} INFO - [2024-09-30T12:38:15.903+0000] {dag.py:3239} INFO - Sync 1 DAGs
[2024-09-30T12:38:15.911+0000] {logging_mixin.py:190} INFO - [2024-09-30T12:38:15.911+0000] {dag.py:4180} INFO - Setting next_dagrun for trigger_dag to None, run_after=None
[2024-09-30T12:38:15.921+0000] {processor.py:208} INFO - Processing /opt/airflow/dags/trigger_dag.py took 0.131 seconds
[2024-09-30T12:38:46.163+0000] {processor.py:186} INFO - Started process (PID=840) to work on /opt/airflow/dags/trigger_dag.py
[2024-09-30T12:38:46.164+0000] {processor.py:914} INFO - Processing file /opt/airflow/dags/trigger_dag.py for tasks to queue
[2024-09-30T12:38:46.166+0000] {logging_mixin.py:190} INFO - [2024-09-30T12:38:46.165+0000] {dagbag.py:588} INFO - Filling up the DagBag from /opt/airflow/dags/trigger_dag.py
[2024-09-30T12:38:46.186+0000] {processor.py:925} INFO - DAG(s) 'trigger_dag' retrieved from /opt/airflow/dags/trigger_dag.py
[2024-09-30T12:38:46.248+0000] {logging_mixin.py:190} INFO - [2024-09-30T12:38:46.248+0000] {dag.py:3239} INFO - Sync 1 DAGs
[2024-09-30T12:38:46.256+0000] {logging_mixin.py:190} INFO - [2024-09-30T12:38:46.256+0000] {dag.py:4180} INFO - Setting next_dagrun for trigger_dag to None, run_after=None
[2024-09-30T12:38:46.268+0000] {processor.py:208} INFO - Processing /opt/airflow/dags/trigger_dag.py took 0.110 seconds
[2024-09-30T12:39:16.597+0000] {processor.py:186} INFO - Started process (PID=906) to work on /opt/airflow/dags/trigger_dag.py
[2024-09-30T12:39:16.598+0000] {processor.py:914} INFO - Processing file /opt/airflow/dags/trigger_dag.py for tasks to queue
[2024-09-30T12:39:16.600+0000] {logging_mixin.py:190} INFO - [2024-09-30T12:39:16.600+0000] {dagbag.py:588} INFO - Filling up the DagBag from /opt/airflow/dags/trigger_dag.py
[2024-09-30T12:39:16.622+0000] {processor.py:925} INFO - DAG(s) 'trigger_dag' retrieved from /opt/airflow/dags/trigger_dag.py
[2024-09-30T12:39:16.630+0000] {logging_mixin.py:190} INFO - [2024-09-30T12:39:16.630+0000] {dag.py:3239} INFO - Sync 1 DAGs
[2024-09-30T12:39:16.640+0000] {logging_mixin.py:190} INFO - [2024-09-30T12:39:16.640+0000] {dag.py:4180} INFO - Setting next_dagrun for trigger_dag to None, run_after=None
[2024-09-30T12:39:16.675+0000] {processor.py:208} INFO - Processing /opt/airflow/dags/trigger_dag.py took 0.088 seconds
[2024-09-30T12:39:47.263+0000] {processor.py:186} INFO - Started process (PID=972) to work on /opt/airflow/dags/trigger_dag.py
[2024-09-30T12:39:47.264+0000] {processor.py:914} INFO - Processing file /opt/airflow/dags/trigger_dag.py for tasks to queue
[2024-09-30T12:39:47.267+0000] {logging_mixin.py:190} INFO - [2024-09-30T12:39:47.266+0000] {dagbag.py:588} INFO - Filling up the DagBag from /opt/airflow/dags/trigger_dag.py
[2024-09-30T12:39:47.289+0000] {processor.py:925} INFO - DAG(s) 'trigger_dag' retrieved from /opt/airflow/dags/trigger_dag.py
[2024-09-30T12:39:47.297+0000] {logging_mixin.py:190} INFO - [2024-09-30T12:39:47.297+0000] {dag.py:3239} INFO - Sync 1 DAGs
[2024-09-30T12:39:47.305+0000] {logging_mixin.py:190} INFO - [2024-09-30T12:39:47.305+0000] {dag.py:4180} INFO - Setting next_dagrun for trigger_dag to None, run_after=None
[2024-09-30T12:39:47.316+0000] {processor.py:208} INFO - Processing /opt/airflow/dags/trigger_dag.py took 0.060 seconds
[2024-09-30T12:40:17.656+0000] {processor.py:186} INFO - Started process (PID=1038) to work on /opt/airflow/dags/trigger_dag.py
[2024-09-30T12:40:17.657+0000] {processor.py:914} INFO - Processing file /opt/airflow/dags/trigger_dag.py for tasks to queue
[2024-09-30T12:40:17.661+0000] {logging_mixin.py:190} INFO - [2024-09-30T12:40:17.661+0000] {dagbag.py:588} INFO - Filling up the DagBag from /opt/airflow/dags/trigger_dag.py
[2024-09-30T12:40:17.689+0000] {processor.py:925} INFO - DAG(s) 'trigger_dag' retrieved from /opt/airflow/dags/trigger_dag.py
[2024-09-30T12:40:17.698+0000] {logging_mixin.py:190} INFO - [2024-09-30T12:40:17.698+0000] {dag.py:3239} INFO - Sync 1 DAGs
[2024-09-30T12:40:17.707+0000] {logging_mixin.py:190} INFO - [2024-09-30T12:40:17.707+0000] {dag.py:4180} INFO - Setting next_dagrun for trigger_dag to None, run_after=None
[2024-09-30T12:40:17.721+0000] {processor.py:208} INFO - Processing /opt/airflow/dags/trigger_dag.py took 0.075 seconds
[2024-09-30T12:40:48.148+0000] {processor.py:186} INFO - Started process (PID=1104) to work on /opt/airflow/dags/trigger_dag.py
[2024-09-30T12:40:48.149+0000] {processor.py:914} INFO - Processing file /opt/airflow/dags/trigger_dag.py for tasks to queue
[2024-09-30T12:40:48.151+0000] {logging_mixin.py:190} INFO - [2024-09-30T12:40:48.151+0000] {dagbag.py:588} INFO - Filling up the DagBag from /opt/airflow/dags/trigger_dag.py
[2024-09-30T12:40:48.174+0000] {processor.py:925} INFO - DAG(s) 'trigger_dag' retrieved from /opt/airflow/dags/trigger_dag.py
[2024-09-30T12:40:48.182+0000] {logging_mixin.py:190} INFO - [2024-09-30T12:40:48.182+0000] {dag.py:3239} INFO - Sync 1 DAGs
[2024-09-30T12:40:48.192+0000] {logging_mixin.py:190} INFO - [2024-09-30T12:40:48.191+0000] {dag.py:4180} INFO - Setting next_dagrun for trigger_dag to None, run_after=None
[2024-09-30T12:40:48.202+0000] {processor.py:208} INFO - Processing /opt/airflow/dags/trigger_dag.py took 0.061 seconds
[2024-09-30T12:41:00.453+0000] {processor.py:186} INFO - Started process (PID=1164) to work on /opt/airflow/dags/trigger_dag.py
[2024-09-30T12:41:00.454+0000] {processor.py:914} INFO - Processing file /opt/airflow/dags/trigger_dag.py for tasks to queue
[2024-09-30T12:41:00.458+0000] {logging_mixin.py:190} INFO - [2024-09-30T12:41:00.457+0000] {dagbag.py:588} INFO - Filling up the DagBag from /opt/airflow/dags/trigger_dag.py
[2024-09-30T12:41:00.496+0000] {processor.py:925} INFO - DAG(s) 'trigger_dag' retrieved from /opt/airflow/dags/trigger_dag.py
[2024-09-30T12:41:00.509+0000] {logging_mixin.py:190} INFO - [2024-09-30T12:41:00.508+0000] {dag.py:3239} INFO - Sync 1 DAGs
[2024-09-30T12:41:00.521+0000] {logging_mixin.py:190} INFO - [2024-09-30T12:41:00.521+0000] {dag.py:4180} INFO - Setting next_dagrun for trigger_dag to None, run_after=None
[2024-09-30T12:41:00.535+0000] {processor.py:208} INFO - Processing /opt/airflow/dags/trigger_dag.py took 0.088 seconds
[2024-09-30T12:42:18.425+0000] {processor.py:186} INFO - Started process (PID=44) to work on /opt/airflow/dags/trigger_dag.py
[2024-09-30T12:42:18.430+0000] {processor.py:914} INFO - Processing file /opt/airflow/dags/trigger_dag.py for tasks to queue
[2024-09-30T12:42:18.437+0000] {logging_mixin.py:190} INFO - [2024-09-30T12:42:18.437+0000] {dagbag.py:588} INFO - Filling up the DagBag from /opt/airflow/dags/trigger_dag.py
[2024-09-30T12:42:18.468+0000] {processor.py:925} INFO - DAG(s) 'trigger_dag' retrieved from /opt/airflow/dags/trigger_dag.py
[2024-09-30T12:42:18.492+0000] {logging_mixin.py:190} INFO - [2024-09-30T12:42:18.492+0000] {dag.py:3239} INFO - Sync 1 DAGs
[2024-09-30T12:42:18.508+0000] {logging_mixin.py:190} INFO - [2024-09-30T12:42:18.507+0000] {dag.py:4180} INFO - Setting next_dagrun for trigger_dag to None, run_after=None
[2024-09-30T12:42:18.521+0000] {processor.py:208} INFO - Processing /opt/airflow/dags/trigger_dag.py took 0.108 seconds
[2024-09-30T12:42:48.740+0000] {processor.py:186} INFO - Started process (PID=110) to work on /opt/airflow/dags/trigger_dag.py
[2024-09-30T12:42:48.743+0000] {processor.py:914} INFO - Processing file /opt/airflow/dags/trigger_dag.py for tasks to queue
[2024-09-30T12:42:48.749+0000] {logging_mixin.py:190} INFO - [2024-09-30T12:42:48.748+0000] {dagbag.py:588} INFO - Filling up the DagBag from /opt/airflow/dags/trigger_dag.py
[2024-09-30T12:42:48.780+0000] {processor.py:925} INFO - DAG(s) 'trigger_dag' retrieved from /opt/airflow/dags/trigger_dag.py
[2024-09-30T12:42:48.791+0000] {logging_mixin.py:190} INFO - [2024-09-30T12:42:48.790+0000] {dag.py:3239} INFO - Sync 1 DAGs
[2024-09-30T12:42:48.803+0000] {logging_mixin.py:190} INFO - [2024-09-30T12:42:48.802+0000] {dag.py:4180} INFO - Setting next_dagrun for trigger_dag to None, run_after=None
[2024-09-30T12:42:48.823+0000] {processor.py:208} INFO - Processing /opt/airflow/dags/trigger_dag.py took 0.121 seconds
[2024-09-30T12:43:19.845+0000] {processor.py:186} INFO - Started process (PID=176) to work on /opt/airflow/dags/trigger_dag.py
[2024-09-30T12:43:19.846+0000] {processor.py:914} INFO - Processing file /opt/airflow/dags/trigger_dag.py for tasks to queue
[2024-09-30T12:43:19.848+0000] {logging_mixin.py:190} INFO - [2024-09-30T12:43:19.848+0000] {dagbag.py:588} INFO - Filling up the DagBag from /opt/airflow/dags/trigger_dag.py
[2024-09-30T12:43:19.873+0000] {processor.py:925} INFO - DAG(s) 'trigger_dag' retrieved from /opt/airflow/dags/trigger_dag.py
[2024-09-30T12:43:19.880+0000] {logging_mixin.py:190} INFO - [2024-09-30T12:43:19.880+0000] {dag.py:3239} INFO - Sync 1 DAGs
[2024-09-30T12:43:19.889+0000] {logging_mixin.py:190} INFO - [2024-09-30T12:43:19.889+0000] {dag.py:4180} INFO - Setting next_dagrun for trigger_dag to None, run_after=None
[2024-09-30T12:43:19.900+0000] {processor.py:208} INFO - Processing /opt/airflow/dags/trigger_dag.py took 0.060 seconds
[2024-09-30T12:43:50.413+0000] {processor.py:186} INFO - Started process (PID=242) to work on /opt/airflow/dags/trigger_dag.py
[2024-09-30T12:43:50.413+0000] {processor.py:914} INFO - Processing file /opt/airflow/dags/trigger_dag.py for tasks to queue
[2024-09-30T12:43:50.415+0000] {logging_mixin.py:190} INFO - [2024-09-30T12:43:50.415+0000] {dagbag.py:588} INFO - Filling up the DagBag from /opt/airflow/dags/trigger_dag.py
[2024-09-30T12:43:50.436+0000] {processor.py:925} INFO - DAG(s) 'trigger_dag' retrieved from /opt/airflow/dags/trigger_dag.py
[2024-09-30T12:43:50.445+0000] {logging_mixin.py:190} INFO - [2024-09-30T12:43:50.444+0000] {dag.py:3239} INFO - Sync 1 DAGs
[2024-09-30T12:43:50.454+0000] {logging_mixin.py:190} INFO - [2024-09-30T12:43:50.454+0000] {dag.py:4180} INFO - Setting next_dagrun for trigger_dag to None, run_after=None
[2024-09-30T12:43:50.466+0000] {processor.py:208} INFO - Processing /opt/airflow/dags/trigger_dag.py took 0.057 seconds
[2024-09-30T12:44:21.024+0000] {processor.py:186} INFO - Started process (PID=308) to work on /opt/airflow/dags/trigger_dag.py
[2024-09-30T12:44:21.026+0000] {processor.py:914} INFO - Processing file /opt/airflow/dags/trigger_dag.py for tasks to queue
[2024-09-30T12:44:21.028+0000] {logging_mixin.py:190} INFO - [2024-09-30T12:44:21.028+0000] {dagbag.py:588} INFO - Filling up the DagBag from /opt/airflow/dags/trigger_dag.py
[2024-09-30T12:44:21.050+0000] {processor.py:925} INFO - DAG(s) 'trigger_dag' retrieved from /opt/airflow/dags/trigger_dag.py
[2024-09-30T12:44:21.058+0000] {logging_mixin.py:190} INFO - [2024-09-30T12:44:21.058+0000] {dag.py:3239} INFO - Sync 1 DAGs
[2024-09-30T12:44:21.067+0000] {logging_mixin.py:190} INFO - [2024-09-30T12:44:21.067+0000] {dag.py:4180} INFO - Setting next_dagrun for trigger_dag to None, run_after=None
[2024-09-30T12:44:21.079+0000] {processor.py:208} INFO - Processing /opt/airflow/dags/trigger_dag.py took 0.059 seconds
[2024-09-30T12:44:51.857+0000] {processor.py:186} INFO - Started process (PID=374) to work on /opt/airflow/dags/trigger_dag.py
[2024-09-30T12:44:51.858+0000] {processor.py:914} INFO - Processing file /opt/airflow/dags/trigger_dag.py for tasks to queue
[2024-09-30T12:44:51.868+0000] {logging_mixin.py:190} INFO - [2024-09-30T12:44:51.867+0000] {dagbag.py:588} INFO - Filling up the DagBag from /opt/airflow/dags/trigger_dag.py
[2024-09-30T12:44:51.897+0000] {processor.py:925} INFO - DAG(s) 'trigger_dag' retrieved from /opt/airflow/dags/trigger_dag.py
[2024-09-30T12:44:51.906+0000] {logging_mixin.py:190} INFO - [2024-09-30T12:44:51.906+0000] {dag.py:3239} INFO - Sync 1 DAGs
[2024-09-30T12:44:51.918+0000] {logging_mixin.py:190} INFO - [2024-09-30T12:44:51.918+0000] {dag.py:4180} INFO - Setting next_dagrun for trigger_dag to None, run_after=None
[2024-09-30T12:44:51.932+0000] {processor.py:208} INFO - Processing /opt/airflow/dags/trigger_dag.py took 0.112 seconds
[2024-09-30T12:45:22.396+0000] {processor.py:186} INFO - Started process (PID=445) to work on /opt/airflow/dags/trigger_dag.py
[2024-09-30T12:45:22.397+0000] {processor.py:914} INFO - Processing file /opt/airflow/dags/trigger_dag.py for tasks to queue
[2024-09-30T12:45:22.399+0000] {logging_mixin.py:190} INFO - [2024-09-30T12:45:22.398+0000] {dagbag.py:588} INFO - Filling up the DagBag from /opt/airflow/dags/trigger_dag.py
[2024-09-30T12:45:22.425+0000] {processor.py:925} INFO - DAG(s) 'trigger_dag' retrieved from /opt/airflow/dags/trigger_dag.py
[2024-09-30T12:45:22.433+0000] {logging_mixin.py:190} INFO - [2024-09-30T12:45:22.432+0000] {dag.py:3239} INFO - Sync 1 DAGs
[2024-09-30T12:45:22.442+0000] {logging_mixin.py:190} INFO - [2024-09-30T12:45:22.442+0000] {dag.py:4180} INFO - Setting next_dagrun for trigger_dag to None, run_after=None
[2024-09-30T12:45:22.453+0000] {processor.py:208} INFO - Processing /opt/airflow/dags/trigger_dag.py took 0.064 seconds
[2024-09-30T12:45:52.984+0000] {processor.py:186} INFO - Started process (PID=511) to work on /opt/airflow/dags/trigger_dag.py
[2024-09-30T12:45:52.987+0000] {processor.py:914} INFO - Processing file /opt/airflow/dags/trigger_dag.py for tasks to queue
[2024-09-30T12:45:52.991+0000] {logging_mixin.py:190} INFO - [2024-09-30T12:45:52.991+0000] {dagbag.py:588} INFO - Filling up the DagBag from /opt/airflow/dags/trigger_dag.py
[2024-09-30T12:45:53.025+0000] {processor.py:925} INFO - DAG(s) 'trigger_dag' retrieved from /opt/airflow/dags/trigger_dag.py
[2024-09-30T12:45:53.051+0000] {logging_mixin.py:190} INFO - [2024-09-30T12:45:53.051+0000] {dag.py:3239} INFO - Sync 1 DAGs
[2024-09-30T12:45:53.066+0000] {logging_mixin.py:190} INFO - [2024-09-30T12:45:53.066+0000] {dag.py:4180} INFO - Setting next_dagrun for trigger_dag to None, run_after=None
[2024-09-30T12:45:53.086+0000] {processor.py:208} INFO - Processing /opt/airflow/dags/trigger_dag.py took 0.113 seconds
[2024-09-30T12:46:23.857+0000] {processor.py:186} INFO - Started process (PID=577) to work on /opt/airflow/dags/trigger_dag.py
[2024-09-30T12:46:23.858+0000] {processor.py:914} INFO - Processing file /opt/airflow/dags/trigger_dag.py for tasks to queue
[2024-09-30T12:46:23.861+0000] {logging_mixin.py:190} INFO - [2024-09-30T12:46:23.861+0000] {dagbag.py:588} INFO - Filling up the DagBag from /opt/airflow/dags/trigger_dag.py
[2024-09-30T12:46:23.883+0000] {processor.py:925} INFO - DAG(s) 'trigger_dag' retrieved from /opt/airflow/dags/trigger_dag.py
[2024-09-30T12:46:23.891+0000] {logging_mixin.py:190} INFO - [2024-09-30T12:46:23.890+0000] {dag.py:3239} INFO - Sync 1 DAGs
[2024-09-30T12:46:23.900+0000] {logging_mixin.py:190} INFO - [2024-09-30T12:46:23.900+0000] {dag.py:4180} INFO - Setting next_dagrun for trigger_dag to None, run_after=None
[2024-09-30T12:46:23.911+0000] {processor.py:208} INFO - Processing /opt/airflow/dags/trigger_dag.py took 0.060 seconds
[2024-09-30T12:46:54.594+0000] {processor.py:186} INFO - Started process (PID=643) to work on /opt/airflow/dags/trigger_dag.py
[2024-09-30T12:46:54.595+0000] {processor.py:914} INFO - Processing file /opt/airflow/dags/trigger_dag.py for tasks to queue
[2024-09-30T12:46:54.598+0000] {logging_mixin.py:190} INFO - [2024-09-30T12:46:54.598+0000] {dagbag.py:588} INFO - Filling up the DagBag from /opt/airflow/dags/trigger_dag.py
[2024-09-30T12:46:54.623+0000] {processor.py:925} INFO - DAG(s) 'trigger_dag' retrieved from /opt/airflow/dags/trigger_dag.py
[2024-09-30T12:46:54.631+0000] {logging_mixin.py:190} INFO - [2024-09-30T12:46:54.631+0000] {dag.py:3239} INFO - Sync 1 DAGs
[2024-09-30T12:46:54.640+0000] {logging_mixin.py:190} INFO - [2024-09-30T12:46:54.640+0000] {dag.py:4180} INFO - Setting next_dagrun for trigger_dag to None, run_after=None
[2024-09-30T12:46:54.652+0000] {processor.py:208} INFO - Processing /opt/airflow/dags/trigger_dag.py took 0.068 seconds
[2024-09-30T12:47:25.203+0000] {processor.py:186} INFO - Started process (PID=709) to work on /opt/airflow/dags/trigger_dag.py
[2024-09-30T12:47:25.205+0000] {processor.py:914} INFO - Processing file /opt/airflow/dags/trigger_dag.py for tasks to queue
[2024-09-30T12:47:25.208+0000] {logging_mixin.py:190} INFO - [2024-09-30T12:47:25.208+0000] {dagbag.py:588} INFO - Filling up the DagBag from /opt/airflow/dags/trigger_dag.py
[2024-09-30T12:47:25.233+0000] {processor.py:925} INFO - DAG(s) 'trigger_dag' retrieved from /opt/airflow/dags/trigger_dag.py
[2024-09-30T12:47:25.241+0000] {logging_mixin.py:190} INFO - [2024-09-30T12:47:25.241+0000] {dag.py:3239} INFO - Sync 1 DAGs
[2024-09-30T12:47:25.250+0000] {logging_mixin.py:190} INFO - [2024-09-30T12:47:25.250+0000] {dag.py:4180} INFO - Setting next_dagrun for trigger_dag to None, run_after=None
[2024-09-30T12:47:25.261+0000] {processor.py:208} INFO - Processing /opt/airflow/dags/trigger_dag.py took 0.065 seconds
[2024-09-30T12:47:55.776+0000] {processor.py:186} INFO - Started process (PID=775) to work on /opt/airflow/dags/trigger_dag.py
[2024-09-30T12:47:55.777+0000] {processor.py:914} INFO - Processing file /opt/airflow/dags/trigger_dag.py for tasks to queue
[2024-09-30T12:47:55.780+0000] {logging_mixin.py:190} INFO - [2024-09-30T12:47:55.780+0000] {dagbag.py:588} INFO - Filling up the DagBag from /opt/airflow/dags/trigger_dag.py
[2024-09-30T12:47:55.807+0000] {processor.py:925} INFO - DAG(s) 'trigger_dag' retrieved from /opt/airflow/dags/trigger_dag.py
[2024-09-30T12:47:55.876+0000] {logging_mixin.py:190} INFO - [2024-09-30T12:47:55.876+0000] {dag.py:3239} INFO - Sync 1 DAGs
[2024-09-30T12:47:55.884+0000] {logging_mixin.py:190} INFO - [2024-09-30T12:47:55.884+0000] {dag.py:4180} INFO - Setting next_dagrun for trigger_dag to None, run_after=None
[2024-09-30T12:47:55.894+0000] {processor.py:208} INFO - Processing /opt/airflow/dags/trigger_dag.py took 0.127 seconds
[2024-09-30T12:48:26.344+0000] {processor.py:186} INFO - Started process (PID=841) to work on /opt/airflow/dags/trigger_dag.py
[2024-09-30T12:48:26.345+0000] {processor.py:914} INFO - Processing file /opt/airflow/dags/trigger_dag.py for tasks to queue
[2024-09-30T12:48:26.348+0000] {logging_mixin.py:190} INFO - [2024-09-30T12:48:26.347+0000] {dagbag.py:588} INFO - Filling up the DagBag from /opt/airflow/dags/trigger_dag.py
[2024-09-30T12:48:26.370+0000] {processor.py:925} INFO - DAG(s) 'trigger_dag' retrieved from /opt/airflow/dags/trigger_dag.py
[2024-09-30T12:48:26.378+0000] {logging_mixin.py:190} INFO - [2024-09-30T12:48:26.378+0000] {dag.py:3239} INFO - Sync 1 DAGs
[2024-09-30T12:48:26.388+0000] {logging_mixin.py:190} INFO - [2024-09-30T12:48:26.388+0000] {dag.py:4180} INFO - Setting next_dagrun for trigger_dag to None, run_after=None
[2024-09-30T12:48:26.398+0000] {processor.py:208} INFO - Processing /opt/airflow/dags/trigger_dag.py took 0.061 seconds
[2024-09-30T12:48:57.106+0000] {processor.py:186} INFO - Started process (PID=907) to work on /opt/airflow/dags/trigger_dag.py
[2024-09-30T12:48:57.107+0000] {processor.py:914} INFO - Processing file /opt/airflow/dags/trigger_dag.py for tasks to queue
[2024-09-30T12:48:57.111+0000] {logging_mixin.py:190} INFO - [2024-09-30T12:48:57.110+0000] {dagbag.py:588} INFO - Filling up the DagBag from /opt/airflow/dags/trigger_dag.py
[2024-09-30T12:48:57.140+0000] {processor.py:925} INFO - DAG(s) 'trigger_dag' retrieved from /opt/airflow/dags/trigger_dag.py
[2024-09-30T12:48:57.148+0000] {logging_mixin.py:190} INFO - [2024-09-30T12:48:57.148+0000] {dag.py:3239} INFO - Sync 1 DAGs
[2024-09-30T12:48:57.157+0000] {logging_mixin.py:190} INFO - [2024-09-30T12:48:57.157+0000] {dag.py:4180} INFO - Setting next_dagrun for trigger_dag to None, run_after=None
[2024-09-30T12:48:57.169+0000] {processor.py:208} INFO - Processing /opt/airflow/dags/trigger_dag.py took 0.072 seconds
[2024-09-30T12:49:27.587+0000] {processor.py:186} INFO - Started process (PID=973) to work on /opt/airflow/dags/trigger_dag.py
[2024-09-30T12:49:27.588+0000] {processor.py:914} INFO - Processing file /opt/airflow/dags/trigger_dag.py for tasks to queue
[2024-09-30T12:49:27.591+0000] {logging_mixin.py:190} INFO - [2024-09-30T12:49:27.591+0000] {dagbag.py:588} INFO - Filling up the DagBag from /opt/airflow/dags/trigger_dag.py
[2024-09-30T12:49:27.622+0000] {processor.py:925} INFO - DAG(s) 'trigger_dag' retrieved from /opt/airflow/dags/trigger_dag.py
[2024-09-30T12:49:27.631+0000] {logging_mixin.py:190} INFO - [2024-09-30T12:49:27.630+0000] {dag.py:3239} INFO - Sync 1 DAGs
[2024-09-30T12:49:27.641+0000] {logging_mixin.py:190} INFO - [2024-09-30T12:49:27.641+0000] {dag.py:4180} INFO - Setting next_dagrun for trigger_dag to None, run_after=None
[2024-09-30T12:49:27.654+0000] {processor.py:208} INFO - Processing /opt/airflow/dags/trigger_dag.py took 0.074 seconds
[2024-09-30T12:49:58.087+0000] {processor.py:186} INFO - Started process (PID=1039) to work on /opt/airflow/dags/trigger_dag.py
[2024-09-30T12:49:58.089+0000] {processor.py:914} INFO - Processing file /opt/airflow/dags/trigger_dag.py for tasks to queue
[2024-09-30T12:49:58.094+0000] {logging_mixin.py:190} INFO - [2024-09-30T12:49:58.094+0000] {dagbag.py:588} INFO - Filling up the DagBag from /opt/airflow/dags/trigger_dag.py
[2024-09-30T12:49:58.125+0000] {processor.py:925} INFO - DAG(s) 'trigger_dag' retrieved from /opt/airflow/dags/trigger_dag.py
[2024-09-30T12:49:58.134+0000] {logging_mixin.py:190} INFO - [2024-09-30T12:49:58.133+0000] {dag.py:3239} INFO - Sync 1 DAGs
[2024-09-30T12:49:58.143+0000] {logging_mixin.py:190} INFO - [2024-09-30T12:49:58.143+0000] {dag.py:4180} INFO - Setting next_dagrun for trigger_dag to None, run_after=None
[2024-09-30T12:49:58.154+0000] {processor.py:208} INFO - Processing /opt/airflow/dags/trigger_dag.py took 0.089 seconds
[2024-09-30T12:50:28.713+0000] {processor.py:186} INFO - Started process (PID=1105) to work on /opt/airflow/dags/trigger_dag.py
[2024-09-30T12:50:28.714+0000] {processor.py:914} INFO - Processing file /opt/airflow/dags/trigger_dag.py for tasks to queue
[2024-09-30T12:50:28.716+0000] {logging_mixin.py:190} INFO - [2024-09-30T12:50:28.716+0000] {dagbag.py:588} INFO - Filling up the DagBag from /opt/airflow/dags/trigger_dag.py
[2024-09-30T12:50:28.740+0000] {processor.py:925} INFO - DAG(s) 'trigger_dag' retrieved from /opt/airflow/dags/trigger_dag.py
[2024-09-30T12:50:28.748+0000] {logging_mixin.py:190} INFO - [2024-09-30T12:50:28.747+0000] {dag.py:3239} INFO - Sync 1 DAGs
[2024-09-30T12:50:28.757+0000] {logging_mixin.py:190} INFO - [2024-09-30T12:50:28.757+0000] {dag.py:4180} INFO - Setting next_dagrun for trigger_dag to None, run_after=None
[2024-09-30T12:50:28.767+0000] {processor.py:208} INFO - Processing /opt/airflow/dags/trigger_dag.py took 0.061 seconds
[2024-09-30T12:50:59.297+0000] {processor.py:186} INFO - Started process (PID=1170) to work on /opt/airflow/dags/trigger_dag.py
[2024-09-30T12:50:59.298+0000] {processor.py:914} INFO - Processing file /opt/airflow/dags/trigger_dag.py for tasks to queue
[2024-09-30T12:50:59.300+0000] {logging_mixin.py:190} INFO - [2024-09-30T12:50:59.300+0000] {dagbag.py:588} INFO - Filling up the DagBag from /opt/airflow/dags/trigger_dag.py
[2024-09-30T12:50:59.327+0000] {processor.py:925} INFO - DAG(s) 'trigger_dag' retrieved from /opt/airflow/dags/trigger_dag.py
[2024-09-30T12:50:59.335+0000] {logging_mixin.py:190} INFO - [2024-09-30T12:50:59.335+0000] {dag.py:3239} INFO - Sync 1 DAGs
[2024-09-30T12:50:59.344+0000] {logging_mixin.py:190} INFO - [2024-09-30T12:50:59.344+0000] {dag.py:4180} INFO - Setting next_dagrun for trigger_dag to None, run_after=None
[2024-09-30T12:50:59.355+0000] {processor.py:208} INFO - Processing /opt/airflow/dags/trigger_dag.py took 0.066 seconds
[2024-09-30T12:51:29.839+0000] {processor.py:186} INFO - Started process (PID=1236) to work on /opt/airflow/dags/trigger_dag.py
[2024-09-30T12:51:29.840+0000] {processor.py:914} INFO - Processing file /opt/airflow/dags/trigger_dag.py for tasks to queue
[2024-09-30T12:51:29.842+0000] {logging_mixin.py:190} INFO - [2024-09-30T12:51:29.842+0000] {dagbag.py:588} INFO - Filling up the DagBag from /opt/airflow/dags/trigger_dag.py
[2024-09-30T12:51:29.869+0000] {processor.py:925} INFO - DAG(s) 'trigger_dag' retrieved from /opt/airflow/dags/trigger_dag.py
[2024-09-30T12:51:29.877+0000] {logging_mixin.py:190} INFO - [2024-09-30T12:51:29.877+0000] {dag.py:3239} INFO - Sync 1 DAGs
[2024-09-30T12:51:29.887+0000] {logging_mixin.py:190} INFO - [2024-09-30T12:51:29.886+0000] {dag.py:4180} INFO - Setting next_dagrun for trigger_dag to None, run_after=None
[2024-09-30T12:51:29.898+0000] {processor.py:208} INFO - Processing /opt/airflow/dags/trigger_dag.py took 0.067 seconds
[2024-09-30T12:52:00.442+0000] {processor.py:186} INFO - Started process (PID=1302) to work on /opt/airflow/dags/trigger_dag.py
[2024-09-30T12:52:00.443+0000] {processor.py:914} INFO - Processing file /opt/airflow/dags/trigger_dag.py for tasks to queue
[2024-09-30T12:52:00.446+0000] {logging_mixin.py:190} INFO - [2024-09-30T12:52:00.445+0000] {dagbag.py:588} INFO - Filling up the DagBag from /opt/airflow/dags/trigger_dag.py
[2024-09-30T12:52:00.467+0000] {processor.py:925} INFO - DAG(s) 'trigger_dag' retrieved from /opt/airflow/dags/trigger_dag.py
[2024-09-30T12:52:00.475+0000] {logging_mixin.py:190} INFO - [2024-09-30T12:52:00.474+0000] {dag.py:3239} INFO - Sync 1 DAGs
[2024-09-30T12:52:00.484+0000] {logging_mixin.py:190} INFO - [2024-09-30T12:52:00.484+0000] {dag.py:4180} INFO - Setting next_dagrun for trigger_dag to None, run_after=None
[2024-09-30T12:52:00.495+0000] {processor.py:208} INFO - Processing /opt/airflow/dags/trigger_dag.py took 0.061 seconds
[2024-09-30T12:52:31.215+0000] {processor.py:186} INFO - Started process (PID=1368) to work on /opt/airflow/dags/trigger_dag.py
[2024-09-30T12:52:31.216+0000] {processor.py:914} INFO - Processing file /opt/airflow/dags/trigger_dag.py for tasks to queue
[2024-09-30T12:52:31.219+0000] {logging_mixin.py:190} INFO - [2024-09-30T12:52:31.218+0000] {dagbag.py:588} INFO - Filling up the DagBag from /opt/airflow/dags/trigger_dag.py
[2024-09-30T12:52:31.246+0000] {processor.py:925} INFO - DAG(s) 'trigger_dag' retrieved from /opt/airflow/dags/trigger_dag.py
[2024-09-30T12:52:31.254+0000] {logging_mixin.py:190} INFO - [2024-09-30T12:52:31.254+0000] {dag.py:3239} INFO - Sync 1 DAGs
[2024-09-30T12:52:31.264+0000] {logging_mixin.py:190} INFO - [2024-09-30T12:52:31.264+0000] {dag.py:4180} INFO - Setting next_dagrun for trigger_dag to None, run_after=None
[2024-09-30T12:52:31.277+0000] {processor.py:208} INFO - Processing /opt/airflow/dags/trigger_dag.py took 0.071 seconds
[2024-09-30T12:53:02.217+0000] {processor.py:186} INFO - Started process (PID=1434) to work on /opt/airflow/dags/trigger_dag.py
[2024-09-30T12:53:02.218+0000] {processor.py:914} INFO - Processing file /opt/airflow/dags/trigger_dag.py for tasks to queue
[2024-09-30T12:53:02.222+0000] {logging_mixin.py:190} INFO - [2024-09-30T12:53:02.221+0000] {dagbag.py:588} INFO - Filling up the DagBag from /opt/airflow/dags/trigger_dag.py
[2024-09-30T12:53:02.249+0000] {processor.py:925} INFO - DAG(s) 'trigger_dag' retrieved from /opt/airflow/dags/trigger_dag.py
[2024-09-30T12:53:02.256+0000] {logging_mixin.py:190} INFO - [2024-09-30T12:53:02.256+0000] {dag.py:3239} INFO - Sync 1 DAGs
[2024-09-30T12:53:02.265+0000] {logging_mixin.py:190} INFO - [2024-09-30T12:53:02.265+0000] {dag.py:4180} INFO - Setting next_dagrun for trigger_dag to None, run_after=None
[2024-09-30T12:53:02.278+0000] {processor.py:208} INFO - Processing /opt/airflow/dags/trigger_dag.py took 0.070 seconds
[2024-09-30T12:53:33.068+0000] {processor.py:186} INFO - Started process (PID=1500) to work on /opt/airflow/dags/trigger_dag.py
[2024-09-30T12:53:33.069+0000] {processor.py:914} INFO - Processing file /opt/airflow/dags/trigger_dag.py for tasks to queue
[2024-09-30T12:53:33.071+0000] {logging_mixin.py:190} INFO - [2024-09-30T12:53:33.071+0000] {dagbag.py:588} INFO - Filling up the DagBag from /opt/airflow/dags/trigger_dag.py
[2024-09-30T12:53:33.097+0000] {processor.py:925} INFO - DAG(s) 'trigger_dag' retrieved from /opt/airflow/dags/trigger_dag.py
[2024-09-30T12:53:33.104+0000] {logging_mixin.py:190} INFO - [2024-09-30T12:53:33.103+0000] {dag.py:3239} INFO - Sync 1 DAGs
[2024-09-30T12:53:33.112+0000] {logging_mixin.py:190} INFO - [2024-09-30T12:53:33.112+0000] {dag.py:4180} INFO - Setting next_dagrun for trigger_dag to None, run_after=None
[2024-09-30T12:53:33.124+0000] {processor.py:208} INFO - Processing /opt/airflow/dags/trigger_dag.py took 0.066 seconds
[2024-09-30T12:54:03.561+0000] {processor.py:186} INFO - Started process (PID=1566) to work on /opt/airflow/dags/trigger_dag.py
[2024-09-30T12:54:03.561+0000] {processor.py:914} INFO - Processing file /opt/airflow/dags/trigger_dag.py for tasks to queue
[2024-09-30T12:54:03.565+0000] {logging_mixin.py:190} INFO - [2024-09-30T12:54:03.564+0000] {dagbag.py:588} INFO - Filling up the DagBag from /opt/airflow/dags/trigger_dag.py
[2024-09-30T12:54:03.593+0000] {processor.py:925} INFO - DAG(s) 'trigger_dag' retrieved from /opt/airflow/dags/trigger_dag.py
[2024-09-30T12:54:03.600+0000] {logging_mixin.py:190} INFO - [2024-09-30T12:54:03.600+0000] {dag.py:3239} INFO - Sync 1 DAGs
[2024-09-30T12:54:03.608+0000] {logging_mixin.py:190} INFO - [2024-09-30T12:54:03.608+0000] {dag.py:4180} INFO - Setting next_dagrun for trigger_dag to None, run_after=None
[2024-09-30T12:54:03.620+0000] {processor.py:208} INFO - Processing /opt/airflow/dags/trigger_dag.py took 0.068 seconds
[2024-09-30T12:54:34.086+0000] {processor.py:186} INFO - Started process (PID=1632) to work on /opt/airflow/dags/trigger_dag.py
[2024-09-30T12:54:34.087+0000] {processor.py:914} INFO - Processing file /opt/airflow/dags/trigger_dag.py for tasks to queue
[2024-09-30T12:54:34.091+0000] {logging_mixin.py:190} INFO - [2024-09-30T12:54:34.091+0000] {dagbag.py:588} INFO - Filling up the DagBag from /opt/airflow/dags/trigger_dag.py
[2024-09-30T12:54:34.120+0000] {processor.py:925} INFO - DAG(s) 'trigger_dag' retrieved from /opt/airflow/dags/trigger_dag.py
[2024-09-30T12:54:34.129+0000] {logging_mixin.py:190} INFO - [2024-09-30T12:54:34.129+0000] {dag.py:3239} INFO - Sync 1 DAGs
[2024-09-30T12:54:34.140+0000] {logging_mixin.py:190} INFO - [2024-09-30T12:54:34.139+0000] {dag.py:4180} INFO - Setting next_dagrun for trigger_dag to None, run_after=None
[2024-09-30T12:54:34.151+0000] {processor.py:208} INFO - Processing /opt/airflow/dags/trigger_dag.py took 0.077 seconds
[2024-09-30T12:55:04.844+0000] {processor.py:186} INFO - Started process (PID=1698) to work on /opt/airflow/dags/trigger_dag.py
[2024-09-30T12:55:04.845+0000] {processor.py:914} INFO - Processing file /opt/airflow/dags/trigger_dag.py for tasks to queue
[2024-09-30T12:55:04.847+0000] {logging_mixin.py:190} INFO - [2024-09-30T12:55:04.847+0000] {dagbag.py:588} INFO - Filling up the DagBag from /opt/airflow/dags/trigger_dag.py
[2024-09-30T12:55:04.872+0000] {processor.py:925} INFO - DAG(s) 'trigger_dag' retrieved from /opt/airflow/dags/trigger_dag.py
[2024-09-30T12:55:04.880+0000] {logging_mixin.py:190} INFO - [2024-09-30T12:55:04.880+0000] {dag.py:3239} INFO - Sync 1 DAGs
[2024-09-30T12:55:04.890+0000] {logging_mixin.py:190} INFO - [2024-09-30T12:55:04.890+0000] {dag.py:4180} INFO - Setting next_dagrun for trigger_dag to None, run_after=None
[2024-09-30T12:55:04.901+0000] {processor.py:208} INFO - Processing /opt/airflow/dags/trigger_dag.py took 0.065 seconds
[2024-09-30T12:55:35.901+0000] {processor.py:186} INFO - Started process (PID=1764) to work on /opt/airflow/dags/trigger_dag.py
[2024-09-30T12:55:35.902+0000] {processor.py:914} INFO - Processing file /opt/airflow/dags/trigger_dag.py for tasks to queue
[2024-09-30T12:55:35.908+0000] {logging_mixin.py:190} INFO - [2024-09-30T12:55:35.907+0000] {dagbag.py:588} INFO - Filling up the DagBag from /opt/airflow/dags/trigger_dag.py
[2024-09-30T12:55:35.936+0000] {processor.py:925} INFO - DAG(s) 'trigger_dag' retrieved from /opt/airflow/dags/trigger_dag.py
[2024-09-30T12:55:35.945+0000] {logging_mixin.py:190} INFO - [2024-09-30T12:55:35.945+0000] {dag.py:3239} INFO - Sync 1 DAGs
[2024-09-30T12:55:35.956+0000] {logging_mixin.py:190} INFO - [2024-09-30T12:55:35.956+0000] {dag.py:4180} INFO - Setting next_dagrun for trigger_dag to None, run_after=None
[2024-09-30T12:55:35.968+0000] {processor.py:208} INFO - Processing /opt/airflow/dags/trigger_dag.py took 0.079 seconds
[2024-09-30T12:56:06.766+0000] {processor.py:186} INFO - Started process (PID=1830) to work on /opt/airflow/dags/trigger_dag.py
[2024-09-30T12:56:06.767+0000] {processor.py:914} INFO - Processing file /opt/airflow/dags/trigger_dag.py for tasks to queue
[2024-09-30T12:56:06.770+0000] {logging_mixin.py:190} INFO - [2024-09-30T12:56:06.770+0000] {dagbag.py:588} INFO - Filling up the DagBag from /opt/airflow/dags/trigger_dag.py
[2024-09-30T12:56:06.796+0000] {processor.py:925} INFO - DAG(s) 'trigger_dag' retrieved from /opt/airflow/dags/trigger_dag.py
[2024-09-30T12:56:06.804+0000] {logging_mixin.py:190} INFO - [2024-09-30T12:56:06.804+0000] {dag.py:3239} INFO - Sync 1 DAGs
[2024-09-30T12:56:06.813+0000] {logging_mixin.py:190} INFO - [2024-09-30T12:56:06.813+0000] {dag.py:4180} INFO - Setting next_dagrun for trigger_dag to None, run_after=None
[2024-09-30T12:56:06.824+0000] {processor.py:208} INFO - Processing /opt/airflow/dags/trigger_dag.py took 0.065 seconds
[2024-09-30T12:56:37.521+0000] {processor.py:186} INFO - Started process (PID=1896) to work on /opt/airflow/dags/trigger_dag.py
[2024-09-30T12:56:37.522+0000] {processor.py:914} INFO - Processing file /opt/airflow/dags/trigger_dag.py for tasks to queue
[2024-09-30T12:56:37.529+0000] {logging_mixin.py:190} INFO - [2024-09-30T12:56:37.528+0000] {dagbag.py:588} INFO - Filling up the DagBag from /opt/airflow/dags/trigger_dag.py
[2024-09-30T12:56:37.563+0000] {processor.py:925} INFO - DAG(s) 'trigger_dag' retrieved from /opt/airflow/dags/trigger_dag.py
[2024-09-30T12:56:37.572+0000] {logging_mixin.py:190} INFO - [2024-09-30T12:56:37.572+0000] {dag.py:3239} INFO - Sync 1 DAGs
[2024-09-30T12:56:37.583+0000] {logging_mixin.py:190} INFO - [2024-09-30T12:56:37.583+0000] {dag.py:4180} INFO - Setting next_dagrun for trigger_dag to None, run_after=None
[2024-09-30T12:56:37.597+0000] {processor.py:208} INFO - Processing /opt/airflow/dags/trigger_dag.py took 0.088 seconds
[2024-09-30T12:57:08.537+0000] {processor.py:186} INFO - Started process (PID=1962) to work on /opt/airflow/dags/trigger_dag.py
[2024-09-30T12:57:08.539+0000] {processor.py:914} INFO - Processing file /opt/airflow/dags/trigger_dag.py for tasks to queue
[2024-09-30T12:57:08.542+0000] {logging_mixin.py:190} INFO - [2024-09-30T12:57:08.542+0000] {dagbag.py:588} INFO - Filling up the DagBag from /opt/airflow/dags/trigger_dag.py
[2024-09-30T12:57:08.576+0000] {processor.py:925} INFO - DAG(s) 'trigger_dag' retrieved from /opt/airflow/dags/trigger_dag.py
[2024-09-30T12:57:08.588+0000] {logging_mixin.py:190} INFO - [2024-09-30T12:57:08.587+0000] {dag.py:3239} INFO - Sync 1 DAGs
[2024-09-30T12:57:08.598+0000] {logging_mixin.py:190} INFO - [2024-09-30T12:57:08.598+0000] {dag.py:4180} INFO - Setting next_dagrun for trigger_dag to None, run_after=None
[2024-09-30T12:57:08.614+0000] {processor.py:208} INFO - Processing /opt/airflow/dags/trigger_dag.py took 0.084 seconds
[2024-09-30T12:57:38.791+0000] {processor.py:186} INFO - Started process (PID=2028) to work on /opt/airflow/dags/trigger_dag.py
[2024-09-30T12:57:38.792+0000] {processor.py:914} INFO - Processing file /opt/airflow/dags/trigger_dag.py for tasks to queue
[2024-09-30T12:57:38.795+0000] {logging_mixin.py:190} INFO - [2024-09-30T12:57:38.795+0000] {dagbag.py:588} INFO - Filling up the DagBag from /opt/airflow/dags/trigger_dag.py
[2024-09-30T12:57:38.827+0000] {processor.py:925} INFO - DAG(s) 'trigger_dag' retrieved from /opt/airflow/dags/trigger_dag.py
[2024-09-30T12:57:38.837+0000] {logging_mixin.py:190} INFO - [2024-09-30T12:57:38.837+0000] {dag.py:3239} INFO - Sync 1 DAGs
[2024-09-30T12:57:38.847+0000] {logging_mixin.py:190} INFO - [2024-09-30T12:57:38.847+0000] {dag.py:4180} INFO - Setting next_dagrun for trigger_dag to None, run_after=None
[2024-09-30T12:57:38.860+0000] {processor.py:208} INFO - Processing /opt/airflow/dags/trigger_dag.py took 0.075 seconds
[2024-09-30T12:58:09.208+0000] {processor.py:186} INFO - Started process (PID=2094) to work on /opt/airflow/dags/trigger_dag.py
[2024-09-30T12:58:09.210+0000] {processor.py:914} INFO - Processing file /opt/airflow/dags/trigger_dag.py for tasks to queue
[2024-09-30T12:58:09.213+0000] {logging_mixin.py:190} INFO - [2024-09-30T12:58:09.212+0000] {dagbag.py:588} INFO - Filling up the DagBag from /opt/airflow/dags/trigger_dag.py
[2024-09-30T12:58:09.238+0000] {processor.py:925} INFO - DAG(s) 'trigger_dag' retrieved from /opt/airflow/dags/trigger_dag.py
[2024-09-30T12:58:09.246+0000] {logging_mixin.py:190} INFO - [2024-09-30T12:58:09.246+0000] {dag.py:3239} INFO - Sync 1 DAGs
[2024-09-30T12:58:09.257+0000] {logging_mixin.py:190} INFO - [2024-09-30T12:58:09.256+0000] {dag.py:4180} INFO - Setting next_dagrun for trigger_dag to None, run_after=None
[2024-09-30T12:58:09.269+0000] {processor.py:208} INFO - Processing /opt/airflow/dags/trigger_dag.py took 0.068 seconds
[2024-09-30T12:58:39.411+0000] {processor.py:186} INFO - Started process (PID=2159) to work on /opt/airflow/dags/trigger_dag.py
[2024-09-30T12:58:39.411+0000] {processor.py:914} INFO - Processing file /opt/airflow/dags/trigger_dag.py for tasks to queue
[2024-09-30T12:58:39.415+0000] {logging_mixin.py:190} INFO - [2024-09-30T12:58:39.414+0000] {dagbag.py:588} INFO - Filling up the DagBag from /opt/airflow/dags/trigger_dag.py
[2024-09-30T12:58:39.441+0000] {processor.py:925} INFO - DAG(s) 'trigger_dag' retrieved from /opt/airflow/dags/trigger_dag.py
[2024-09-30T12:58:39.449+0000] {logging_mixin.py:190} INFO - [2024-09-30T12:58:39.449+0000] {dag.py:3239} INFO - Sync 1 DAGs
[2024-09-30T12:58:39.462+0000] {logging_mixin.py:190} INFO - [2024-09-30T12:58:39.462+0000] {dag.py:4180} INFO - Setting next_dagrun for trigger_dag to None, run_after=None
[2024-09-30T12:58:39.476+0000] {processor.py:208} INFO - Processing /opt/airflow/dags/trigger_dag.py took 0.071 seconds
[2024-09-30T12:59:10.294+0000] {processor.py:186} INFO - Started process (PID=2225) to work on /opt/airflow/dags/trigger_dag.py
[2024-09-30T12:59:10.295+0000] {processor.py:914} INFO - Processing file /opt/airflow/dags/trigger_dag.py for tasks to queue
[2024-09-30T12:59:10.299+0000] {logging_mixin.py:190} INFO - [2024-09-30T12:59:10.298+0000] {dagbag.py:588} INFO - Filling up the DagBag from /opt/airflow/dags/trigger_dag.py
[2024-09-30T12:59:10.338+0000] {processor.py:925} INFO - DAG(s) 'trigger_dag' retrieved from /opt/airflow/dags/trigger_dag.py
[2024-09-30T12:59:10.349+0000] {logging_mixin.py:190} INFO - [2024-09-30T12:59:10.349+0000] {dag.py:3239} INFO - Sync 1 DAGs
[2024-09-30T12:59:10.362+0000] {logging_mixin.py:190} INFO - [2024-09-30T12:59:10.362+0000] {dag.py:4180} INFO - Setting next_dagrun for trigger_dag to None, run_after=None
[2024-09-30T12:59:10.380+0000] {processor.py:208} INFO - Processing /opt/airflow/dags/trigger_dag.py took 0.096 seconds
[2024-09-30T12:59:40.901+0000] {processor.py:186} INFO - Started process (PID=2291) to work on /opt/airflow/dags/trigger_dag.py
[2024-09-30T12:59:40.903+0000] {processor.py:914} INFO - Processing file /opt/airflow/dags/trigger_dag.py for tasks to queue
[2024-09-30T12:59:40.905+0000] {logging_mixin.py:190} INFO - [2024-09-30T12:59:40.905+0000] {dagbag.py:588} INFO - Filling up the DagBag from /opt/airflow/dags/trigger_dag.py
[2024-09-30T12:59:40.999+0000] {processor.py:925} INFO - DAG(s) 'trigger_dag' retrieved from /opt/airflow/dags/trigger_dag.py
[2024-09-30T12:59:41.013+0000] {logging_mixin.py:190} INFO - [2024-09-30T12:59:41.012+0000] {dag.py:3239} INFO - Sync 1 DAGs
[2024-09-30T12:59:41.027+0000] {logging_mixin.py:190} INFO - [2024-09-30T12:59:41.027+0000] {dag.py:4180} INFO - Setting next_dagrun for trigger_dag to None, run_after=None
[2024-09-30T12:59:41.043+0000] {processor.py:208} INFO - Processing /opt/airflow/dags/trigger_dag.py took 0.148 seconds
[2024-09-30T13:00:11.648+0000] {processor.py:186} INFO - Started process (PID=2357) to work on /opt/airflow/dags/trigger_dag.py
[2024-09-30T13:00:11.649+0000] {processor.py:914} INFO - Processing file /opt/airflow/dags/trigger_dag.py for tasks to queue
[2024-09-30T13:00:11.654+0000] {logging_mixin.py:190} INFO - [2024-09-30T13:00:11.654+0000] {dagbag.py:588} INFO - Filling up the DagBag from /opt/airflow/dags/trigger_dag.py
[2024-09-30T13:00:11.692+0000] {processor.py:925} INFO - DAG(s) 'trigger_dag' retrieved from /opt/airflow/dags/trigger_dag.py
[2024-09-30T13:00:11.705+0000] {logging_mixin.py:190} INFO - [2024-09-30T13:00:11.704+0000] {dag.py:3239} INFO - Sync 1 DAGs
[2024-09-30T13:00:11.716+0000] {logging_mixin.py:190} INFO - [2024-09-30T13:00:11.716+0000] {dag.py:4180} INFO - Setting next_dagrun for trigger_dag to None, run_after=None
[2024-09-30T13:00:11.734+0000] {processor.py:208} INFO - Processing /opt/airflow/dags/trigger_dag.py took 0.095 seconds
[2024-09-30T13:00:42.025+0000] {processor.py:186} INFO - Started process (PID=2422) to work on /opt/airflow/dags/trigger_dag.py
[2024-09-30T13:00:42.027+0000] {processor.py:914} INFO - Processing file /opt/airflow/dags/trigger_dag.py for tasks to queue
[2024-09-30T13:00:42.032+0000] {logging_mixin.py:190} INFO - [2024-09-30T13:00:42.032+0000] {dagbag.py:588} INFO - Filling up the DagBag from /opt/airflow/dags/trigger_dag.py
[2024-09-30T13:00:42.082+0000] {processor.py:925} INFO - DAG(s) 'trigger_dag' retrieved from /opt/airflow/dags/trigger_dag.py
[2024-09-30T13:00:42.092+0000] {logging_mixin.py:190} INFO - [2024-09-30T13:00:42.091+0000] {dag.py:3239} INFO - Sync 1 DAGs
[2024-09-30T13:00:42.102+0000] {logging_mixin.py:190} INFO - [2024-09-30T13:00:42.102+0000] {dag.py:4180} INFO - Setting next_dagrun for trigger_dag to None, run_after=None
[2024-09-30T13:00:42.116+0000] {processor.py:208} INFO - Processing /opt/airflow/dags/trigger_dag.py took 0.115 seconds
[2024-09-30T13:01:12.442+0000] {processor.py:186} INFO - Started process (PID=2488) to work on /opt/airflow/dags/trigger_dag.py
[2024-09-30T13:01:12.444+0000] {processor.py:914} INFO - Processing file /opt/airflow/dags/trigger_dag.py for tasks to queue
[2024-09-30T13:01:12.450+0000] {logging_mixin.py:190} INFO - [2024-09-30T13:01:12.450+0000] {dagbag.py:588} INFO - Filling up the DagBag from /opt/airflow/dags/trigger_dag.py
[2024-09-30T13:01:12.494+0000] {processor.py:925} INFO - DAG(s) 'trigger_dag' retrieved from /opt/airflow/dags/trigger_dag.py
[2024-09-30T13:01:12.508+0000] {logging_mixin.py:190} INFO - [2024-09-30T13:01:12.508+0000] {dag.py:3239} INFO - Sync 1 DAGs
[2024-09-30T13:01:12.525+0000] {logging_mixin.py:190} INFO - [2024-09-30T13:01:12.525+0000] {dag.py:4180} INFO - Setting next_dagrun for trigger_dag to None, run_after=None
[2024-09-30T13:01:12.542+0000] {processor.py:208} INFO - Processing /opt/airflow/dags/trigger_dag.py took 0.121 seconds
[2024-09-30T13:01:42.787+0000] {processor.py:186} INFO - Started process (PID=2554) to work on /opt/airflow/dags/trigger_dag.py
[2024-09-30T13:01:42.789+0000] {processor.py:914} INFO - Processing file /opt/airflow/dags/trigger_dag.py for tasks to queue
[2024-09-30T13:01:42.793+0000] {logging_mixin.py:190} INFO - [2024-09-30T13:01:42.792+0000] {dagbag.py:588} INFO - Filling up the DagBag from /opt/airflow/dags/trigger_dag.py
[2024-09-30T13:01:42.835+0000] {processor.py:925} INFO - DAG(s) 'trigger_dag' retrieved from /opt/airflow/dags/trigger_dag.py
[2024-09-30T13:01:42.848+0000] {logging_mixin.py:190} INFO - [2024-09-30T13:01:42.848+0000] {dag.py:3239} INFO - Sync 1 DAGs
[2024-09-30T13:01:42.863+0000] {logging_mixin.py:190} INFO - [2024-09-30T13:01:42.862+0000] {dag.py:4180} INFO - Setting next_dagrun for trigger_dag to None, run_after=None
[2024-09-30T13:01:42.876+0000] {processor.py:208} INFO - Processing /opt/airflow/dags/trigger_dag.py took 0.101 seconds
[2024-09-30T13:02:13.689+0000] {processor.py:186} INFO - Started process (PID=2620) to work on /opt/airflow/dags/trigger_dag.py
[2024-09-30T13:02:13.690+0000] {processor.py:914} INFO - Processing file /opt/airflow/dags/trigger_dag.py for tasks to queue
[2024-09-30T13:02:13.694+0000] {logging_mixin.py:190} INFO - [2024-09-30T13:02:13.693+0000] {dagbag.py:588} INFO - Filling up the DagBag from /opt/airflow/dags/trigger_dag.py
[2024-09-30T13:02:13.724+0000] {processor.py:925} INFO - DAG(s) 'trigger_dag' retrieved from /opt/airflow/dags/trigger_dag.py
[2024-09-30T13:02:13.735+0000] {logging_mixin.py:190} INFO - [2024-09-30T13:02:13.735+0000] {dag.py:3239} INFO - Sync 1 DAGs
[2024-09-30T13:02:13.750+0000] {logging_mixin.py:190} INFO - [2024-09-30T13:02:13.750+0000] {dag.py:4180} INFO - Setting next_dagrun for trigger_dag to None, run_after=None
[2024-09-30T13:02:13.762+0000] {processor.py:208} INFO - Processing /opt/airflow/dags/trigger_dag.py took 0.080 seconds
[2024-09-30T13:02:44.456+0000] {processor.py:186} INFO - Started process (PID=2686) to work on /opt/airflow/dags/trigger_dag.py
[2024-09-30T13:02:44.457+0000] {processor.py:914} INFO - Processing file /opt/airflow/dags/trigger_dag.py for tasks to queue
[2024-09-30T13:02:44.459+0000] {logging_mixin.py:190} INFO - [2024-09-30T13:02:44.458+0000] {dagbag.py:588} INFO - Filling up the DagBag from /opt/airflow/dags/trigger_dag.py
[2024-09-30T13:02:44.480+0000] {processor.py:925} INFO - DAG(s) 'trigger_dag' retrieved from /opt/airflow/dags/trigger_dag.py
[2024-09-30T13:02:44.487+0000] {logging_mixin.py:190} INFO - [2024-09-30T13:02:44.487+0000] {dag.py:3239} INFO - Sync 1 DAGs
[2024-09-30T13:02:44.495+0000] {logging_mixin.py:190} INFO - [2024-09-30T13:02:44.495+0000] {dag.py:4180} INFO - Setting next_dagrun for trigger_dag to None, run_after=None
[2024-09-30T13:02:44.506+0000] {processor.py:208} INFO - Processing /opt/airflow/dags/trigger_dag.py took 0.055 seconds
[2024-09-30T13:03:15.133+0000] {processor.py:186} INFO - Started process (PID=2752) to work on /opt/airflow/dags/trigger_dag.py
[2024-09-30T13:03:15.134+0000] {processor.py:914} INFO - Processing file /opt/airflow/dags/trigger_dag.py for tasks to queue
[2024-09-30T13:03:15.138+0000] {logging_mixin.py:190} INFO - [2024-09-30T13:03:15.138+0000] {dagbag.py:588} INFO - Filling up the DagBag from /opt/airflow/dags/trigger_dag.py
[2024-09-30T13:03:15.172+0000] {processor.py:925} INFO - DAG(s) 'trigger_dag' retrieved from /opt/airflow/dags/trigger_dag.py
[2024-09-30T13:03:15.180+0000] {logging_mixin.py:190} INFO - [2024-09-30T13:03:15.180+0000] {dag.py:3239} INFO - Sync 1 DAGs
[2024-09-30T13:03:15.190+0000] {logging_mixin.py:190} INFO - [2024-09-30T13:03:15.190+0000] {dag.py:4180} INFO - Setting next_dagrun for trigger_dag to None, run_after=None
[2024-09-30T13:03:15.201+0000] {processor.py:208} INFO - Processing /opt/airflow/dags/trigger_dag.py took 0.078 seconds
[2024-09-30T13:03:45.892+0000] {processor.py:186} INFO - Started process (PID=2818) to work on /opt/airflow/dags/trigger_dag.py
[2024-09-30T13:03:45.893+0000] {processor.py:914} INFO - Processing file /opt/airflow/dags/trigger_dag.py for tasks to queue
[2024-09-30T13:03:45.896+0000] {logging_mixin.py:190} INFO - [2024-09-30T13:03:45.895+0000] {dagbag.py:588} INFO - Filling up the DagBag from /opt/airflow/dags/trigger_dag.py
[2024-09-30T13:03:45.924+0000] {processor.py:925} INFO - DAG(s) 'trigger_dag' retrieved from /opt/airflow/dags/trigger_dag.py
[2024-09-30T13:03:45.934+0000] {logging_mixin.py:190} INFO - [2024-09-30T13:03:45.934+0000] {dag.py:3239} INFO - Sync 1 DAGs
[2024-09-30T13:03:45.944+0000] {logging_mixin.py:190} INFO - [2024-09-30T13:03:45.944+0000] {dag.py:4180} INFO - Setting next_dagrun for trigger_dag to None, run_after=None
[2024-09-30T13:03:45.955+0000] {processor.py:208} INFO - Processing /opt/airflow/dags/trigger_dag.py took 0.070 seconds
[2024-09-30T13:04:16.166+0000] {processor.py:186} INFO - Started process (PID=2884) to work on /opt/airflow/dags/trigger_dag.py
[2024-09-30T13:04:16.167+0000] {processor.py:914} INFO - Processing file /opt/airflow/dags/trigger_dag.py for tasks to queue
[2024-09-30T13:04:16.169+0000] {logging_mixin.py:190} INFO - [2024-09-30T13:04:16.168+0000] {dagbag.py:588} INFO - Filling up the DagBag from /opt/airflow/dags/trigger_dag.py
[2024-09-30T13:04:16.194+0000] {processor.py:925} INFO - DAG(s) 'trigger_dag' retrieved from /opt/airflow/dags/trigger_dag.py
[2024-09-30T13:04:16.202+0000] {logging_mixin.py:190} INFO - [2024-09-30T13:04:16.201+0000] {dag.py:3239} INFO - Sync 1 DAGs
[2024-09-30T13:04:16.212+0000] {logging_mixin.py:190} INFO - [2024-09-30T13:04:16.212+0000] {dag.py:4180} INFO - Setting next_dagrun for trigger_dag to None, run_after=None
[2024-09-30T13:04:16.225+0000] {processor.py:208} INFO - Processing /opt/airflow/dags/trigger_dag.py took 0.067 seconds
