[2024-10-01T10:27:01.649+0000] {local_task_job_runner.py:123} INFO - ::group::Pre task execution logs
[2024-10-01T10:27:01.661+0000] {taskinstance.py:2612} INFO - Dependencies all met for dep_context=non-requeueable deps ti=<TaskInstance: trigger_dag.process_results.print_log manual__2024-10-01T10:24:55.689913+00:00 [queued]>
[2024-10-01T10:27:01.666+0000] {taskinstance.py:2612} INFO - Dependencies all met for dep_context=requeueable deps ti=<TaskInstance: trigger_dag.process_results.print_log manual__2024-10-01T10:24:55.689913+00:00 [queued]>
[2024-10-01T10:27:01.666+0000] {taskinstance.py:2865} INFO - Starting attempt 1 of 1
[2024-10-01T10:27:01.671+0000] {taskinstance.py:2888} INFO - Executing <Task(PythonOperator): process_results.print_log> on 2024-10-01 10:24:55.689913+00:00
[2024-10-01T10:27:01.675+0000] {warnings.py:112} WARNING - /home/airflow/.local/lib/python3.12/site-packages/airflow/task/task_runner/standard_task_runner.py:70: DeprecationWarning: This process (pid=1479) is multi-threaded, use of fork() may lead to deadlocks in the child.
  pid = os.fork()

[2024-10-01T10:27:01.675+0000] {standard_task_runner.py:72} INFO - Started process 1481 to run task
[2024-10-01T10:27:01.676+0000] {standard_task_runner.py:104} INFO - Running: ['airflow', 'tasks', 'run', 'trigger_dag', 'process_results.print_log', 'manual__2024-10-01T10:24:55.689913+00:00', '--job-id', '110', '--raw', '--subdir', 'DAGS_FOLDER/trigger_dag.py', '--cfg-path', '/tmp/tmpexaezmb2']
[2024-10-01T10:27:01.677+0000] {standard_task_runner.py:105} INFO - Job 110: Subtask process_results.print_log
[2024-10-01T10:27:01.704+0000] {task_command.py:467} INFO - Running <TaskInstance: trigger_dag.process_results.print_log manual__2024-10-01T10:24:55.689913+00:00 [running]> on host ff60ea0b688d
[2024-10-01T10:27:01.749+0000] {taskinstance.py:3131} INFO - Exporting env vars: AIRFLOW_CTX_DAG_OWNER='airflow' AIRFLOW_CTX_DAG_ID='trigger_dag' AIRFLOW_CTX_TASK_ID='process_results.print_log' AIRFLOW_CTX_EXECUTION_DATE='2024-10-01T10:24:55.689913+00:00' AIRFLOW_CTX_TRY_NUMBER='1' AIRFLOW_CTX_DAG_RUN_ID='manual__2024-10-01T10:24:55.689913+00:00'
[2024-10-01T10:27:01.751+0000] {logging_mixin.py:190} INFO - Task instance is in running state
[2024-10-01T10:27:01.751+0000] {logging_mixin.py:190} INFO -  Previous state of the Task instance: queued
[2024-10-01T10:27:01.751+0000] {logging_mixin.py:190} INFO - Current task name:process_results.print_log state:running start_date:2024-10-01 10:27:01.662069+00:00
[2024-10-01T10:27:01.751+0000] {logging_mixin.py:190} INFO - Dag name:trigger_dag and current dag run status:running
[2024-10-01T10:27:01.751+0000] {taskinstance.py:731} INFO - ::endgroup::
[2024-10-01T10:27:01.758+0000] {trigger_dag.py:29} INFO - manual__2024-10-01T08:59:55.680379+00:00 ended
[2024-10-01T10:27:01.759+0000] {python.py:240} INFO - Done. Returned value was: None
[2024-10-01T10:27:01.765+0000] {taskinstance.py:340} INFO - ::group::Post task execution logs
[2024-10-01T10:27:01.766+0000] {taskinstance.py:352} INFO - Marking task as SUCCESS. dag_id=trigger_dag, task_id=process_results.print_log, run_id=manual__2024-10-01T10:24:55.689913+00:00, execution_date=20241001T102455, start_date=20241001T102701, end_date=20241001T102701
[2024-10-01T10:27:01.770+0000] {logging_mixin.py:190} INFO - Task instance in success state
[2024-10-01T10:27:01.771+0000] {logging_mixin.py:190} INFO -  Previous state of the Task instance: running
[2024-10-01T10:27:01.771+0000] {logging_mixin.py:190} INFO - Dag name:trigger_dag queued_at:2024-10-01 10:24:55.706942+00:00
[2024-10-01T10:27:01.771+0000] {logging_mixin.py:190} INFO - Task hostname:ff60ea0b688d operator:PythonOperator
[2024-10-01T10:27:01.814+0000] {local_task_job_runner.py:266} INFO - Task exited with return code 0
[2024-10-01T10:27:01.830+0000] {taskinstance.py:3900} INFO - 1 downstream tasks scheduled from follow-on schedule check
[2024-10-01T10:27:01.832+0000] {local_task_job_runner.py:245} INFO - ::endgroup::
