[2024-10-01T08:44:07.427+0000] {local_task_job_runner.py:123} INFO - ::group::Pre task execution logs
[2024-10-01T08:44:07.438+0000] {taskinstance.py:2612} INFO - Dependencies all met for dep_context=non-requeueable deps ti=<TaskInstance: dag_id_3.query_table manual__2024-10-01T08:44:02.808685+00:00 [queued]>
[2024-10-01T08:44:07.442+0000] {taskinstance.py:2612} INFO - Dependencies all met for dep_context=requeueable deps ti=<TaskInstance: dag_id_3.query_table manual__2024-10-01T08:44:02.808685+00:00 [queued]>
[2024-10-01T08:44:07.442+0000] {taskinstance.py:2865} INFO - Starting attempt 1 of 1
[2024-10-01T08:44:07.448+0000] {taskinstance.py:2888} INFO - Executing <Task(PythonOperator): query_table> on 2024-10-01 08:44:02.808685+00:00
[2024-10-01T08:44:07.451+0000] {warnings.py:112} WARNING - /home/airflow/.local/lib/python3.12/site-packages/airflow/task/task_runner/standard_task_runner.py:70: DeprecationWarning: This process (pid=463) is multi-threaded, use of fork() may lead to deadlocks in the child.
  pid = os.fork()

[2024-10-01T08:44:07.452+0000] {standard_task_runner.py:72} INFO - Started process 465 to run task
[2024-10-01T08:44:07.452+0000] {standard_task_runner.py:104} INFO - Running: ['airflow', 'tasks', 'run', 'dag_id_3', 'query_table', 'manual__2024-10-01T08:44:02.808685+00:00', '--job-id', '59', '--raw', '--subdir', 'DAGS_FOLDER/dag_id_3.py', '--cfg-path', '/tmp/tmpghvh30q3']
[2024-10-01T08:44:07.453+0000] {standard_task_runner.py:105} INFO - Job 59: Subtask query_table
[2024-10-01T08:44:07.480+0000] {task_command.py:467} INFO - Running <TaskInstance: dag_id_3.query_table manual__2024-10-01T08:44:02.808685+00:00 [running]> on host ff60ea0b688d
[2024-10-01T08:44:07.525+0000] {taskinstance.py:3131} INFO - Exporting env vars: AIRFLOW_CTX_DAG_OWNER='airflow' AIRFLOW_CTX_DAG_ID='dag_id_3' AIRFLOW_CTX_TASK_ID='query_table' AIRFLOW_CTX_EXECUTION_DATE='2024-10-01T08:44:02.808685+00:00' AIRFLOW_CTX_TRY_NUMBER='1' AIRFLOW_CTX_DAG_RUN_ID='manual__2024-10-01T08:44:02.808685+00:00'
[2024-10-01T08:44:07.526+0000] {logging_mixin.py:190} INFO - Task instance is in running state
[2024-10-01T08:44:07.527+0000] {logging_mixin.py:190} INFO -  Previous state of the Task instance: queued
[2024-10-01T08:44:07.527+0000] {logging_mixin.py:190} INFO - Current task name:query_table state:running start_date:2024-10-01 08:44:07.438712+00:00
[2024-10-01T08:44:07.527+0000] {logging_mixin.py:190} INFO - Dag name:dag_id_3 and current dag run status:running
[2024-10-01T08:44:07.527+0000] {taskinstance.py:731} INFO - ::endgroup::
[2024-10-01T08:44:07.535+0000] {python.py:240} INFO - Done. Returned value was: None
[2024-10-01T08:44:07.542+0000] {taskinstance.py:340} INFO - ::group::Post task execution logs
[2024-10-01T08:44:07.542+0000] {taskinstance.py:352} INFO - Marking task as SUCCESS. dag_id=dag_id_3, task_id=query_table, run_id=manual__2024-10-01T08:44:02.808685+00:00, execution_date=20241001T084402, start_date=20241001T084407, end_date=20241001T084407
[2024-10-01T08:44:07.547+0000] {logging_mixin.py:190} INFO - Task instance in success state
[2024-10-01T08:44:07.547+0000] {logging_mixin.py:190} INFO -  Previous state of the Task instance: running
[2024-10-01T08:44:07.547+0000] {logging_mixin.py:190} INFO - Dag name:dag_id_3 queued_at:2024-10-01 08:44:02.826225+00:00
[2024-10-01T08:44:07.547+0000] {logging_mixin.py:190} INFO - Task hostname:ff60ea0b688d operator:PythonOperator
[2024-10-01T08:44:07.591+0000] {local_task_job_runner.py:266} INFO - Task exited with return code 0
[2024-10-01T08:44:07.603+0000] {taskinstance.py:3900} INFO - 0 downstream tasks scheduled from follow-on schedule check
[2024-10-01T08:44:07.604+0000] {local_task_job_runner.py:245} INFO - ::endgroup::
