[2024-09-30T12:39:05.105+0000] {local_task_job_runner.py:123} INFO - ::group::Pre task execution logs
[2024-09-30T12:39:05.116+0000] {taskinstance.py:2612} INFO - Dependencies all met for dep_context=non-requeueable deps ti=<TaskInstance: dag_id_3.log_database_connection manual__2024-09-30T12:39:02.770691+00:00 [queued]>
[2024-09-30T12:39:05.120+0000] {taskinstance.py:2612} INFO - Dependencies all met for dep_context=requeueable deps ti=<TaskInstance: dag_id_3.log_database_connection manual__2024-09-30T12:39:02.770691+00:00 [queued]>
[2024-09-30T12:39:05.120+0000] {taskinstance.py:2865} INFO - Starting attempt 1 of 1
[2024-09-30T12:39:05.126+0000] {taskinstance.py:2888} INFO - Executing <Task(PythonOperator): log_database_connection> on 2024-09-30 12:39:02.770691+00:00
[2024-09-30T12:39:05.130+0000] {warnings.py:112} WARNING - /home/airflow/.local/lib/python3.12/site-packages/airflow/task/task_runner/standard_task_runner.py:70: DeprecationWarning: This process (pid=146) is multi-threaded, use of fork() may lead to deadlocks in the child.
  pid = os.fork()

[2024-09-30T12:39:05.130+0000] {standard_task_runner.py:72} INFO - Started process 148 to run task
[2024-09-30T12:39:05.131+0000] {standard_task_runner.py:104} INFO - Running: ['airflow', 'tasks', 'run', 'dag_id_3', 'log_database_connection', 'manual__2024-09-30T12:39:02.770691+00:00', '--job-id', '19', '--raw', '--subdir', 'DAGS_FOLDER/dag_id_3.py', '--cfg-path', '/tmp/tmpdoe8xj8j']
[2024-09-30T12:39:05.131+0000] {standard_task_runner.py:105} INFO - Job 19: Subtask log_database_connection
[2024-09-30T12:39:05.164+0000] {task_command.py:467} INFO - Running <TaskInstance: dag_id_3.log_database_connection manual__2024-09-30T12:39:02.770691+00:00 [running]> on host 0b5f43f4f3c6
[2024-09-30T12:39:05.217+0000] {taskinstance.py:3131} INFO - Exporting env vars: AIRFLOW_CTX_DAG_OWNER='airflow' AIRFLOW_CTX_DAG_ID='dag_id_3' AIRFLOW_CTX_TASK_ID='log_database_connection' AIRFLOW_CTX_EXECUTION_DATE='2024-09-30T12:39:02.770691+00:00' AIRFLOW_CTX_TRY_NUMBER='1' AIRFLOW_CTX_DAG_RUN_ID='manual__2024-09-30T12:39:02.770691+00:00'
[2024-09-30T12:39:05.218+0000] {logging_mixin.py:190} INFO - Task instance is in running state
[2024-09-30T12:39:05.218+0000] {logging_mixin.py:190} INFO -  Previous state of the Task instance: queued
[2024-09-30T12:39:05.218+0000] {logging_mixin.py:190} INFO - Current task name:log_database_connection state:running start_date:2024-09-30 12:39:05.116874+00:00
[2024-09-30T12:39:05.218+0000] {logging_mixin.py:190} INFO - Dag name:dag_id_3 and current dag run status:running
[2024-09-30T12:39:05.218+0000] {taskinstance.py:731} INFO - ::endgroup::
[2024-09-30T12:39:05.219+0000] {resources.py:20} INFO - dag_id_3 start processing tables in database:airflow
[2024-09-30T12:39:05.219+0000] {python.py:240} INFO - Done. Returned value was: None
[2024-09-30T12:39:05.226+0000] {taskinstance.py:340} INFO - ::group::Post task execution logs
[2024-09-30T12:39:05.226+0000] {taskinstance.py:352} INFO - Marking task as SUCCESS. dag_id=dag_id_3, task_id=log_database_connection, run_id=manual__2024-09-30T12:39:02.770691+00:00, execution_date=20240930T123902, start_date=20240930T123905, end_date=20240930T123905
[2024-09-30T12:39:05.232+0000] {logging_mixin.py:190} INFO - Task instance in success state
[2024-09-30T12:39:05.232+0000] {logging_mixin.py:190} INFO -  Previous state of the Task instance: running
[2024-09-30T12:39:05.232+0000] {logging_mixin.py:190} INFO - Dag name:dag_id_3 queued_at:2024-09-30 12:39:02.791849+00:00
[2024-09-30T12:39:05.232+0000] {logging_mixin.py:190} INFO - Task hostname:0b5f43f4f3c6 operator:PythonOperator
[2024-09-30T12:39:05.270+0000] {local_task_job_runner.py:266} INFO - Task exited with return code 0
[2024-09-30T12:39:05.290+0000] {taskinstance.py:3900} INFO - 1 downstream tasks scheduled from follow-on schedule check
[2024-09-30T12:39:05.291+0000] {local_task_job_runner.py:245} INFO - ::endgroup::
