[2024-10-14T09:04:10.087+0000] {local_task_job_runner.py:123} INFO - ::group::Pre task execution logs
[2024-10-14T09:04:10.098+0000] {taskinstance.py:2612} INFO - Dependencies all met for dep_context=non-requeueable deps ti=<TaskInstance: count_accidents.spark_count_number_of_accidents manual__2024-10-14T09:04:09.096391+00:00 [queued]>
[2024-10-14T09:04:10.103+0000] {taskinstance.py:2612} INFO - Dependencies all met for dep_context=requeueable deps ti=<TaskInstance: count_accidents.spark_count_number_of_accidents manual__2024-10-14T09:04:09.096391+00:00 [queued]>
[2024-10-14T09:04:10.103+0000] {taskinstance.py:2865} INFO - Starting attempt 1 of 1
[2024-10-14T09:04:10.110+0000] {taskinstance.py:2888} INFO - Executing <Task(SparkSubmitOperator): spark_count_number_of_accidents> on 2024-10-14 09:04:09.096391+00:00
[2024-10-14T09:04:10.113+0000] {warnings.py:112} WARNING - /home/airflow/.local/lib/python3.12/site-packages/airflow/task/task_runner/standard_task_runner.py:70: DeprecationWarning: This process (pid=2115) is multi-threaded, use of fork() may lead to deadlocks in the child.
  pid = os.fork()

[2024-10-14T09:04:10.114+0000] {standard_task_runner.py:72} INFO - Started process 2117 to run task
[2024-10-14T09:04:10.115+0000] {standard_task_runner.py:104} INFO - Running: ['airflow', 'tasks', 'run', 'count_accidents', 'spark_count_number_of_accidents', 'manual__2024-10-14T09:04:09.096391+00:00', '--job-id', '332', '--raw', '--subdir', 'DAGS_FOLDER/count_accidents_dag.py', '--cfg-path', '/tmp/tmpu7apiz8a']
[2024-10-14T09:04:10.115+0000] {standard_task_runner.py:105} INFO - Job 332: Subtask spark_count_number_of_accidents
[2024-10-14T09:04:10.150+0000] {task_command.py:467} INFO - Running <TaskInstance: count_accidents.spark_count_number_of_accidents manual__2024-10-14T09:04:09.096391+00:00 [running]> on host 14eb9bd36bc1
[2024-10-14T09:04:10.200+0000] {taskinstance.py:3131} INFO - Exporting env vars: AIRFLOW_CTX_DAG_OWNER='airflow' AIRFLOW_CTX_DAG_ID='count_accidents' AIRFLOW_CTX_TASK_ID='spark_count_number_of_accidents' AIRFLOW_CTX_EXECUTION_DATE='2024-10-14T09:04:09.096391+00:00' AIRFLOW_CTX_TRY_NUMBER='1' AIRFLOW_CTX_DAG_RUN_ID='manual__2024-10-14T09:04:09.096391+00:00'
[2024-10-14T09:04:10.202+0000] {logging_mixin.py:190} INFO - Task instance is in running state
[2024-10-14T09:04:10.202+0000] {logging_mixin.py:190} INFO -  Previous state of the Task instance: queued
[2024-10-14T09:04:10.203+0000] {logging_mixin.py:190} INFO - Current task name:spark_count_number_of_accidents state:running start_date:2024-10-14 09:04:10.099317+00:00
[2024-10-14T09:04:10.203+0000] {logging_mixin.py:190} INFO - Dag name:count_accidents and current dag run status:running
[2024-10-14T09:04:10.204+0000] {taskinstance.py:731} INFO - ::endgroup::
[2024-10-14T09:04:10.210+0000] {base.py:84} INFO - Retrieving connection 'spark'
[2024-10-14T09:04:10.211+0000] {spark_submit.py:401} INFO - Spark-Submit cmd: spark-submit --master spark-master:7077 --name arrow-spark --queue YARN --deploy-mode client ./spark/count_accidents.py
[2024-10-14T09:04:11.627+0000] {spark_submit.py:571} INFO - 24/10/14 09:04:11 INFO SparkContext: Running Spark version 3.5.3
[2024-10-14T09:04:11.628+0000] {spark_submit.py:571} INFO - 24/10/14 09:04:11 INFO SparkContext: OS info Linux, 6.6.32-linuxkit, aarch64
[2024-10-14T09:04:11.628+0000] {spark_submit.py:571} INFO - 24/10/14 09:04:11 INFO SparkContext: Java version 17.0.12
[2024-10-14T09:04:11.706+0000] {spark_submit.py:571} INFO - 24/10/14 09:04:11 WARN NativeCodeLoader: Unable to load native-hadoop library for your platform... using builtin-java classes where applicable
[2024-10-14T09:04:11.768+0000] {spark_submit.py:571} INFO - 24/10/14 09:04:11 INFO ResourceUtils: ==============================================================
[2024-10-14T09:04:11.769+0000] {spark_submit.py:571} INFO - 24/10/14 09:04:11 INFO ResourceUtils: No custom resources configured for spark.driver.
[2024-10-14T09:04:11.769+0000] {spark_submit.py:571} INFO - 24/10/14 09:04:11 INFO ResourceUtils: ==============================================================
[2024-10-14T09:04:11.770+0000] {spark_submit.py:571} INFO - 24/10/14 09:04:11 INFO SparkContext: Submitted application: CountAccidents
[2024-10-14T09:04:11.779+0000] {spark_submit.py:571} INFO - 24/10/14 09:04:11 INFO ResourceProfile: Default ResourceProfile created, executor resources: Map(cores -> name: cores, amount: 1, script: , vendor: , memory -> name: memory, amount: 1024, script: , vendor: , offHeap -> name: offHeap, amount: 0, script: , vendor: ), task resources: Map(cpus -> name: cpus, amount: 1.0)
[2024-10-14T09:04:11.784+0000] {spark_submit.py:571} INFO - 24/10/14 09:04:11 INFO ResourceProfile: Limiting resource is cpu
[2024-10-14T09:04:11.784+0000] {spark_submit.py:571} INFO - 24/10/14 09:04:11 INFO ResourceProfileManager: Added ResourceProfile id: 0
[2024-10-14T09:04:11.809+0000] {spark_submit.py:571} INFO - 24/10/14 09:04:11 INFO SecurityManager: Changing view acls to: default
[2024-10-14T09:04:11.810+0000] {spark_submit.py:571} INFO - 24/10/14 09:04:11 INFO SecurityManager: Changing modify acls to: default
[2024-10-14T09:04:11.810+0000] {spark_submit.py:571} INFO - 24/10/14 09:04:11 INFO SecurityManager: Changing view acls groups to:
[2024-10-14T09:04:11.810+0000] {spark_submit.py:571} INFO - 24/10/14 09:04:11 INFO SecurityManager: Changing modify acls groups to:
[2024-10-14T09:04:11.810+0000] {spark_submit.py:571} INFO - 24/10/14 09:04:11 INFO SecurityManager: SecurityManager: authentication disabled; ui acls disabled; users with view permissions: default; groups with view permissions: EMPTY; users with modify permissions: default; groups with modify permissions: EMPTY
[2024-10-14T09:04:11.924+0000] {spark_submit.py:571} INFO - 24/10/14 09:04:11 INFO Utils: Successfully started service 'sparkDriver' on port 43197.
[2024-10-14T09:04:11.939+0000] {spark_submit.py:571} INFO - 24/10/14 09:04:11 INFO SparkEnv: Registering MapOutputTracker
[2024-10-14T09:04:11.959+0000] {spark_submit.py:571} INFO - 24/10/14 09:04:11 INFO SparkEnv: Registering BlockManagerMaster
[2024-10-14T09:04:11.968+0000] {spark_submit.py:571} INFO - 24/10/14 09:04:11 INFO BlockManagerMasterEndpoint: Using org.apache.spark.storage.DefaultTopologyMapper for getting topology information
[2024-10-14T09:04:11.969+0000] {spark_submit.py:571} INFO - 24/10/14 09:04:11 INFO BlockManagerMasterEndpoint: BlockManagerMasterEndpoint up
[2024-10-14T09:04:11.971+0000] {spark_submit.py:571} INFO - 24/10/14 09:04:11 INFO SparkEnv: Registering BlockManagerMasterHeartbeat
[2024-10-14T09:04:11.984+0000] {spark_submit.py:571} INFO - 24/10/14 09:04:11 INFO DiskBlockManager: Created local directory at /tmp/blockmgr-be3351ed-4635-42d8-bc2a-49aee9ce8376
[2024-10-14T09:04:11.992+0000] {spark_submit.py:571} INFO - 24/10/14 09:04:11 INFO MemoryStore: MemoryStore started with capacity 434.4 MiB
[2024-10-14T09:04:12.010+0000] {spark_submit.py:571} INFO - 24/10/14 09:04:12 INFO SparkEnv: Registering OutputCommitCoordinator
[2024-10-14T09:04:12.081+0000] {spark_submit.py:571} INFO - 24/10/14 09:04:12 INFO JettyUtils: Start Jetty 0.0.0.0:4040 for SparkUI
[2024-10-14T09:04:12.135+0000] {spark_submit.py:571} INFO - 24/10/14 09:04:12 INFO Utils: Successfully started service 'SparkUI' on port 4040.
[2024-10-14T09:04:12.175+0000] {spark_submit.py:571} INFO - 24/10/14 09:04:12 ERROR SparkContext: Error initializing SparkContext.
[2024-10-14T09:04:12.176+0000] {spark_submit.py:571} INFO - org.apache.spark.SparkException: Could not parse Master URL: 'spark-master:7077'
[2024-10-14T09:04:12.177+0000] {spark_submit.py:571} INFO - at org.apache.spark.SparkContext$.org$apache$spark$SparkContext$$createTaskScheduler(SparkContext.scala:3194)
[2024-10-14T09:04:12.178+0000] {spark_submit.py:571} INFO - at org.apache.spark.SparkContext.<init>(SparkContext.scala:577)
[2024-10-14T09:04:12.178+0000] {spark_submit.py:571} INFO - at org.apache.spark.api.java.JavaSparkContext.<init>(JavaSparkContext.scala:58)
[2024-10-14T09:04:12.178+0000] {spark_submit.py:571} INFO - at java.base/jdk.internal.reflect.NativeConstructorAccessorImpl.newInstance0(Native Method)
[2024-10-14T09:04:12.178+0000] {spark_submit.py:571} INFO - at java.base/jdk.internal.reflect.NativeConstructorAccessorImpl.newInstance(NativeConstructorAccessorImpl.java:77)
[2024-10-14T09:04:12.179+0000] {spark_submit.py:571} INFO - at java.base/jdk.internal.reflect.DelegatingConstructorAccessorImpl.newInstance(DelegatingConstructorAccessorImpl.java:45)
[2024-10-14T09:04:12.179+0000] {spark_submit.py:571} INFO - at java.base/java.lang.reflect.Constructor.newInstanceWithCaller(Constructor.java:500)
[2024-10-14T09:04:12.179+0000] {spark_submit.py:571} INFO - at java.base/java.lang.reflect.Constructor.newInstance(Constructor.java:481)
[2024-10-14T09:04:12.179+0000] {spark_submit.py:571} INFO - at py4j.reflection.MethodInvoker.invoke(MethodInvoker.java:247)
[2024-10-14T09:04:12.180+0000] {spark_submit.py:571} INFO - at py4j.reflection.ReflectionEngine.invoke(ReflectionEngine.java:374)
[2024-10-14T09:04:12.180+0000] {spark_submit.py:571} INFO - at py4j.Gateway.invoke(Gateway.java:238)
[2024-10-14T09:04:12.181+0000] {spark_submit.py:571} INFO - at py4j.commands.ConstructorCommand.invokeConstructor(ConstructorCommand.java:80)
[2024-10-14T09:04:12.181+0000] {spark_submit.py:571} INFO - at py4j.commands.ConstructorCommand.execute(ConstructorCommand.java:69)
[2024-10-14T09:04:12.181+0000] {spark_submit.py:571} INFO - at py4j.ClientServerConnection.waitForCommands(ClientServerConnection.java:182)
[2024-10-14T09:04:12.181+0000] {spark_submit.py:571} INFO - at py4j.ClientServerConnection.run(ClientServerConnection.java:106)
[2024-10-14T09:04:12.181+0000] {spark_submit.py:571} INFO - at java.base/java.lang.Thread.run(Thread.java:840)
[2024-10-14T09:04:12.182+0000] {spark_submit.py:571} INFO - 24/10/14 09:04:12 INFO SparkContext: SparkContext is stopping with exitCode 0.
[2024-10-14T09:04:12.182+0000] {spark_submit.py:571} INFO - 24/10/14 09:04:12 INFO SparkUI: Stopped Spark web UI at http://14eb9bd36bc1:4040
[2024-10-14T09:04:12.200+0000] {spark_submit.py:571} INFO - 24/10/14 09:04:12 INFO MapOutputTrackerMasterEndpoint: MapOutputTrackerMasterEndpoint stopped!
[2024-10-14T09:04:12.206+0000] {spark_submit.py:571} INFO - 24/10/14 09:04:12 INFO MemoryStore: MemoryStore cleared
[2024-10-14T09:04:12.206+0000] {spark_submit.py:571} INFO - 24/10/14 09:04:12 INFO BlockManager: BlockManager stopped
[2024-10-14T09:04:12.209+0000] {spark_submit.py:571} INFO - 24/10/14 09:04:12 INFO BlockManagerMaster: BlockManagerMaster stopped
[2024-10-14T09:04:12.209+0000] {spark_submit.py:571} INFO - 24/10/14 09:04:12 WARN MetricsSystem: Stopping a MetricsSystem that is not running
[2024-10-14T09:04:12.210+0000] {spark_submit.py:571} INFO - 24/10/14 09:04:12 INFO OutputCommitCoordinator$OutputCommitCoordinatorEndpoint: OutputCommitCoordinator stopped!
[2024-10-14T09:04:12.215+0000] {spark_submit.py:571} INFO - 24/10/14 09:04:12 INFO SparkContext: Successfully stopped SparkContext
[2024-10-14T09:04:12.216+0000] {spark_submit.py:571} INFO - Traceback (most recent call last):
[2024-10-14T09:04:12.217+0000] {spark_submit.py:571} INFO - File "/opt/airflow/spark/count_accidents.py", line 19, in <module>
[2024-10-14T09:04:12.217+0000] {spark_submit.py:571} INFO - count_accidents()
[2024-10-14T09:04:12.218+0000] {spark_submit.py:571} INFO - File "/opt/airflow/spark/count_accidents.py", line 8, in count_accidents
[2024-10-14T09:04:12.218+0000] {spark_submit.py:571} INFO - spark = SparkSession.builder.appName("CountAccidents").getOrCreate()
[2024-10-14T09:04:12.218+0000] {spark_submit.py:571} INFO - ^^^^^^^^^^^^^^^^^^^^^^^^^^^^^^^^^^^^^^^^^^^^^^^^^^^^^^^^^^^^
[2024-10-14T09:04:12.219+0000] {spark_submit.py:571} INFO - File "/home/airflow/.local/lib/python3.12/site-packages/pyspark/python/lib/pyspark.zip/pyspark/sql/session.py", line 497, in getOrCreate
[2024-10-14T09:04:12.219+0000] {spark_submit.py:571} INFO - File "/home/airflow/.local/lib/python3.12/site-packages/pyspark/python/lib/pyspark.zip/pyspark/context.py", line 515, in getOrCreate
[2024-10-14T09:04:12.220+0000] {spark_submit.py:571} INFO - File "/home/airflow/.local/lib/python3.12/site-packages/pyspark/python/lib/pyspark.zip/pyspark/context.py", line 203, in __init__
[2024-10-14T09:04:12.220+0000] {spark_submit.py:571} INFO - File "/home/airflow/.local/lib/python3.12/site-packages/pyspark/python/lib/pyspark.zip/pyspark/context.py", line 296, in _do_init
[2024-10-14T09:04:12.220+0000] {spark_submit.py:571} INFO - File "/home/airflow/.local/lib/python3.12/site-packages/pyspark/python/lib/pyspark.zip/pyspark/context.py", line 421, in _initialize_context
[2024-10-14T09:04:12.220+0000] {spark_submit.py:571} INFO - File "/home/airflow/.local/lib/python3.12/site-packages/pyspark/python/lib/py4j-0.10.9.7-src.zip/py4j/java_gateway.py", line 1587, in __call__
[2024-10-14T09:04:12.221+0000] {spark_submit.py:571} INFO - File "/home/airflow/.local/lib/python3.12/site-packages/pyspark/python/lib/py4j-0.10.9.7-src.zip/py4j/protocol.py", line 326, in get_return_value
[2024-10-14T09:04:12.221+0000] {spark_submit.py:571} INFO - py4j.protocol.Py4JJavaError: An error occurred while calling None.org.apache.spark.api.java.JavaSparkContext.
[2024-10-14T09:04:12.222+0000] {spark_submit.py:571} INFO - : org.apache.spark.SparkException: Could not parse Master URL: 'spark-master:7077'
[2024-10-14T09:04:12.222+0000] {spark_submit.py:571} INFO - at org.apache.spark.SparkContext$.org$apache$spark$SparkContext$$createTaskScheduler(SparkContext.scala:3194)
[2024-10-14T09:04:12.222+0000] {spark_submit.py:571} INFO - at org.apache.spark.SparkContext.<init>(SparkContext.scala:577)
[2024-10-14T09:04:12.222+0000] {spark_submit.py:571} INFO - at org.apache.spark.api.java.JavaSparkContext.<init>(JavaSparkContext.scala:58)
[2024-10-14T09:04:12.223+0000] {spark_submit.py:571} INFO - at java.base/jdk.internal.reflect.NativeConstructorAccessorImpl.newInstance0(Native Method)
[2024-10-14T09:04:12.223+0000] {spark_submit.py:571} INFO - at java.base/jdk.internal.reflect.NativeConstructorAccessorImpl.newInstance(NativeConstructorAccessorImpl.java:77)
[2024-10-14T09:04:12.223+0000] {spark_submit.py:571} INFO - at java.base/jdk.internal.reflect.DelegatingConstructorAccessorImpl.newInstance(DelegatingConstructorAccessorImpl.java:45)
[2024-10-14T09:04:12.223+0000] {spark_submit.py:571} INFO - at java.base/java.lang.reflect.Constructor.newInstanceWithCaller(Constructor.java:500)
[2024-10-14T09:04:12.223+0000] {spark_submit.py:571} INFO - at java.base/java.lang.reflect.Constructor.newInstance(Constructor.java:481)
[2024-10-14T09:04:12.224+0000] {spark_submit.py:571} INFO - at py4j.reflection.MethodInvoker.invoke(MethodInvoker.java:247)
[2024-10-14T09:04:12.224+0000] {spark_submit.py:571} INFO - at py4j.reflection.ReflectionEngine.invoke(ReflectionEngine.java:374)
[2024-10-14T09:04:12.224+0000] {spark_submit.py:571} INFO - at py4j.Gateway.invoke(Gateway.java:238)
[2024-10-14T09:04:12.225+0000] {spark_submit.py:571} INFO - at py4j.commands.ConstructorCommand.invokeConstructor(ConstructorCommand.java:80)
[2024-10-14T09:04:12.225+0000] {spark_submit.py:571} INFO - at py4j.commands.ConstructorCommand.execute(ConstructorCommand.java:69)
[2024-10-14T09:04:12.226+0000] {spark_submit.py:571} INFO - at py4j.ClientServerConnection.waitForCommands(ClientServerConnection.java:182)
[2024-10-14T09:04:12.226+0000] {spark_submit.py:571} INFO - at py4j.ClientServerConnection.run(ClientServerConnection.java:106)
[2024-10-14T09:04:12.227+0000] {spark_submit.py:571} INFO - at java.base/java.lang.Thread.run(Thread.java:840)
[2024-10-14T09:04:12.227+0000] {spark_submit.py:571} INFO - 
[2024-10-14T09:04:12.294+0000] {spark_submit.py:571} INFO - 24/10/14 09:04:12 INFO ShutdownHookManager: Shutdown hook called
[2024-10-14T09:04:12.295+0000] {spark_submit.py:571} INFO - 24/10/14 09:04:12 INFO ShutdownHookManager: Deleting directory /tmp/spark-b024ad11-de73-4eef-99ec-5420b74f64ef
[2024-10-14T09:04:12.298+0000] {spark_submit.py:571} INFO - 24/10/14 09:04:12 INFO ShutdownHookManager: Deleting directory /tmp/spark-68ba3832-9c26-4e14-a6f0-0c4320525944
[2024-10-14T09:04:12.336+0000] {taskinstance.py:3310} ERROR - Task failed with exception
Traceback (most recent call last):
  File "/home/airflow/.local/lib/python3.12/site-packages/airflow/models/taskinstance.py", line 767, in _execute_task
    result = _execute_callable(context=context, **execute_callable_kwargs)
             ^^^^^^^^^^^^^^^^^^^^^^^^^^^^^^^^^^^^^^^^^^^^^^^^^^^^^^^^^^^^^
  File "/home/airflow/.local/lib/python3.12/site-packages/airflow/models/taskinstance.py", line 733, in _execute_callable
    return ExecutionCallableRunner(
           ^^^^^^^^^^^^^^^^^^^^^^^^
  File "/home/airflow/.local/lib/python3.12/site-packages/airflow/utils/operator_helpers.py", line 252, in run
    return self.func(*args, **kwargs)
           ^^^^^^^^^^^^^^^^^^^^^^^^^^
  File "/home/airflow/.local/lib/python3.12/site-packages/airflow/models/baseoperator.py", line 406, in wrapper
    return func(self, *args, **kwargs)
           ^^^^^^^^^^^^^^^^^^^^^^^^^^^
  File "/home/airflow/.local/lib/python3.12/site-packages/airflow/providers/apache/spark/operators/spark_submit.py", line 174, in execute
    self._hook.submit(self.application)
  File "/home/airflow/.local/lib/python3.12/site-packages/airflow/providers/apache/spark/hooks/spark_submit.py", line 502, in submit
    raise AirflowException(
airflow.exceptions.AirflowException: Cannot execute: spark-submit --master spark-master:7077 --name arrow-spark --queue YARN --deploy-mode client ./spark/count_accidents.py. Error code is: 1.
[2024-10-14T09:04:12.339+0000] {logging_mixin.py:190} INFO - Task instance in failure state
[2024-10-14T09:04:12.339+0000] {logging_mixin.py:190} INFO - Task start:2024-10-14 09:04:10.099317+00:00 end:2024-10-14 09:04:12.338966+00:00 duration:2.239649
[2024-10-14T09:04:12.340+0000] {logging_mixin.py:190} INFO - Task:<Task(SparkSubmitOperator): spark_count_number_of_accidents> dag:<DAG: count_accidents> dagrun:<DagRun count_accidents @ 2024-10-14 09:04:09.096391+00:00: manual__2024-10-14T09:04:09.096391+00:00, state:running, queued_at: 2024-10-14 09:04:09.106564+00:00. externally triggered: True>
[2024-10-14T09:04:12.340+0000] {logging_mixin.py:190} INFO - Failure caused by Cannot execute: spark-submit --master spark-master:7077 --name arrow-spark --queue YARN --deploy-mode client ./spark/count_accidents.py. Error code is: 1.
[2024-10-14T09:04:12.340+0000] {taskinstance.py:1225} INFO - Marking task as FAILED. dag_id=count_accidents, task_id=spark_count_number_of_accidents, run_id=manual__2024-10-14T09:04:09.096391+00:00, execution_date=20241014T090409, start_date=20241014T090410, end_date=20241014T090412
[2024-10-14T09:04:12.352+0000] {taskinstance.py:340} INFO - ::group::Post task execution logs
[2024-10-14T09:04:12.352+0000] {standard_task_runner.py:124} ERROR - Failed to execute job 332 for task spark_count_number_of_accidents (Cannot execute: spark-submit --master spark-master:7077 --name arrow-spark --queue YARN --deploy-mode client ./spark/count_accidents.py. Error code is: 1.; 2117)
Traceback (most recent call last):
  File "/home/airflow/.local/lib/python3.12/site-packages/airflow/task/task_runner/standard_task_runner.py", line 117, in _start_by_fork
    ret = args.func(args, dag=self.dag)
          ^^^^^^^^^^^^^^^^^^^^^^^^^^^^^
  File "/home/airflow/.local/lib/python3.12/site-packages/airflow/cli/cli_config.py", line 49, in command
    return func(*args, **kwargs)
           ^^^^^^^^^^^^^^^^^^^^^
  File "/home/airflow/.local/lib/python3.12/site-packages/airflow/utils/cli.py", line 115, in wrapper
    return f(*args, **kwargs)
           ^^^^^^^^^^^^^^^^^^
  File "/home/airflow/.local/lib/python3.12/site-packages/airflow/cli/commands/task_command.py", line 483, in task_run
    task_return_code = _run_task_by_selected_method(args, _dag, ti)
                       ^^^^^^^^^^^^^^^^^^^^^^^^^^^^^^^^^^^^^^^^^^^^
  File "/home/airflow/.local/lib/python3.12/site-packages/airflow/cli/commands/task_command.py", line 256, in _run_task_by_selected_method
    return _run_raw_task(args, ti)
           ^^^^^^^^^^^^^^^^^^^^^^^
  File "/home/airflow/.local/lib/python3.12/site-packages/airflow/cli/commands/task_command.py", line 341, in _run_raw_task
    return ti._run_raw_task(
           ^^^^^^^^^^^^^^^^^
  File "/home/airflow/.local/lib/python3.12/site-packages/airflow/utils/session.py", line 97, in wrapper
    return func(*args, session=session, **kwargs)
           ^^^^^^^^^^^^^^^^^^^^^^^^^^^^^^^^^^^^^^
  File "/home/airflow/.local/lib/python3.12/site-packages/airflow/models/taskinstance.py", line 3004, in _run_raw_task
    return _run_raw_task(
           ^^^^^^^^^^^^^^
  File "/home/airflow/.local/lib/python3.12/site-packages/airflow/models/taskinstance.py", line 273, in _run_raw_task
    TaskInstance._execute_task_with_callbacks(
  File "/home/airflow/.local/lib/python3.12/site-packages/airflow/models/taskinstance.py", line 3158, in _execute_task_with_callbacks
    result = self._execute_task(context, task_orig)
             ^^^^^^^^^^^^^^^^^^^^^^^^^^^^^^^^^^^^^^
  File "/home/airflow/.local/lib/python3.12/site-packages/airflow/models/taskinstance.py", line 3182, in _execute_task
    return _execute_task(self, context, task_orig)
           ^^^^^^^^^^^^^^^^^^^^^^^^^^^^^^^^^^^^^^^
  File "/home/airflow/.local/lib/python3.12/site-packages/airflow/models/taskinstance.py", line 767, in _execute_task
    result = _execute_callable(context=context, **execute_callable_kwargs)
             ^^^^^^^^^^^^^^^^^^^^^^^^^^^^^^^^^^^^^^^^^^^^^^^^^^^^^^^^^^^^^
  File "/home/airflow/.local/lib/python3.12/site-packages/airflow/models/taskinstance.py", line 733, in _execute_callable
    return ExecutionCallableRunner(
           ^^^^^^^^^^^^^^^^^^^^^^^^
  File "/home/airflow/.local/lib/python3.12/site-packages/airflow/utils/operator_helpers.py", line 252, in run
    return self.func(*args, **kwargs)
           ^^^^^^^^^^^^^^^^^^^^^^^^^^
  File "/home/airflow/.local/lib/python3.12/site-packages/airflow/models/baseoperator.py", line 406, in wrapper
    return func(self, *args, **kwargs)
           ^^^^^^^^^^^^^^^^^^^^^^^^^^^
  File "/home/airflow/.local/lib/python3.12/site-packages/airflow/providers/apache/spark/operators/spark_submit.py", line 174, in execute
    self._hook.submit(self.application)
  File "/home/airflow/.local/lib/python3.12/site-packages/airflow/providers/apache/spark/hooks/spark_submit.py", line 502, in submit
    raise AirflowException(
airflow.exceptions.AirflowException: Cannot execute: spark-submit --master spark-master:7077 --name arrow-spark --queue YARN --deploy-mode client ./spark/count_accidents.py. Error code is: 1.
[2024-10-14T09:04:12.366+0000] {local_task_job_runner.py:266} INFO - Task exited with return code 1
[2024-10-14T09:04:12.383+0000] {taskinstance.py:3900} INFO - 0 downstream tasks scheduled from follow-on schedule check
[2024-10-14T09:04:12.384+0000] {local_task_job_runner.py:245} INFO - ::endgroup::
