[2024-10-14T09:17:17.474+0000] {local_task_job_runner.py:123} INFO - ::group::Pre task execution logs
[2024-10-14T09:17:17.486+0000] {taskinstance.py:2612} INFO - Dependencies all met for dep_context=non-requeueable deps ti=<TaskInstance: count_accidents.spark_count_number_of_accidents manual__2024-10-14T09:17:16.023760+00:00 [queued]>
[2024-10-14T09:17:17.490+0000] {taskinstance.py:2612} INFO - Dependencies all met for dep_context=requeueable deps ti=<TaskInstance: count_accidents.spark_count_number_of_accidents manual__2024-10-14T09:17:16.023760+00:00 [queued]>
[2024-10-14T09:17:17.491+0000] {taskinstance.py:2865} INFO - Starting attempt 1 of 1
[2024-10-14T09:17:17.497+0000] {taskinstance.py:2888} INFO - Executing <Task(SparkSubmitOperator): spark_count_number_of_accidents> on 2024-10-14 09:17:16.023760+00:00
[2024-10-14T09:17:17.501+0000] {warnings.py:112} WARNING - /home/airflow/.local/lib/python3.12/site-packages/airflow/task/task_runner/standard_task_runner.py:70: DeprecationWarning: This process (pid=2593) is multi-threaded, use of fork() may lead to deadlocks in the child.
  pid = os.fork()

[2024-10-14T09:17:17.501+0000] {standard_task_runner.py:72} INFO - Started process 2595 to run task
[2024-10-14T09:17:17.503+0000] {standard_task_runner.py:104} INFO - Running: ['airflow', 'tasks', 'run', 'count_accidents', 'spark_count_number_of_accidents', 'manual__2024-10-14T09:17:16.023760+00:00', '--job-id', '334', '--raw', '--subdir', 'DAGS_FOLDER/count_accidents_dag.py', '--cfg-path', '/tmp/tmp_9pcuehl']
[2024-10-14T09:17:17.504+0000] {standard_task_runner.py:105} INFO - Job 334: Subtask spark_count_number_of_accidents
[2024-10-14T09:17:17.539+0000] {task_command.py:467} INFO - Running <TaskInstance: count_accidents.spark_count_number_of_accidents manual__2024-10-14T09:17:16.023760+00:00 [running]> on host 14eb9bd36bc1
[2024-10-14T09:17:17.592+0000] {taskinstance.py:3131} INFO - Exporting env vars: AIRFLOW_CTX_DAG_OWNER='airflow' AIRFLOW_CTX_DAG_ID='count_accidents' AIRFLOW_CTX_TASK_ID='spark_count_number_of_accidents' AIRFLOW_CTX_EXECUTION_DATE='2024-10-14T09:17:16.023760+00:00' AIRFLOW_CTX_TRY_NUMBER='1' AIRFLOW_CTX_DAG_RUN_ID='manual__2024-10-14T09:17:16.023760+00:00'
[2024-10-14T09:17:17.594+0000] {logging_mixin.py:190} INFO - Task instance is in running state
[2024-10-14T09:17:17.594+0000] {logging_mixin.py:190} INFO -  Previous state of the Task instance: queued
[2024-10-14T09:17:17.594+0000] {logging_mixin.py:190} INFO - Current task name:spark_count_number_of_accidents state:running start_date:2024-10-14 09:17:17.487006+00:00
[2024-10-14T09:17:17.594+0000] {logging_mixin.py:190} INFO - Dag name:count_accidents and current dag run status:running
[2024-10-14T09:17:17.595+0000] {taskinstance.py:731} INFO - ::endgroup::
[2024-10-14T09:17:17.600+0000] {base.py:84} INFO - Retrieving connection 'spark'
[2024-10-14T09:17:17.602+0000] {spark_submit.py:401} INFO - Spark-Submit cmd: spark-submit --master spark://master:7077 --name arrow-spark --queue YARN --deploy-mode client ./spark/count_accidents.py
[2024-10-14T09:17:19.226+0000] {spark_submit.py:571} INFO - 24/10/14 09:17:19 INFO SparkContext: Running Spark version 3.5.3
[2024-10-14T09:17:19.228+0000] {spark_submit.py:571} INFO - 24/10/14 09:17:19 INFO SparkContext: OS info Linux, 6.6.32-linuxkit, aarch64
[2024-10-14T09:17:19.228+0000] {spark_submit.py:571} INFO - 24/10/14 09:17:19 INFO SparkContext: Java version 17.0.12
[2024-10-14T09:17:19.255+0000] {spark_submit.py:571} INFO - 24/10/14 09:17:19 WARN NativeCodeLoader: Unable to load native-hadoop library for your platform... using builtin-java classes where applicable
[2024-10-14T09:17:19.297+0000] {spark_submit.py:571} INFO - 24/10/14 09:17:19 INFO ResourceUtils: ==============================================================
[2024-10-14T09:17:19.297+0000] {spark_submit.py:571} INFO - 24/10/14 09:17:19 INFO ResourceUtils: No custom resources configured for spark.driver.
[2024-10-14T09:17:19.297+0000] {spark_submit.py:571} INFO - 24/10/14 09:17:19 INFO ResourceUtils: ==============================================================
[2024-10-14T09:17:19.298+0000] {spark_submit.py:571} INFO - 24/10/14 09:17:19 INFO SparkContext: Submitted application: CountAccidents
[2024-10-14T09:17:19.307+0000] {spark_submit.py:571} INFO - 24/10/14 09:17:19 INFO ResourceProfile: Default ResourceProfile created, executor resources: Map(memory -> name: memory, amount: 1024, script: , vendor: , offHeap -> name: offHeap, amount: 0, script: , vendor: ), task resources: Map(cpus -> name: cpus, amount: 1.0)
[2024-10-14T09:17:19.311+0000] {spark_submit.py:571} INFO - 24/10/14 09:17:19 INFO ResourceProfile: Limiting resource is cpu
[2024-10-14T09:17:19.312+0000] {spark_submit.py:571} INFO - 24/10/14 09:17:19 INFO ResourceProfileManager: Added ResourceProfile id: 0
[2024-10-14T09:17:19.336+0000] {spark_submit.py:571} INFO - 24/10/14 09:17:19 INFO SecurityManager: Changing view acls to: default
[2024-10-14T09:17:19.336+0000] {spark_submit.py:571} INFO - 24/10/14 09:17:19 INFO SecurityManager: Changing modify acls to: default
[2024-10-14T09:17:19.336+0000] {spark_submit.py:571} INFO - 24/10/14 09:17:19 INFO SecurityManager: Changing view acls groups to:
[2024-10-14T09:17:19.337+0000] {spark_submit.py:571} INFO - 24/10/14 09:17:19 INFO SecurityManager: Changing modify acls groups to:
[2024-10-14T09:17:19.337+0000] {spark_submit.py:571} INFO - 24/10/14 09:17:19 INFO SecurityManager: SecurityManager: authentication disabled; ui acls disabled; users with view permissions: default; groups with view permissions: EMPTY; users with modify permissions: default; groups with modify permissions: EMPTY
[2024-10-14T09:17:19.437+0000] {spark_submit.py:571} INFO - 24/10/14 09:17:19 INFO Utils: Successfully started service 'sparkDriver' on port 37315.
[2024-10-14T09:17:19.451+0000] {spark_submit.py:571} INFO - 24/10/14 09:17:19 INFO SparkEnv: Registering MapOutputTracker
[2024-10-14T09:17:19.468+0000] {spark_submit.py:571} INFO - 24/10/14 09:17:19 INFO SparkEnv: Registering BlockManagerMaster
[2024-10-14T09:17:19.477+0000] {spark_submit.py:571} INFO - 24/10/14 09:17:19 INFO BlockManagerMasterEndpoint: Using org.apache.spark.storage.DefaultTopologyMapper for getting topology information
[2024-10-14T09:17:19.477+0000] {spark_submit.py:571} INFO - 24/10/14 09:17:19 INFO BlockManagerMasterEndpoint: BlockManagerMasterEndpoint up
[2024-10-14T09:17:19.479+0000] {spark_submit.py:571} INFO - 24/10/14 09:17:19 INFO SparkEnv: Registering BlockManagerMasterHeartbeat
[2024-10-14T09:17:19.491+0000] {spark_submit.py:571} INFO - 24/10/14 09:17:19 INFO DiskBlockManager: Created local directory at /tmp/blockmgr-31cf31ed-b8c2-480c-9a30-7107e80aeaf3
[2024-10-14T09:17:19.498+0000] {spark_submit.py:571} INFO - 24/10/14 09:17:19 INFO MemoryStore: MemoryStore started with capacity 434.4 MiB
[2024-10-14T09:17:19.506+0000] {spark_submit.py:571} INFO - 24/10/14 09:17:19 INFO SparkEnv: Registering OutputCommitCoordinator
[2024-10-14T09:17:19.562+0000] {spark_submit.py:571} INFO - 24/10/14 09:17:19 INFO JettyUtils: Start Jetty 0.0.0.0:4040 for SparkUI
[2024-10-14T09:17:19.605+0000] {spark_submit.py:571} INFO - 24/10/14 09:17:19 INFO Utils: Successfully started service 'SparkUI' on port 4040.
[2024-10-14T09:17:19.664+0000] {spark_submit.py:571} INFO - 24/10/14 09:17:19 INFO StandaloneAppClient$ClientEndpoint: Connecting to master spark://master:7077...
[2024-10-14T09:17:19.749+0000] {spark_submit.py:571} INFO - 24/10/14 09:17:19 WARN StandaloneAppClient$ClientEndpoint: Failed to connect to master master:7077
[2024-10-14T09:17:19.749+0000] {spark_submit.py:571} INFO - org.apache.spark.SparkException: Exception thrown in awaitResult:
[2024-10-14T09:17:19.750+0000] {spark_submit.py:571} INFO - at org.apache.spark.util.SparkThreadUtils$.awaitResult(SparkThreadUtils.scala:56)
[2024-10-14T09:17:19.750+0000] {spark_submit.py:571} INFO - at org.apache.spark.util.ThreadUtils$.awaitResult(ThreadUtils.scala:310)
[2024-10-14T09:17:19.751+0000] {spark_submit.py:571} INFO - at org.apache.spark.rpc.RpcTimeout.awaitResult(RpcTimeout.scala:75)
[2024-10-14T09:17:19.751+0000] {spark_submit.py:571} INFO - at org.apache.spark.rpc.RpcEnv.setupEndpointRefByURI(RpcEnv.scala:102)
[2024-10-14T09:17:19.751+0000] {spark_submit.py:571} INFO - at org.apache.spark.rpc.RpcEnv.setupEndpointRef(RpcEnv.scala:110)
[2024-10-14T09:17:19.751+0000] {spark_submit.py:571} INFO - at org.apache.spark.deploy.client.StandaloneAppClient$ClientEndpoint$$anon$1.run(StandaloneAppClient.scala:108)
[2024-10-14T09:17:19.752+0000] {spark_submit.py:571} INFO - at java.base/java.util.concurrent.Executors$RunnableAdapter.call(Executors.java:539)
[2024-10-14T09:17:19.752+0000] {spark_submit.py:571} INFO - at java.base/java.util.concurrent.FutureTask.run(FutureTask.java:264)
[2024-10-14T09:17:19.752+0000] {spark_submit.py:571} INFO - at java.base/java.util.concurrent.ThreadPoolExecutor.runWorker(ThreadPoolExecutor.java:1136)
[2024-10-14T09:17:19.752+0000] {spark_submit.py:571} INFO - at java.base/java.util.concurrent.ThreadPoolExecutor$Worker.run(ThreadPoolExecutor.java:635)
[2024-10-14T09:17:19.752+0000] {spark_submit.py:571} INFO - at java.base/java.lang.Thread.run(Thread.java:840)
[2024-10-14T09:17:19.752+0000] {spark_submit.py:571} INFO - Caused by: java.io.IOException: Failed to connect to master/<unresolved>:7077
[2024-10-14T09:17:19.753+0000] {spark_submit.py:571} INFO - at org.apache.spark.network.client.TransportClientFactory.createClient(TransportClientFactory.java:294)
[2024-10-14T09:17:19.753+0000] {spark_submit.py:571} INFO - at org.apache.spark.network.client.TransportClientFactory.createClient(TransportClientFactory.java:214)
[2024-10-14T09:17:19.753+0000] {spark_submit.py:571} INFO - at org.apache.spark.network.client.TransportClientFactory.createClient(TransportClientFactory.java:226)
[2024-10-14T09:17:19.753+0000] {spark_submit.py:571} INFO - at org.apache.spark.rpc.netty.NettyRpcEnv.createClient(NettyRpcEnv.scala:204)
[2024-10-14T09:17:19.753+0000] {spark_submit.py:571} INFO - at org.apache.spark.rpc.netty.Outbox$$anon$1.call(Outbox.scala:202)
[2024-10-14T09:17:19.753+0000] {spark_submit.py:571} INFO - at org.apache.spark.rpc.netty.Outbox$$anon$1.call(Outbox.scala:198)
[2024-10-14T09:17:19.753+0000] {spark_submit.py:571} INFO - ... 4 more
[2024-10-14T09:17:19.753+0000] {spark_submit.py:571} INFO - Caused by: java.net.UnknownHostException: master
[2024-10-14T09:17:19.754+0000] {spark_submit.py:571} INFO - at java.base/java.net.InetAddress$CachedAddresses.get(InetAddress.java:801)
[2024-10-14T09:17:19.754+0000] {spark_submit.py:571} INFO - at java.base/java.net.InetAddress.getAllByName0(InetAddress.java:1533)
[2024-10-14T09:17:19.754+0000] {spark_submit.py:571} INFO - at java.base/java.net.InetAddress.getAllByName(InetAddress.java:1385)
[2024-10-14T09:17:19.754+0000] {spark_submit.py:571} INFO - at java.base/java.net.InetAddress.getAllByName(InetAddress.java:1306)
[2024-10-14T09:17:19.754+0000] {spark_submit.py:571} INFO - at java.base/java.net.InetAddress.getByName(InetAddress.java:1256)
[2024-10-14T09:17:19.754+0000] {spark_submit.py:571} INFO - at io.netty.util.internal.SocketUtils$8.run(SocketUtils.java:156)
[2024-10-14T09:17:19.755+0000] {spark_submit.py:571} INFO - at io.netty.util.internal.SocketUtils$8.run(SocketUtils.java:153)
[2024-10-14T09:17:19.755+0000] {spark_submit.py:571} INFO - at java.base/java.security.AccessController.doPrivileged(AccessController.java:569)
[2024-10-14T09:17:19.755+0000] {spark_submit.py:571} INFO - at io.netty.util.internal.SocketUtils.addressByName(SocketUtils.java:153)
[2024-10-14T09:17:19.755+0000] {spark_submit.py:571} INFO - at io.netty.resolver.DefaultNameResolver.doResolve(DefaultNameResolver.java:41)
[2024-10-14T09:17:19.755+0000] {spark_submit.py:571} INFO - at io.netty.resolver.SimpleNameResolver.resolve(SimpleNameResolver.java:61)
[2024-10-14T09:17:19.755+0000] {spark_submit.py:571} INFO - at io.netty.resolver.SimpleNameResolver.resolve(SimpleNameResolver.java:53)
[2024-10-14T09:17:19.755+0000] {spark_submit.py:571} INFO - at io.netty.resolver.InetSocketAddressResolver.doResolve(InetSocketAddressResolver.java:55)
[2024-10-14T09:17:19.755+0000] {spark_submit.py:571} INFO - at io.netty.resolver.InetSocketAddressResolver.doResolve(InetSocketAddressResolver.java:31)
[2024-10-14T09:17:19.756+0000] {spark_submit.py:571} INFO - at io.netty.resolver.AbstractAddressResolver.resolve(AbstractAddressResolver.java:106)
[2024-10-14T09:17:19.756+0000] {spark_submit.py:571} INFO - at io.netty.bootstrap.Bootstrap.doResolveAndConnect0(Bootstrap.java:220)
[2024-10-14T09:17:19.756+0000] {spark_submit.py:571} INFO - at io.netty.bootstrap.Bootstrap.access$000(Bootstrap.java:46)
[2024-10-14T09:17:19.756+0000] {spark_submit.py:571} INFO - at io.netty.bootstrap.Bootstrap$1.operationComplete(Bootstrap.java:189)
[2024-10-14T09:17:19.756+0000] {spark_submit.py:571} INFO - at io.netty.bootstrap.Bootstrap$1.operationComplete(Bootstrap.java:175)
[2024-10-14T09:17:19.757+0000] {spark_submit.py:571} INFO - at io.netty.util.concurrent.DefaultPromise.notifyListener0(DefaultPromise.java:590)
[2024-10-14T09:17:19.757+0000] {spark_submit.py:571} INFO - at io.netty.util.concurrent.DefaultPromise.notifyListenersNow(DefaultPromise.java:557)
[2024-10-14T09:17:19.757+0000] {spark_submit.py:571} INFO - at io.netty.util.concurrent.DefaultPromise.notifyListeners(DefaultPromise.java:492)
[2024-10-14T09:17:19.757+0000] {spark_submit.py:571} INFO - at io.netty.util.concurrent.DefaultPromise.setValue0(DefaultPromise.java:636)
[2024-10-14T09:17:19.757+0000] {spark_submit.py:571} INFO - at io.netty.util.concurrent.DefaultPromise.setSuccess0(DefaultPromise.java:625)
[2024-10-14T09:17:19.758+0000] {spark_submit.py:571} INFO - at io.netty.util.concurrent.DefaultPromise.trySuccess(DefaultPromise.java:105)
[2024-10-14T09:17:19.758+0000] {spark_submit.py:571} INFO - at io.netty.channel.DefaultChannelPromise.trySuccess(DefaultChannelPromise.java:84)
[2024-10-14T09:17:19.758+0000] {spark_submit.py:571} INFO - at io.netty.channel.AbstractChannel$AbstractUnsafe.safeSetSuccess(AbstractChannel.java:990)
[2024-10-14T09:17:19.758+0000] {spark_submit.py:571} INFO - at io.netty.channel.AbstractChannel$AbstractUnsafe.register0(AbstractChannel.java:516)
[2024-10-14T09:17:19.758+0000] {spark_submit.py:571} INFO - at io.netty.channel.AbstractChannel$AbstractUnsafe.access$200(AbstractChannel.java:429)
[2024-10-14T09:17:19.758+0000] {spark_submit.py:571} INFO - at io.netty.channel.AbstractChannel$AbstractUnsafe$1.run(AbstractChannel.java:486)
[2024-10-14T09:17:19.759+0000] {spark_submit.py:571} INFO - at io.netty.util.concurrent.AbstractEventExecutor.runTask(AbstractEventExecutor.java:174)
[2024-10-14T09:17:19.759+0000] {spark_submit.py:571} INFO - at io.netty.util.concurrent.AbstractEventExecutor.safeExecute(AbstractEventExecutor.java:167)
[2024-10-14T09:17:19.759+0000] {spark_submit.py:571} INFO - at io.netty.util.concurrent.SingleThreadEventExecutor.runAllTasks(SingleThreadEventExecutor.java:470)
[2024-10-14T09:17:19.759+0000] {spark_submit.py:571} INFO - at io.netty.channel.nio.NioEventLoop.run(NioEventLoop.java:569)
[2024-10-14T09:17:19.759+0000] {spark_submit.py:571} INFO - at io.netty.util.concurrent.SingleThreadEventExecutor$4.run(SingleThreadEventExecutor.java:997)
[2024-10-14T09:17:19.759+0000] {spark_submit.py:571} INFO - at io.netty.util.internal.ThreadExecutorMap$2.run(ThreadExecutorMap.java:74)
[2024-10-14T09:17:19.760+0000] {spark_submit.py:571} INFO - at io.netty.util.concurrent.FastThreadLocalRunnable.run(FastThreadLocalRunnable.java:30)
[2024-10-14T09:17:19.760+0000] {spark_submit.py:571} INFO - ... 1 more
[2024-10-14T09:17:39.672+0000] {spark_submit.py:571} INFO - 24/10/14 09:17:39 INFO StandaloneAppClient$ClientEndpoint: Connecting to master spark://master:7077...
[2024-10-14T09:17:39.687+0000] {spark_submit.py:571} INFO - 24/10/14 09:17:39 WARN StandaloneAppClient$ClientEndpoint: Failed to connect to master master:7077
[2024-10-14T09:17:39.688+0000] {spark_submit.py:571} INFO - org.apache.spark.SparkException: Exception thrown in awaitResult:
[2024-10-14T09:17:39.689+0000] {spark_submit.py:571} INFO - at org.apache.spark.util.SparkThreadUtils$.awaitResult(SparkThreadUtils.scala:56)
[2024-10-14T09:17:39.689+0000] {spark_submit.py:571} INFO - at org.apache.spark.util.ThreadUtils$.awaitResult(ThreadUtils.scala:310)
[2024-10-14T09:17:39.689+0000] {spark_submit.py:571} INFO - at org.apache.spark.rpc.RpcTimeout.awaitResult(RpcTimeout.scala:75)
[2024-10-14T09:17:39.690+0000] {spark_submit.py:571} INFO - at org.apache.spark.rpc.RpcEnv.setupEndpointRefByURI(RpcEnv.scala:102)
[2024-10-14T09:17:39.690+0000] {spark_submit.py:571} INFO - at org.apache.spark.rpc.RpcEnv.setupEndpointRef(RpcEnv.scala:110)
[2024-10-14T09:17:39.690+0000] {spark_submit.py:571} INFO - at org.apache.spark.deploy.client.StandaloneAppClient$ClientEndpoint$$anon$1.run(StandaloneAppClient.scala:108)
[2024-10-14T09:17:39.691+0000] {spark_submit.py:571} INFO - at java.base/java.util.concurrent.Executors$RunnableAdapter.call(Executors.java:539)
[2024-10-14T09:17:39.691+0000] {spark_submit.py:571} INFO - at java.base/java.util.concurrent.FutureTask.run(FutureTask.java:264)
[2024-10-14T09:17:39.691+0000] {spark_submit.py:571} INFO - at java.base/java.util.concurrent.ThreadPoolExecutor.runWorker(ThreadPoolExecutor.java:1136)
[2024-10-14T09:17:39.691+0000] {spark_submit.py:571} INFO - at java.base/java.util.concurrent.ThreadPoolExecutor$Worker.run(ThreadPoolExecutor.java:635)
[2024-10-14T09:17:39.692+0000] {spark_submit.py:571} INFO - at java.base/java.lang.Thread.run(Thread.java:840)
[2024-10-14T09:17:39.692+0000] {spark_submit.py:571} INFO - Caused by: java.io.IOException: Failed to connect to master/<unresolved>:7077
[2024-10-14T09:17:39.692+0000] {spark_submit.py:571} INFO - at org.apache.spark.network.client.TransportClientFactory.createClient(TransportClientFactory.java:294)
[2024-10-14T09:17:39.692+0000] {spark_submit.py:571} INFO - at org.apache.spark.network.client.TransportClientFactory.createClient(TransportClientFactory.java:214)
[2024-10-14T09:17:39.693+0000] {spark_submit.py:571} INFO - at org.apache.spark.network.client.TransportClientFactory.createClient(TransportClientFactory.java:226)
[2024-10-14T09:17:39.693+0000] {spark_submit.py:571} INFO - at org.apache.spark.rpc.netty.NettyRpcEnv.createClient(NettyRpcEnv.scala:204)
[2024-10-14T09:17:39.693+0000] {spark_submit.py:571} INFO - at org.apache.spark.rpc.netty.Outbox$$anon$1.call(Outbox.scala:202)
[2024-10-14T09:17:39.693+0000] {spark_submit.py:571} INFO - at org.apache.spark.rpc.netty.Outbox$$anon$1.call(Outbox.scala:198)
[2024-10-14T09:17:39.694+0000] {spark_submit.py:571} INFO - ... 4 more
[2024-10-14T09:17:39.694+0000] {spark_submit.py:571} INFO - Caused by: java.net.UnknownHostException: master
[2024-10-14T09:17:39.694+0000] {spark_submit.py:571} INFO - at java.base/java.net.InetAddress$CachedAddresses.get(InetAddress.java:801)
[2024-10-14T09:17:39.694+0000] {spark_submit.py:571} INFO - at java.base/java.net.InetAddress.getAllByName0(InetAddress.java:1533)
[2024-10-14T09:17:39.695+0000] {spark_submit.py:571} INFO - at java.base/java.net.InetAddress.getAllByName(InetAddress.java:1385)
[2024-10-14T09:17:39.695+0000] {spark_submit.py:571} INFO - at java.base/java.net.InetAddress.getAllByName(InetAddress.java:1306)
[2024-10-14T09:17:39.695+0000] {spark_submit.py:571} INFO - at java.base/java.net.InetAddress.getByName(InetAddress.java:1256)
[2024-10-14T09:17:39.695+0000] {spark_submit.py:571} INFO - at io.netty.util.internal.SocketUtils$8.run(SocketUtils.java:156)
[2024-10-14T09:17:39.696+0000] {spark_submit.py:571} INFO - at io.netty.util.internal.SocketUtils$8.run(SocketUtils.java:153)
[2024-10-14T09:17:39.696+0000] {spark_submit.py:571} INFO - at java.base/java.security.AccessController.doPrivileged(AccessController.java:569)
[2024-10-14T09:17:39.696+0000] {spark_submit.py:571} INFO - at io.netty.util.internal.SocketUtils.addressByName(SocketUtils.java:153)
[2024-10-14T09:17:39.696+0000] {spark_submit.py:571} INFO - at io.netty.resolver.DefaultNameResolver.doResolve(DefaultNameResolver.java:41)
[2024-10-14T09:17:39.697+0000] {spark_submit.py:571} INFO - at io.netty.resolver.SimpleNameResolver.resolve(SimpleNameResolver.java:61)
[2024-10-14T09:17:39.697+0000] {spark_submit.py:571} INFO - at io.netty.resolver.SimpleNameResolver.resolve(SimpleNameResolver.java:53)
[2024-10-14T09:17:39.697+0000] {spark_submit.py:571} INFO - at io.netty.resolver.InetSocketAddressResolver.doResolve(InetSocketAddressResolver.java:55)
[2024-10-14T09:17:39.697+0000] {spark_submit.py:571} INFO - at io.netty.resolver.InetSocketAddressResolver.doResolve(InetSocketAddressResolver.java:31)
[2024-10-14T09:17:39.698+0000] {spark_submit.py:571} INFO - at io.netty.resolver.AbstractAddressResolver.resolve(AbstractAddressResolver.java:106)
[2024-10-14T09:17:39.698+0000] {spark_submit.py:571} INFO - at io.netty.bootstrap.Bootstrap.doResolveAndConnect0(Bootstrap.java:220)
[2024-10-14T09:17:39.698+0000] {spark_submit.py:571} INFO - at io.netty.bootstrap.Bootstrap.access$000(Bootstrap.java:46)
[2024-10-14T09:17:39.698+0000] {spark_submit.py:571} INFO - at io.netty.bootstrap.Bootstrap$1.operationComplete(Bootstrap.java:189)
[2024-10-14T09:17:39.698+0000] {spark_submit.py:571} INFO - at io.netty.bootstrap.Bootstrap$1.operationComplete(Bootstrap.java:175)
[2024-10-14T09:17:39.698+0000] {spark_submit.py:571} INFO - at io.netty.util.concurrent.DefaultPromise.notifyListener0(DefaultPromise.java:590)
[2024-10-14T09:17:39.699+0000] {spark_submit.py:571} INFO - at io.netty.util.concurrent.DefaultPromise.notifyListenersNow(DefaultPromise.java:557)
[2024-10-14T09:17:39.699+0000] {spark_submit.py:571} INFO - at io.netty.util.concurrent.DefaultPromise.notifyListeners(DefaultPromise.java:492)
[2024-10-14T09:17:39.699+0000] {spark_submit.py:571} INFO - at io.netty.util.concurrent.DefaultPromise.setValue0(DefaultPromise.java:636)
[2024-10-14T09:17:39.699+0000] {spark_submit.py:571} INFO - at io.netty.util.concurrent.DefaultPromise.setSuccess0(DefaultPromise.java:625)
[2024-10-14T09:17:39.699+0000] {spark_submit.py:571} INFO - at io.netty.util.concurrent.DefaultPromise.trySuccess(DefaultPromise.java:105)
[2024-10-14T09:17:39.699+0000] {spark_submit.py:571} INFO - at io.netty.channel.DefaultChannelPromise.trySuccess(DefaultChannelPromise.java:84)
[2024-10-14T09:17:39.699+0000] {spark_submit.py:571} INFO - at io.netty.channel.AbstractChannel$AbstractUnsafe.safeSetSuccess(AbstractChannel.java:990)
[2024-10-14T09:17:39.700+0000] {spark_submit.py:571} INFO - at io.netty.channel.AbstractChannel$AbstractUnsafe.register0(AbstractChannel.java:516)
[2024-10-14T09:17:39.700+0000] {spark_submit.py:571} INFO - at io.netty.channel.AbstractChannel$AbstractUnsafe.access$200(AbstractChannel.java:429)
[2024-10-14T09:17:39.700+0000] {spark_submit.py:571} INFO - at io.netty.channel.AbstractChannel$AbstractUnsafe$1.run(AbstractChannel.java:486)
[2024-10-14T09:17:39.700+0000] {spark_submit.py:571} INFO - at io.netty.util.concurrent.AbstractEventExecutor.runTask(AbstractEventExecutor.java:174)
[2024-10-14T09:17:39.700+0000] {spark_submit.py:571} INFO - at io.netty.util.concurrent.AbstractEventExecutor.safeExecute(AbstractEventExecutor.java:167)
[2024-10-14T09:17:39.700+0000] {spark_submit.py:571} INFO - at io.netty.util.concurrent.SingleThreadEventExecutor.runAllTasks(SingleThreadEventExecutor.java:470)
[2024-10-14T09:17:39.701+0000] {spark_submit.py:571} INFO - at io.netty.channel.nio.NioEventLoop.run(NioEventLoop.java:569)
[2024-10-14T09:17:39.701+0000] {spark_submit.py:571} INFO - at io.netty.util.concurrent.SingleThreadEventExecutor$4.run(SingleThreadEventExecutor.java:997)
[2024-10-14T09:17:39.701+0000] {spark_submit.py:571} INFO - at io.netty.util.internal.ThreadExecutorMap$2.run(ThreadExecutorMap.java:74)
[2024-10-14T09:17:39.701+0000] {spark_submit.py:571} INFO - at io.netty.util.concurrent.FastThreadLocalRunnable.run(FastThreadLocalRunnable.java:30)
[2024-10-14T09:17:39.701+0000] {spark_submit.py:571} INFO - ... 1 more
[2024-10-14T09:17:59.677+0000] {spark_submit.py:571} INFO - 24/10/14 09:17:59 INFO StandaloneAppClient$ClientEndpoint: Connecting to master spark://master:7077...
[2024-10-14T09:17:59.692+0000] {spark_submit.py:571} INFO - 24/10/14 09:17:59 WARN StandaloneAppClient$ClientEndpoint: Failed to connect to master master:7077
[2024-10-14T09:17:59.693+0000] {spark_submit.py:571} INFO - org.apache.spark.SparkException: Exception thrown in awaitResult:
[2024-10-14T09:17:59.693+0000] {spark_submit.py:571} INFO - at org.apache.spark.util.SparkThreadUtils$.awaitResult(SparkThreadUtils.scala:56)
[2024-10-14T09:17:59.694+0000] {spark_submit.py:571} INFO - at org.apache.spark.util.ThreadUtils$.awaitResult(ThreadUtils.scala:310)
[2024-10-14T09:17:59.695+0000] {spark_submit.py:571} INFO - at org.apache.spark.rpc.RpcTimeout.awaitResult(RpcTimeout.scala:75)
[2024-10-14T09:17:59.695+0000] {spark_submit.py:571} INFO - at org.apache.spark.rpc.RpcEnv.setupEndpointRefByURI(RpcEnv.scala:102)
[2024-10-14T09:17:59.696+0000] {spark_submit.py:571} INFO - at org.apache.spark.rpc.RpcEnv.setupEndpointRef(RpcEnv.scala:110)
[2024-10-14T09:17:59.696+0000] {spark_submit.py:571} INFO - at org.apache.spark.deploy.client.StandaloneAppClient$ClientEndpoint$$anon$1.run(StandaloneAppClient.scala:108)
[2024-10-14T09:17:59.696+0000] {spark_submit.py:571} INFO - at java.base/java.util.concurrent.Executors$RunnableAdapter.call(Executors.java:539)
[2024-10-14T09:17:59.696+0000] {spark_submit.py:571} INFO - at java.base/java.util.concurrent.FutureTask.run(FutureTask.java:264)
[2024-10-14T09:17:59.697+0000] {spark_submit.py:571} INFO - at java.base/java.util.concurrent.ThreadPoolExecutor.runWorker(ThreadPoolExecutor.java:1136)
[2024-10-14T09:17:59.697+0000] {spark_submit.py:571} INFO - at java.base/java.util.concurrent.ThreadPoolExecutor$Worker.run(ThreadPoolExecutor.java:635)
[2024-10-14T09:17:59.697+0000] {spark_submit.py:571} INFO - at java.base/java.lang.Thread.run(Thread.java:840)
[2024-10-14T09:17:59.697+0000] {spark_submit.py:571} INFO - Caused by: java.io.IOException: Failed to connect to master/<unresolved>:7077
[2024-10-14T09:17:59.698+0000] {spark_submit.py:571} INFO - at org.apache.spark.network.client.TransportClientFactory.createClient(TransportClientFactory.java:294)
[2024-10-14T09:17:59.698+0000] {spark_submit.py:571} INFO - at org.apache.spark.network.client.TransportClientFactory.createClient(TransportClientFactory.java:214)
[2024-10-14T09:17:59.698+0000] {spark_submit.py:571} INFO - at org.apache.spark.network.client.TransportClientFactory.createClient(TransportClientFactory.java:226)
[2024-10-14T09:17:59.698+0000] {spark_submit.py:571} INFO - at org.apache.spark.rpc.netty.NettyRpcEnv.createClient(NettyRpcEnv.scala:204)
[2024-10-14T09:17:59.699+0000] {spark_submit.py:571} INFO - at org.apache.spark.rpc.netty.Outbox$$anon$1.call(Outbox.scala:202)
[2024-10-14T09:17:59.699+0000] {spark_submit.py:571} INFO - at org.apache.spark.rpc.netty.Outbox$$anon$1.call(Outbox.scala:198)
[2024-10-14T09:17:59.699+0000] {spark_submit.py:571} INFO - ... 4 more
[2024-10-14T09:17:59.699+0000] {spark_submit.py:571} INFO - Caused by: java.net.UnknownHostException: master
[2024-10-14T09:17:59.700+0000] {spark_submit.py:571} INFO - at java.base/java.net.InetAddress$CachedAddresses.get(InetAddress.java:801)
[2024-10-14T09:17:59.700+0000] {spark_submit.py:571} INFO - at java.base/java.net.InetAddress.getAllByName0(InetAddress.java:1533)
[2024-10-14T09:17:59.700+0000] {spark_submit.py:571} INFO - at java.base/java.net.InetAddress.getAllByName(InetAddress.java:1385)
[2024-10-14T09:17:59.700+0000] {spark_submit.py:571} INFO - at java.base/java.net.InetAddress.getAllByName(InetAddress.java:1306)
[2024-10-14T09:17:59.701+0000] {spark_submit.py:571} INFO - at java.base/java.net.InetAddress.getByName(InetAddress.java:1256)
[2024-10-14T09:17:59.701+0000] {spark_submit.py:571} INFO - at io.netty.util.internal.SocketUtils$8.run(SocketUtils.java:156)
[2024-10-14T09:17:59.701+0000] {spark_submit.py:571} INFO - at io.netty.util.internal.SocketUtils$8.run(SocketUtils.java:153)
[2024-10-14T09:17:59.701+0000] {spark_submit.py:571} INFO - at java.base/java.security.AccessController.doPrivileged(AccessController.java:569)
[2024-10-14T09:17:59.702+0000] {spark_submit.py:571} INFO - at io.netty.util.internal.SocketUtils.addressByName(SocketUtils.java:153)
[2024-10-14T09:17:59.702+0000] {spark_submit.py:571} INFO - at io.netty.resolver.DefaultNameResolver.doResolve(DefaultNameResolver.java:41)
[2024-10-14T09:17:59.702+0000] {spark_submit.py:571} INFO - at io.netty.resolver.SimpleNameResolver.resolve(SimpleNameResolver.java:61)
[2024-10-14T09:17:59.703+0000] {spark_submit.py:571} INFO - at io.netty.resolver.SimpleNameResolver.resolve(SimpleNameResolver.java:53)
[2024-10-14T09:17:59.703+0000] {spark_submit.py:571} INFO - at io.netty.resolver.InetSocketAddressResolver.doResolve(InetSocketAddressResolver.java:55)
[2024-10-14T09:17:59.703+0000] {spark_submit.py:571} INFO - at io.netty.resolver.InetSocketAddressResolver.doResolve(InetSocketAddressResolver.java:31)
[2024-10-14T09:17:59.703+0000] {spark_submit.py:571} INFO - at io.netty.resolver.AbstractAddressResolver.resolve(AbstractAddressResolver.java:106)
[2024-10-14T09:17:59.704+0000] {spark_submit.py:571} INFO - at io.netty.bootstrap.Bootstrap.doResolveAndConnect0(Bootstrap.java:220)
[2024-10-14T09:17:59.704+0000] {spark_submit.py:571} INFO - at io.netty.bootstrap.Bootstrap.access$000(Bootstrap.java:46)
[2024-10-14T09:17:59.704+0000] {spark_submit.py:571} INFO - at io.netty.bootstrap.Bootstrap$1.operationComplete(Bootstrap.java:189)
[2024-10-14T09:17:59.704+0000] {spark_submit.py:571} INFO - at io.netty.bootstrap.Bootstrap$1.operationComplete(Bootstrap.java:175)
[2024-10-14T09:17:59.704+0000] {spark_submit.py:571} INFO - at io.netty.util.concurrent.DefaultPromise.notifyListener0(DefaultPromise.java:590)
[2024-10-14T09:17:59.705+0000] {spark_submit.py:571} INFO - at io.netty.util.concurrent.DefaultPromise.notifyListenersNow(DefaultPromise.java:557)
[2024-10-14T09:17:59.705+0000] {spark_submit.py:571} INFO - at io.netty.util.concurrent.DefaultPromise.notifyListeners(DefaultPromise.java:492)
[2024-10-14T09:17:59.705+0000] {spark_submit.py:571} INFO - at io.netty.util.concurrent.DefaultPromise.setValue0(DefaultPromise.java:636)
[2024-10-14T09:17:59.705+0000] {spark_submit.py:571} INFO - at io.netty.util.concurrent.DefaultPromise.setSuccess0(DefaultPromise.java:625)
[2024-10-14T09:17:59.705+0000] {spark_submit.py:571} INFO - at io.netty.util.concurrent.DefaultPromise.trySuccess(DefaultPromise.java:105)
[2024-10-14T09:17:59.705+0000] {spark_submit.py:571} INFO - at io.netty.channel.DefaultChannelPromise.trySuccess(DefaultChannelPromise.java:84)
[2024-10-14T09:17:59.706+0000] {spark_submit.py:571} INFO - at io.netty.channel.AbstractChannel$AbstractUnsafe.safeSetSuccess(AbstractChannel.java:990)
[2024-10-14T09:17:59.706+0000] {spark_submit.py:571} INFO - at io.netty.channel.AbstractChannel$AbstractUnsafe.register0(AbstractChannel.java:516)
[2024-10-14T09:17:59.706+0000] {spark_submit.py:571} INFO - at io.netty.channel.AbstractChannel$AbstractUnsafe.access$200(AbstractChannel.java:429)
[2024-10-14T09:17:59.706+0000] {spark_submit.py:571} INFO - at io.netty.channel.AbstractChannel$AbstractUnsafe$1.run(AbstractChannel.java:486)
[2024-10-14T09:17:59.706+0000] {spark_submit.py:571} INFO - at io.netty.util.concurrent.AbstractEventExecutor.runTask(AbstractEventExecutor.java:174)
[2024-10-14T09:17:59.706+0000] {spark_submit.py:571} INFO - at io.netty.util.concurrent.AbstractEventExecutor.safeExecute(AbstractEventExecutor.java:167)
[2024-10-14T09:17:59.706+0000] {spark_submit.py:571} INFO - at io.netty.util.concurrent.SingleThreadEventExecutor.runAllTasks(SingleThreadEventExecutor.java:470)
[2024-10-14T09:17:59.707+0000] {spark_submit.py:571} INFO - at io.netty.channel.nio.NioEventLoop.run(NioEventLoop.java:569)
[2024-10-14T09:17:59.707+0000] {spark_submit.py:571} INFO - at io.netty.util.concurrent.SingleThreadEventExecutor$4.run(SingleThreadEventExecutor.java:997)
[2024-10-14T09:17:59.707+0000] {spark_submit.py:571} INFO - at io.netty.util.internal.ThreadExecutorMap$2.run(ThreadExecutorMap.java:74)
[2024-10-14T09:17:59.707+0000] {spark_submit.py:571} INFO - at io.netty.util.concurrent.FastThreadLocalRunnable.run(FastThreadLocalRunnable.java:30)
[2024-10-14T09:17:59.707+0000] {spark_submit.py:571} INFO - ... 1 more
[2024-10-14T09:18:19.684+0000] {spark_submit.py:571} INFO - 24/10/14 09:18:19 ERROR StandaloneSchedulerBackend: Application has been killed. Reason: All masters are unresponsive! Giving up.
[2024-10-14T09:18:19.686+0000] {spark_submit.py:571} INFO - 24/10/14 09:18:19 WARN StandaloneSchedulerBackend: Application ID is not initialized yet.
[2024-10-14T09:18:19.703+0000] {spark_submit.py:571} INFO - 24/10/14 09:18:19 INFO Utils: Successfully started service 'org.apache.spark.network.netty.NettyBlockTransferService' on port 41017.
[2024-10-14T09:18:19.704+0000] {spark_submit.py:571} INFO - 24/10/14 09:18:19 INFO NettyBlockTransferService: Server created on 14eb9bd36bc1:41017
[2024-10-14T09:18:19.706+0000] {spark_submit.py:571} INFO - 24/10/14 09:18:19 INFO BlockManager: Using org.apache.spark.storage.RandomBlockReplicationPolicy for block replication policy
[2024-10-14T09:18:19.712+0000] {spark_submit.py:571} INFO - 24/10/14 09:18:19 INFO BlockManagerMaster: Registering BlockManager BlockManagerId(driver, 14eb9bd36bc1, 41017, None)
[2024-10-14T09:18:19.715+0000] {spark_submit.py:571} INFO - 24/10/14 09:18:19 INFO BlockManagerMasterEndpoint: Registering block manager 14eb9bd36bc1:41017 with 434.4 MiB RAM, BlockManagerId(driver, 14eb9bd36bc1, 41017, None)
[2024-10-14T09:18:19.716+0000] {spark_submit.py:571} INFO - 24/10/14 09:18:19 INFO BlockManagerMaster: Registered BlockManager BlockManagerId(driver, 14eb9bd36bc1, 41017, None)
[2024-10-14T09:18:19.717+0000] {spark_submit.py:571} INFO - 24/10/14 09:18:19 INFO BlockManager: Initialized BlockManager: BlockManagerId(driver, 14eb9bd36bc1, 41017, None)
[2024-10-14T09:18:19.817+0000] {spark_submit.py:571} INFO - 24/10/14 09:18:19 INFO StandaloneSchedulerBackend: SchedulerBackend is ready for scheduling beginning after reached minRegisteredResourcesRatio: 0.0
[2024-10-14T09:18:19.948+0000] {spark_submit.py:571} INFO - 24/10/14 09:18:19 INFO SparkContext: SparkContext is stopping with exitCode 0.
[2024-10-14T09:18:19.957+0000] {spark_submit.py:571} INFO - 24/10/14 09:18:19 INFO SparkUI: Stopped Spark web UI at http://14eb9bd36bc1:4040
[2024-10-14T09:18:19.959+0000] {spark_submit.py:571} INFO - 24/10/14 09:18:19 INFO StandaloneSchedulerBackend: Shutting down all executors
[2024-10-14T09:18:19.961+0000] {spark_submit.py:571} INFO - 24/10/14 09:18:19 INFO StandaloneSchedulerBackend$StandaloneDriverEndpoint: Asking each executor to shut down
[2024-10-14T09:18:19.964+0000] {spark_submit.py:571} INFO - 24/10/14 09:18:19 WARN StandaloneAppClient$ClientEndpoint: Drop UnregisterApplication(null) because has not yet connected to master
[2024-10-14T09:18:19.975+0000] {spark_submit.py:571} INFO - 24/10/14 09:18:19 INFO MapOutputTrackerMasterEndpoint: MapOutputTrackerMasterEndpoint stopped!
[2024-10-14T09:18:19.986+0000] {spark_submit.py:571} INFO - 24/10/14 09:18:19 INFO MemoryStore: MemoryStore cleared
[2024-10-14T09:18:19.986+0000] {spark_submit.py:571} INFO - 24/10/14 09:18:19 INFO BlockManager: BlockManager stopped
[2024-10-14T09:18:19.990+0000] {spark_submit.py:571} INFO - 24/10/14 09:18:19 INFO BlockManagerMaster: BlockManagerMaster stopped
[2024-10-14T09:18:19.992+0000] {spark_submit.py:571} INFO - 24/10/14 09:18:19 INFO OutputCommitCoordinator$OutputCommitCoordinatorEndpoint: OutputCommitCoordinator stopped!
[2024-10-14T09:18:19.997+0000] {spark_submit.py:571} INFO - 24/10/14 09:18:19 INFO SparkContext: Successfully stopped SparkContext
[2024-10-14T09:18:19.998+0000] {spark_submit.py:571} INFO - 24/10/14 09:18:19 INFO SharedState: Setting hive.metastore.warehouse.dir ('null') to the value of spark.sql.warehouse.dir.
[2024-10-14T09:18:20.003+0000] {spark_submit.py:571} INFO - 24/10/14 09:18:20 INFO SharedState: Warehouse path is 'file:/opt/airflow/spark-warehouse'.
[2024-10-14T09:18:20.032+0000] {spark_submit.py:571} INFO - Traceback (most recent call last):
[2024-10-14T09:18:20.032+0000] {spark_submit.py:571} INFO - File "/opt/airflow/spark/count_accidents.py", line 19, in <module>
[2024-10-14T09:18:20.033+0000] {spark_submit.py:571} INFO - count_accidents()
[2024-10-14T09:18:20.033+0000] {spark_submit.py:571} INFO - File "/opt/airflow/spark/count_accidents.py", line 9, in count_accidents
[2024-10-14T09:18:20.033+0000] {spark_submit.py:571} INFO - df = spark.read.csv(f"{pathDataFolder}/monroe-county-crash.csv", header=True)
[2024-10-14T09:18:20.033+0000] {spark_submit.py:571} INFO - ^^^^^^^^^^
[2024-10-14T09:18:20.034+0000] {spark_submit.py:571} INFO - File "/home/airflow/.local/lib/python3.12/site-packages/pyspark/python/lib/pyspark.zip/pyspark/sql/session.py", line 1706, in read
[2024-10-14T09:18:20.034+0000] {spark_submit.py:571} INFO - File "/home/airflow/.local/lib/python3.12/site-packages/pyspark/python/lib/pyspark.zip/pyspark/sql/readwriter.py", line 70, in __init__
[2024-10-14T09:18:20.034+0000] {spark_submit.py:571} INFO - File "/home/airflow/.local/lib/python3.12/site-packages/pyspark/python/lib/py4j-0.10.9.7-src.zip/py4j/java_gateway.py", line 1322, in __call__
[2024-10-14T09:18:20.034+0000] {spark_submit.py:571} INFO - File "/home/airflow/.local/lib/python3.12/site-packages/pyspark/python/lib/pyspark.zip/pyspark/errors/exceptions/captured.py", line 179, in deco
[2024-10-14T09:18:20.034+0000] {spark_submit.py:571} INFO - File "/home/airflow/.local/lib/python3.12/site-packages/pyspark/python/lib/py4j-0.10.9.7-src.zip/py4j/protocol.py", line 326, in get_return_value
[2024-10-14T09:18:20.034+0000] {spark_submit.py:571} INFO - py4j.protocol.Py4JJavaError: An error occurred while calling o23.read.
[2024-10-14T09:18:20.035+0000] {spark_submit.py:571} INFO - : java.lang.IllegalStateException: LiveListenerBus is stopped.
[2024-10-14T09:18:20.035+0000] {spark_submit.py:571} INFO - at org.apache.spark.scheduler.LiveListenerBus.addToQueue(LiveListenerBus.scala:92)
[2024-10-14T09:18:20.035+0000] {spark_submit.py:571} INFO - at org.apache.spark.scheduler.LiveListenerBus.addToStatusQueue(LiveListenerBus.scala:75)
[2024-10-14T09:18:20.035+0000] {spark_submit.py:571} INFO - at org.apache.spark.sql.internal.SharedState.<init>(SharedState.scala:115)
[2024-10-14T09:18:20.036+0000] {spark_submit.py:571} INFO - at org.apache.spark.sql.SparkSession.$anonfun$sharedState$1(SparkSession.scala:143)
[2024-10-14T09:18:20.036+0000] {spark_submit.py:571} INFO - at scala.Option.getOrElse(Option.scala:189)
[2024-10-14T09:18:20.036+0000] {spark_submit.py:571} INFO - at org.apache.spark.sql.SparkSession.sharedState$lzycompute(SparkSession.scala:143)
[2024-10-14T09:18:20.036+0000] {spark_submit.py:571} INFO - at org.apache.spark.sql.SparkSession.sharedState(SparkSession.scala:142)
[2024-10-14T09:18:20.036+0000] {spark_submit.py:571} INFO - at org.apache.spark.sql.SparkSession.$anonfun$sessionState$2(SparkSession.scala:162)
[2024-10-14T09:18:20.037+0000] {spark_submit.py:571} INFO - at scala.Option.getOrElse(Option.scala:189)
[2024-10-14T09:18:20.037+0000] {spark_submit.py:571} INFO - at org.apache.spark.sql.SparkSession.sessionState$lzycompute(SparkSession.scala:160)
[2024-10-14T09:18:20.037+0000] {spark_submit.py:571} INFO - at org.apache.spark.sql.SparkSession.sessionState(SparkSession.scala:157)
[2024-10-14T09:18:20.037+0000] {spark_submit.py:571} INFO - at org.apache.spark.sql.DataFrameReader.<init>(DataFrameReader.scala:699)
[2024-10-14T09:18:20.038+0000] {spark_submit.py:571} INFO - at org.apache.spark.sql.SparkSession.read(SparkSession.scala:783)
[2024-10-14T09:18:20.038+0000] {spark_submit.py:571} INFO - at java.base/jdk.internal.reflect.NativeMethodAccessorImpl.invoke0(Native Method)
[2024-10-14T09:18:20.038+0000] {spark_submit.py:571} INFO - at java.base/jdk.internal.reflect.NativeMethodAccessorImpl.invoke(NativeMethodAccessorImpl.java:77)
[2024-10-14T09:18:20.038+0000] {spark_submit.py:571} INFO - at java.base/jdk.internal.reflect.DelegatingMethodAccessorImpl.invoke(DelegatingMethodAccessorImpl.java:43)
[2024-10-14T09:18:20.038+0000] {spark_submit.py:571} INFO - at java.base/java.lang.reflect.Method.invoke(Method.java:569)
[2024-10-14T09:18:20.039+0000] {spark_submit.py:571} INFO - at py4j.reflection.MethodInvoker.invoke(MethodInvoker.java:244)
[2024-10-14T09:18:20.039+0000] {spark_submit.py:571} INFO - at py4j.reflection.ReflectionEngine.invoke(ReflectionEngine.java:374)
[2024-10-14T09:18:20.039+0000] {spark_submit.py:571} INFO - at py4j.Gateway.invoke(Gateway.java:282)
[2024-10-14T09:18:20.039+0000] {spark_submit.py:571} INFO - at py4j.commands.AbstractCommand.invokeMethod(AbstractCommand.java:132)
[2024-10-14T09:18:20.039+0000] {spark_submit.py:571} INFO - at py4j.commands.CallCommand.execute(CallCommand.java:79)
[2024-10-14T09:18:20.040+0000] {spark_submit.py:571} INFO - at py4j.ClientServerConnection.waitForCommands(ClientServerConnection.java:182)
[2024-10-14T09:18:20.040+0000] {spark_submit.py:571} INFO - at py4j.ClientServerConnection.run(ClientServerConnection.java:106)
[2024-10-14T09:18:20.040+0000] {spark_submit.py:571} INFO - at java.base/java.lang.Thread.run(Thread.java:840)
[2024-10-14T09:18:20.040+0000] {spark_submit.py:571} INFO - 
[2024-10-14T09:18:20.068+0000] {spark_submit.py:571} INFO - 24/10/14 09:18:20 INFO ShutdownHookManager: Shutdown hook called
[2024-10-14T09:18:20.069+0000] {spark_submit.py:571} INFO - 24/10/14 09:18:20 INFO ShutdownHookManager: Deleting directory /tmp/spark-01ef51ce-ba1e-4a9d-85d7-ae6f2889da02
[2024-10-14T09:18:20.071+0000] {spark_submit.py:571} INFO - 24/10/14 09:18:20 INFO ShutdownHookManager: Deleting directory /tmp/spark-13991150-8866-4894-bfe6-0dba19196daa
[2024-10-14T09:18:20.073+0000] {spark_submit.py:571} INFO - 24/10/14 09:18:20 INFO ShutdownHookManager: Deleting directory /tmp/spark-13991150-8866-4894-bfe6-0dba19196daa/pyspark-ee6e24ae-676f-400b-ab1f-5a3ce8cbd0bf
[2024-10-14T09:18:20.106+0000] {taskinstance.py:3310} ERROR - Task failed with exception
Traceback (most recent call last):
  File "/home/airflow/.local/lib/python3.12/site-packages/airflow/models/taskinstance.py", line 767, in _execute_task
    result = _execute_callable(context=context, **execute_callable_kwargs)
             ^^^^^^^^^^^^^^^^^^^^^^^^^^^^^^^^^^^^^^^^^^^^^^^^^^^^^^^^^^^^^
  File "/home/airflow/.local/lib/python3.12/site-packages/airflow/models/taskinstance.py", line 733, in _execute_callable
    return ExecutionCallableRunner(
           ^^^^^^^^^^^^^^^^^^^^^^^^
  File "/home/airflow/.local/lib/python3.12/site-packages/airflow/utils/operator_helpers.py", line 252, in run
    return self.func(*args, **kwargs)
           ^^^^^^^^^^^^^^^^^^^^^^^^^^
  File "/home/airflow/.local/lib/python3.12/site-packages/airflow/models/baseoperator.py", line 406, in wrapper
    return func(self, *args, **kwargs)
           ^^^^^^^^^^^^^^^^^^^^^^^^^^^
  File "/home/airflow/.local/lib/python3.12/site-packages/airflow/providers/apache/spark/operators/spark_submit.py", line 174, in execute
    self._hook.submit(self.application)
  File "/home/airflow/.local/lib/python3.12/site-packages/airflow/providers/apache/spark/hooks/spark_submit.py", line 502, in submit
    raise AirflowException(
airflow.exceptions.AirflowException: Cannot execute: spark-submit --master spark://master:7077 --name arrow-spark --queue YARN --deploy-mode client ./spark/count_accidents.py. Error code is: 1.
[2024-10-14T09:18:20.111+0000] {logging_mixin.py:190} INFO - Task instance in failure state
[2024-10-14T09:18:20.112+0000] {logging_mixin.py:190} INFO - Task start:2024-10-14 09:17:17.487006+00:00 end:2024-10-14 09:18:20.110276+00:00 duration:62.62327
[2024-10-14T09:18:20.112+0000] {logging_mixin.py:190} INFO - Task:<Task(SparkSubmitOperator): spark_count_number_of_accidents> dag:<DAG: count_accidents> dagrun:<DagRun count_accidents @ 2024-10-14 09:17:16.023760+00:00: manual__2024-10-14T09:17:16.023760+00:00, state:running, queued_at: 2024-10-14 09:17:16.035446+00:00. externally triggered: True>
[2024-10-14T09:18:20.112+0000] {logging_mixin.py:190} INFO - Failure caused by Cannot execute: spark-submit --master spark://master:7077 --name arrow-spark --queue YARN --deploy-mode client ./spark/count_accidents.py. Error code is: 1.
[2024-10-14T09:18:20.113+0000] {taskinstance.py:1225} INFO - Marking task as FAILED. dag_id=count_accidents, task_id=spark_count_number_of_accidents, run_id=manual__2024-10-14T09:17:16.023760+00:00, execution_date=20241014T091716, start_date=20241014T091717, end_date=20241014T091820
[2024-10-14T09:18:20.125+0000] {taskinstance.py:340} INFO - ::group::Post task execution logs
[2024-10-14T09:18:20.126+0000] {standard_task_runner.py:124} ERROR - Failed to execute job 334 for task spark_count_number_of_accidents (Cannot execute: spark-submit --master spark://master:7077 --name arrow-spark --queue YARN --deploy-mode client ./spark/count_accidents.py. Error code is: 1.; 2595)
Traceback (most recent call last):
  File "/home/airflow/.local/lib/python3.12/site-packages/airflow/task/task_runner/standard_task_runner.py", line 117, in _start_by_fork
    ret = args.func(args, dag=self.dag)
          ^^^^^^^^^^^^^^^^^^^^^^^^^^^^^
  File "/home/airflow/.local/lib/python3.12/site-packages/airflow/cli/cli_config.py", line 49, in command
    return func(*args, **kwargs)
           ^^^^^^^^^^^^^^^^^^^^^
  File "/home/airflow/.local/lib/python3.12/site-packages/airflow/utils/cli.py", line 115, in wrapper
    return f(*args, **kwargs)
           ^^^^^^^^^^^^^^^^^^
  File "/home/airflow/.local/lib/python3.12/site-packages/airflow/cli/commands/task_command.py", line 483, in task_run
    task_return_code = _run_task_by_selected_method(args, _dag, ti)
                       ^^^^^^^^^^^^^^^^^^^^^^^^^^^^^^^^^^^^^^^^^^^^
  File "/home/airflow/.local/lib/python3.12/site-packages/airflow/cli/commands/task_command.py", line 256, in _run_task_by_selected_method
    return _run_raw_task(args, ti)
           ^^^^^^^^^^^^^^^^^^^^^^^
  File "/home/airflow/.local/lib/python3.12/site-packages/airflow/cli/commands/task_command.py", line 341, in _run_raw_task
    return ti._run_raw_task(
           ^^^^^^^^^^^^^^^^^
  File "/home/airflow/.local/lib/python3.12/site-packages/airflow/utils/session.py", line 97, in wrapper
    return func(*args, session=session, **kwargs)
           ^^^^^^^^^^^^^^^^^^^^^^^^^^^^^^^^^^^^^^
  File "/home/airflow/.local/lib/python3.12/site-packages/airflow/models/taskinstance.py", line 3004, in _run_raw_task
    return _run_raw_task(
           ^^^^^^^^^^^^^^
  File "/home/airflow/.local/lib/python3.12/site-packages/airflow/models/taskinstance.py", line 273, in _run_raw_task
    TaskInstance._execute_task_with_callbacks(
  File "/home/airflow/.local/lib/python3.12/site-packages/airflow/models/taskinstance.py", line 3158, in _execute_task_with_callbacks
    result = self._execute_task(context, task_orig)
             ^^^^^^^^^^^^^^^^^^^^^^^^^^^^^^^^^^^^^^
  File "/home/airflow/.local/lib/python3.12/site-packages/airflow/models/taskinstance.py", line 3182, in _execute_task
    return _execute_task(self, context, task_orig)
           ^^^^^^^^^^^^^^^^^^^^^^^^^^^^^^^^^^^^^^^
  File "/home/airflow/.local/lib/python3.12/site-packages/airflow/models/taskinstance.py", line 767, in _execute_task
    result = _execute_callable(context=context, **execute_callable_kwargs)
             ^^^^^^^^^^^^^^^^^^^^^^^^^^^^^^^^^^^^^^^^^^^^^^^^^^^^^^^^^^^^^
  File "/home/airflow/.local/lib/python3.12/site-packages/airflow/models/taskinstance.py", line 733, in _execute_callable
    return ExecutionCallableRunner(
           ^^^^^^^^^^^^^^^^^^^^^^^^
  File "/home/airflow/.local/lib/python3.12/site-packages/airflow/utils/operator_helpers.py", line 252, in run
    return self.func(*args, **kwargs)
           ^^^^^^^^^^^^^^^^^^^^^^^^^^
  File "/home/airflow/.local/lib/python3.12/site-packages/airflow/models/baseoperator.py", line 406, in wrapper
    return func(self, *args, **kwargs)
           ^^^^^^^^^^^^^^^^^^^^^^^^^^^
  File "/home/airflow/.local/lib/python3.12/site-packages/airflow/providers/apache/spark/operators/spark_submit.py", line 174, in execute
    self._hook.submit(self.application)
  File "/home/airflow/.local/lib/python3.12/site-packages/airflow/providers/apache/spark/hooks/spark_submit.py", line 502, in submit
    raise AirflowException(
airflow.exceptions.AirflowException: Cannot execute: spark-submit --master spark://master:7077 --name arrow-spark --queue YARN --deploy-mode client ./spark/count_accidents.py. Error code is: 1.
[2024-10-14T09:18:20.166+0000] {local_task_job_runner.py:266} INFO - Task exited with return code 1
[2024-10-14T09:18:20.183+0000] {taskinstance.py:3900} INFO - 0 downstream tasks scheduled from follow-on schedule check
[2024-10-14T09:18:20.185+0000] {local_task_job_runner.py:245} INFO - ::endgroup::
