[2024-10-08T10:33:33.082+0000] {local_task_job_runner.py:123} INFO - ::group::Pre task execution logs
[2024-10-08T10:33:33.095+0000] {taskinstance.py:2612} INFO - Dependencies all met for dep_context=non-requeueable deps ti=<TaskInstance: trigger_dag.wait_for_run_file manual__2024-10-08T10:33:31.970871+00:00 [queued]>
[2024-10-08T10:33:33.100+0000] {taskinstance.py:2612} INFO - Dependencies all met for dep_context=requeueable deps ti=<TaskInstance: trigger_dag.wait_for_run_file manual__2024-10-08T10:33:31.970871+00:00 [queued]>
[2024-10-08T10:33:33.100+0000] {taskinstance.py:2865} INFO - Starting attempt 1 of 1
[2024-10-08T10:33:33.107+0000] {taskinstance.py:2888} INFO - Executing <Task(FileSensor): wait_for_run_file> on 2024-10-08 10:33:31.970871+00:00
[2024-10-08T10:33:33.111+0000] {warnings.py:112} WARNING - /home/airflow/.local/lib/python3.12/site-packages/airflow/task/task_runner/standard_task_runner.py:70: DeprecationWarning: This process (pid=914) is multi-threaded, use of fork() may lead to deadlocks in the child.
  pid = os.fork()

[2024-10-08T10:33:33.112+0000] {standard_task_runner.py:72} INFO - Started process 916 to run task
[2024-10-08T10:33:33.113+0000] {standard_task_runner.py:104} INFO - Running: ['airflow', 'tasks', 'run', 'trigger_dag', 'wait_for_run_file', 'manual__2024-10-08T10:33:31.970871+00:00', '--job-id', '227', '--raw', '--subdir', 'DAGS_FOLDER/trigger_dag.py', '--cfg-path', '/tmp/tmpcnzn6_ey']
[2024-10-08T10:33:33.114+0000] {standard_task_runner.py:105} INFO - Job 227: Subtask wait_for_run_file
[2024-10-08T10:33:33.148+0000] {task_command.py:467} INFO - Running <TaskInstance: trigger_dag.wait_for_run_file manual__2024-10-08T10:33:31.970871+00:00 [running]> on host ea4b7cb1f1d7
[2024-10-08T10:33:33.202+0000] {taskinstance.py:3131} INFO - Exporting env vars: AIRFLOW_CTX_DAG_OWNER='airflow' AIRFLOW_CTX_DAG_ID='trigger_dag' AIRFLOW_CTX_TASK_ID='wait_for_run_file' AIRFLOW_CTX_EXECUTION_DATE='2024-10-08T10:33:31.970871+00:00' AIRFLOW_CTX_TRY_NUMBER='1' AIRFLOW_CTX_DAG_RUN_ID='manual__2024-10-08T10:33:31.970871+00:00'
[2024-10-08T10:33:33.203+0000] {logging_mixin.py:190} INFO - Task instance is in running state
[2024-10-08T10:33:33.204+0000] {logging_mixin.py:190} INFO -  Previous state of the Task instance: queued
[2024-10-08T10:33:33.204+0000] {logging_mixin.py:190} INFO - Current task name:wait_for_run_file state:running start_date:2024-10-08 10:33:33.096078+00:00
[2024-10-08T10:33:33.204+0000] {logging_mixin.py:190} INFO - Dag name:trigger_dag and current dag run status:running
[2024-10-08T10:33:33.205+0000] {taskinstance.py:731} INFO - ::endgroup::
[2024-10-08T10:33:33.205+0000] {baseoperator.py:405} WARNING - FileSensor.execute cannot be called outside TaskInstance!
[2024-10-08T10:33:33.211+0000] {base.py:84} INFO - Retrieving connection 'fs_default'
[2024-10-08T10:33:33.211+0000] {filesystem.py:109} INFO - Poking for file /opt/airflow/data/small_text.txt
[2024-10-08T10:34:33.211+0000] {filesystem.py:109} INFO - Poking for file /opt/airflow/data/small_text.txt
[2024-10-08T10:35:33.211+0000] {filesystem.py:109} INFO - Poking for file /opt/airflow/data/small_text.txt
[2024-10-08T10:36:33.213+0000] {filesystem.py:109} INFO - Poking for file /opt/airflow/data/small_text.txt
[2024-10-08T10:37:33.216+0000] {filesystem.py:109} INFO - Poking for file /opt/airflow/data/small_text.txt
[2024-10-08T10:38:33.232+0000] {filesystem.py:109} INFO - Poking for file /opt/airflow/data/small_text.txt
[2024-10-08T10:39:33.242+0000] {filesystem.py:109} INFO - Poking for file /opt/airflow/data/small_text.txt
[2024-10-08T10:40:33.289+0000] {filesystem.py:109} INFO - Poking for file /opt/airflow/data/small_text.txt
[2024-10-08T10:41:33.296+0000] {filesystem.py:109} INFO - Poking for file /opt/airflow/data/small_text.txt
[2024-10-08T10:42:33.301+0000] {filesystem.py:109} INFO - Poking for file /opt/airflow/data/small_text.txt
[2024-10-08T10:43:33.313+0000] {filesystem.py:109} INFO - Poking for file /opt/airflow/data/small_text.txt
[2024-10-08T10:44:33.321+0000] {filesystem.py:109} INFO - Poking for file /opt/airflow/data/small_text.txt
[2024-10-08T10:45:33.329+0000] {filesystem.py:109} INFO - Poking for file /opt/airflow/data/small_text.txt
[2024-10-08T10:46:33.339+0000] {filesystem.py:109} INFO - Poking for file /opt/airflow/data/small_text.txt
[2024-10-08T10:47:33.350+0000] {filesystem.py:109} INFO - Poking for file /opt/airflow/data/small_text.txt
[2024-10-08T10:48:33.352+0000] {filesystem.py:109} INFO - Poking for file /opt/airflow/data/small_text.txt
[2024-10-08T10:49:33.359+0000] {filesystem.py:109} INFO - Poking for file /opt/airflow/data/small_text.txt
[2024-10-08T10:50:33.362+0000] {filesystem.py:109} INFO - Poking for file /opt/airflow/data/small_text.txt
[2024-10-08T10:51:33.366+0000] {filesystem.py:109} INFO - Poking for file /opt/airflow/data/small_text.txt
[2024-10-08T10:52:33.370+0000] {filesystem.py:109} INFO - Poking for file /opt/airflow/data/small_text.txt
[2024-10-08T10:53:33.382+0000] {filesystem.py:109} INFO - Poking for file /opt/airflow/data/small_text.txt
[2024-10-08T10:54:33.399+0000] {filesystem.py:109} INFO - Poking for file /opt/airflow/data/small_text.txt
[2024-10-08T10:55:33.421+0000] {filesystem.py:109} INFO - Poking for file /opt/airflow/data/small_text.txt
