[2024-10-07T08:19:37.715+0000] {local_task_job_runner.py:123} INFO - ::group::Pre task execution logs
[2024-10-07T08:19:37.726+0000] {taskinstance.py:2612} INFO - Dependencies all met for dep_context=non-requeueable deps ti=<TaskInstance: sql_dag.print_process_start manual__2024-10-07T08:19:36.455994+00:00 [queued]>
[2024-10-07T08:19:37.730+0000] {taskinstance.py:2612} INFO - Dependencies all met for dep_context=requeueable deps ti=<TaskInstance: sql_dag.print_process_start manual__2024-10-07T08:19:36.455994+00:00 [queued]>
[2024-10-07T08:19:37.730+0000] {taskinstance.py:2865} INFO - Starting attempt 1 of 1
[2024-10-07T08:19:37.737+0000] {taskinstance.py:2888} INFO - Executing <Task(BashOperator): print_process_start> on 2024-10-07 08:19:36.455994+00:00
[2024-10-07T08:19:37.740+0000] {warnings.py:112} WARNING - /home/airflow/.local/lib/python3.12/site-packages/airflow/task/task_runner/standard_task_runner.py:70: DeprecationWarning: This process (pid=856) is multi-threaded, use of fork() may lead to deadlocks in the child.
  pid = os.fork()

[2024-10-07T08:19:37.741+0000] {standard_task_runner.py:72} INFO - Started process 858 to run task
[2024-10-07T08:19:37.742+0000] {standard_task_runner.py:104} INFO - Running: ['airflow', 'tasks', 'run', 'sql_dag', 'print_process_start', 'manual__2024-10-07T08:19:36.455994+00:00', '--job-id', '169', '--raw', '--subdir', 'DAGS_FOLDER/sql.py', '--cfg-path', '/tmp/tmpb_5keebw']
[2024-10-07T08:19:37.743+0000] {standard_task_runner.py:105} INFO - Job 169: Subtask print_process_start
[2024-10-07T08:19:37.774+0000] {task_command.py:467} INFO - Running <TaskInstance: sql_dag.print_process_start manual__2024-10-07T08:19:36.455994+00:00 [running]> on host ea4b7cb1f1d7
[2024-10-07T08:19:37.819+0000] {taskinstance.py:3131} INFO - Exporting env vars: AIRFLOW_CTX_DAG_OWNER='airflow' AIRFLOW_CTX_DAG_ID='sql_dag' AIRFLOW_CTX_TASK_ID='print_process_start' AIRFLOW_CTX_EXECUTION_DATE='2024-10-07T08:19:36.455994+00:00' AIRFLOW_CTX_TRY_NUMBER='1' AIRFLOW_CTX_DAG_RUN_ID='manual__2024-10-07T08:19:36.455994+00:00'
[2024-10-07T08:19:37.820+0000] {logging_mixin.py:190} INFO - Task instance is in running state
[2024-10-07T08:19:37.821+0000] {logging_mixin.py:190} INFO -  Previous state of the Task instance: queued
[2024-10-07T08:19:37.821+0000] {logging_mixin.py:190} INFO - Current task name:print_process_start state:running start_date:2024-10-07 08:19:37.727170+00:00
[2024-10-07T08:19:37.821+0000] {logging_mixin.py:190} INFO - Dag name:sql_dag and current dag run status:running
[2024-10-07T08:19:37.821+0000] {taskinstance.py:731} INFO - ::endgroup::
[2024-10-07T08:19:37.821+0000] {subprocess.py:63} INFO - Tmp dir root location: /tmp
[2024-10-07T08:19:37.822+0000] {subprocess.py:75} INFO - Running command: ['/usr/bin/bash', '-c', 'echo "Process start"']
[2024-10-07T08:19:37.827+0000] {subprocess.py:86} INFO - Output:
[2024-10-07T08:19:37.829+0000] {subprocess.py:93} INFO - Process start
[2024-10-07T08:19:37.829+0000] {subprocess.py:97} INFO - Command exited with return code 0
[2024-10-07T08:19:37.848+0000] {taskinstance.py:340} INFO - ::group::Post task execution logs
[2024-10-07T08:19:37.848+0000] {taskinstance.py:352} INFO - Marking task as SUCCESS. dag_id=sql_dag, task_id=print_process_start, run_id=manual__2024-10-07T08:19:36.455994+00:00, execution_date=20241007T081936, start_date=20241007T081937, end_date=20241007T081937
[2024-10-07T08:19:37.853+0000] {logging_mixin.py:190} INFO - Task instance in success state
[2024-10-07T08:19:37.853+0000] {logging_mixin.py:190} INFO -  Previous state of the Task instance: running
[2024-10-07T08:19:37.854+0000] {logging_mixin.py:190} INFO - Dag name:sql_dag queued_at:2024-10-07 08:19:36.471744+00:00
[2024-10-07T08:19:37.854+0000] {logging_mixin.py:190} INFO - Task hostname:ea4b7cb1f1d7 operator:BashOperator
[2024-10-07T08:19:37.882+0000] {local_task_job_runner.py:266} INFO - Task exited with return code 0
[2024-10-07T08:19:37.898+0000] {taskinstance.py:3900} INFO - 1 downstream tasks scheduled from follow-on schedule check
[2024-10-07T08:19:37.899+0000] {local_task_job_runner.py:245} INFO - ::endgroup::
