[2024-10-08T10:54:50.023+0000] {local_task_job_runner.py:123} INFO - ::group::Pre task execution logs
[2024-10-08T10:54:50.035+0000] {taskinstance.py:2612} INFO - Dependencies all met for dep_context=non-requeueable deps ti=<TaskInstance: trigger_dag.wait_for_run_file manual__2024-10-08T10:54:49.031213+00:00 [queued]>
[2024-10-08T10:54:50.039+0000] {taskinstance.py:2612} INFO - Dependencies all met for dep_context=requeueable deps ti=<TaskInstance: trigger_dag.wait_for_run_file manual__2024-10-08T10:54:49.031213+00:00 [queued]>
[2024-10-08T10:54:50.039+0000] {taskinstance.py:2865} INFO - Starting attempt 1 of 1
[2024-10-08T10:54:50.047+0000] {taskinstance.py:2888} INFO - Executing <Task(FileSensor): wait_for_run_file> on 2024-10-08 10:54:49.031213+00:00
[2024-10-08T10:54:50.051+0000] {warnings.py:112} WARNING - /home/airflow/.local/lib/python3.12/site-packages/airflow/task/task_runner/standard_task_runner.py:70: DeprecationWarning: This process (pid=1238) is multi-threaded, use of fork() may lead to deadlocks in the child.
  pid = os.fork()

[2024-10-08T10:54:50.052+0000] {standard_task_runner.py:72} INFO - Started process 1240 to run task
[2024-10-08T10:54:50.054+0000] {standard_task_runner.py:104} INFO - Running: ['airflow', 'tasks', 'run', 'trigger_dag', 'wait_for_run_file', 'manual__2024-10-08T10:54:49.031213+00:00', '--job-id', '237', '--raw', '--subdir', 'DAGS_FOLDER/trigger_dag.py', '--cfg-path', '/tmp/tmpi0cktl6m']
[2024-10-08T10:54:50.055+0000] {standard_task_runner.py:105} INFO - Job 237: Subtask wait_for_run_file
[2024-10-08T10:54:50.109+0000] {task_command.py:467} INFO - Running <TaskInstance: trigger_dag.wait_for_run_file manual__2024-10-08T10:54:49.031213+00:00 [running]> on host ea4b7cb1f1d7
[2024-10-08T10:54:50.169+0000] {taskinstance.py:3131} INFO - Exporting env vars: AIRFLOW_CTX_DAG_OWNER='airflow' AIRFLOW_CTX_DAG_ID='trigger_dag' AIRFLOW_CTX_TASK_ID='wait_for_run_file' AIRFLOW_CTX_EXECUTION_DATE='2024-10-08T10:54:49.031213+00:00' AIRFLOW_CTX_TRY_NUMBER='1' AIRFLOW_CTX_DAG_RUN_ID='manual__2024-10-08T10:54:49.031213+00:00'
[2024-10-08T10:54:50.170+0000] {logging_mixin.py:190} INFO - Task instance is in running state
[2024-10-08T10:54:50.171+0000] {logging_mixin.py:190} INFO -  Previous state of the Task instance: queued
[2024-10-08T10:54:50.171+0000] {logging_mixin.py:190} INFO - Current task name:wait_for_run_file state:running start_date:2024-10-08 10:54:50.035330+00:00
[2024-10-08T10:54:50.171+0000] {logging_mixin.py:190} INFO - Dag name:trigger_dag and current dag run status:running
[2024-10-08T10:54:50.171+0000] {taskinstance.py:731} INFO - ::endgroup::
[2024-10-08T10:54:50.171+0000] {baseoperator.py:405} WARNING - FileSensor.execute cannot be called outside TaskInstance!
[2024-10-08T10:54:50.178+0000] {base.py:84} INFO - Retrieving connection 'fs_default'
[2024-10-08T10:54:50.178+0000] {filesystem.py:109} INFO - Poking for file /opt/airflow/data/small_text.txt
[2024-10-08T10:55:50.180+0000] {filesystem.py:109} INFO - Poking for file /opt/airflow/data/small_text.txt
