[2024-10-07T15:08:29.585+0000] {local_task_job_runner.py:123} INFO - ::group::Pre task execution logs
[2024-10-07T15:08:29.595+0000] {taskinstance.py:2612} INFO - Dependencies all met for dep_context=non-requeueable deps ti=<TaskInstance: sql_dag.get_current_user manual__2024-10-07T15:08:27.011510+00:00 [queued]>
[2024-10-07T15:08:29.599+0000] {taskinstance.py:2612} INFO - Dependencies all met for dep_context=requeueable deps ti=<TaskInstance: sql_dag.get_current_user manual__2024-10-07T15:08:27.011510+00:00 [queued]>
[2024-10-07T15:08:29.599+0000] {taskinstance.py:2865} INFO - Starting attempt 1 of 1
[2024-10-07T15:08:29.605+0000] {taskinstance.py:2888} INFO - Executing <Task(PythonOperator): get_current_user> on 2024-10-07 15:08:27.011510+00:00
[2024-10-07T15:08:29.608+0000] {warnings.py:112} WARNING - /home/airflow/.local/lib/python3.12/site-packages/airflow/task/task_runner/standard_task_runner.py:70: DeprecationWarning: This process (pid=302) is multi-threaded, use of fork() may lead to deadlocks in the child.
  pid = os.fork()

[2024-10-07T15:08:29.608+0000] {standard_task_runner.py:72} INFO - Started process 304 to run task
[2024-10-07T15:08:29.609+0000] {standard_task_runner.py:104} INFO - Running: ['airflow', 'tasks', 'run', 'sql_dag', 'get_current_user', 'manual__2024-10-07T15:08:27.011510+00:00', '--job-id', '201', '--raw', '--subdir', 'DAGS_FOLDER/sql.py', '--cfg-path', '/tmp/tmpyeg9tr_4']
[2024-10-07T15:08:29.609+0000] {standard_task_runner.py:105} INFO - Job 201: Subtask get_current_user
[2024-10-07T15:08:29.638+0000] {task_command.py:467} INFO - Running <TaskInstance: sql_dag.get_current_user manual__2024-10-07T15:08:27.011510+00:00 [running]> on host ea4b7cb1f1d7
[2024-10-07T15:08:29.684+0000] {taskinstance.py:3131} INFO - Exporting env vars: AIRFLOW_CTX_DAG_OWNER='airflow' AIRFLOW_CTX_DAG_ID='sql_dag' AIRFLOW_CTX_TASK_ID='get_current_user' AIRFLOW_CTX_EXECUTION_DATE='2024-10-07T15:08:27.011510+00:00' AIRFLOW_CTX_TRY_NUMBER='1' AIRFLOW_CTX_DAG_RUN_ID='manual__2024-10-07T15:08:27.011510+00:00'
[2024-10-07T15:08:29.685+0000] {logging_mixin.py:190} INFO - Task instance is in running state
[2024-10-07T15:08:29.685+0000] {logging_mixin.py:190} INFO -  Previous state of the Task instance: queued
[2024-10-07T15:08:29.686+0000] {logging_mixin.py:190} INFO - Current task name:get_current_user state:running start_date:2024-10-07 15:08:29.595561+00:00
[2024-10-07T15:08:29.686+0000] {logging_mixin.py:190} INFO - Dag name:sql_dag and current dag run status:running
[2024-10-07T15:08:29.686+0000] {taskinstance.py:731} INFO - ::endgroup::
[2024-10-07T15:08:29.696+0000] {python.py:240} INFO - Done. Returned value was: None
[2024-10-07T15:08:29.703+0000] {taskinstance.py:340} INFO - ::group::Post task execution logs
[2024-10-07T15:08:29.703+0000] {taskinstance.py:352} INFO - Marking task as SUCCESS. dag_id=sql_dag, task_id=get_current_user, run_id=manual__2024-10-07T15:08:27.011510+00:00, execution_date=20241007T150827, start_date=20241007T150829, end_date=20241007T150829
[2024-10-07T15:08:29.708+0000] {logging_mixin.py:190} INFO - Task instance in success state
[2024-10-07T15:08:29.709+0000] {logging_mixin.py:190} INFO -  Previous state of the Task instance: running
[2024-10-07T15:08:29.709+0000] {logging_mixin.py:190} INFO - Dag name:sql_dag queued_at:2024-10-07 15:08:27.020752+00:00
[2024-10-07T15:08:29.709+0000] {logging_mixin.py:190} INFO - Task hostname:ea4b7cb1f1d7 operator:PythonOperator
[2024-10-07T15:08:29.751+0000] {local_task_job_runner.py:266} INFO - Task exited with return code 0
[2024-10-07T15:08:29.769+0000] {taskinstance.py:3900} INFO - 1 downstream tasks scheduled from follow-on schedule check
[2024-10-07T15:08:29.770+0000] {local_task_job_runner.py:245} INFO - ::endgroup::
