[2024-10-08T11:33:29.386+0000] {local_task_job_runner.py:123} INFO - ::group::Pre task execution logs
[2024-10-08T11:33:29.402+0000] {taskinstance.py:2612} INFO - Dependencies all met for dep_context=non-requeueable deps ti=<TaskInstance: trigger_dag.process_results.wait_for_dag manual__2024-10-08T11:31:25.205749+00:00 [queued]>
[2024-10-08T11:33:29.407+0000] {taskinstance.py:2612} INFO - Dependencies all met for dep_context=requeueable deps ti=<TaskInstance: trigger_dag.process_results.wait_for_dag manual__2024-10-08T11:31:25.205749+00:00 [queued]>
[2024-10-08T11:33:29.407+0000] {taskinstance.py:2865} INFO - Starting attempt 1 of 1
[2024-10-08T11:33:29.413+0000] {taskinstance.py:2888} INFO - Executing <Task(ExternalTaskSensor): process_results.wait_for_dag> on 2024-10-08 11:31:25.205749+00:00
[2024-10-08T11:33:29.417+0000] {warnings.py:112} WARNING - /home/airflow/.local/lib/python3.12/site-packages/airflow/task/task_runner/standard_task_runner.py:70: DeprecationWarning: This process (pid=558) is multi-threaded, use of fork() may lead to deadlocks in the child.
  pid = os.fork()

[2024-10-08T11:33:29.418+0000] {standard_task_runner.py:72} INFO - Started process 563 to run task
[2024-10-08T11:33:29.419+0000] {standard_task_runner.py:104} INFO - Running: ['airflow', 'tasks', 'run', 'trigger_dag', 'process_results.wait_for_dag', 'manual__2024-10-08T11:31:25.205749+00:00', '--job-id', '250', '--raw', '--subdir', 'DAGS_FOLDER/trigger_dag.py', '--cfg-path', '/tmp/tmp1dxqp4g1']
[2024-10-08T11:33:29.420+0000] {standard_task_runner.py:105} INFO - Job 250: Subtask process_results.wait_for_dag
[2024-10-08T11:33:29.456+0000] {task_command.py:467} INFO - Running <TaskInstance: trigger_dag.process_results.wait_for_dag manual__2024-10-08T11:31:25.205749+00:00 [running]> on host 99c9ec34a420
[2024-10-08T11:33:29.511+0000] {taskinstance.py:3131} INFO - Exporting env vars: AIRFLOW_CTX_DAG_OWNER='airflow' AIRFLOW_CTX_DAG_ID='trigger_dag' AIRFLOW_CTX_TASK_ID='process_results.wait_for_dag' AIRFLOW_CTX_EXECUTION_DATE='2024-10-08T11:31:25.205749+00:00' AIRFLOW_CTX_TRY_NUMBER='1' AIRFLOW_CTX_DAG_RUN_ID='manual__2024-10-08T11:31:25.205749+00:00'
[2024-10-08T11:33:29.512+0000] {logging_mixin.py:190} INFO - Task instance is in running state
[2024-10-08T11:33:29.512+0000] {logging_mixin.py:190} INFO -  Previous state of the Task instance: queued
[2024-10-08T11:33:29.513+0000] {logging_mixin.py:190} INFO - Current task name:process_results.wait_for_dag state:running start_date:2024-10-08 11:33:29.402979+00:00
[2024-10-08T11:33:29.513+0000] {logging_mixin.py:190} INFO - Dag name:trigger_dag and current dag run status:running
[2024-10-08T11:33:29.513+0000] {taskinstance.py:731} INFO - ::endgroup::
[2024-10-08T11:33:29.513+0000] {baseoperator.py:405} WARNING - ExternalTaskSensor.execute cannot be called outside TaskInstance!
[2024-10-08T11:33:29.528+0000] {external_task.py:258} INFO - Poking for tasks ['query_table'] in dag dag_id_3 on 2024-10-08T11:33:28.500482+00:00 ... 
[2024-10-08T11:33:29.529+0000] {warnings.py:112} WARNING - /home/airflow/.local/lib/python3.12/site-packages/airflow/utils/session.py:97: DeprecationWarning: This method is deprecated and will be removed in future.
  return func(*args, session=session, **kwargs)

[2024-10-08T11:33:29.554+0000] {taskinstance.py:309} INFO - Rescheduling task, marking task as UP_FOR_RESCHEDULE
[2024-10-08T11:33:29.555+0000] {taskinstance.py:340} INFO - ::group::Post task execution logs
[2024-10-08T11:33:29.602+0000] {local_task_job_runner.py:266} INFO - Task exited with return code 0
[2024-10-08T11:33:29.621+0000] {taskinstance.py:3900} INFO - 0 downstream tasks scheduled from follow-on schedule check
[2024-10-08T11:33:29.623+0000] {local_task_job_runner.py:245} INFO - ::endgroup::
[2024-10-08T11:34:31.233+0000] {local_task_job_runner.py:123} INFO - ::group::Pre task execution logs
[2024-10-08T11:34:31.244+0000] {taskinstance.py:2612} INFO - Dependencies all met for dep_context=non-requeueable deps ti=<TaskInstance: trigger_dag.process_results.wait_for_dag manual__2024-10-08T11:31:25.205749+00:00 [queued]>
[2024-10-08T11:34:31.248+0000] {taskinstance.py:2612} INFO - Dependencies all met for dep_context=requeueable deps ti=<TaskInstance: trigger_dag.process_results.wait_for_dag manual__2024-10-08T11:31:25.205749+00:00 [queued]>
[2024-10-08T11:34:31.248+0000] {taskinstance.py:2865} INFO - Starting attempt 1 of 1
[2024-10-08T11:34:31.255+0000] {taskinstance.py:2888} INFO - Executing <Task(ExternalTaskSensor): process_results.wait_for_dag> on 2024-10-08 11:31:25.205749+00:00
[2024-10-08T11:34:31.259+0000] {warnings.py:112} WARNING - /home/airflow/.local/lib/python3.12/site-packages/airflow/task/task_runner/standard_task_runner.py:70: DeprecationWarning: This process (pid=587) is multi-threaded, use of fork() may lead to deadlocks in the child.
  pid = os.fork()

[2024-10-08T11:34:31.260+0000] {standard_task_runner.py:72} INFO - Started process 589 to run task
[2024-10-08T11:34:31.261+0000] {standard_task_runner.py:104} INFO - Running: ['airflow', 'tasks', 'run', 'trigger_dag', 'process_results.wait_for_dag', 'manual__2024-10-08T11:31:25.205749+00:00', '--job-id', '253', '--raw', '--subdir', 'DAGS_FOLDER/trigger_dag.py', '--cfg-path', '/tmp/tmp30h0cxnj']
[2024-10-08T11:34:31.261+0000] {standard_task_runner.py:105} INFO - Job 253: Subtask process_results.wait_for_dag
[2024-10-08T11:34:31.294+0000] {task_command.py:467} INFO - Running <TaskInstance: trigger_dag.process_results.wait_for_dag manual__2024-10-08T11:31:25.205749+00:00 [running]> on host 99c9ec34a420
[2024-10-08T11:34:31.349+0000] {taskinstance.py:3131} INFO - Exporting env vars: AIRFLOW_CTX_DAG_OWNER='airflow' AIRFLOW_CTX_DAG_ID='trigger_dag' AIRFLOW_CTX_TASK_ID='process_results.wait_for_dag' AIRFLOW_CTX_EXECUTION_DATE='2024-10-08T11:31:25.205749+00:00' AIRFLOW_CTX_TRY_NUMBER='1' AIRFLOW_CTX_DAG_RUN_ID='manual__2024-10-08T11:31:25.205749+00:00'
[2024-10-08T11:34:31.350+0000] {logging_mixin.py:190} INFO - Task instance is in running state
[2024-10-08T11:34:31.350+0000] {logging_mixin.py:190} INFO -  Previous state of the Task instance: queued
[2024-10-08T11:34:31.350+0000] {logging_mixin.py:190} INFO - Current task name:process_results.wait_for_dag state:running start_date:2024-10-08 11:34:31.244965+00:00
[2024-10-08T11:34:31.351+0000] {logging_mixin.py:190} INFO - Dag name:trigger_dag and current dag run status:running
[2024-10-08T11:34:31.351+0000] {taskinstance.py:731} INFO - ::endgroup::
[2024-10-08T11:34:31.351+0000] {baseoperator.py:405} WARNING - ExternalTaskSensor.execute cannot be called outside TaskInstance!
[2024-10-08T11:34:31.363+0000] {external_task.py:258} INFO - Poking for tasks ['query_table'] in dag dag_id_3 on 2024-10-08T11:33:28.500482+00:00 ... 
[2024-10-08T11:34:31.364+0000] {warnings.py:112} WARNING - /home/airflow/.local/lib/python3.12/site-packages/airflow/utils/session.py:97: DeprecationWarning: This method is deprecated and will be removed in future.
  return func(*args, session=session, **kwargs)

[2024-10-08T11:34:31.372+0000] {base.py:336} INFO - Success criteria met. Exiting.
[2024-10-08T11:34:31.379+0000] {taskinstance.py:340} INFO - ::group::Post task execution logs
[2024-10-08T11:34:31.379+0000] {taskinstance.py:352} INFO - Marking task as SUCCESS. dag_id=trigger_dag, task_id=process_results.wait_for_dag, run_id=manual__2024-10-08T11:31:25.205749+00:00, execution_date=20241008T113125, start_date=20241008T113431, end_date=20241008T113431
[2024-10-08T11:34:31.385+0000] {logging_mixin.py:190} INFO - Task instance in success state
[2024-10-08T11:34:31.385+0000] {logging_mixin.py:190} INFO -  Previous state of the Task instance: running
[2024-10-08T11:34:31.386+0000] {logging_mixin.py:190} INFO - Dag name:trigger_dag queued_at:2024-10-08 11:31:25.216577+00:00
[2024-10-08T11:34:31.386+0000] {logging_mixin.py:190} INFO - Task hostname:99c9ec34a420 operator:ExternalTaskSensor
[2024-10-08T11:34:31.399+0000] {local_task_job_runner.py:266} INFO - Task exited with return code 0
[2024-10-08T11:34:31.417+0000] {taskinstance.py:3900} INFO - 1 downstream tasks scheduled from follow-on schedule check
[2024-10-08T11:34:31.418+0000] {local_task_job_runner.py:245} INFO - ::endgroup::
