[2024-10-01T08:59:56.920+0000] {local_task_job_runner.py:123} INFO - ::group::Pre task execution logs
[2024-10-01T08:59:56.931+0000] {taskinstance.py:2612} INFO - Dependencies all met for dep_context=non-requeueable deps ti=<TaskInstance: trigger_dag.process_results.wait_for_dag manual__2024-10-01T08:59:53.499677+00:00 [queued]>
[2024-10-01T08:59:56.937+0000] {taskinstance.py:2612} INFO - Dependencies all met for dep_context=requeueable deps ti=<TaskInstance: trigger_dag.process_results.wait_for_dag manual__2024-10-01T08:59:53.499677+00:00 [queued]>
[2024-10-01T08:59:56.939+0000] {taskinstance.py:2865} INFO - Starting attempt 1 of 1
[2024-10-01T08:59:56.946+0000] {taskinstance.py:2888} INFO - Executing <Task(ExternalTaskSensor): process_results.wait_for_dag> on 2024-10-01 08:59:53.499677+00:00
[2024-10-01T08:59:56.950+0000] {warnings.py:112} WARNING - /home/airflow/.local/lib/python3.12/site-packages/airflow/task/task_runner/standard_task_runner.py:70: DeprecationWarning: This process (pid=821) is multi-threaded, use of fork() may lead to deadlocks in the child.
  pid = os.fork()

[2024-10-01T08:59:56.951+0000] {standard_task_runner.py:72} INFO - Started process 826 to run task
[2024-10-01T08:59:56.952+0000] {standard_task_runner.py:104} INFO - Running: ['airflow', 'tasks', 'run', 'trigger_dag', 'process_results.wait_for_dag', 'manual__2024-10-01T08:59:53.499677+00:00', '--job-id', '96', '--raw', '--subdir', 'DAGS_FOLDER/trigger_dag.py', '--cfg-path', '/tmp/tmpki1iw7nj']
[2024-10-01T08:59:56.953+0000] {standard_task_runner.py:105} INFO - Job 96: Subtask process_results.wait_for_dag
[2024-10-01T08:59:57.001+0000] {task_command.py:467} INFO - Running <TaskInstance: trigger_dag.process_results.wait_for_dag manual__2024-10-01T08:59:53.499677+00:00 [running]> on host ff60ea0b688d
[2024-10-01T08:59:57.049+0000] {taskinstance.py:3131} INFO - Exporting env vars: AIRFLOW_CTX_DAG_OWNER='airflow' AIRFLOW_CTX_DAG_ID='trigger_dag' AIRFLOW_CTX_TASK_ID='process_results.wait_for_dag' AIRFLOW_CTX_EXECUTION_DATE='2024-10-01T08:59:53.499677+00:00' AIRFLOW_CTX_TRY_NUMBER='1' AIRFLOW_CTX_DAG_RUN_ID='manual__2024-10-01T08:59:53.499677+00:00'
[2024-10-01T08:59:57.051+0000] {logging_mixin.py:190} INFO - Task instance is in running state
[2024-10-01T08:59:57.051+0000] {logging_mixin.py:190} INFO -  Previous state of the Task instance: queued
[2024-10-01T08:59:57.052+0000] {logging_mixin.py:190} INFO - Current task name:process_results.wait_for_dag state:running start_date:2024-10-01 08:59:56.932119+00:00
[2024-10-01T08:59:57.052+0000] {logging_mixin.py:190} INFO - Dag name:trigger_dag and current dag run status:running
[2024-10-01T08:59:57.052+0000] {taskinstance.py:731} INFO - ::endgroup::
[2024-10-01T08:59:57.052+0000] {baseoperator.py:405} WARNING - ExternalTaskSensor.execute cannot be called outside TaskInstance!
[2024-10-01T08:59:57.063+0000] {external_task.py:258} INFO - Poking for tasks ['query_table'] in dag dag_id_3 on 2024-10-01T08:59:55.680379+00:00 ... 
[2024-10-01T08:59:57.064+0000] {warnings.py:112} WARNING - /home/airflow/.local/lib/python3.12/site-packages/airflow/utils/session.py:97: DeprecationWarning: This method is deprecated and will be removed in future.
  return func(*args, session=session, **kwargs)

[2024-10-01T08:59:57.083+0000] {taskinstance.py:309} INFO - Rescheduling task, marking task as UP_FOR_RESCHEDULE
[2024-10-01T08:59:57.085+0000] {taskinstance.py:340} INFO - ::group::Post task execution logs
[2024-10-01T08:59:57.092+0000] {local_task_job_runner.py:266} INFO - Task exited with return code 0
[2024-10-01T08:59:57.108+0000] {taskinstance.py:3900} INFO - 0 downstream tasks scheduled from follow-on schedule check
[2024-10-01T08:59:57.109+0000] {local_task_job_runner.py:245} INFO - ::endgroup::
[2024-10-01T09:00:58.156+0000] {local_task_job_runner.py:123} INFO - ::group::Pre task execution logs
[2024-10-01T09:00:58.167+0000] {taskinstance.py:2612} INFO - Dependencies all met for dep_context=non-requeueable deps ti=<TaskInstance: trigger_dag.process_results.wait_for_dag manual__2024-10-01T08:59:53.499677+00:00 [queued]>
[2024-10-01T09:00:58.171+0000] {taskinstance.py:2612} INFO - Dependencies all met for dep_context=requeueable deps ti=<TaskInstance: trigger_dag.process_results.wait_for_dag manual__2024-10-01T08:59:53.499677+00:00 [queued]>
[2024-10-01T09:00:58.171+0000] {taskinstance.py:2865} INFO - Starting attempt 1 of 1
[2024-10-01T09:00:58.177+0000] {taskinstance.py:2888} INFO - Executing <Task(ExternalTaskSensor): process_results.wait_for_dag> on 2024-10-01 08:59:53.499677+00:00
[2024-10-01T09:00:58.180+0000] {warnings.py:112} WARNING - /home/airflow/.local/lib/python3.12/site-packages/airflow/task/task_runner/standard_task_runner.py:70: DeprecationWarning: This process (pid=849) is multi-threaded, use of fork() may lead to deadlocks in the child.
  pid = os.fork()

[2024-10-01T09:00:58.182+0000] {standard_task_runner.py:72} INFO - Started process 851 to run task
[2024-10-01T09:00:58.183+0000] {standard_task_runner.py:104} INFO - Running: ['airflow', 'tasks', 'run', 'trigger_dag', 'process_results.wait_for_dag', 'manual__2024-10-01T08:59:53.499677+00:00', '--job-id', '99', '--raw', '--subdir', 'DAGS_FOLDER/trigger_dag.py', '--cfg-path', '/tmp/tmpqp8rvga7']
[2024-10-01T09:00:58.183+0000] {standard_task_runner.py:105} INFO - Job 99: Subtask process_results.wait_for_dag
[2024-10-01T09:00:58.225+0000] {task_command.py:467} INFO - Running <TaskInstance: trigger_dag.process_results.wait_for_dag manual__2024-10-01T08:59:53.499677+00:00 [running]> on host ff60ea0b688d
[2024-10-01T09:00:58.273+0000] {taskinstance.py:3131} INFO - Exporting env vars: AIRFLOW_CTX_DAG_OWNER='airflow' AIRFLOW_CTX_DAG_ID='trigger_dag' AIRFLOW_CTX_TASK_ID='process_results.wait_for_dag' AIRFLOW_CTX_EXECUTION_DATE='2024-10-01T08:59:53.499677+00:00' AIRFLOW_CTX_TRY_NUMBER='1' AIRFLOW_CTX_DAG_RUN_ID='manual__2024-10-01T08:59:53.499677+00:00'
[2024-10-01T09:00:58.275+0000] {logging_mixin.py:190} INFO - Task instance is in running state
[2024-10-01T09:00:58.275+0000] {logging_mixin.py:190} INFO -  Previous state of the Task instance: queued
[2024-10-01T09:00:58.275+0000] {logging_mixin.py:190} INFO - Current task name:process_results.wait_for_dag state:running start_date:2024-10-01 09:00:58.167410+00:00
[2024-10-01T09:00:58.275+0000] {logging_mixin.py:190} INFO - Dag name:trigger_dag and current dag run status:running
[2024-10-01T09:00:58.276+0000] {taskinstance.py:731} INFO - ::endgroup::
[2024-10-01T09:00:58.276+0000] {baseoperator.py:405} WARNING - ExternalTaskSensor.execute cannot be called outside TaskInstance!
[2024-10-01T09:00:58.287+0000] {external_task.py:258} INFO - Poking for tasks ['query_table'] in dag dag_id_3 on 2024-10-01T08:59:55.680379+00:00 ... 
[2024-10-01T09:00:58.288+0000] {warnings.py:112} WARNING - /home/airflow/.local/lib/python3.12/site-packages/airflow/utils/session.py:97: DeprecationWarning: This method is deprecated and will be removed in future.
  return func(*args, session=session, **kwargs)

[2024-10-01T09:00:58.296+0000] {base.py:336} INFO - Success criteria met. Exiting.
[2024-10-01T09:00:58.303+0000] {taskinstance.py:340} INFO - ::group::Post task execution logs
[2024-10-01T09:00:58.303+0000] {taskinstance.py:352} INFO - Marking task as SUCCESS. dag_id=trigger_dag, task_id=process_results.wait_for_dag, run_id=manual__2024-10-01T08:59:53.499677+00:00, execution_date=20241001T085953, start_date=20241001T090058, end_date=20241001T090058
[2024-10-01T09:00:58.309+0000] {logging_mixin.py:190} INFO - Task instance in success state
[2024-10-01T09:00:58.309+0000] {logging_mixin.py:190} INFO -  Previous state of the Task instance: running
[2024-10-01T09:00:58.309+0000] {logging_mixin.py:190} INFO - Dag name:trigger_dag queued_at:2024-10-01 08:59:53.519666+00:00
[2024-10-01T09:00:58.309+0000] {logging_mixin.py:190} INFO - Task hostname:ff60ea0b688d operator:ExternalTaskSensor
[2024-10-01T09:00:58.321+0000] {local_task_job_runner.py:266} INFO - Task exited with return code 0
[2024-10-01T09:00:58.339+0000] {taskinstance.py:3900} INFO - 1 downstream tasks scheduled from follow-on schedule check
[2024-10-01T09:00:58.340+0000] {local_task_job_runner.py:245} INFO - ::endgroup::
