[2024-10-07T13:04:15.946+0000] {local_task_job_runner.py:123} INFO - ::group::Pre task execution logs
[2024-10-07T13:04:15.956+0000] {taskinstance.py:2612} INFO - Dependencies all met for dep_context=non-requeueable deps ti=<TaskInstance: sql_dag.query_table manual__2024-10-07T13:04:08.984659+00:00 [queued]>
[2024-10-07T13:04:15.960+0000] {taskinstance.py:2612} INFO - Dependencies all met for dep_context=requeueable deps ti=<TaskInstance: sql_dag.query_table manual__2024-10-07T13:04:08.984659+00:00 [queued]>
[2024-10-07T13:04:15.960+0000] {taskinstance.py:2865} INFO - Starting attempt 1 of 1
[2024-10-07T13:04:15.966+0000] {taskinstance.py:2888} INFO - Executing <Task(PostgreSQLCountRows): query_table> on 2024-10-07 13:04:08.984659+00:00
[2024-10-07T13:04:15.970+0000] {warnings.py:112} WARNING - /home/airflow/.local/lib/python3.12/site-packages/airflow/task/task_runner/standard_task_runner.py:70: DeprecationWarning: This process (pid=3764) is multi-threaded, use of fork() may lead to deadlocks in the child.
  pid = os.fork()

[2024-10-07T13:04:15.970+0000] {standard_task_runner.py:72} INFO - Started process 3766 to run task
[2024-10-07T13:04:15.971+0000] {standard_task_runner.py:104} INFO - Running: ['airflow', 'tasks', 'run', 'sql_dag', 'query_table', 'manual__2024-10-07T13:04:08.984659+00:00', '--job-id', '187', '--raw', '--subdir', 'DAGS_FOLDER/sql.py', '--cfg-path', '/tmp/tmphfh1lr42']
[2024-10-07T13:04:15.971+0000] {standard_task_runner.py:105} INFO - Job 187: Subtask query_table
[2024-10-07T13:04:15.999+0000] {task_command.py:467} INFO - Running <TaskInstance: sql_dag.query_table manual__2024-10-07T13:04:08.984659+00:00 [running]> on host ea4b7cb1f1d7
[2024-10-07T13:04:16.046+0000] {taskinstance.py:3131} INFO - Exporting env vars: AIRFLOW_CTX_DAG_OWNER='airflow' AIRFLOW_CTX_DAG_ID='sql_dag' AIRFLOW_CTX_TASK_ID='query_table' AIRFLOW_CTX_EXECUTION_DATE='2024-10-07T13:04:08.984659+00:00' AIRFLOW_CTX_TRY_NUMBER='1' AIRFLOW_CTX_DAG_RUN_ID='manual__2024-10-07T13:04:08.984659+00:00'
[2024-10-07T13:04:16.047+0000] {logging_mixin.py:190} INFO - Task instance is in running state
[2024-10-07T13:04:16.047+0000] {logging_mixin.py:190} INFO -  Previous state of the Task instance: queued
[2024-10-07T13:04:16.048+0000] {logging_mixin.py:190} INFO - Current task name:query_table state:running start_date:2024-10-07 13:04:15.956738+00:00
[2024-10-07T13:04:16.048+0000] {logging_mixin.py:190} INFO - Dag name:sql_dag and current dag run status:running
[2024-10-07T13:04:16.048+0000] {taskinstance.py:731} INFO - ::endgroup::
[2024-10-07T13:04:16.053+0000] {base.py:84} INFO - Retrieving connection 'postgres_default'
[2024-10-07T13:04:16.056+0000] {sql.py:509} INFO - Running statement: SELECT COUNT(*) FROM table_name;, parameters: None
[2024-10-07T13:04:16.057+0000] {sql.py:518} INFO - Rows affected: 1
[2024-10-07T13:04:16.072+0000] {taskinstance.py:340} INFO - ::group::Post task execution logs
[2024-10-07T13:04:16.072+0000] {taskinstance.py:352} INFO - Marking task as SUCCESS. dag_id=sql_dag, task_id=query_table, run_id=manual__2024-10-07T13:04:08.984659+00:00, execution_date=20241007T130408, start_date=20241007T130415, end_date=20241007T130416
[2024-10-07T13:04:16.077+0000] {logging_mixin.py:190} INFO - Task instance in success state
[2024-10-07T13:04:16.077+0000] {logging_mixin.py:190} INFO -  Previous state of the Task instance: running
[2024-10-07T13:04:16.077+0000] {logging_mixin.py:190} INFO - Dag name:sql_dag queued_at:2024-10-07 13:04:09.010155+00:00
[2024-10-07T13:04:16.077+0000] {logging_mixin.py:190} INFO - Task hostname:ea4b7cb1f1d7 operator:PostgreSQLCountRows
[2024-10-07T13:04:16.115+0000] {local_task_job_runner.py:266} INFO - Task exited with return code 0
[2024-10-07T13:04:16.126+0000] {taskinstance.py:3900} INFO - 0 downstream tasks scheduled from follow-on schedule check
[2024-10-07T13:04:16.127+0000] {local_task_job_runner.py:245} INFO - ::endgroup::
