[2024-09-27T09:00:12.324+0000] {local_task_job_runner.py:123} INFO - ::group::Pre task execution logs
[2024-09-27T09:00:12.336+0000] {taskinstance.py:2612} INFO - Dependencies all met for dep_context=non-requeueable deps ti=<TaskInstance: dag_id_1.branch_condition manual__2024-09-27T09:00:08.531377+00:00 [queued]>
[2024-09-27T09:00:12.339+0000] {taskinstance.py:2612} INFO - Dependencies all met for dep_context=requeueable deps ti=<TaskInstance: dag_id_1.branch_condition manual__2024-09-27T09:00:08.531377+00:00 [queued]>
[2024-09-27T09:00:12.340+0000] {taskinstance.py:2865} INFO - Starting attempt 1 of 1
[2024-09-27T09:00:12.345+0000] {taskinstance.py:2888} INFO - Executing <Task(BranchPythonOperator): branch_condition> on 2024-09-27 09:00:08.531377+00:00
[2024-09-27T09:00:12.348+0000] {warnings.py:112} WARNING - /home/airflow/.local/lib/python3.12/site-packages/airflow/task/task_runner/standard_task_runner.py:70: DeprecationWarning: This process (pid=346) is multi-threaded, use of fork() may lead to deadlocks in the child.
  pid = os.fork()

[2024-09-27T09:00:12.349+0000] {standard_task_runner.py:72} INFO - Started process 348 to run task
[2024-09-27T09:00:12.350+0000] {standard_task_runner.py:104} INFO - Running: ['airflow', 'tasks', 'run', 'dag_id_1', 'branch_condition', 'manual__2024-09-27T09:00:08.531377+00:00', '--job-id', '10', '--raw', '--subdir', 'DAGS_FOLDER/dag_id_1.py', '--cfg-path', '/tmp/tmpxazll442']
[2024-09-27T09:00:12.350+0000] {standard_task_runner.py:105} INFO - Job 10: Subtask branch_condition
[2024-09-27T09:00:12.387+0000] {task_command.py:467} INFO - Running <TaskInstance: dag_id_1.branch_condition manual__2024-09-27T09:00:08.531377+00:00 [running]> on host 28ccefb491ec
[2024-09-27T09:00:12.439+0000] {taskinstance.py:3131} INFO - Exporting env vars: AIRFLOW_CTX_DAG_OWNER='airflow' AIRFLOW_CTX_DAG_ID='dag_id_1' AIRFLOW_CTX_TASK_ID='branch_condition' AIRFLOW_CTX_EXECUTION_DATE='2024-09-27T09:00:08.531377+00:00' AIRFLOW_CTX_TRY_NUMBER='1' AIRFLOW_CTX_DAG_RUN_ID='manual__2024-09-27T09:00:08.531377+00:00'
[2024-09-27T09:00:12.440+0000] {logging_mixin.py:190} INFO - Task instance is in running state
[2024-09-27T09:00:12.441+0000] {logging_mixin.py:190} INFO -  Previous state of the Task instance: queued
[2024-09-27T09:00:12.441+0000] {logging_mixin.py:190} INFO - Current task name:branch_condition state:running start_date:2024-09-27 09:00:12.336444+00:00
[2024-09-27T09:00:12.441+0000] {logging_mixin.py:190} INFO - Dag name:dag_id_1 and current dag run status:running
[2024-09-27T09:00:12.442+0000] {taskinstance.py:731} INFO - ::endgroup::
[2024-09-27T09:00:12.442+0000] {baseoperator.py:405} WARNING - BranchPythonOperator.execute cannot be called outside TaskInstance!
[2024-09-27T09:00:12.443+0000] {python.py:240} INFO - Done. Returned value was: create_table
[2024-09-27T09:00:12.443+0000] {branch.py:38} INFO - Branch into create_table
[2024-09-27T09:00:12.443+0000] {skipmixin.py:230} INFO - Following branch ('create_table',)
[2024-09-27T09:00:12.457+0000] {skipmixin.py:278} INFO - Skipping tasks [('insert_new_row', -1)]
[2024-09-27T09:00:12.492+0000] {taskinstance.py:340} INFO - ::group::Post task execution logs
[2024-09-27T09:00:12.493+0000] {taskinstance.py:352} INFO - Marking task as SUCCESS. dag_id=dag_id_1, task_id=branch_condition, run_id=manual__2024-09-27T09:00:08.531377+00:00, execution_date=20240927T090008, start_date=20240927T090012, end_date=20240927T090012
[2024-09-27T09:00:12.499+0000] {logging_mixin.py:190} INFO - Task instance in success state
[2024-09-27T09:00:12.499+0000] {logging_mixin.py:190} INFO -  Previous state of the Task instance: running
[2024-09-27T09:00:12.499+0000] {logging_mixin.py:190} INFO - Dag name:dag_id_1 queued_at:2024-09-27 09:00:08.561137+00:00
[2024-09-27T09:00:12.499+0000] {logging_mixin.py:190} INFO - Task hostname:28ccefb491ec operator:BranchPythonOperator
[2024-09-27T09:00:12.532+0000] {local_task_job_runner.py:266} INFO - Task exited with return code 0
[2024-09-27T09:00:12.552+0000] {taskinstance.py:3900} INFO - 0 downstream tasks scheduled from follow-on schedule check
[2024-09-27T09:00:12.554+0000] {local_task_job_runner.py:245} INFO - ::endgroup::
